2024-03-10 21:33:46,398 [INFO] Activator:176 - 


2024-03-10 21:33:46,401 [INFO] Activator:177 - !SESSION log4j initialized
2024-03-10 21:33:48,875 [ERROR] LogOutputStream:75 - [STDERR_REDIRECT] 
2024-03-10 21:33:49,295 [INFO] LogOutputStream:77 - [STDOUT_REDIRECT] 
2024-03-10 21:33:51,882 [INFO] LogOutputStream:77 - [STDOUT_REDIRECT] 
2024-03-10 21:33:54,660 [ERROR] LogOutputStream:75 - [STDERR_REDIRECT] [Fatal Error] :2:10: DOCTYPE no está permitido cuando la función "http://apache.org/xml/features/disallow-doctype-decl" se ha definido en true.
2024-03-10 21:33:54,663 [ERROR] LogOutputStream:75 - [STDERR_REDIRECT] 
2024-03-10 21:33:59,144 [INFO] ApplicationProperties:184 - Using Application install path: /Applications/STM32CubeIDE.app/Contents/Eclipse/plugins/com.st.stm32cube.common.mx_6.10.0.202311202037
2024-03-10 21:33:59,157 [INFO] DbMcusXml:78 - Set database path to: /Applications/STM32CubeIDE.app/Contents/Eclipse/plugins/com.st.stm32cube.common.mx_6.10.0.202311202037//db//mcu/
2024-03-10 21:33:59,157 [INFO] ApiDb:274 - Set plugin database path to: /Applications/STM32CubeIDE.app/Contents/Eclipse/plugins/com.st.stm32cube.common.mx_6.10.0.202311202037//db//plugins/boardmanager/
2024-03-10 21:33:59,157 [WARN] ApiDb:259 - Overriding images path with different value:  => /Applications/STM32CubeIDE.app/Contents/Eclipse/plugins/com.st.stm32cube.common.mx_6.10.0.202311202037//db//plugins/mcufinder/images/
2024-03-10 21:33:59,942 [WARN] ApiFinderProperties:113 - /Users/richywarrior/.stmcufinder/plugins/mcufinder/mcu/mcuFinder.mfd doesn't exist
2024-03-10 21:33:59,944 [INFO] ApiDb:250 - Set database path to: /Users/richywarrior/.stmcufinder/plugins/mcufinder//mcu/
2024-03-10 21:33:59,952 [INFO] DbMcusAds:125 - Set database path to: /Users/richywarrior/.stmcufinder/plugins/mcufinder//mcu/
2024-03-10 21:33:59,955 [INFO] CrossReferenceDbSqlite:203 - Set database path to: /Users/richywarrior/.stmcufinder/plugins/mcufinder//mcu/cs/
2024-03-10 21:34:00,070 [INFO] RulesReader:64 - Compatibility file has been processed (297 Rules)
2024-03-10 21:34:00,150 [INFO] DbMcusXml:78 - Set database path to: /Applications/STM32CubeIDE.app/Contents/Eclipse/plugins/com.st.stm32cube.common.mx_6.10.0.202311202037//db//mcu/
2024-03-10 21:34:00,150 [INFO] ApiDb:274 - Set plugin database path to: /Applications/STM32CubeIDE.app/Contents/Eclipse/plugins/com.st.stm32cube.common.mx_6.10.0.202311202037//db//plugins/boardmanager/
2024-03-10 21:34:00,151 [INFO] ApiDb:261 - Set plugin images path to: /Applications/STM32CubeIDE.app/Contents/Eclipse/plugins/com.st.stm32cube.common.mx_6.10.0.202311202037//db//plugins/mcufinder/images/
2024-03-10 21:34:00,152 [WARN] DbFile:41 - Overriding database path with different value: /Users/richywarrior/.stmcufinder/plugins/mcufinder/ => /Users/richywarrior/.stmcufinder/plugins/mcufinder
2024-03-10 21:34:00,152 [INFO] ApiDb:250 - Set database path to: /Users/richywarrior/.stmcufinder/plugins/mcufinder//mcu/
2024-03-10 21:34:00,152 [WARN] DbFile:41 - Overriding database path with different value: /Users/richywarrior/.stmcufinder/plugins/mcufinder/ => /Users/richywarrior/.stmcufinder/plugins/mcufinder
2024-03-10 21:34:00,152 [INFO] DbMcusAds:125 - Set database path to: /Users/richywarrior/.stmcufinder/plugins/mcufinder//mcu/
2024-03-10 21:34:00,152 [WARN] DbFile:41 - Overriding database path with different value: /Users/richywarrior/.stmcufinder/plugins/mcufinder/ => /Users/richywarrior/.stmcufinder/plugins/mcufinder
2024-03-10 21:34:00,152 [WARN] DbFile:41 - Overriding database path with different value: /Users/richywarrior/.stmcufinder/plugins/mcufinder/ => /Users/richywarrior/.stmcufinder/plugins/mcufinder
2024-03-10 21:34:00,152 [INFO] CrossReferenceDbSqlite:203 - Set database path to: /Users/richywarrior/.stmcufinder/plugins/mcufinder//mcu/cs/
2024-03-10 21:34:00,236 [INFO] MainPanel:264 - HeapMemory: 269484032
2024-03-10 21:34:00,344 [INFO] DbMcusXml:78 - Set database path to: /Applications/STM32CubeIDE.app/Contents/Eclipse/plugins/com.st.stm32cube.common.mx_6.10.0.202311202037//db//mcu/
2024-03-10 21:34:00,344 [INFO] ApiDb:274 - Set plugin database path to: /Applications/STM32CubeIDE.app/Contents/Eclipse/plugins/com.st.stm32cube.common.mx_6.10.0.202311202037//db//plugins/boardmanager/
2024-03-10 21:34:00,345 [INFO] ApiDb:261 - Set plugin images path to: /Applications/STM32CubeIDE.app/Contents/Eclipse/plugins/com.st.stm32cube.common.mx_6.10.0.202311202037//db//plugins/mcufinder/images/
2024-03-10 21:34:00,345 [WARN] DbFile:41 - Overriding database path with different value: /Users/richywarrior/.stmcufinder/plugins/mcufinder/ => /Users/richywarrior/.stmcufinder/plugins/mcufinder
2024-03-10 21:34:00,345 [INFO] ApiDb:250 - Set database path to: /Users/richywarrior/.stmcufinder/plugins/mcufinder//mcu/
2024-03-10 21:34:00,345 [WARN] DbFile:41 - Overriding database path with different value: /Users/richywarrior/.stmcufinder/plugins/mcufinder/ => /Users/richywarrior/.stmcufinder/plugins/mcufinder
2024-03-10 21:34:00,345 [INFO] DbMcusAds:125 - Set database path to: /Users/richywarrior/.stmcufinder/plugins/mcufinder//mcu/
2024-03-10 21:34:00,345 [WARN] DbFile:41 - Overriding database path with different value: /Users/richywarrior/.stmcufinder/plugins/mcufinder/ => /Users/richywarrior/.stmcufinder/plugins/mcufinder
2024-03-10 21:34:00,345 [WARN] DbFile:41 - Overriding database path with different value: /Users/richywarrior/.stmcufinder/plugins/mcufinder/ => /Users/richywarrior/.stmcufinder/plugins/mcufinder
2024-03-10 21:34:00,345 [INFO] CrossReferenceDbSqlite:203 - Set database path to: /Users/richywarrior/.stmcufinder/plugins/mcufinder//mcu/cs/
2024-03-10 21:34:00,369 [INFO] ApplicationProperties:184 - Using Application install path: /Applications/STM32CubeIDE.app/Contents/Eclipse/plugins/com.st.stm32cube.common.mx_6.10.0.202311202037
2024-03-10 21:34:00,370 [INFO] PluginManage:196 - Search for loadable plugins [exclusion list=, ]
2024-03-10 21:34:00,373 [INFO] PluginManage:310 - Check plugin analytics
2024-03-10 21:34:00,821 [INFO] AnalyticsPlugin:253 - Accepted Software Licenses: 
2024-03-10 21:34:00,824 [INFO] AnalyticsPlugin:255 - Accepted CMSIS Pack Licenses: 
2024-03-10 21:34:00,824 [INFO] AnalyticsPlugin:257 - Accepted Firmware Licenses: 
2024-03-10 21:34:00,841 [INFO] PluginManage:359 - Loaded plugin analytics (category:tool,tabindex:-1)
2024-03-10 21:34:00,842 [INFO] PluginManage:310 - Check plugin cadmodel
2024-03-10 21:34:01,367 [INFO] CADModel:105 - Init CAD model plugin
2024-03-10 21:34:01,367 [INFO] PluginManage:359 - Loaded plugin cadmodel (category:power,tabindex:5)
2024-03-10 21:34:01,369 [INFO] PluginManage:310 - Check plugin clock
2024-03-10 21:34:01,379 [INFO] PluginManage:359 - Loaded plugin clock (category:base,tabindex:2)
2024-03-10 21:34:01,379 [INFO] PluginManage:310 - Check plugin ddr
2024-03-10 21:34:01,380 [INFO] PluginManage:359 - Loaded plugin ddr (category:tool,tabindex:6)
2024-03-10 21:34:01,381 [INFO] PluginManage:310 - Check plugin filemanager
2024-03-10 21:34:01,572 [INFO] PluginManage:359 - Loaded plugin filemanager (category:base,tabindex:10)
2024-03-10 21:34:01,573 [INFO] PluginManage:310 - Check plugin ipmanager
2024-03-10 21:34:01,582 [INFO] PluginManage:359 - Loaded plugin ipmanager (category:base,tabindex:5)
2024-03-10 21:34:01,582 [INFO] PluginManage:310 - Check plugin lpbam
2024-03-10 21:34:01,593 [INFO] PluginManage:359 - Loaded plugin lpbam (category:base,tabindex:0)
2024-03-10 21:34:01,593 [INFO] PluginManage:310 - Check plugin memorymap
2024-03-10 21:34:01,601 [INFO] PluginManage:359 - Loaded plugin memorymap (category:base,tabindex:4)
2024-03-10 21:34:01,601 [INFO] PluginManage:310 - Check plugin pinoutandconfiguration
2024-03-10 21:34:01,611 [INFO] PluginManage:359 - Loaded plugin pinoutandconfiguration (category:base,tabindex:1)
2024-03-10 21:34:01,611 [INFO] PluginManage:310 - Check plugin pinoutconfig
2024-03-10 21:34:01,685 [WARN] SupportedApi:132 - Cannot load RTOS API schema: s4s-elt-must-match.1: The content of 'definitions' must match (annotation?, (simpleType | complexType)?, (unique | key | keyref)*)). A problem was found starting at: attribute.
2024-03-10 21:34:01,825 [INFO] PluginManage:359 - Loaded plugin pinoutconfig (category:base,tabindex:0)
2024-03-10 21:34:01,826 [INFO] PluginManage:310 - Check plugin power
2024-03-10 21:34:01,834 [INFO] PluginManage:359 - Loaded plugin power (category:power,tabindex:4)
2024-03-10 21:34:01,835 [INFO] PluginManage:310 - Check plugin projectmanager
2024-03-10 21:34:01,858 [INFO] PluginManage:359 - Loaded plugin projectmanager (category:projectmanager,tabindex:3)
2024-03-10 21:34:01,858 [INFO] PluginManage:310 - Check plugin thirdparty
2024-03-10 21:34:01,980 [INFO] PluginManage:359 - Loaded plugin thirdparty (category:base,tabindex:-1)
2024-03-10 21:34:01,980 [INFO] PluginManage:310 - Check plugin tools
2024-03-10 21:34:01,984 [INFO] PluginManage:359 - Loaded plugin tools (category:base,tabindex:7)
2024-03-10 21:34:01,985 [INFO] PluginManage:310 - Check plugin tutovideos
2024-03-10 21:34:01,980 [WARN] IntegrityCheckThread:84 - waiting for thirdparty lock release [integrity check]
2024-03-10 21:34:01,985 [INFO] IntegrityCheckThread:86 - entering critical section [integrity check]
2024-03-10 21:34:01,985 [INFO] ThirdPartyUpdaterWithRetryManager:70 - Updater plugin not ready yet. [1/15]
2024-03-10 21:34:02,115 [INFO] PluginManage:359 - Loaded plugin tutovideos (category:base,tabindex:-1)
2024-03-10 21:34:02,115 [INFO] PluginManage:310 - Check plugin updater
2024-03-10 21:34:02,131 [INFO] PluginManage:359 - Loaded plugin updater (category:base,tabindex:12)
2024-03-10 21:34:02,131 [INFO] PluginManage:310 - Check plugin userauth
2024-03-10 21:34:02,135 [INFO] UserAuth:114 - Init User Auth plugin
2024-03-10 21:34:02,135 [INFO] PluginManage:359 - Loaded plugin userauth (category:base,tabindex:14)
2024-03-10 21:34:02,135 [INFO] PluginManage:283 - PluginManage : Loaded plugins [17]
2024-03-10 21:34:02,330 [INFO] PinOutPanel:1499 - setPackage(No Configuration,No Configuration)
2024-03-10 21:34:02,382 [INFO] CADModel:165 - CPN selected for project level
2024-03-10 21:34:02,382 [INFO] CADModel:114 - Register for checkConnection events
2024-03-10 21:34:02,390 [INFO] IPUIPlugin:80 - create IPUIPlugin
2024-03-10 21:34:02,391 [INFO] PluginManager:220 - loadIPPluginJar : add mdma
2024-03-10 21:34:02,394 [INFO] IPUIPlugin:80 - create IPUIPlugin
2024-03-10 21:34:02,394 [INFO] PluginManager:220 - loadIPPluginJar : add freertos
2024-03-10 21:34:02,397 [INFO] IPUIPlugin:80 - create IPUIPlugin
2024-03-10 21:34:02,397 [INFO] PluginManager:220 - loadIPPluginJar : add gic
2024-03-10 21:34:02,402 [INFO] IPUIPlugin:80 - create IPUIPlugin
2024-03-10 21:34:02,402 [INFO] PluginManager:220 - loadIPPluginJar : add adc
2024-03-10 21:34:02,403 [INFO] IPUIPlugin:80 - create IPUIPlugin
2024-03-10 21:34:02,403 [INFO] PluginManager:220 - loadIPPluginJar : add gtzc
2024-03-10 21:34:02,404 [INFO] IPUIPlugin:80 - create IPUIPlugin
2024-03-10 21:34:02,404 [INFO] PluginManager:220 - loadIPPluginJar : add quadspi
2024-03-10 21:34:02,405 [INFO] IPUIPlugin:80 - create IPUIPlugin
2024-03-10 21:34:02,405 [INFO] PluginManager:220 - loadIPPluginJar : add aes
2024-03-10 21:34:02,406 [INFO] IPUIPlugin:80 - create IPUIPlugin
2024-03-10 21:34:02,406 [INFO] PluginManager:220 - loadIPPluginJar : add pdm2pcm
2024-03-10 21:34:02,407 [INFO] IPUIPlugin:80 - create IPUIPlugin
2024-03-10 21:34:02,407 [INFO] PluginManager:220 - loadIPPluginJar : add hash
2024-03-10 21:34:02,407 [INFO] IPUIPlugin:80 - create IPUIPlugin
2024-03-10 21:34:02,408 [INFO] PluginManager:220 - loadIPPluginJar : add tim
2024-03-10 21:34:02,408 [INFO] IPUIPlugin:80 - create IPUIPlugin
2024-03-10 21:34:02,408 [INFO] PluginManager:220 - loadIPPluginJar : add tsc
2024-03-10 21:34:02,409 [INFO] IPUIPlugin:80 - create IPUIPlugin
2024-03-10 21:34:02,410 [INFO] PluginManager:220 - loadIPPluginJar : add ts
2024-03-10 21:34:02,412 [INFO] IPUIPlugin:80 - create IPUIPlugin
2024-03-10 21:34:02,412 [INFO] PluginManager:220 - loadIPPluginJar : add can
2024-03-10 21:34:02,414 [INFO] IPUIPlugin:80 - create IPUIPlugin
2024-03-10 21:34:02,415 [INFO] PluginManager:220 - loadIPPluginJar : add dma3
2024-03-10 21:34:02,416 [INFO] IPUIPlugin:80 - create IPUIPlugin
2024-03-10 21:34:02,416 [INFO] PluginManager:220 - loadIPPluginJar : add dfsdm
2024-03-10 21:34:02,417 [INFO] IPUIPlugin:80 - create IPUIPlugin
2024-03-10 21:34:02,417 [INFO] PluginManager:220 - loadIPPluginJar : add spi
2024-03-10 21:34:02,418 [INFO] IPUIPlugin:80 - create IPUIPlugin
2024-03-10 21:34:02,418 [INFO] PluginManager:220 - loadIPPluginJar : add gfxmmu
2024-03-10 21:34:02,419 [INFO] IPUIPlugin:80 - create IPUIPlugin
2024-03-10 21:34:02,419 [INFO] PluginManager:220 - loadIPPluginJar : add genericplugin
2024-03-10 21:34:02,419 [INFO] IPUIPlugin:80 - create IPUIPlugin
2024-03-10 21:34:02,420 [INFO] PluginManager:220 - loadIPPluginJar : add cryp
2024-03-10 21:34:02,422 [INFO] IPUIPlugin:80 - create IPUIPlugin
2024-03-10 21:34:02,423 [INFO] PluginManager:220 - loadIPPluginJar : add gpio
2024-03-10 21:34:02,424 [INFO] IPUIPlugin:80 - create IPUIPlugin
2024-03-10 21:34:02,424 [INFO] PluginManager:220 - loadIPPluginJar : add comp
2024-03-10 21:34:02,424 [INFO] IPUIPlugin:80 - create IPUIPlugin
2024-03-10 21:34:02,424 [INFO] PluginManager:220 - loadIPPluginJar : add tracer_emb
2024-03-10 21:34:02,426 [INFO] IPUIPlugin:80 - create IPUIPlugin
2024-03-10 21:34:02,426 [INFO] PluginManager:220 - loadIPPluginJar : add openamp
2024-03-10 21:34:02,428 [INFO] IPUIPlugin:80 - create IPUIPlugin
2024-03-10 21:34:02,428 [INFO] PluginManager:220 - loadIPPluginJar : add stm32_wpan
2024-03-10 21:34:02,431 [INFO] IPUIPlugin:80 - create IPUIPlugin
2024-03-10 21:34:02,434 [INFO] PluginManager:220 - loadIPPluginJar : add plateformsettings
2024-03-10 21:34:02,435 [INFO] IPUIPlugin:80 - create IPUIPlugin
2024-03-10 21:34:02,435 [INFO] PluginManager:220 - loadIPPluginJar : add ipddr
2024-03-10 21:34:02,436 [INFO] IPUIPlugin:80 - create IPUIPlugin
2024-03-10 21:34:02,436 [INFO] PluginManager:220 - loadIPPluginJar : add usart
2024-03-10 21:34:02,437 [INFO] IPUIPlugin:80 - create IPUIPlugin
2024-03-10 21:34:02,437 [INFO] PluginManager:220 - loadIPPluginJar : add ltdc
2024-03-10 21:34:02,438 [INFO] IPUIPlugin:80 - create IPUIPlugin
2024-03-10 21:34:02,438 [INFO] PluginManager:220 - loadIPPluginJar : add nvic
2024-03-10 21:34:02,439 [INFO] IPUIPlugin:80 - create IPUIPlugin
2024-03-10 21:34:02,439 [INFO] PluginManager:220 - loadIPPluginJar : add fatfs
2024-03-10 21:34:02,442 [INFO] IPUIPlugin:80 - create IPUIPlugin
2024-03-10 21:34:02,442 [INFO] PluginManager:220 - loadIPPluginJar : add linkedlist
2024-03-10 21:34:02,444 [INFO] IPUIPlugin:80 - create IPUIPlugin
2024-03-10 21:34:02,444 [INFO] PluginManager:220 - loadIPPluginJar : add dma
2024-03-10 21:34:02,446 [INFO] IPUIPlugin:80 - create IPUIPlugin
2024-03-10 21:34:02,446 [INFO] PluginManager:220 - loadIPPluginJar : add fmc
2024-03-10 21:34:02,447 [INFO] IPUIPlugin:80 - create IPUIPlugin
2024-03-10 21:34:02,447 [INFO] PluginManager:220 - loadIPPluginJar : add i2s
2024-03-10 21:34:02,448 [INFO] IPUIPlugin:80 - create IPUIPlugin
2024-03-10 21:34:02,448 [INFO] PluginManager:220 - loadIPPluginJar : add ucpd
2024-03-10 21:34:02,449 [INFO] IPUIPlugin:80 - create IPUIPlugin
2024-03-10 21:34:02,449 [INFO] PluginManager:220 - loadIPPluginJar : add lorawan
2024-03-10 21:34:02,450 [INFO] IPUIPlugin:80 - create IPUIPlugin
2024-03-10 21:34:02,450 [INFO] PluginManager:220 - loadIPPluginJar : add opamp
2024-03-10 21:34:02,451 [INFO] IPUIPlugin:80 - create IPUIPlugin
2024-03-10 21:34:02,451 [INFO] PluginManager:220 - loadIPPluginJar : add i3c
2024-03-10 21:34:02,452 [INFO] IPUIPlugin:80 - create IPUIPlugin
2024-03-10 21:34:02,453 [INFO] PluginManager:220 - loadIPPluginJar : add touchsensing
2024-03-10 21:34:02,454 [INFO] IPUIPlugin:80 - create IPUIPlugin
2024-03-10 21:34:02,454 [INFO] PluginManager:220 - loadIPPluginJar : add i2c
2024-03-10 21:34:02,455 [INFO] IPUIPlugin:80 - create IPUIPlugin
2024-03-10 21:34:02,455 [INFO] PluginManager:220 - loadIPPluginJar : add resmgrutility
2024-03-10 21:34:02,457 [INFO] IPUIPlugin:80 - create IPUIPlugin
2024-03-10 21:34:02,457 [INFO] PluginManager:220 - loadIPPluginJar : add sai
2024-03-10 21:34:02,458 [INFO] IPUIPlugin:80 - create IPUIPlugin
2024-03-10 21:34:02,458 [INFO] PluginManager:220 - loadIPPluginJar : add usbx
2024-03-10 21:34:02,569 [INFO] CADModel:165 - CPN selected for project level
2024-03-10 21:34:02,570 [INFO] CADModel:114 - Register for checkConnection events
2024-03-10 21:34:02,570 [FATAL] Updater:308 - Updater called before beeing initialized
2024-03-10 21:34:02,570 [ERROR] CADModel:125 - Updater not yet initialized, retry later 
2024-03-10 21:34:02,923 [INFO] CADModel:165 - CPN selected for project level
2024-03-10 21:34:02,923 [INFO] CADModel:114 - Register for checkConnection events
2024-03-10 21:34:02,923 [FATAL] Updater:308 - Updater called before beeing initialized
2024-03-10 21:34:02,923 [ERROR] CADModel:125 - Updater not yet initialized, retry later 
2024-03-10 21:34:02,925 [FATAL] Updater:308 - Updater called before beeing initialized
2024-03-10 21:34:03,053 [FATAL] Updater:308 - Updater called before beeing initialized
2024-03-10 21:34:03,058 [INFO] DbMcusAds:53 - JSON generation date=Thu Sep 30 01:55:09 CDT 2021 (1632984909247)
2024-03-10 21:34:03,058 [FATAL] Updater:308 - Updater called before beeing initialized
2024-03-10 21:34:03,239 [WARN] DetailPanel:346 - Failed to get advertising image, set to default
2024-03-10 21:34:03,326 [FATAL] Updater:308 - Updater called before beeing initialized
2024-03-10 21:34:03,328 [FATAL] Updater:308 - Updater called before beeing initialized
2024-03-10 21:34:03,329 [FATAL] Updater:308 - Updater called before beeing initialized
2024-03-10 21:34:03,329 [WARN] DetailPanel:346 - Failed to get advertising image, set to default
2024-03-10 21:34:03,332 [FATAL] Updater:308 - Updater called before beeing initialized
2024-03-10 21:34:03,414 [ERROR] Updater:1120 - MainUpdater not yet initialized. External WinMGr cannot be set.
2024-03-10 21:34:03,455 [INFO] Updater:1056 - Updater Version found : 6.10.0
2024-03-10 21:34:03,469 [INFO] ApplicationProperties:184 - Using Application install path: /Applications/STM32CubeIDE.app/Contents/Eclipse/plugins/com.st.stm32cube.common.mx_6.10.0.202311202037
2024-03-10 21:34:03,577 [INFO] MainUpdater:526 - Copy updater definitions from MX database
2024-03-10 21:34:03,615 [INFO] MainUpdater:559 - Copy flag file definitions from MX database
2024-03-10 21:34:03,617 [INFO] MainUpdater:575 - Copy thirdparty index definitions from MX database
2024-03-10 21:34:03,617 [INFO] MainUpdater:594 - Copy default thirdparty db definitions from MX database
2024-03-10 21:34:04,987 [INFO] ThirdPartyUpdaterWithRetryManager:70 - Updater plugin not ready yet. [2/15]
2024-03-10 21:34:05,437 [INFO] MainUpdater:2873 - connection check result : 10
2024-03-10 21:34:05,438 [INFO] MainUpdater:3567 - Updater definition file requires update
2024-03-10 21:34:05,439 [INFO] MainUpdater:290 - Updater Check For Update Now.
2024-03-10 21:34:05,440 [INFO] MicroXplorer:498 - Change Database Version : DB.6.0.100
2024-03-10 21:34:05,450 [INFO] McuFinderGlobals:63 - Set McuFinder mode to 2 (CubeIDE integrated)
2024-03-10 21:34:05,450 [INFO] UserAuth:180 - activating auth plugin
2024-03-10 21:34:05,462 [INFO] UserAuth:404 - Internet connection configuration mode: 1
2024-03-10 21:34:05,473 [INFO] JxBrowserEngine:152 - Initiate JxBrowser Engine with user profile folder
2024-03-10 21:34:07,055 [INFO] ServerAccessManage:473 - Download File updaters.zip
2024-03-10 21:34:07,189 [INFO] FileExtend:240 - Unzip File : updaters.zip
2024-03-10 21:34:07,191 [INFO] FileExtend:255 - Standard Zip Deflate
2024-03-10 21:34:07,444 [INFO] ServerAccessManage:473 - Download File PacksControlFlags.xml
2024-03-10 21:34:07,607 [INFO] ServerAccessManage:473 - Download File cubemx.pidx
2024-03-10 21:34:07,752 [INFO] ServerAccessManage:473 - Download File STMicroelectronics.FP-ATR-ASTRA1.pdsc
2024-03-10 21:34:07,993 [WARN] MainUpdater:1194 - Updater busy. Cannot search thirdparties
2024-03-10 21:34:07,994 [INFO] ThirdPartyUpdaterWithRetryManager:96 - Updater plugin is busy. [1/15]
2024-03-10 21:34:08,012 [INFO] ServerAccessManage:473 - Download File STMicroelectronics.FP-ATR-SIGFOX1.pdsc
2024-03-10 21:34:08,155 [INFO] ServerAccessManage:473 - Download File STMicroelectronics.FP-SNS-FLIGHT1.pdsc
2024-03-10 21:34:08,466 [INFO] ServerAccessManage:473 - Download File STMicroelectronics.FP-SNS-MOTENV1.pdsc
2024-03-10 21:34:08,697 [INFO] ServerAccessManage:473 - Download File STMicroelectronics.FP-SNS-MOTENVWB1.pdsc
2024-03-10 21:34:08,904 [INFO] ServerAccessManage:473 - Download File STMicroelectronics.FP-SNS-SMARTAG2.pdsc
2024-03-10 21:34:09,066 [INFO] ServerAccessManage:473 - Download File STMicroelectronics.X-CUBE-AI.pdsc
2024-03-10 21:34:10,737 [INFO] ServerAccessManage:473 - Download File STMicroelectronics.X-CUBE-ALS.pdsc
2024-03-10 21:34:10,903 [INFO] ServerAccessManage:473 - Download File STMicroelectronics.X-CUBE-BLE1.pdsc
2024-03-10 21:34:10,999 [WARN] MainUpdater:1194 - Updater busy. Cannot search thirdparties
2024-03-10 21:34:10,999 [INFO] ThirdPartyUpdaterWithRetryManager:96 - Updater plugin is busy. [2/15]
2024-03-10 21:34:13,594 [ERROR] ServerAccessManage:1089 - Problem, file not found on Server
2024-03-10 21:34:13,654 [INFO] ServerAccessManage:473 - Download File STMicroelectronics.X-CUBE-BLE2.pdsc
2024-03-10 21:34:14,004 [WARN] MainUpdater:1194 - Updater busy. Cannot search thirdparties
2024-03-10 21:34:14,004 [INFO] ThirdPartyUpdaterWithRetryManager:96 - Updater plugin is busy. [3/15]
2024-03-10 21:34:14,239 [INFO] ServerAccessManage:473 - Download File STMicroelectronics.X-CUBE-BLEMGR.pdsc
2024-03-10 21:34:17,010 [WARN] MainUpdater:1194 - Updater busy. Cannot search thirdparties
2024-03-10 21:34:17,010 [INFO] ThirdPartyUpdaterWithRetryManager:96 - Updater plugin is busy. [4/15]
2024-03-10 21:34:20,016 [WARN] MainUpdater:1194 - Updater busy. Cannot search thirdparties
2024-03-10 21:34:20,017 [INFO] ThirdPartyUpdaterWithRetryManager:96 - Updater plugin is busy. [5/15]
2024-03-10 21:34:20,686 [INFO] ServerAccessManage:473 - Download File STMicroelectronics.X-CUBE-DISPLAY.pdsc
2024-03-10 21:34:23,023 [WARN] MainUpdater:1194 - Updater busy. Cannot search thirdparties
2024-03-10 21:34:23,023 [INFO] ThirdPartyUpdaterWithRetryManager:96 - Updater plugin is busy. [6/15]
2024-03-10 21:34:23,048 [INFO] ServerAccessManage:473 - Download File STMicroelectronics.X-CUBE-EEPRMA1.pdsc
2024-03-10 21:34:25,084 [ERROR] ServerAccessManage:1089 - Problem, file not found on Server
2024-03-10 21:34:26,031 [WARN] MainUpdater:1194 - Updater busy. Cannot search thirdparties
2024-03-10 21:34:26,033 [INFO] ThirdPartyUpdaterWithRetryManager:96 - Updater plugin is busy. [7/15]
2024-03-10 21:34:26,094 [ERROR] ServerAccessManage:1089 - Problem, file not found on Server
2024-03-10 21:34:29,066 [WARN] MainUpdater:1194 - Updater busy. Cannot search thirdparties
2024-03-10 21:34:29,110 [INFO] ThirdPartyUpdaterWithRetryManager:96 - Updater plugin is busy. [8/15]
2024-03-10 21:34:29,983 [INFO] ServerAccessManage:473 - Download File STMicroelectronics.X-CUBE-FREERTOS.pdsc
2024-03-10 21:34:30,533 [INFO] ServerAccessManage:473 - Download File STMicroelectronics.X-CUBE-GNSS1.pdsc
2024-03-10 21:34:32,130 [WARN] MainUpdater:1194 - Updater busy. Cannot search thirdparties
2024-03-10 21:34:32,134 [INFO] ThirdPartyUpdaterWithRetryManager:96 - Updater plugin is busy. [9/15]
2024-03-10 21:34:35,142 [WARN] MainUpdater:1194 - Updater busy. Cannot search thirdparties
2024-03-10 21:34:35,145 [INFO] ThirdPartyUpdaterWithRetryManager:96 - Updater plugin is busy. [10/15]
2024-03-10 21:34:38,146 [WARN] MainUpdater:1194 - Updater busy. Cannot search thirdparties
2024-03-10 21:34:38,148 [INFO] ThirdPartyUpdaterWithRetryManager:96 - Updater plugin is busy. [11/15]
2024-03-10 21:34:39,860 [ERROR] ServerAccessManage:1089 - Problem, file not found on Server
2024-03-10 21:34:41,155 [WARN] MainUpdater:1194 - Updater busy. Cannot search thirdparties
2024-03-10 21:34:41,157 [INFO] ThirdPartyUpdaterWithRetryManager:96 - Updater plugin is busy. [12/15]
2024-03-10 21:34:41,260 [ERROR] ServerAccessManage:1089 - Problem, file not found on Server
2024-03-10 21:34:42,588 [ERROR] ServerAccessManage:1089 - Problem, file not found on Server
2024-03-10 21:34:43,299 [ERROR] ServerAccessManage:1089 - Problem, file not found on Server
2024-03-10 21:34:44,010 [ERROR] ServerAccessManage:1089 - Problem, file not found on Server
2024-03-10 21:34:44,162 [WARN] MainUpdater:1194 - Updater busy. Cannot search thirdparties
2024-03-10 21:34:44,163 [INFO] ThirdPartyUpdaterWithRetryManager:96 - Updater plugin is busy. [13/15]
2024-03-10 21:34:44,718 [ERROR] ServerAccessManage:1089 - Problem, file not found on Server
2024-03-10 21:34:45,959 [INFO] ServerAccessManage:473 - Download File STMicroelectronics.X-CUBE-ISPU.pdsc
2024-03-10 21:34:47,169 [WARN] MainUpdater:1194 - Updater busy. Cannot search thirdparties
2024-03-10 21:34:47,174 [INFO] ThirdPartyUpdaterWithRetryManager:96 - Updater plugin is busy. [14/15]
2024-03-10 21:34:49,312 [INFO] WebApp:161 - Instantiating new browser for Auth
2024-03-10 21:34:49,868 [INFO] ServerAccessManage:473 - Download File STMicroelectronics.X-CUBE-MEMS1.pdsc
2024-03-10 21:34:50,181 [WARN] MainUpdater:1194 - Updater busy. Cannot search thirdparties
2024-03-10 21:34:50,182 [INFO] ThirdPartyUpdaterWithRetryManager:96 - Updater plugin is busy. [15/15]
2024-03-10 21:34:50,183 [ERROR] IntegrityCheckThread:130 - Cannot retrieve database content from updater: error -1
2024-03-10 21:34:50,185 [INFO] ThirdParty:978 - Integrity check success = false
2024-03-10 21:34:50,186 [INFO] IntegrityCheckThread:100 - exiting critical section [integrity check]
2024-03-10 21:34:50,186 [INFO] IntegrityCheckThread:103 - End integrity checks thread
2024-03-10 21:34:51,067 [INFO] WebApp:780 - Register for checkConnection events
2024-03-10 21:34:51,069 [INFO] WebApp:414 - Apply proxy settings
2024-03-10 21:34:51,088 [INFO] WebApp:459 - Chromium authenticates against Manually configured proxy
2024-03-10 21:34:51,122 [INFO] WebApp:467 - Username used for proxy authentication: 
2024-03-10 21:34:51,384 [INFO] WebApp:192 - Starting web application
2024-03-10 21:34:51,388 [INFO] WebApp:544 - Web application path used /Applications/STM32CubeIDE.app/Contents/Eclipse/plugins/com.st.stm32cube.common.mx_6.10.0.202311202037/db/plugins/mcufinder/reactClient1/index.html
2024-03-10 21:35:07,079 [INFO] ServerAccessManage:473 - Download File STMicroelectronics.X-CUBE-NFC4.pdsc
2024-03-10 21:35:13,450 [ERROR] LogOutputStream:75 - [STDERR_REDIRECT] SLF4J: Failed to load class "org.slf4j.impl.StaticLoggerBinder".
2024-03-10 21:35:13,454 [ERROR] LogOutputStream:75 - [STDERR_REDIRECT] SLF4J: Defaulting to no-operation (NOP) logger implementation
2024-03-10 21:35:13,454 [ERROR] LogOutputStream:75 - [STDERR_REDIRECT] SLF4J: See http://www.slf4j.org/codes.html#StaticLoggerBinder for further details.
2024-03-10 21:35:17,931 [INFO] ServerAccessManage:473 - Download File STMicroelectronics.X-CUBE-NFC6.pdsc
2024-03-10 21:35:19,788 [INFO] ServerAccessManage:473 - Download File STMicroelectronics.X-CUBE-NFC7.pdsc
2024-03-10 21:35:22,846 [INFO] ServerAccessManage:473 - Download File STMicroelectronics.X-CUBE-SFXS2LP1.pdsc
2024-03-10 21:35:28,786 [INFO] ServerAccessManage:473 - Download File STMicroelectronics.X-CUBE-SUBG2.pdsc
2024-03-10 21:35:35,974 [INFO] ServerAccessManage:473 - Download File STMicroelectronics.X-CUBE-SMBUS.pdsc
2024-03-10 21:35:38,687 [ERROR] ServerAccessManage:1089 - Problem, file not found on Server
2024-03-10 21:35:38,802 [INFO] ServerAccessManage:473 - Download File STMicroelectronics.X-CUBE-TOF1.pdsc
2024-03-10 21:35:47,499 [ERROR] ServerAccessManage:1089 - Problem, file not found on Server
2024-03-10 21:35:48,818 [INFO] ServerAccessManage:473 - Download File STMicroelectronics.X-CUBE-TOUCHGFX.pdsc
2024-03-10 21:36:06,743 [INFO] ServerAccessManage:473 - Download File STMicroelectronics.X-CUBE-ALGOBUILD.pdsc
2024-03-10 21:36:10,823 [INFO] ServerAccessManage:473 - Download File STMicroelectronics.X-CUBE-AZRTOS-H7.pdsc
2024-03-10 21:36:17,882 [INFO] ServerAccessManage:473 - Download File STMicroelectronics.X-CUBE-AZRTOS-F4.pdsc
2024-03-10 21:36:20,818 [INFO] ServerAccessManage:473 - Download File STMicroelectronics.X-CUBE-AZRTOS-F7.pdsc
2024-03-10 21:36:32,107 [INFO] Activator:176 - 


2024-03-10 21:36:32,109 [INFO] Activator:177 - !SESSION log4j initialized
2024-03-10 21:36:34,609 [ERROR] LogOutputStream:75 - [STDERR_REDIRECT] 
2024-03-10 21:36:34,997 [INFO] LogOutputStream:77 - [STDOUT_REDIRECT] 
2024-03-10 21:36:36,802 [INFO] LogOutputStream:77 - [STDOUT_REDIRECT] 
2024-03-10 21:36:38,638 [INFO] ApplicationProperties:184 - Using Application install path: /Applications/STM32CubeIDE.app/Contents/Eclipse/plugins/com.st.stm32cube.common.mx_6.10.0.202311202037
2024-03-10 21:36:38,654 [INFO] DbMcusXml:78 - Set database path to: /Applications/STM32CubeIDE.app/Contents/Eclipse/plugins/com.st.stm32cube.common.mx_6.10.0.202311202037//db//mcu/
2024-03-10 21:36:38,654 [INFO] ApiDb:274 - Set plugin database path to: /Applications/STM32CubeIDE.app/Contents/Eclipse/plugins/com.st.stm32cube.common.mx_6.10.0.202311202037//db//plugins/boardmanager/
2024-03-10 21:36:38,656 [WARN] ApiDb:259 - Overriding images path with different value:  => /Applications/STM32CubeIDE.app/Contents/Eclipse/plugins/com.st.stm32cube.common.mx_6.10.0.202311202037//db//plugins/mcufinder/images/
2024-03-10 21:36:38,663 [INFO] ApiDb:250 - Set database path to: /Users/richywarrior/.stmcufinder/plugins/mcufinder//mcu/
2024-03-10 21:36:38,664 [INFO] DbMcusAds:125 - Set database path to: /Users/richywarrior/.stmcufinder/plugins/mcufinder//mcu/
2024-03-10 21:36:38,665 [INFO] CrossReferenceDbSqlite:203 - Set database path to: /Users/richywarrior/.stmcufinder/plugins/mcufinder//mcu/cs/
2024-03-10 21:36:38,839 [INFO] RulesReader:64 - Compatibility file has been processed (297 Rules)
2024-03-10 21:36:38,904 [INFO] DbMcusXml:78 - Set database path to: /Applications/STM32CubeIDE.app/Contents/Eclipse/plugins/com.st.stm32cube.common.mx_6.10.0.202311202037//db//mcu/
2024-03-10 21:36:38,904 [INFO] ApiDb:274 - Set plugin database path to: /Applications/STM32CubeIDE.app/Contents/Eclipse/plugins/com.st.stm32cube.common.mx_6.10.0.202311202037//db//plugins/boardmanager/
2024-03-10 21:36:38,904 [INFO] ApiDb:261 - Set plugin images path to: /Applications/STM32CubeIDE.app/Contents/Eclipse/plugins/com.st.stm32cube.common.mx_6.10.0.202311202037//db//plugins/mcufinder/images/
2024-03-10 21:36:38,905 [WARN] DbFile:41 - Overriding database path with different value: /Users/richywarrior/.stmcufinder/plugins/mcufinder/ => /Users/richywarrior/.stmcufinder/plugins/mcufinder
2024-03-10 21:36:38,905 [INFO] ApiDb:250 - Set database path to: /Users/richywarrior/.stmcufinder/plugins/mcufinder//mcu/
2024-03-10 21:36:38,905 [WARN] DbFile:41 - Overriding database path with different value: /Users/richywarrior/.stmcufinder/plugins/mcufinder/ => /Users/richywarrior/.stmcufinder/plugins/mcufinder
2024-03-10 21:36:38,905 [INFO] DbMcusAds:125 - Set database path to: /Users/richywarrior/.stmcufinder/plugins/mcufinder//mcu/
2024-03-10 21:36:38,905 [WARN] DbFile:41 - Overriding database path with different value: /Users/richywarrior/.stmcufinder/plugins/mcufinder/ => /Users/richywarrior/.stmcufinder/plugins/mcufinder
2024-03-10 21:36:38,905 [WARN] DbFile:41 - Overriding database path with different value: /Users/richywarrior/.stmcufinder/plugins/mcufinder/ => /Users/richywarrior/.stmcufinder/plugins/mcufinder
2024-03-10 21:36:38,905 [INFO] CrossReferenceDbSqlite:203 - Set database path to: /Users/richywarrior/.stmcufinder/plugins/mcufinder//mcu/cs/
2024-03-10 21:36:38,967 [INFO] MainPanel:264 - HeapMemory: 268435456
2024-03-10 21:36:39,032 [INFO] DbMcusXml:78 - Set database path to: /Applications/STM32CubeIDE.app/Contents/Eclipse/plugins/com.st.stm32cube.common.mx_6.10.0.202311202037//db//mcu/
2024-03-10 21:36:39,032 [INFO] ApiDb:274 - Set plugin database path to: /Applications/STM32CubeIDE.app/Contents/Eclipse/plugins/com.st.stm32cube.common.mx_6.10.0.202311202037//db//plugins/boardmanager/
2024-03-10 21:36:39,032 [INFO] ApiDb:261 - Set plugin images path to: /Applications/STM32CubeIDE.app/Contents/Eclipse/plugins/com.st.stm32cube.common.mx_6.10.0.202311202037//db//plugins/mcufinder/images/
2024-03-10 21:36:39,032 [WARN] DbFile:41 - Overriding database path with different value: /Users/richywarrior/.stmcufinder/plugins/mcufinder/ => /Users/richywarrior/.stmcufinder/plugins/mcufinder
2024-03-10 21:36:39,033 [INFO] ApiDb:250 - Set database path to: /Users/richywarrior/.stmcufinder/plugins/mcufinder//mcu/
2024-03-10 21:36:39,033 [WARN] DbFile:41 - Overriding database path with different value: /Users/richywarrior/.stmcufinder/plugins/mcufinder/ => /Users/richywarrior/.stmcufinder/plugins/mcufinder
2024-03-10 21:36:39,033 [INFO] DbMcusAds:125 - Set database path to: /Users/richywarrior/.stmcufinder/plugins/mcufinder//mcu/
2024-03-10 21:36:39,033 [WARN] DbFile:41 - Overriding database path with different value: /Users/richywarrior/.stmcufinder/plugins/mcufinder/ => /Users/richywarrior/.stmcufinder/plugins/mcufinder
2024-03-10 21:36:39,033 [WARN] DbFile:41 - Overriding database path with different value: /Users/richywarrior/.stmcufinder/plugins/mcufinder/ => /Users/richywarrior/.stmcufinder/plugins/mcufinder
2024-03-10 21:36:39,033 [INFO] CrossReferenceDbSqlite:203 - Set database path to: /Users/richywarrior/.stmcufinder/plugins/mcufinder//mcu/cs/
2024-03-10 21:36:39,047 [INFO] ApplicationProperties:184 - Using Application install path: /Applications/STM32CubeIDE.app/Contents/Eclipse/plugins/com.st.stm32cube.common.mx_6.10.0.202311202037
2024-03-10 21:36:39,048 [INFO] PluginManage:196 - Search for loadable plugins [exclusion list=, ]
2024-03-10 21:36:39,050 [INFO] PluginManage:310 - Check plugin analytics
2024-03-10 21:36:39,256 [INFO] AnalyticsPlugin:253 - Accepted Software Licenses: 
2024-03-10 21:36:39,256 [INFO] AnalyticsPlugin:255 - Accepted CMSIS Pack Licenses: 
2024-03-10 21:36:39,256 [INFO] AnalyticsPlugin:257 - Accepted Firmware Licenses: 
2024-03-10 21:36:39,267 [INFO] PluginManage:359 - Loaded plugin analytics (category:tool,tabindex:-1)
2024-03-10 21:36:39,268 [INFO] PluginManage:310 - Check plugin cadmodel
2024-03-10 21:36:39,883 [INFO] CADModel:105 - Init CAD model plugin
2024-03-10 21:36:39,883 [INFO] PluginManage:359 - Loaded plugin cadmodel (category:power,tabindex:5)
2024-03-10 21:36:39,884 [INFO] PluginManage:310 - Check plugin clock
2024-03-10 21:36:39,896 [INFO] PluginManage:359 - Loaded plugin clock (category:base,tabindex:2)
2024-03-10 21:36:39,896 [INFO] PluginManage:310 - Check plugin ddr
2024-03-10 21:36:39,899 [INFO] PluginManage:359 - Loaded plugin ddr (category:tool,tabindex:6)
2024-03-10 21:36:39,899 [INFO] PluginManage:310 - Check plugin filemanager
2024-03-10 21:36:39,948 [ERROR] LogOutputStream:75 - [STDERR_REDIRECT] [Fatal Error] :2:10: DOCTYPE is disallowed when the feature "http://apache.org/xml/features/disallow-doctype-decl" set to true.
2024-03-10 21:36:39,951 [ERROR] LogOutputStream:75 - [STDERR_REDIRECT] 
2024-03-10 21:36:40,054 [INFO] PluginManage:359 - Loaded plugin filemanager (category:base,tabindex:10)
2024-03-10 21:36:40,055 [INFO] PluginManage:310 - Check plugin ipmanager
2024-03-10 21:36:40,061 [INFO] PluginManage:359 - Loaded plugin ipmanager (category:base,tabindex:5)
2024-03-10 21:36:40,061 [INFO] PluginManage:310 - Check plugin lpbam
2024-03-10 21:36:40,069 [INFO] PluginManage:359 - Loaded plugin lpbam (category:base,tabindex:0)
2024-03-10 21:36:40,070 [INFO] PluginManage:310 - Check plugin memorymap
2024-03-10 21:36:40,076 [INFO] PluginManage:359 - Loaded plugin memorymap (category:base,tabindex:4)
2024-03-10 21:36:40,077 [INFO] PluginManage:310 - Check plugin pinoutandconfiguration
2024-03-10 21:36:40,080 [INFO] PluginManage:359 - Loaded plugin pinoutandconfiguration (category:base,tabindex:1)
2024-03-10 21:36:40,080 [INFO] PluginManage:310 - Check plugin pinoutconfig
2024-03-10 21:36:40,151 [WARN] SupportedApi:132 - Cannot load RTOS API schema: s4s-elt-must-match.1: The content of 'definitions' must match (annotation?, (simpleType | complexType)?, (unique | key | keyref)*)). A problem was found starting at: attribute.
2024-03-10 21:36:40,285 [INFO] PluginManage:359 - Loaded plugin pinoutconfig (category:base,tabindex:0)
2024-03-10 21:36:40,285 [INFO] PluginManage:310 - Check plugin power
2024-03-10 21:36:40,292 [INFO] PluginManage:359 - Loaded plugin power (category:power,tabindex:4)
2024-03-10 21:36:40,292 [INFO] PluginManage:310 - Check plugin projectmanager
2024-03-10 21:36:40,317 [INFO] PluginManage:359 - Loaded plugin projectmanager (category:projectmanager,tabindex:3)
2024-03-10 21:36:40,317 [INFO] PluginManage:310 - Check plugin thirdparty
2024-03-10 21:36:40,575 [INFO] PluginManage:359 - Loaded plugin thirdparty (category:base,tabindex:-1)
2024-03-10 21:36:40,575 [WARN] IntegrityCheckThread:84 - waiting for thirdparty lock release [integrity check]
2024-03-10 21:36:40,577 [INFO] PluginManage:310 - Check plugin tools
2024-03-10 21:36:40,577 [INFO] IntegrityCheckThread:86 - entering critical section [integrity check]
2024-03-10 21:36:40,579 [INFO] ThirdPartyUpdaterWithRetryManager:70 - Updater plugin not ready yet. [1/15]
2024-03-10 21:36:40,585 [INFO] PluginManage:359 - Loaded plugin tools (category:base,tabindex:7)
2024-03-10 21:36:40,586 [INFO] PluginManage:310 - Check plugin tutovideos
2024-03-10 21:36:40,795 [INFO] PluginManage:359 - Loaded plugin tutovideos (category:base,tabindex:-1)
2024-03-10 21:36:40,798 [INFO] PluginManage:310 - Check plugin updater
2024-03-10 21:36:40,838 [INFO] PluginManage:359 - Loaded plugin updater (category:base,tabindex:12)
2024-03-10 21:36:40,839 [INFO] PluginManage:310 - Check plugin userauth
2024-03-10 21:36:40,853 [INFO] UserAuth:114 - Init User Auth plugin
2024-03-10 21:36:40,854 [INFO] PluginManage:359 - Loaded plugin userauth (category:base,tabindex:14)
2024-03-10 21:36:40,855 [INFO] PluginManage:283 - PluginManage : Loaded plugins [17]
2024-03-10 21:36:41,184 [INFO] PinOutPanel:1499 - setPackage(No Configuration,No Configuration)
2024-03-10 21:36:41,238 [INFO] CADModel:165 - CPN selected for project level
2024-03-10 21:36:41,238 [INFO] CADModel:114 - Register for checkConnection events
2024-03-10 21:36:41,248 [INFO] IPUIPlugin:80 - create IPUIPlugin
2024-03-10 21:36:41,248 [INFO] PluginManager:220 - loadIPPluginJar : add mdma
2024-03-10 21:36:41,253 [INFO] IPUIPlugin:80 - create IPUIPlugin
2024-03-10 21:36:41,253 [INFO] PluginManager:220 - loadIPPluginJar : add freertos
2024-03-10 21:36:41,256 [INFO] IPUIPlugin:80 - create IPUIPlugin
2024-03-10 21:36:41,256 [INFO] PluginManager:220 - loadIPPluginJar : add gic
2024-03-10 21:36:41,260 [INFO] IPUIPlugin:80 - create IPUIPlugin
2024-03-10 21:36:41,260 [INFO] PluginManager:220 - loadIPPluginJar : add adc
2024-03-10 21:36:41,261 [INFO] IPUIPlugin:80 - create IPUIPlugin
2024-03-10 21:36:41,261 [INFO] PluginManager:220 - loadIPPluginJar : add gtzc
2024-03-10 21:36:41,262 [INFO] IPUIPlugin:80 - create IPUIPlugin
2024-03-10 21:36:41,262 [INFO] PluginManager:220 - loadIPPluginJar : add quadspi
2024-03-10 21:36:41,264 [INFO] IPUIPlugin:80 - create IPUIPlugin
2024-03-10 21:36:41,264 [INFO] PluginManager:220 - loadIPPluginJar : add aes
2024-03-10 21:36:41,265 [INFO] IPUIPlugin:80 - create IPUIPlugin
2024-03-10 21:36:41,265 [INFO] PluginManager:220 - loadIPPluginJar : add pdm2pcm
2024-03-10 21:36:41,267 [INFO] IPUIPlugin:80 - create IPUIPlugin
2024-03-10 21:36:41,267 [INFO] PluginManager:220 - loadIPPluginJar : add hash
2024-03-10 21:36:41,267 [INFO] IPUIPlugin:80 - create IPUIPlugin
2024-03-10 21:36:41,268 [INFO] PluginManager:220 - loadIPPluginJar : add tim
2024-03-10 21:36:41,268 [INFO] IPUIPlugin:80 - create IPUIPlugin
2024-03-10 21:36:41,268 [INFO] PluginManager:220 - loadIPPluginJar : add tsc
2024-03-10 21:36:41,270 [INFO] IPUIPlugin:80 - create IPUIPlugin
2024-03-10 21:36:41,270 [INFO] PluginManager:220 - loadIPPluginJar : add ts
2024-03-10 21:36:41,272 [INFO] IPUIPlugin:80 - create IPUIPlugin
2024-03-10 21:36:41,272 [INFO] PluginManager:220 - loadIPPluginJar : add can
2024-03-10 21:36:41,273 [INFO] IPUIPlugin:80 - create IPUIPlugin
2024-03-10 21:36:41,273 [INFO] PluginManager:220 - loadIPPluginJar : add dma3
2024-03-10 21:36:41,274 [INFO] IPUIPlugin:80 - create IPUIPlugin
2024-03-10 21:36:41,274 [INFO] PluginManager:220 - loadIPPluginJar : add dfsdm
2024-03-10 21:36:41,275 [INFO] IPUIPlugin:80 - create IPUIPlugin
2024-03-10 21:36:41,275 [INFO] PluginManager:220 - loadIPPluginJar : add spi
2024-03-10 21:36:41,276 [INFO] IPUIPlugin:80 - create IPUIPlugin
2024-03-10 21:36:41,277 [INFO] PluginManager:220 - loadIPPluginJar : add gfxmmu
2024-03-10 21:36:41,278 [INFO] IPUIPlugin:80 - create IPUIPlugin
2024-03-10 21:36:41,278 [INFO] PluginManager:220 - loadIPPluginJar : add genericplugin
2024-03-10 21:36:41,278 [INFO] IPUIPlugin:80 - create IPUIPlugin
2024-03-10 21:36:41,278 [INFO] PluginManager:220 - loadIPPluginJar : add cryp
2024-03-10 21:36:41,281 [INFO] IPUIPlugin:80 - create IPUIPlugin
2024-03-10 21:36:41,281 [INFO] PluginManager:220 - loadIPPluginJar : add gpio
2024-03-10 21:36:41,282 [INFO] IPUIPlugin:80 - create IPUIPlugin
2024-03-10 21:36:41,283 [INFO] PluginManager:220 - loadIPPluginJar : add comp
2024-03-10 21:36:41,284 [INFO] IPUIPlugin:80 - create IPUIPlugin
2024-03-10 21:36:41,284 [INFO] PluginManager:220 - loadIPPluginJar : add tracer_emb
2024-03-10 21:36:41,286 [INFO] IPUIPlugin:80 - create IPUIPlugin
2024-03-10 21:36:41,286 [INFO] PluginManager:220 - loadIPPluginJar : add openamp
2024-03-10 21:36:41,288 [INFO] IPUIPlugin:80 - create IPUIPlugin
2024-03-10 21:36:41,289 [INFO] PluginManager:220 - loadIPPluginJar : add stm32_wpan
2024-03-10 21:36:41,291 [INFO] IPUIPlugin:80 - create IPUIPlugin
2024-03-10 21:36:41,296 [INFO] PluginManager:220 - loadIPPluginJar : add plateformsettings
2024-03-10 21:36:41,298 [INFO] IPUIPlugin:80 - create IPUIPlugin
2024-03-10 21:36:41,298 [INFO] PluginManager:220 - loadIPPluginJar : add ipddr
2024-03-10 21:36:41,299 [INFO] IPUIPlugin:80 - create IPUIPlugin
2024-03-10 21:36:41,299 [INFO] PluginManager:220 - loadIPPluginJar : add usart
2024-03-10 21:36:41,300 [INFO] IPUIPlugin:80 - create IPUIPlugin
2024-03-10 21:36:41,300 [INFO] PluginManager:220 - loadIPPluginJar : add ltdc
2024-03-10 21:36:41,301 [INFO] IPUIPlugin:80 - create IPUIPlugin
2024-03-10 21:36:41,301 [INFO] PluginManager:220 - loadIPPluginJar : add nvic
2024-03-10 21:36:41,302 [INFO] IPUIPlugin:80 - create IPUIPlugin
2024-03-10 21:36:41,302 [INFO] PluginManager:220 - loadIPPluginJar : add fatfs
2024-03-10 21:36:41,305 [INFO] IPUIPlugin:80 - create IPUIPlugin
2024-03-10 21:36:41,305 [INFO] PluginManager:220 - loadIPPluginJar : add linkedlist
2024-03-10 21:36:41,307 [INFO] IPUIPlugin:80 - create IPUIPlugin
2024-03-10 21:36:41,307 [INFO] PluginManager:220 - loadIPPluginJar : add dma
2024-03-10 21:36:41,309 [INFO] IPUIPlugin:80 - create IPUIPlugin
2024-03-10 21:36:41,309 [INFO] PluginManager:220 - loadIPPluginJar : add fmc
2024-03-10 21:36:41,310 [INFO] IPUIPlugin:80 - create IPUIPlugin
2024-03-10 21:36:41,310 [INFO] PluginManager:220 - loadIPPluginJar : add i2s
2024-03-10 21:36:41,311 [INFO] IPUIPlugin:80 - create IPUIPlugin
2024-03-10 21:36:41,311 [INFO] PluginManager:220 - loadIPPluginJar : add ucpd
2024-03-10 21:36:41,312 [INFO] IPUIPlugin:80 - create IPUIPlugin
2024-03-10 21:36:41,312 [INFO] PluginManager:220 - loadIPPluginJar : add lorawan
2024-03-10 21:36:41,313 [INFO] IPUIPlugin:80 - create IPUIPlugin
2024-03-10 21:36:41,313 [INFO] PluginManager:220 - loadIPPluginJar : add opamp
2024-03-10 21:36:41,314 [INFO] IPUIPlugin:80 - create IPUIPlugin
2024-03-10 21:36:41,314 [INFO] PluginManager:220 - loadIPPluginJar : add i3c
2024-03-10 21:36:41,315 [INFO] IPUIPlugin:80 - create IPUIPlugin
2024-03-10 21:36:41,316 [INFO] PluginManager:220 - loadIPPluginJar : add touchsensing
2024-03-10 21:36:41,317 [INFO] IPUIPlugin:80 - create IPUIPlugin
2024-03-10 21:36:41,317 [INFO] PluginManager:220 - loadIPPluginJar : add i2c
2024-03-10 21:36:41,319 [INFO] IPUIPlugin:80 - create IPUIPlugin
2024-03-10 21:36:41,319 [INFO] PluginManager:220 - loadIPPluginJar : add resmgrutility
2024-03-10 21:36:41,320 [INFO] IPUIPlugin:80 - create IPUIPlugin
2024-03-10 21:36:41,320 [INFO] PluginManager:220 - loadIPPluginJar : add sai
2024-03-10 21:36:41,321 [INFO] IPUIPlugin:80 - create IPUIPlugin
2024-03-10 21:36:41,321 [INFO] PluginManager:220 - loadIPPluginJar : add usbx
2024-03-10 21:36:41,429 [INFO] CADModel:165 - CPN selected for project level
2024-03-10 21:36:41,435 [INFO] CADModel:114 - Register for checkConnection events
2024-03-10 21:36:41,435 [FATAL] Updater:308 - Updater called before beeing initialized
2024-03-10 21:36:41,436 [ERROR] CADModel:125 - Updater not yet initialized, retry later 
2024-03-10 21:36:42,154 [INFO] CADModel:165 - CPN selected for project level
2024-03-10 21:36:42,155 [INFO] CADModel:114 - Register for checkConnection events
2024-03-10 21:36:42,155 [FATAL] Updater:308 - Updater called before beeing initialized
2024-03-10 21:36:42,155 [ERROR] CADModel:125 - Updater not yet initialized, retry later 
2024-03-10 21:36:42,157 [FATAL] Updater:308 - Updater called before beeing initialized
2024-03-10 21:36:42,283 [FATAL] Updater:308 - Updater called before beeing initialized
2024-03-10 21:36:42,287 [INFO] DbMcusAds:53 - JSON generation date=Thu Sep 30 01:55:09 CDT 2021 (1632984909247)
2024-03-10 21:36:42,288 [FATAL] Updater:308 - Updater called before beeing initialized
2024-03-10 21:36:42,378 [WARN] DetailPanel:346 - Failed to get advertising image, set to default
2024-03-10 21:36:42,470 [FATAL] Updater:308 - Updater called before beeing initialized
2024-03-10 21:36:42,474 [FATAL] Updater:308 - Updater called before beeing initialized
2024-03-10 21:36:42,474 [FATAL] Updater:308 - Updater called before beeing initialized
2024-03-10 21:36:42,474 [WARN] DetailPanel:346 - Failed to get advertising image, set to default
2024-03-10 21:36:42,475 [FATAL] Updater:308 - Updater called before beeing initialized
2024-03-10 21:36:42,555 [ERROR] Updater:1120 - MainUpdater not yet initialized. External WinMGr cannot be set.
2024-03-10 21:36:42,596 [INFO] Updater:1056 - Updater Version found : 6.10.0
2024-03-10 21:36:42,608 [INFO] ApplicationProperties:184 - Using Application install path: /Applications/STM32CubeIDE.app/Contents/Eclipse/plugins/com.st.stm32cube.common.mx_6.10.0.202311202037
2024-03-10 21:36:43,036 [INFO] MainUpdater:2873 - connection check result : 10
2024-03-10 21:36:43,037 [INFO] MainUpdater:3567 - Updater definition file requires update
2024-03-10 21:36:43,037 [INFO] MainUpdater:290 - Updater Check For Update Now.
2024-03-10 21:36:43,038 [INFO] MicroXplorer:498 - Change Database Version : DB.6.0.100
2024-03-10 21:36:43,041 [INFO] McuFinderGlobals:63 - Set McuFinder mode to 2 (CubeIDE integrated)
2024-03-10 21:36:43,041 [INFO] UserAuth:180 - activating auth plugin
2024-03-10 21:36:43,049 [INFO] UserAuth:404 - Internet connection configuration mode: 1
2024-03-10 21:36:43,057 [INFO] JxBrowserEngine:152 - Initiate JxBrowser Engine with user profile folder
2024-03-10 21:36:43,585 [WARN] MainUpdater:1194 - Updater busy. Cannot search thirdparties
2024-03-10 21:36:43,585 [INFO] ThirdPartyUpdaterWithRetryManager:96 - Updater plugin is busy. [1/15]
2024-03-10 21:36:44,139 [INFO] ServerAccessManage:473 - Download File updaters.zip
2024-03-10 21:36:44,245 [INFO] FileExtend:240 - Unzip File : updaters.zip
2024-03-10 21:36:44,245 [INFO] FileExtend:255 - Standard Zip Deflate
2024-03-10 21:36:44,509 [INFO] ServerAccessManage:473 - Download File PacksControlFlags.xml
2024-03-10 21:36:44,683 [INFO] ServerAccessManage:473 - Download File cubemx.pidx
2024-03-10 21:36:44,808 [INFO] LoadServerUpdatesThread:375 - End of LoadServerUpdate Thread
2024-03-10 21:36:44,870 [WARN] CheckServerUpdateThread:151 - Open CheckUpdateFile Fail
2024-03-10 21:36:45,011 [INFO] CheckServerUpdateThread:120 - End of CheckServer Thread
2024-03-10 21:36:46,727 [WARN] PackLoader:240 - Cannot read IP mode file for STMicroelectronics.X-CUBE-SMBUS.2.1.0
2024-03-10 21:36:46,780 [WARN] PackLoader:240 - Cannot read IP mode file for STMicroelectronics.X-CUBE-AZRTOS-F7.1.1.0
2024-03-10 21:36:46,809 [WARN] PackLoader:240 - Cannot read IP mode file for STMicroelectronics.FP-SNS-MOTENV1.4.3.2
2024-03-10 21:36:46,832 [WARN] PackLoader:240 - Cannot read IP mode file for STMicroelectronics.FP-SNS-FLIGHT1.5.0.2
2024-03-10 21:36:46,858 [WARN] PackLoader:240 - Cannot read IP mode file for STMicroelectronics.X-CUBE-DISPLAY.3.0.0
2024-03-10 21:36:46,893 [WARN] PackLoader:240 - Cannot read IP mode file for STMicroelectronics.X-CUBE-BLE1.7.0.0
2024-03-10 21:36:46,905 [WARN] PackLoader:240 - Cannot read IP mode file for STMicroelectronics.FP-SNS-SMARTAG2.1.2.0
2024-03-10 21:36:46,917 [WARN] PackLoader:240 - Cannot read IP mode file for STMicroelectronics.X-CUBE-BLE2.3.3.0
2024-03-10 21:36:46,943 [WARN] PackLoader:240 - Cannot read IP mode file for STMicroelectronics.X-CUBE-ALGOBUILD.1.3.0
2024-03-10 21:36:46,962 [WARN] PackLoader:240 - Cannot read IP mode file for STMicroelectronics.X-CUBE-NFC4.3.0.0
2024-03-10 21:36:46,969 [WARN] PackLoader:240 - Cannot read IP mode file for STMicroelectronics.FP-ATR-SIGFOX1.3.2.0
2024-03-10 21:36:46,976 [WARN] PackLoader:240 - Cannot read IP mode file for STMicroelectronics.X-CUBE-GNSS1.6.0.0
2024-03-10 21:36:47,019 [WARN] PackLoader:240 - Cannot read IP mode file for STMicroelectronics.X-CUBE-AZRTOS-F4.1.1.0
2024-03-10 21:36:47,045 [WARN] PackLoader:240 - Cannot read IP mode file for STMicroelectronics.X-CUBE-NFC7.1.0.1
2024-03-10 21:36:47,092 [WARN] PackLoader:240 - Cannot read IP mode file for STMicroelectronics.X-CUBE-NFC6.3.0.0
2024-03-10 21:36:47,105 [WARN] PackLoader:240 - Cannot read IP mode file for STMicroelectronics.X-CUBE-AI.8.1.0
2024-03-10 21:36:47,124 [WARN] PackLoader:240 - Cannot read IP mode file for STMicroelectronics.X-CUBE-SFXS2LP1.4.0.0
2024-03-10 21:36:47,142 [WARN] PackLoader:240 - Cannot read IP mode file for STMicroelectronics.X-CUBE-SUBG2.5.0.0
2024-03-10 21:36:47,255 [WARN] PackLoader:240 - Cannot read IP mode file for STMicroelectronics.X-CUBE-MEMS1.10.0.0
2024-03-10 21:36:47,404 [WARN] PackLoader:240 - Cannot read IP mode file for STMicroelectronics.X-CUBE-FREERTOS.1.1.0
2024-03-10 21:36:47,416 [WARN] PackLoader:240 - Cannot read IP mode file for STMicroelectronics.X-CUBE-ALS.1.0.1
2024-03-10 21:36:47,420 [WARN] PackLoader:240 - Cannot read IP mode file for STMicroelectronics.FP-ATR-ASTRA1.2.0.0
2024-03-10 21:36:47,424 [INFO] ThirdParty:978 - Integrity check success = true
2024-03-10 21:36:47,424 [INFO] IntegrityCheckThread:100 - exiting critical section [integrity check]
2024-03-10 21:36:47,424 [INFO] IntegrityCheckThread:103 - End integrity checks thread
2024-03-10 21:36:48,495 [INFO] WebApp:161 - Instantiating new browser for Auth
2024-03-10 21:36:49,670 [INFO] WebApp:780 - Register for checkConnection events
2024-03-10 21:36:49,671 [INFO] WebApp:414 - Apply proxy settings
2024-03-10 21:36:49,689 [INFO] WebApp:459 - Chromium authenticates against Manually configured proxy
2024-03-10 21:36:49,710 [INFO] WebApp:467 - Username used for proxy authentication: 
2024-03-10 21:36:49,845 [INFO] WebApp:192 - Starting web application
2024-03-10 21:36:49,845 [INFO] WebApp:544 - Web application path used /Applications/STM32CubeIDE.app/Contents/Eclipse/plugins/com.st.stm32cube.common.mx_6.10.0.202311202037/db/plugins/mcufinder/reactClient1/index.html
2024-03-10 21:37:00,231 [INFO] McuFinderGlobals:63 - Set McuFinder mode to 2 (CubeIDE integrated)
2024-03-10 21:37:00,240 [INFO] MainUpdater:2873 - connection check result : 10
2024-03-10 21:37:00,245 [INFO] McuFinderGlobals:76 - Set McuFinderConnectedMode to true
2024-03-10 21:37:00,685 [INFO] ServerAccessManage:473 - Download File mcusAds.json._tmp_
2024-03-10 21:37:00,797 [INFO] LoadUrlFilesThread:156 - End of LoadUrlFiles Thread
2024-03-10 21:37:00,984 [INFO] ServerAccessManage:473 - Download File cube-finder-db.zip
2024-03-10 21:37:02,204 [INFO] FileExtend:240 - Unzip File : cube-finder-db.zip
2024-03-10 21:37:02,209 [INFO] FileExtend:255 - Standard Zip Deflate
2024-03-10 21:37:02,676 [INFO] LoadUrlFilesThread:156 - End of LoadUrlFiles Thread
2024-03-10 21:37:03,952 [INFO] ServerAccessManage:473 - Download File crdb.zip
2024-03-10 21:37:04,861 [INFO] FileExtend:240 - Unzip File : crdb.zip
2024-03-10 21:37:04,865 [INFO] FileExtend:255 - Standard Zip Deflate
2024-03-10 21:37:04,993 [INFO] LoadUrlFilesThread:156 - End of LoadUrlFiles Thread
2024-03-10 21:37:06,950 [INFO] ServerAccessManage:473 - Download File tutoVideoDB.zip
2024-03-10 21:37:06,959 [INFO] FileExtend:240 - Unzip File : tutoVideoDB.zip
2024-03-10 21:37:06,959 [INFO] FileExtend:255 - Standard Zip Deflate
2024-03-10 21:37:07,072 [INFO] LoadUrlFilesThread:156 - End of LoadUrlFiles Thread
2024-03-10 21:37:07,078 [WARN] DbFile:41 - Overriding database path with different value: /Users/richywarrior/.stmcufinder/plugins/mcufinder/ => /Users/richywarrior/.stmcufinder/plugins/mcufinder
2024-03-10 21:37:08,499 [INFO] ServerAccessManage:473 - Download File api_config.json
2024-03-10 21:37:08,604 [INFO] LoadUrlFilesThread:156 - End of LoadUrlFiles Thread
2024-03-10 21:37:08,608 [INFO] DbMcusAds:53 - JSON generation date=Wed Nov 29 04:52:27 CST 2023 (1701255147349)
2024-03-10 21:37:08,884 [INFO] ServerAccessManage:473 - Download File 
2024-03-10 21:37:08,964 [INFO] LoadUrlFilesThread:185 - End of LoadServerUrlFiles without Thread
2024-03-10 21:37:08,967 [INFO] TargetSelectorAdapter:259 - Refresh data is successful
2024-03-10 21:37:09,954 [INFO] ApiDb:581 - Connected to CubeFinder SQLite database (/Users/richywarrior/.stmcufinder/plugins/mcufinder/mcu/cube-finder-db.db)
2024-03-10 21:37:10,002 [INFO] ApiDb:668 - CubeFinder database Data Model version=2.1
2024-03-10 21:37:10,002 [INFO] ApiDb:669 - CubeFinder database Configuration version=3.0.39
2024-03-10 21:37:10,003 [INFO] ApiDb:670 - CubeFinder database generation date=2024-02-19 (1708350410)
2024-03-10 21:37:10,003 [INFO] ApiDb:671 - CubeFinder database FW Pack versions=[FP-ATR-ASTRA1_V2.0.0, FP-SNS-FLIGHT1_V5.0.1, FP-SNS-FLIGHT1_V5.0.2, FP-SNS-MOTENV1_V4.3.1, FP-SNS-MOTENV1_V4.3.2, FP-SNS-MOTENVWB1_V1.3.1, FP-SNS-SMARTAG2_V1.2.0, STM32Cube_FW_C0_V1.1.0, STM32Cube_FW_F4_V1.28.0, STM32Cube_FW_F7_V1.17.0, STM32Cube_FW_G0_V1.6.2, STM32Cube_FW_G4_V1.5.2, STM32Cube_FW_H5_V0.5.1, STM32Cube_FW_H5_V1.1.1, STM32Cube_FW_H5_V1.2.0RC2, STM32Cube_FW_H7_V1.11.0, STM32Cube_FW_L0_V1.12.2, STM32Cube_FW_L5_V1.5.0, STM32Cube_FW_U5_V1.3.0RC4, STM32Cube_FW_U5_V1.4.0, STM32Cube_FW_WBA_V1.0.0RC1, STM32Cube_FW_WBA_V1.1.0RC1, STM32Cube_FW_WBA_V1.2.0, STM32Cube_FW_WBA_V1.2.0RC2, STM32Cube_FW_WB_V1.15.0RC1, STM32Cube_FW_WB_V1.16.0, STM32Cube_FW_WB_V1.16.0RC2, STM32Cube_FW_WB_V1.18.0, STM32Cube_FW_WL_V1.3.0, X-CUBE-ALGOBUILD_V1.3.0, X-CUBE-ALS_V1.0.1, X-CUBE-AZRTOS-F4_V1.1.0, X-CUBE-AZRTOS-F7_V1.1.0, X-CUBE-AZRTOS-G0_V1.1.0, X-CUBE-AZRTOS-G4_V2.0.0, X-CUBE-AZRTOS-H7_V3.2.0, X-CUBE-AZRTOS-L4_V1.0.0, X-CUBE-AZRTOS-L4_V2.0.0, X-CUBE-AZRTOS-L5_V1.1.0, X-CUBE-AZRTOS-WB_V2.0.0, X-CUBE-AZRTOS-WL_V2.0.0, X-CUBE-BLE1_V7.0.0, X-CUBE-BLE2_V3.3.0, X-CUBE-BLEMGR_V3.0.0, X-CUBE-EEPRMA1_V4.1.0, X-CUBE-EEPRMA1_V5.1.0, X-CUBE-FREERTOS_V1.1.0, X-CUBE-GNSS1_V6.0.0, X-CUBE-MEMS1_V10.0.0, X-CUBE-MEMS1_V9.1.0, X-CUBE-MEMS1_V9.4.0, X-CUBE-MEMS1_V9.6.0, X-CUBE-NFC4_V3.0.0, X-CUBE-NFC7_V1.0.1, X-CUBE-SFXS2LP1_V4.0.0, X-CUBE-SUBG2_V5.0.0, X-CUBE-TOF1_V3.4.0]
2024-03-10 21:37:11,369 [ERROR] LogOutputStream:75 - [STDERR_REDIRECT] SLF4J: Failed to load class "org.slf4j.impl.StaticLoggerBinder".
2024-03-10 21:37:11,371 [ERROR] LogOutputStream:75 - [STDERR_REDIRECT] SLF4J: Defaulting to no-operation (NOP) logger implementation
2024-03-10 21:37:11,371 [ERROR] LogOutputStream:75 - [STDERR_REDIRECT] SLF4J: See http://www.slf4j.org/codes.html#StaticLoggerBinder for further details.
2024-03-10 21:37:11,656 [INFO] ApiDb:240 - Found 371 in-development CPN: [B-G473E-ZEST1S, B-WB1M-WPAN1, B-WL5M-SUBG1, NUCLEO-C031C6, NUCLEO-H503RB, NUCLEO-H563ZI, NUCLEO-U545RE-Q, NUCLEO-U5A5ZJ-Q, NUCLEO-WBA52CG, NUCLEO-WBA55CG, STEVAL-MKBOXPRO, STEVAL-PROTEUS1, STEVAL-STWINBX1, STM320518-EVAL, STM32C0116-DK, STM32C011D6Y3TR, STM32C011D6Y6TR, STM32C011F4P3, STM32C011F4P6, STM32C011F4U3, STM32C011F4U6TR, STM32C011F6P3, STM32C011F6P6, STM32C011F6U3, STM32C011F6U6TR, STM32C011J4M3, STM32C011J4M6, STM32C011J6M3, STM32C011J6M6, STM32C0316-DK, STM32C031C4T3, STM32C031C4T6, STM32C031C4U3, STM32C031C4U6, STM32C031C6T3, STM32C031C6T6, STM32C031C6U3, STM32C031C6U6, STM32C031F4P3, STM32C031F4P6, STM32C031F6P3, STM32C031F6P6, STM32C031G4U3, STM32C031G4U6, STM32C031G6U3, STM32C031G6U6, STM32C031K4T3, STM32C031K4T6, STM32C031K4U3, STM32C031K4U6, STM32C031K6T3, STM32C031K6T6, STM32C031K6U3, STM32C031K6U6, STM32G071K8TXN, STM32G071K8UXN, STM32G081GBU6N, STM32G081KBT6N, STM32G081KBUXN, STM32G0B1CCT6N, STM32G0B1KCT6, STM32G0B1NEY6TR, STM32G0B1RCT6N, STM32G0C1CCT6, STM32G0C1CCT6N, STM32G0C1CCU6N, STM32G0C1CET6N, STM32G0C1CEU6N, STM32G0C1KCT6, STM32G0C1NEY6TR, STM32G0C1RCI6N, STM32G0C1RCT6N, STM32G0C1REI6N, STM32G0C1RET6N, STM32G0C1VCI6, STM32G0C1VEI6, STM32G471CCT6, STM32G471CCU6, STM32G471CET3, STM32G471CET6, STM32G471CEU3, STM32G471CEU6, STM32G471MCT6, STM32G471MET3, STM32G471MET6, STM32G471MEY6TR, STM32G471QCT6, STM32G471QET3, STM32G471RCT6, STM32G471RET3, STM32G471RET6, STM32G471VCH6, STM32G471VCI6, STM32G471VCT6, STM32G471VEH3, STM32G471VEH6, STM32G471VEI3, STM32G471VEI6, STM32G471VET3, STM32G471VET6, STM32G474CCT6, STM32H503CBT6, STM32H503CBU6, STM32H503EBY6TR, STM32H503KBU6, STM32H503RBT6, STM32H562AGI6, STM32H562AII6, STM32H562IGK6, STM32H562IGT6, STM32H562IIK6, STM32H562IIT6, STM32H562RGT6, STM32H562RGV6, STM32H562RIT6, STM32H562RIV6, STM32H562VGT6, STM32H562VIT6, STM32H562ZGT6, STM32H562ZIT6, STM32H563AGI6, STM32H563AII3Q, STM32H563AII6, STM32H563IGK6, STM32H563IGT6, STM32H563IIK3Q, STM32H563IIK6, STM32H563IIT3Q, STM32H563IIT6, STM32H563MIY3QTR, STM32H563RGT6, STM32H563RGV6, STM32H563RIT6, STM32H563RIV6, STM32H563VGT6, STM32H563VIT3Q, STM32H563VIT6, STM32H563ZGT6, STM32H563ZIT3Q, STM32H563ZIT6, STM32H573AII3Q, STM32H573AII6, STM32H573I-DK, STM32H573IIK3Q, STM32H573IIK6, STM32H573IIT3Q, STM32H573IIT6, STM32H573MIY3QTR, STM32H573RIT6, STM32H573RIV6, STM32H573VIT3Q, STM32H573VIT6, STM32H573ZIT3Q, STM32H573ZIT6, STM32L4R5QGI6STR, STM32MP131AAE3, STM32MP131AAF3, STM32MP131AAG3, STM32MP131CAE3, STM32MP131CAF3, STM32MP131CAG3, STM32MP131DAE7, STM32MP131DAF7, STM32MP131DAG7, STM32MP131FAE7, STM32MP131FAF7, STM32MP131FAG7, STM32MP133AAE3, STM32MP133AAF3, STM32MP133AAG3, STM32MP133CAE3, STM32MP133CAF3, STM32MP133CAG3, STM32MP133DAE7, STM32MP133DAF7, STM32MP133DAG7, STM32MP133FAE7, STM32MP133FAF7, STM32MP133FAG7, STM32MP135AAE3, STM32MP135AAF3, STM32MP135AAG3, STM32MP135CAE3, STM32MP135CAF3, STM32MP135CAG3, STM32MP135DAE7, STM32MP135DAF7, STM32MP135DAG7, STM32MP135F-DK, STM32MP135FAE7, STM32MP135FAF7, STM32MP135FAF7T, STM32MP135FAF7U, STM32MP135FAG7, STM32U535CBT6, STM32U535CBT6Q, STM32U535CBU6, STM32U535CBU6Q, STM32U535CCT6, STM32U535CCT6Q, STM32U535CCU6, STM32U535CCU6Q, STM32U535CET6, STM32U535CET6Q, STM32U535CEU6, STM32U535CEU6Q, STM32U535JEY6QTR, STM32U535NCY6QTR, STM32U535NEY6QTR, STM32U535RBI6, STM32U535RBI6Q, STM32U535RBT6, STM32U535RBT6Q, STM32U535RCI6, STM32U535RCI6Q, STM32U535RCT6, STM32U535RCT6Q, STM32U535REI6, STM32U535REI6Q, STM32U535RET6, STM32U535RET6Q, STM32U535VCI6, STM32U535VCI6Q, STM32U535VCT6, STM32U535VCT6Q, STM32U535VEI6, STM32U535VEI6Q, STM32U535VET6, STM32U535VET6Q, STM32U545CET6, STM32U545CET6Q, STM32U545CEU6, STM32U545CEU6Q, STM32U545JEY6QTR, STM32U545NEY6QTR, STM32U545REI6, STM32U545REI6Q, STM32U545RET6, STM32U545RET6Q, STM32U545VEI6, STM32U545VEI6Q, STM32U545VET6, STM32U545VET6Q, STM32U595AIH6, STM32U595AIH6Q, STM32U595AJH6, STM32U595AJH6Q, STM32U595QII6, STM32U595QII6Q, STM32U595QJI6, STM32U595QJI6Q, STM32U595RIT6, STM32U595RIT6Q, STM32U595RJT6, STM32U595RJT6Q, STM32U595VIT6, STM32U595VIT6Q, STM32U595VJT6, STM32U595VJT6Q, STM32U595ZIT6, STM32U595ZIT6Q, STM32U595ZIY6QTR, STM32U595ZJT6, STM32U595ZJT6Q, STM32U595ZJY6QTR, STM32U599BJY6QTR, STM32U599NIH6Q, STM32U599NJH6Q, STM32U599VIT6Q, STM32U599VJT6, STM32U599VJT6Q, STM32U599ZIT6Q, STM32U599ZIY6QTR, STM32U599ZJT6Q, STM32U599ZJY6QTR, STM32U5A5AJH6, STM32U5A5AJH6Q, STM32U5A5QJI6, STM32U5A5QJI6Q, STM32U5A5RJT6, STM32U5A5RJT6Q, STM32U5A5VJT6, STM32U5A5VJT6Q, STM32U5A5ZJT6, STM32U5A5ZJT6Q, STM32U5A5ZJY6QTR, STM32U5A9BJY6QTR, STM32U5A9J-DK, STM32U5A9NJH6Q, STM32U5A9VJT6Q, STM32U5A9ZJT6Q, STM32U5A9ZJY6QTR, STM32U5F7VIT6, STM32U5F7VIT6Q, STM32U5F7VJT6, STM32U5F7VJT6Q, STM32U5F9BJY6QTR, STM32U5F9NJH6Q, STM32U5F9VIT6Q, STM32U5F9VJT6Q, STM32U5F9ZIJ6QTR, STM32U5F9ZIT6Q, STM32U5F9ZJJ6QTR, STM32U5F9ZJT6Q, STM32U5G7VJT6, STM32U5G7VJT6Q, STM32U5G9BJY6QTR, STM32U5G9J-DK1, STM32U5G9J-DK2, STM32U5G9NJH6Q, STM32U5G9VJT6Q, STM32U5G9ZJJ6QTR, STM32U5G9ZJT6Q, STM32WB1MMCH6, STM32WBA50KEU6, STM32WBA50KEU6TR, STM32WBA50KGU6, STM32WBA50KGU6TR, STM32WBA52CEU6, STM32WBA52CEU6TR, STM32WBA52CEU7, STM32WBA52CEU7TR, STM32WBA52CGU6, STM32WBA52CGU6TR, STM32WBA52CGU6U, STM32WBA52CGU7, STM32WBA52CGU7TR, STM32WBA52KEU6, STM32WBA52KEU6TR, STM32WBA52KGU6, STM32WBA52KGU6TR, STM32WBA54CEU6, STM32WBA54CEU6TR, STM32WBA54CEU7, STM32WBA54CEU7TR, STM32WBA54CGU6, STM32WBA54CGU6TR, STM32WBA54CGU7, STM32WBA54CGU7TR, STM32WBA54KEU6, STM32WBA54KEU6TR, STM32WBA54KEU7, STM32WBA54KEU7TR, STM32WBA54KGU6, STM32WBA54KGU6TR, STM32WBA54KGU7, STM32WBA54KGU7TR, STM32WBA55CEU6, STM32WBA55CEU6TR, STM32WBA55CEU7, STM32WBA55CEU7TR, STM32WBA55CGU6, STM32WBA55CGU6TR, STM32WBA55CGU6U, STM32WBA55CGU7, STM32WBA55CGU7TR, STM32WBA55G-DK1, STM32WBA55HEF6, STM32WBA55HEF7, STM32WBA55HGF6, STM32WBA55HGF7, STM32WBA55UEI6, STM32WBA55UEI6TR, STM32WBA55UEI7, STM32WBA55UEI7TR, STM32WBA55UGI6, STM32WBA55UGI6TR, STM32WBA55UGI7, STM32WBA55UGI7TR, STM32WL5MOCH6, STM32WL5MOCH6TR]
2024-03-10 21:37:11,665 [INFO] DbMcus:218 - Found 3930 MCUs, 3930 are supported
2024-03-10 21:37:11,666 [INFO] ApiDb:414 - User favorites file not found: /Users/richywarrior/.stm32cubeide/favorites.mcus.txt
2024-03-10 21:37:11,666 [INFO] DbMcus:224 - Set 0 / 0 favorites MCUs
2024-03-10 21:37:11,812 [INFO] ApiDb:668 - CubeFinder database Data Model version=2.1
2024-03-10 21:37:11,812 [INFO] ApiDb:669 - CubeFinder database Configuration version=3.0.39
2024-03-10 21:37:11,812 [INFO] ApiDb:670 - CubeFinder database generation date=2024-02-19 (1708350410)
2024-03-10 21:37:11,812 [INFO] ApiDb:671 - CubeFinder database FW Pack versions=[FP-ATR-ASTRA1_V2.0.0, FP-SNS-FLIGHT1_V5.0.1, FP-SNS-FLIGHT1_V5.0.2, FP-SNS-MOTENV1_V4.3.1, FP-SNS-MOTENV1_V4.3.2, FP-SNS-MOTENVWB1_V1.3.1, FP-SNS-SMARTAG2_V1.2.0, STM32Cube_FW_C0_V1.1.0, STM32Cube_FW_F4_V1.28.0, STM32Cube_FW_F7_V1.17.0, STM32Cube_FW_G0_V1.6.2, STM32Cube_FW_G4_V1.5.2, STM32Cube_FW_H5_V0.5.1, STM32Cube_FW_H5_V1.1.1, STM32Cube_FW_H5_V1.2.0RC2, STM32Cube_FW_H7_V1.11.0, STM32Cube_FW_L0_V1.12.2, STM32Cube_FW_L5_V1.5.0, STM32Cube_FW_U5_V1.3.0RC4, STM32Cube_FW_U5_V1.4.0, STM32Cube_FW_WBA_V1.0.0RC1, STM32Cube_FW_WBA_V1.1.0RC1, STM32Cube_FW_WBA_V1.2.0, STM32Cube_FW_WBA_V1.2.0RC2, STM32Cube_FW_WB_V1.15.0RC1, STM32Cube_FW_WB_V1.16.0, STM32Cube_FW_WB_V1.16.0RC2, STM32Cube_FW_WB_V1.18.0, STM32Cube_FW_WL_V1.3.0, X-CUBE-ALGOBUILD_V1.3.0, X-CUBE-ALS_V1.0.1, X-CUBE-AZRTOS-F4_V1.1.0, X-CUBE-AZRTOS-F7_V1.1.0, X-CUBE-AZRTOS-G0_V1.1.0, X-CUBE-AZRTOS-G4_V2.0.0, X-CUBE-AZRTOS-H7_V3.2.0, X-CUBE-AZRTOS-L4_V1.0.0, X-CUBE-AZRTOS-L4_V2.0.0, X-CUBE-AZRTOS-L5_V1.1.0, X-CUBE-AZRTOS-WB_V2.0.0, X-CUBE-AZRTOS-WL_V2.0.0, X-CUBE-BLE1_V7.0.0, X-CUBE-BLE2_V3.3.0, X-CUBE-BLEMGR_V3.0.0, X-CUBE-EEPRMA1_V4.1.0, X-CUBE-EEPRMA1_V5.1.0, X-CUBE-FREERTOS_V1.1.0, X-CUBE-GNSS1_V6.0.0, X-CUBE-MEMS1_V10.0.0, X-CUBE-MEMS1_V9.1.0, X-CUBE-MEMS1_V9.4.0, X-CUBE-MEMS1_V9.6.0, X-CUBE-NFC4_V3.0.0, X-CUBE-NFC7_V1.0.1, X-CUBE-SFXS2LP1_V4.0.0, X-CUBE-SUBG2_V5.0.0, X-CUBE-TOF1_V3.4.0]
2024-03-10 21:37:11,856 [INFO] DbBoardsSqlite:226 - include board P-NUCLEO-WB55-NUCLEO as a kit item of type 'Nucleo-64'
2024-03-10 21:37:11,856 [INFO] DbBoardsSqlite:226 - include board P-NUCLEO-WB55-USBDONGLE as a kit item of type 'Nucleo USB Dongle'
2024-03-10 21:37:11,856 [INFO] DbBoardsSqlite:226 - include board STEVAL-IDP005V1 as a kit item of type 'Evaluation Board'
2024-03-10 21:37:11,856 [INFO] DbBoardsSqlite:226 - include board STEVAL-IDP005V2 as a kit item of type 'Evaluation Board'
2024-03-10 21:37:11,886 [INFO] ApiDb:240 - Found 371 in-development CPN: [B-G473E-ZEST1S, B-WB1M-WPAN1, B-WL5M-SUBG1, NUCLEO-C031C6, NUCLEO-H503RB, NUCLEO-H563ZI, NUCLEO-U545RE-Q, NUCLEO-U5A5ZJ-Q, NUCLEO-WBA52CG, NUCLEO-WBA55CG, STEVAL-MKBOXPRO, STEVAL-PROTEUS1, STEVAL-STWINBX1, STM320518-EVAL, STM32C0116-DK, STM32C011D6Y3TR, STM32C011D6Y6TR, STM32C011F4P3, STM32C011F4P6, STM32C011F4U3, STM32C011F4U6TR, STM32C011F6P3, STM32C011F6P6, STM32C011F6U3, STM32C011F6U6TR, STM32C011J4M3, STM32C011J4M6, STM32C011J6M3, STM32C011J6M6, STM32C0316-DK, STM32C031C4T3, STM32C031C4T6, STM32C031C4U3, STM32C031C4U6, STM32C031C6T3, STM32C031C6T6, STM32C031C6U3, STM32C031C6U6, STM32C031F4P3, STM32C031F4P6, STM32C031F6P3, STM32C031F6P6, STM32C031G4U3, STM32C031G4U6, STM32C031G6U3, STM32C031G6U6, STM32C031K4T3, STM32C031K4T6, STM32C031K4U3, STM32C031K4U6, STM32C031K6T3, STM32C031K6T6, STM32C031K6U3, STM32C031K6U6, STM32G071K8TXN, STM32G071K8UXN, STM32G081GBU6N, STM32G081KBT6N, STM32G081KBUXN, STM32G0B1CCT6N, STM32G0B1KCT6, STM32G0B1NEY6TR, STM32G0B1RCT6N, STM32G0C1CCT6, STM32G0C1CCT6N, STM32G0C1CCU6N, STM32G0C1CET6N, STM32G0C1CEU6N, STM32G0C1KCT6, STM32G0C1NEY6TR, STM32G0C1RCI6N, STM32G0C1RCT6N, STM32G0C1REI6N, STM32G0C1RET6N, STM32G0C1VCI6, STM32G0C1VEI6, STM32G471CCT6, STM32G471CCU6, STM32G471CET3, STM32G471CET6, STM32G471CEU3, STM32G471CEU6, STM32G471MCT6, STM32G471MET3, STM32G471MET6, STM32G471MEY6TR, STM32G471QCT6, STM32G471QET3, STM32G471RCT6, STM32G471RET3, STM32G471RET6, STM32G471VCH6, STM32G471VCI6, STM32G471VCT6, STM32G471VEH3, STM32G471VEH6, STM32G471VEI3, STM32G471VEI6, STM32G471VET3, STM32G471VET6, STM32G474CCT6, STM32H503CBT6, STM32H503CBU6, STM32H503EBY6TR, STM32H503KBU6, STM32H503RBT6, STM32H562AGI6, STM32H562AII6, STM32H562IGK6, STM32H562IGT6, STM32H562IIK6, STM32H562IIT6, STM32H562RGT6, STM32H562RGV6, STM32H562RIT6, STM32H562RIV6, STM32H562VGT6, STM32H562VIT6, STM32H562ZGT6, STM32H562ZIT6, STM32H563AGI6, STM32H563AII3Q, STM32H563AII6, STM32H563IGK6, STM32H563IGT6, STM32H563IIK3Q, STM32H563IIK6, STM32H563IIT3Q, STM32H563IIT6, STM32H563MIY3QTR, STM32H563RGT6, STM32H563RGV6, STM32H563RIT6, STM32H563RIV6, STM32H563VGT6, STM32H563VIT3Q, STM32H563VIT6, STM32H563ZGT6, STM32H563ZIT3Q, STM32H563ZIT6, STM32H573AII3Q, STM32H573AII6, STM32H573I-DK, STM32H573IIK3Q, STM32H573IIK6, STM32H573IIT3Q, STM32H573IIT6, STM32H573MIY3QTR, STM32H573RIT6, STM32H573RIV6, STM32H573VIT3Q, STM32H573VIT6, STM32H573ZIT3Q, STM32H573ZIT6, STM32L4R5QGI6STR, STM32MP131AAE3, STM32MP131AAF3, STM32MP131AAG3, STM32MP131CAE3, STM32MP131CAF3, STM32MP131CAG3, STM32MP131DAE7, STM32MP131DAF7, STM32MP131DAG7, STM32MP131FAE7, STM32MP131FAF7, STM32MP131FAG7, STM32MP133AAE3, STM32MP133AAF3, STM32MP133AAG3, STM32MP133CAE3, STM32MP133CAF3, STM32MP133CAG3, STM32MP133DAE7, STM32MP133DAF7, STM32MP133DAG7, STM32MP133FAE7, STM32MP133FAF7, STM32MP133FAG7, STM32MP135AAE3, STM32MP135AAF3, STM32MP135AAG3, STM32MP135CAE3, STM32MP135CAF3, STM32MP135CAG3, STM32MP135DAE7, STM32MP135DAF7, STM32MP135DAG7, STM32MP135F-DK, STM32MP135FAE7, STM32MP135FAF7, STM32MP135FAF7T, STM32MP135FAF7U, STM32MP135FAG7, STM32U535CBT6, STM32U535CBT6Q, STM32U535CBU6, STM32U535CBU6Q, STM32U535CCT6, STM32U535CCT6Q, STM32U535CCU6, STM32U535CCU6Q, STM32U535CET6, STM32U535CET6Q, STM32U535CEU6, STM32U535CEU6Q, STM32U535JEY6QTR, STM32U535NCY6QTR, STM32U535NEY6QTR, STM32U535RBI6, STM32U535RBI6Q, STM32U535RBT6, STM32U535RBT6Q, STM32U535RCI6, STM32U535RCI6Q, STM32U535RCT6, STM32U535RCT6Q, STM32U535REI6, STM32U535REI6Q, STM32U535RET6, STM32U535RET6Q, STM32U535VCI6, STM32U535VCI6Q, STM32U535VCT6, STM32U535VCT6Q, STM32U535VEI6, STM32U535VEI6Q, STM32U535VET6, STM32U535VET6Q, STM32U545CET6, STM32U545CET6Q, STM32U545CEU6, STM32U545CEU6Q, STM32U545JEY6QTR, STM32U545NEY6QTR, STM32U545REI6, STM32U545REI6Q, STM32U545RET6, STM32U545RET6Q, STM32U545VEI6, STM32U545VEI6Q, STM32U545VET6, STM32U545VET6Q, STM32U595AIH6, STM32U595AIH6Q, STM32U595AJH6, STM32U595AJH6Q, STM32U595QII6, STM32U595QII6Q, STM32U595QJI6, STM32U595QJI6Q, STM32U595RIT6, STM32U595RIT6Q, STM32U595RJT6, STM32U595RJT6Q, STM32U595VIT6, STM32U595VIT6Q, STM32U595VJT6, STM32U595VJT6Q, STM32U595ZIT6, STM32U595ZIT6Q, STM32U595ZIY6QTR, STM32U595ZJT6, STM32U595ZJT6Q, STM32U595ZJY6QTR, STM32U599BJY6QTR, STM32U599NIH6Q, STM32U599NJH6Q, STM32U599VIT6Q, STM32U599VJT6, STM32U599VJT6Q, STM32U599ZIT6Q, STM32U599ZIY6QTR, STM32U599ZJT6Q, STM32U599ZJY6QTR, STM32U5A5AJH6, STM32U5A5AJH6Q, STM32U5A5QJI6, STM32U5A5QJI6Q, STM32U5A5RJT6, STM32U5A5RJT6Q, STM32U5A5VJT6, STM32U5A5VJT6Q, STM32U5A5ZJT6, STM32U5A5ZJT6Q, STM32U5A5ZJY6QTR, STM32U5A9BJY6QTR, STM32U5A9J-DK, STM32U5A9NJH6Q, STM32U5A9VJT6Q, STM32U5A9ZJT6Q, STM32U5A9ZJY6QTR, STM32U5F7VIT6, STM32U5F7VIT6Q, STM32U5F7VJT6, STM32U5F7VJT6Q, STM32U5F9BJY6QTR, STM32U5F9NJH6Q, STM32U5F9VIT6Q, STM32U5F9VJT6Q, STM32U5F9ZIJ6QTR, STM32U5F9ZIT6Q, STM32U5F9ZJJ6QTR, STM32U5F9ZJT6Q, STM32U5G7VJT6, STM32U5G7VJT6Q, STM32U5G9BJY6QTR, STM32U5G9J-DK1, STM32U5G9J-DK2, STM32U5G9NJH6Q, STM32U5G9VJT6Q, STM32U5G9ZJJ6QTR, STM32U5G9ZJT6Q, STM32WB1MMCH6, STM32WBA50KEU6, STM32WBA50KEU6TR, STM32WBA50KGU6, STM32WBA50KGU6TR, STM32WBA52CEU6, STM32WBA52CEU6TR, STM32WBA52CEU7, STM32WBA52CEU7TR, STM32WBA52CGU6, STM32WBA52CGU6TR, STM32WBA52CGU6U, STM32WBA52CGU7, STM32WBA52CGU7TR, STM32WBA52KEU6, STM32WBA52KEU6TR, STM32WBA52KGU6, STM32WBA52KGU6TR, STM32WBA54CEU6, STM32WBA54CEU6TR, STM32WBA54CEU7, STM32WBA54CEU7TR, STM32WBA54CGU6, STM32WBA54CGU6TR, STM32WBA54CGU7, STM32WBA54CGU7TR, STM32WBA54KEU6, STM32WBA54KEU6TR, STM32WBA54KEU7, STM32WBA54KEU7TR, STM32WBA54KGU6, STM32WBA54KGU6TR, STM32WBA54KGU7, STM32WBA54KGU7TR, STM32WBA55CEU6, STM32WBA55CEU6TR, STM32WBA55CEU7, STM32WBA55CEU7TR, STM32WBA55CGU6, STM32WBA55CGU6TR, STM32WBA55CGU6U, STM32WBA55CGU7, STM32WBA55CGU7TR, STM32WBA55G-DK1, STM32WBA55HEF6, STM32WBA55HEF7, STM32WBA55HGF6, STM32WBA55HGF7, STM32WBA55UEI6, STM32WBA55UEI6TR, STM32WBA55UEI7, STM32WBA55UEI7TR, STM32WBA55UGI6, STM32WBA55UGI6TR, STM32WBA55UGI7, STM32WBA55UGI7TR, STM32WL5MOCH6, STM32WL5MOCH6TR]
2024-03-10 21:37:11,988 [INFO] BoardInfo:889 - No configuration file found for board P-NUCLEO-WB55
2024-03-10 21:37:11,989 [INFO] DbBoards:161 - Kit is not supported: P-NUCLEO-WB55
2024-03-10 21:37:11,993 [INFO] BoardInfo:889 - No configuration file found for board STEVAL-BFA001V1B
2024-03-10 21:37:11,993 [INFO] DbBoards:161 - Kit is not supported: STEVAL-BFA001V1B
2024-03-10 21:37:11,994 [INFO] BoardInfo:889 - No configuration file found for board STEVAL-BFA001V2B
2024-03-10 21:37:11,994 [INFO] DbBoards:161 - Kit is not supported: STEVAL-BFA001V2B
2024-03-10 21:37:12,124 [INFO] DbBoards:168 - Found 193 boards, 190 are supported
2024-03-10 21:37:12,124 [INFO] DbBoards:169 - Found 193 boards, 3 of them is supported for  Bsp
2024-03-10 21:37:12,126 [INFO] ApiDb:414 - User favorites file not found: /Users/richywarrior/.stm32cubeide/favorites.boards.txt
2024-03-10 21:37:12,126 [INFO] DbBoards:198 - Set 0 / 0 favorites Boards
2024-03-10 21:37:12,128 [INFO] ApiDb:668 - CubeFinder database Data Model version=2.1
2024-03-10 21:37:12,128 [INFO] ApiDb:669 - CubeFinder database Configuration version=3.0.39
2024-03-10 21:37:12,128 [INFO] ApiDb:670 - CubeFinder database generation date=2024-02-19 (1708350410)
2024-03-10 21:37:12,128 [INFO] ApiDb:671 - CubeFinder database FW Pack versions=[FP-ATR-ASTRA1_V2.0.0, FP-SNS-FLIGHT1_V5.0.1, FP-SNS-FLIGHT1_V5.0.2, FP-SNS-MOTENV1_V4.3.1, FP-SNS-MOTENV1_V4.3.2, FP-SNS-MOTENVWB1_V1.3.1, FP-SNS-SMARTAG2_V1.2.0, STM32Cube_FW_C0_V1.1.0, STM32Cube_FW_F4_V1.28.0, STM32Cube_FW_F7_V1.17.0, STM32Cube_FW_G0_V1.6.2, STM32Cube_FW_G4_V1.5.2, STM32Cube_FW_H5_V0.5.1, STM32Cube_FW_H5_V1.1.1, STM32Cube_FW_H5_V1.2.0RC2, STM32Cube_FW_H7_V1.11.0, STM32Cube_FW_L0_V1.12.2, STM32Cube_FW_L5_V1.5.0, STM32Cube_FW_U5_V1.3.0RC4, STM32Cube_FW_U5_V1.4.0, STM32Cube_FW_WBA_V1.0.0RC1, STM32Cube_FW_WBA_V1.1.0RC1, STM32Cube_FW_WBA_V1.2.0, STM32Cube_FW_WBA_V1.2.0RC2, STM32Cube_FW_WB_V1.15.0RC1, STM32Cube_FW_WB_V1.16.0, STM32Cube_FW_WB_V1.16.0RC2, STM32Cube_FW_WB_V1.18.0, STM32Cube_FW_WL_V1.3.0, X-CUBE-ALGOBUILD_V1.3.0, X-CUBE-ALS_V1.0.1, X-CUBE-AZRTOS-F4_V1.1.0, X-CUBE-AZRTOS-F7_V1.1.0, X-CUBE-AZRTOS-G0_V1.1.0, X-CUBE-AZRTOS-G4_V2.0.0, X-CUBE-AZRTOS-H7_V3.2.0, X-CUBE-AZRTOS-L4_V1.0.0, X-CUBE-AZRTOS-L4_V2.0.0, X-CUBE-AZRTOS-L5_V1.1.0, X-CUBE-AZRTOS-WB_V2.0.0, X-CUBE-AZRTOS-WL_V2.0.0, X-CUBE-BLE1_V7.0.0, X-CUBE-BLE2_V3.3.0, X-CUBE-BLEMGR_V3.0.0, X-CUBE-EEPRMA1_V4.1.0, X-CUBE-EEPRMA1_V5.1.0, X-CUBE-FREERTOS_V1.1.0, X-CUBE-GNSS1_V6.0.0, X-CUBE-MEMS1_V10.0.0, X-CUBE-MEMS1_V9.1.0, X-CUBE-MEMS1_V9.4.0, X-CUBE-MEMS1_V9.6.0, X-CUBE-NFC4_V3.0.0, X-CUBE-NFC7_V1.0.1, X-CUBE-SFXS2LP1_V4.0.0, X-CUBE-SUBG2_V5.0.0, X-CUBE-TOF1_V3.4.0]
2024-03-10 21:37:12,901 [ERROR] DbExamplesSqlite:437 - Missing JSON key: board_cpn
2024-03-10 21:37:12,904 [ERROR] DbExamplesSqlite:437 - Missing JSON key: board_cpn
2024-03-10 21:37:12,904 [ERROR] DbExamplesSqlite:437 - Missing JSON key: board_cpn
2024-03-10 21:37:12,905 [ERROR] DbExamplesSqlite:437 - Missing JSON key: board_cpn
2024-03-10 21:37:12,944 [INFO] DbExamplesSqlite:395 - Ignored 55 examples not supported by CubeIDE
2024-03-10 21:37:12,944 [INFO] DbExamplesSqlite:396 - Found 7564 examples active
2024-03-10 21:37:12,945 [INFO] DbExamplesSqlite:397 - Found 844 examples obsolete
2024-03-10 21:37:12,945 [INFO] DbExamplesSqlite:398 - Found 0 examples under development
2024-03-10 21:37:12,945 [INFO] DbExamplesSqlite:399 - Found 8 examples not building
2024-03-10 21:37:12,950 [INFO] DbExamples:125 - Found 7517 examples
2024-03-10 21:37:12,968 [INFO] DbExamples:222 - Found 95 boards with related examples
2024-03-10 21:37:12,969 [INFO] DbExamples:235 - Found 80 MCUs with related examples
2024-03-10 21:37:12,989 [INFO] ApiDb:414 - User favorites file not found: /Users/richywarrior/.stm32cubeide/favorites.examples.txt
2024-03-10 21:37:12,989 [INFO] DbExamples:250 - Set 0 / 0 favorites Examples
2024-03-10 21:37:13,636 [INFO] McuFinderGlobals:76 - Set McuFinderConnectedMode to true
2024-03-10 21:37:13,647 [INFO] MultiScanPanel:200 - Auto-refresh data requested => check proxy status ongoing
2024-03-10 21:37:13,650 [INFO] FinderPluginLoader:95 - Searching for filters in installed packs
2024-03-10 21:37:15,126 [INFO] LoadUrlFilesThread:185 - End of LoadServerUrlFiles without Thread
2024-03-10 21:37:15,205 [INFO] DetailPanel:341 - Set advertising image to /Users/richywarrior/STM32Cube/Repository//en.prom-stm32wl3-mcu-finder.jpg
2024-03-10 21:39:09,267 [INFO] MultiScanPanel:200 - Auto-refresh data requested => check proxy status ongoing
2024-03-10 21:39:09,664 [INFO] LoadUrlFilesThread:185 - End of LoadServerUrlFiles without Thread
2024-03-10 21:39:09,665 [INFO] DetailPanel:341 - Set advertising image to /Users/richywarrior/STM32Cube/Repository//en.prom-stm32wl3-mcu-finder.jpg
2024-03-10 21:39:09,700 [INFO] DbBoards:642 - Loading board mini-images...
2024-03-10 21:39:10,554 [ERROR] DbBoards:659 - Image file not found for board NUCLEO-WBA55CG: /Users/richywarrior/.stmcufinder/plugins/mcufinder//mcu//boards_images/NUCLEO-WBA55CG.jpg
2024-03-10 21:39:11,686 [ERROR] DbBoards:659 - Image file not found for board STM32WBA55G-DK1: /Users/richywarrior/.stmcufinder/plugins/mcufinder//mcu//boards_images/STM32WBA55G-DK1.jpg
2024-03-10 21:39:11,704 [INFO] DbBoards:665 - Loaded 191 board mini-images
2024-03-10 21:41:12,451 [INFO] McuFinderGlobals:76 - Set McuFinderConnectedMode to true
2024-03-10 21:41:12,484 [INFO] ApiDb:448 - Save user favorites file /Users/richywarrior/.stm32cubeide/favorites.mcus.txt: 0 item(s)
2024-03-10 21:41:12,484 [INFO] ApiDb:452 - User favorites MCUs=[]
2024-03-10 21:41:12,504 [INFO] ApiDb:448 - Save user favorites file /Users/richywarrior/.stm32cubeide/favorites.boards.txt: 0 item(s)
2024-03-10 21:41:12,504 [INFO] ApiDb:452 - User favorites Boards=[]
2024-03-10 21:54:44,174 [ERROR] LogOutputStream:75 - [STDERR_REDIRECT] 
