2024-04-15 11:32:40,416 [INFO] Activator:176 - 


2024-04-15 11:32:40,419 [INFO] Activator:177 - !SESSION log4j initialized
2024-04-15 11:32:45,832 [ERROR] LogOutputStream:75 - [STDERR_REDIRECT] 
2024-04-15 11:32:48,311 [INFO] LogOutputStream:77 - [STDOUT_REDIRECT] 
2024-04-15 11:32:49,412 [INFO] ApplicationProperties:184 - Using Application install path: /Applications/STM32CubeIDE.app/Contents/Eclipse/plugins/com.st.stm32cube.common.mx_6.10.0.202311202037
2024-04-15 11:32:49,424 [INFO] DbMcusXml:78 - Set database path to: /Applications/STM32CubeIDE.app/Contents/Eclipse/plugins/com.st.stm32cube.common.mx_6.10.0.202311202037//db//mcu/
2024-04-15 11:32:49,425 [INFO] ApiDb:274 - Set plugin database path to: /Applications/STM32CubeIDE.app/Contents/Eclipse/plugins/com.st.stm32cube.common.mx_6.10.0.202311202037//db//plugins/boardmanager/
2024-04-15 11:32:49,425 [WARN] ApiDb:259 - Overriding images path with different value:  => /Applications/STM32CubeIDE.app/Contents/Eclipse/plugins/com.st.stm32cube.common.mx_6.10.0.202311202037//db//plugins/mcufinder/images/
2024-04-15 11:32:49,431 [INFO] ApiDb:250 - Set database path to: /Users/richywarrior/.stmcufinder/plugins/mcufinder//mcu/
2024-04-15 11:32:49,432 [INFO] DbMcusAds:125 - Set database path to: /Users/richywarrior/.stmcufinder/plugins/mcufinder//mcu/
2024-04-15 11:32:49,433 [INFO] CrossReferenceDbSqlite:203 - Set database path to: /Users/richywarrior/.stmcufinder/plugins/mcufinder//mcu/cs/
2024-04-15 11:32:49,541 [INFO] RulesReader:64 - Compatibility file has been processed (297 Rules)
2024-04-15 11:32:49,589 [INFO] DbMcusXml:78 - Set database path to: /Applications/STM32CubeIDE.app/Contents/Eclipse/plugins/com.st.stm32cube.common.mx_6.10.0.202311202037//db//mcu/
2024-04-15 11:32:49,589 [INFO] ApiDb:274 - Set plugin database path to: /Applications/STM32CubeIDE.app/Contents/Eclipse/plugins/com.st.stm32cube.common.mx_6.10.0.202311202037//db//plugins/boardmanager/
2024-04-15 11:32:49,590 [INFO] ApiDb:261 - Set plugin images path to: /Applications/STM32CubeIDE.app/Contents/Eclipse/plugins/com.st.stm32cube.common.mx_6.10.0.202311202037//db//plugins/mcufinder/images/
2024-04-15 11:32:49,590 [WARN] DbFile:41 - Overriding database path with different value: /Users/richywarrior/.stmcufinder/plugins/mcufinder/ => /Users/richywarrior/.stmcufinder/plugins/mcufinder
2024-04-15 11:32:49,590 [INFO] ApiDb:250 - Set database path to: /Users/richywarrior/.stmcufinder/plugins/mcufinder//mcu/
2024-04-15 11:32:49,590 [WARN] DbFile:41 - Overriding database path with different value: /Users/richywarrior/.stmcufinder/plugins/mcufinder/ => /Users/richywarrior/.stmcufinder/plugins/mcufinder
2024-04-15 11:32:49,590 [INFO] DbMcusAds:125 - Set database path to: /Users/richywarrior/.stmcufinder/plugins/mcufinder//mcu/
2024-04-15 11:32:49,590 [WARN] DbFile:41 - Overriding database path with different value: /Users/richywarrior/.stmcufinder/plugins/mcufinder/ => /Users/richywarrior/.stmcufinder/plugins/mcufinder
2024-04-15 11:32:49,590 [WARN] DbFile:41 - Overriding database path with different value: /Users/richywarrior/.stmcufinder/plugins/mcufinder/ => /Users/richywarrior/.stmcufinder/plugins/mcufinder
2024-04-15 11:32:49,590 [INFO] CrossReferenceDbSqlite:203 - Set database path to: /Users/richywarrior/.stmcufinder/plugins/mcufinder//mcu/cs/
2024-04-15 11:32:49,653 [INFO] MainPanel:264 - HeapMemory: 326107136
2024-04-15 11:32:49,722 [INFO] DbMcusXml:78 - Set database path to: /Applications/STM32CubeIDE.app/Contents/Eclipse/plugins/com.st.stm32cube.common.mx_6.10.0.202311202037//db//mcu/
2024-04-15 11:32:49,722 [INFO] ApiDb:274 - Set plugin database path to: /Applications/STM32CubeIDE.app/Contents/Eclipse/plugins/com.st.stm32cube.common.mx_6.10.0.202311202037//db//plugins/boardmanager/
2024-04-15 11:32:49,723 [INFO] ApiDb:261 - Set plugin images path to: /Applications/STM32CubeIDE.app/Contents/Eclipse/plugins/com.st.stm32cube.common.mx_6.10.0.202311202037//db//plugins/mcufinder/images/
2024-04-15 11:32:49,723 [WARN] DbFile:41 - Overriding database path with different value: /Users/richywarrior/.stmcufinder/plugins/mcufinder/ => /Users/richywarrior/.stmcufinder/plugins/mcufinder
2024-04-15 11:32:49,723 [INFO] ApiDb:250 - Set database path to: /Users/richywarrior/.stmcufinder/plugins/mcufinder//mcu/
2024-04-15 11:32:49,723 [WARN] DbFile:41 - Overriding database path with different value: /Users/richywarrior/.stmcufinder/plugins/mcufinder/ => /Users/richywarrior/.stmcufinder/plugins/mcufinder
2024-04-15 11:32:49,723 [INFO] DbMcusAds:125 - Set database path to: /Users/richywarrior/.stmcufinder/plugins/mcufinder//mcu/
2024-04-15 11:32:49,723 [WARN] DbFile:41 - Overriding database path with different value: /Users/richywarrior/.stmcufinder/plugins/mcufinder/ => /Users/richywarrior/.stmcufinder/plugins/mcufinder
2024-04-15 11:32:49,723 [WARN] DbFile:41 - Overriding database path with different value: /Users/richywarrior/.stmcufinder/plugins/mcufinder/ => /Users/richywarrior/.stmcufinder/plugins/mcufinder
2024-04-15 11:32:49,723 [INFO] CrossReferenceDbSqlite:203 - Set database path to: /Users/richywarrior/.stmcufinder/plugins/mcufinder//mcu/cs/
2024-04-15 11:32:49,738 [INFO] ApplicationProperties:184 - Using Application install path: /Applications/STM32CubeIDE.app/Contents/Eclipse/plugins/com.st.stm32cube.common.mx_6.10.0.202311202037
2024-04-15 11:32:49,739 [INFO] PluginManage:196 - Search for loadable plugins [exclusion list=, ]
2024-04-15 11:32:49,740 [INFO] PluginManage:310 - Check plugin analytics
2024-04-15 11:32:49,925 [INFO] AnalyticsPlugin:253 - Accepted Software Licenses: 
2024-04-15 11:32:49,925 [INFO] AnalyticsPlugin:255 - Accepted CMSIS Pack Licenses: 
2024-04-15 11:32:49,925 [INFO] AnalyticsPlugin:257 - Accepted Firmware Licenses: 
2024-04-15 11:32:49,929 [INFO] PluginManage:359 - Loaded plugin analytics (category:tool,tabindex:-1)
2024-04-15 11:32:49,930 [INFO] PluginManage:310 - Check plugin cadmodel
2024-04-15 11:32:50,473 [INFO] CADModel:105 - Init CAD model plugin
2024-04-15 11:32:50,474 [INFO] PluginManage:359 - Loaded plugin cadmodel (category:power,tabindex:5)
2024-04-15 11:32:50,475 [INFO] PluginManage:310 - Check plugin clock
2024-04-15 11:32:50,490 [INFO] PluginManage:359 - Loaded plugin clock (category:base,tabindex:2)
2024-04-15 11:32:50,491 [INFO] PluginManage:310 - Check plugin ddr
2024-04-15 11:32:50,494 [INFO] PluginManage:359 - Loaded plugin ddr (category:tool,tabindex:6)
2024-04-15 11:32:50,494 [INFO] PluginManage:310 - Check plugin filemanager
2024-04-15 11:32:50,574 [ERROR] LogOutputStream:75 - [STDERR_REDIRECT] [Fatal Error] :2:10: DOCTYPE is disallowed when the feature "http://apache.org/xml/features/disallow-doctype-decl" set to true.
2024-04-15 11:32:50,575 [ERROR] LogOutputStream:75 - [STDERR_REDIRECT] 
2024-04-15 11:32:50,675 [INFO] PluginManage:359 - Loaded plugin filemanager (category:base,tabindex:10)
2024-04-15 11:32:50,676 [INFO] PluginManage:310 - Check plugin ipmanager
2024-04-15 11:32:50,685 [INFO] PluginManage:359 - Loaded plugin ipmanager (category:base,tabindex:5)
2024-04-15 11:32:50,686 [INFO] PluginManage:310 - Check plugin lpbam
2024-04-15 11:32:50,773 [INFO] PluginManage:359 - Loaded plugin lpbam (category:base,tabindex:0)
2024-04-15 11:32:50,776 [INFO] PluginManage:310 - Check plugin memorymap
2024-04-15 11:32:50,796 [INFO] PluginManage:359 - Loaded plugin memorymap (category:base,tabindex:4)
2024-04-15 11:32:50,796 [INFO] PluginManage:310 - Check plugin pinoutandconfiguration
2024-04-15 11:32:50,800 [INFO] PluginManage:359 - Loaded plugin pinoutandconfiguration (category:base,tabindex:1)
2024-04-15 11:32:50,801 [INFO] PluginManage:310 - Check plugin pinoutconfig
2024-04-15 11:32:50,884 [WARN] SupportedApi:132 - Cannot load RTOS API schema: s4s-elt-must-match.1: The content of 'definitions' must match (annotation?, (simpleType | complexType)?, (unique | key | keyref)*)). A problem was found starting at: attribute.
2024-04-15 11:32:51,034 [INFO] PluginManage:359 - Loaded plugin pinoutconfig (category:base,tabindex:0)
2024-04-15 11:32:51,034 [INFO] PluginManage:310 - Check plugin power
2024-04-15 11:32:51,045 [INFO] PluginManage:359 - Loaded plugin power (category:power,tabindex:4)
2024-04-15 11:32:51,045 [INFO] PluginManage:310 - Check plugin projectmanager
2024-04-15 11:32:51,073 [INFO] PluginManage:359 - Loaded plugin projectmanager (category:projectmanager,tabindex:3)
2024-04-15 11:32:51,073 [INFO] PluginManage:310 - Check plugin thirdparty
2024-04-15 11:32:51,210 [INFO] PluginManage:359 - Loaded plugin thirdparty (category:base,tabindex:-1)
2024-04-15 11:32:51,210 [INFO] PluginManage:310 - Check plugin tools
2024-04-15 11:32:51,212 [INFO] PluginManage:359 - Loaded plugin tools (category:base,tabindex:7)
2024-04-15 11:32:51,210 [WARN] IntegrityCheckThread:84 - waiting for thirdparty lock release [integrity check]
2024-04-15 11:32:51,212 [INFO] PluginManage:310 - Check plugin tutovideos
2024-04-15 11:32:51,212 [INFO] IntegrityCheckThread:86 - entering critical section [integrity check]
2024-04-15 11:32:51,214 [INFO] ThirdPartyUpdaterWithRetryManager:70 - Updater plugin not ready yet. [1/15]
2024-04-15 11:32:51,379 [INFO] PluginManage:359 - Loaded plugin tutovideos (category:base,tabindex:-1)
2024-04-15 11:32:51,381 [INFO] PluginManage:310 - Check plugin updater
2024-04-15 11:32:51,406 [INFO] PluginManage:359 - Loaded plugin updater (category:base,tabindex:12)
2024-04-15 11:32:51,406 [INFO] PluginManage:310 - Check plugin userauth
2024-04-15 11:32:51,412 [INFO] UserAuth:114 - Init User Auth plugin
2024-04-15 11:32:51,412 [INFO] PluginManage:359 - Loaded plugin userauth (category:base,tabindex:14)
2024-04-15 11:32:51,414 [INFO] PluginManage:283 - PluginManage : Loaded plugins [17]
2024-04-15 11:32:51,616 [INFO] PinOutPanel:1499 - setPackage(No Configuration,No Configuration)
2024-04-15 11:32:51,669 [INFO] CADModel:165 - CPN selected for project level
2024-04-15 11:32:51,669 [INFO] CADModel:114 - Register for checkConnection events
2024-04-15 11:32:51,678 [INFO] IPUIPlugin:80 - create IPUIPlugin
2024-04-15 11:32:51,678 [INFO] PluginManager:220 - loadIPPluginJar : add mdma
2024-04-15 11:32:51,683 [INFO] IPUIPlugin:80 - create IPUIPlugin
2024-04-15 11:32:51,683 [INFO] PluginManager:220 - loadIPPluginJar : add freertos
2024-04-15 11:32:51,685 [INFO] IPUIPlugin:80 - create IPUIPlugin
2024-04-15 11:32:51,685 [INFO] PluginManager:220 - loadIPPluginJar : add gic
2024-04-15 11:32:51,689 [INFO] IPUIPlugin:80 - create IPUIPlugin
2024-04-15 11:32:51,689 [INFO] PluginManager:220 - loadIPPluginJar : add adc
2024-04-15 11:32:51,691 [INFO] IPUIPlugin:80 - create IPUIPlugin
2024-04-15 11:32:51,691 [INFO] PluginManager:220 - loadIPPluginJar : add gtzc
2024-04-15 11:32:51,691 [INFO] IPUIPlugin:80 - create IPUIPlugin
2024-04-15 11:32:51,691 [INFO] PluginManager:220 - loadIPPluginJar : add quadspi
2024-04-15 11:32:51,692 [INFO] IPUIPlugin:80 - create IPUIPlugin
2024-04-15 11:32:51,692 [INFO] PluginManager:220 - loadIPPluginJar : add aes
2024-04-15 11:32:51,694 [INFO] IPUIPlugin:80 - create IPUIPlugin
2024-04-15 11:32:51,695 [INFO] PluginManager:220 - loadIPPluginJar : add pdm2pcm
2024-04-15 11:32:51,696 [INFO] IPUIPlugin:80 - create IPUIPlugin
2024-04-15 11:32:51,696 [INFO] PluginManager:220 - loadIPPluginJar : add hash
2024-04-15 11:32:51,697 [INFO] IPUIPlugin:80 - create IPUIPlugin
2024-04-15 11:32:51,697 [INFO] PluginManager:220 - loadIPPluginJar : add tim
2024-04-15 11:32:51,697 [INFO] IPUIPlugin:80 - create IPUIPlugin
2024-04-15 11:32:51,697 [INFO] PluginManager:220 - loadIPPluginJar : add tsc
2024-04-15 11:32:51,698 [INFO] IPUIPlugin:80 - create IPUIPlugin
2024-04-15 11:32:51,698 [INFO] PluginManager:220 - loadIPPluginJar : add ts
2024-04-15 11:32:51,699 [INFO] IPUIPlugin:80 - create IPUIPlugin
2024-04-15 11:32:51,699 [INFO] PluginManager:220 - loadIPPluginJar : add can
2024-04-15 11:32:51,702 [INFO] IPUIPlugin:80 - create IPUIPlugin
2024-04-15 11:32:51,702 [INFO] PluginManager:220 - loadIPPluginJar : add dma3
2024-04-15 11:32:51,704 [INFO] IPUIPlugin:80 - create IPUIPlugin
2024-04-15 11:32:51,704 [INFO] PluginManager:220 - loadIPPluginJar : add dfsdm
2024-04-15 11:32:51,705 [INFO] IPUIPlugin:80 - create IPUIPlugin
2024-04-15 11:32:51,706 [INFO] PluginManager:220 - loadIPPluginJar : add spi
2024-04-15 11:32:51,707 [INFO] IPUIPlugin:80 - create IPUIPlugin
2024-04-15 11:32:51,707 [INFO] PluginManager:220 - loadIPPluginJar : add gfxmmu
2024-04-15 11:32:51,707 [INFO] IPUIPlugin:80 - create IPUIPlugin
2024-04-15 11:32:51,707 [INFO] PluginManager:220 - loadIPPluginJar : add genericplugin
2024-04-15 11:32:51,708 [INFO] IPUIPlugin:80 - create IPUIPlugin
2024-04-15 11:32:51,708 [INFO] PluginManager:220 - loadIPPluginJar : add cryp
2024-04-15 11:32:51,712 [INFO] IPUIPlugin:80 - create IPUIPlugin
2024-04-15 11:32:51,713 [INFO] PluginManager:220 - loadIPPluginJar : add gpio
2024-04-15 11:32:51,714 [INFO] IPUIPlugin:80 - create IPUIPlugin
2024-04-15 11:32:51,714 [INFO] PluginManager:220 - loadIPPluginJar : add comp
2024-04-15 11:32:51,716 [INFO] IPUIPlugin:80 - create IPUIPlugin
2024-04-15 11:32:51,716 [INFO] PluginManager:220 - loadIPPluginJar : add tracer_emb
2024-04-15 11:32:51,719 [INFO] IPUIPlugin:80 - create IPUIPlugin
2024-04-15 11:32:51,720 [INFO] PluginManager:220 - loadIPPluginJar : add openamp
2024-04-15 11:32:51,723 [INFO] IPUIPlugin:80 - create IPUIPlugin
2024-04-15 11:32:51,723 [INFO] PluginManager:220 - loadIPPluginJar : add stm32_wpan
2024-04-15 11:32:51,726 [INFO] IPUIPlugin:80 - create IPUIPlugin
2024-04-15 11:32:51,729 [INFO] PluginManager:220 - loadIPPluginJar : add plateformsettings
2024-04-15 11:32:51,731 [INFO] IPUIPlugin:80 - create IPUIPlugin
2024-04-15 11:32:51,731 [INFO] PluginManager:220 - loadIPPluginJar : add ipddr
2024-04-15 11:32:51,732 [INFO] IPUIPlugin:80 - create IPUIPlugin
2024-04-15 11:32:51,732 [INFO] PluginManager:220 - loadIPPluginJar : add usart
2024-04-15 11:32:51,733 [INFO] IPUIPlugin:80 - create IPUIPlugin
2024-04-15 11:32:51,734 [INFO] PluginManager:220 - loadIPPluginJar : add ltdc
2024-04-15 11:32:51,736 [INFO] IPUIPlugin:80 - create IPUIPlugin
2024-04-15 11:32:51,736 [INFO] PluginManager:220 - loadIPPluginJar : add nvic
2024-04-15 11:32:51,738 [INFO] IPUIPlugin:80 - create IPUIPlugin
2024-04-15 11:32:51,738 [INFO] PluginManager:220 - loadIPPluginJar : add fatfs
2024-04-15 11:32:51,741 [INFO] IPUIPlugin:80 - create IPUIPlugin
2024-04-15 11:32:51,741 [INFO] PluginManager:220 - loadIPPluginJar : add linkedlist
2024-04-15 11:32:51,745 [INFO] IPUIPlugin:80 - create IPUIPlugin
2024-04-15 11:32:51,745 [INFO] PluginManager:220 - loadIPPluginJar : add dma
2024-04-15 11:32:51,748 [INFO] IPUIPlugin:80 - create IPUIPlugin
2024-04-15 11:32:51,748 [INFO] PluginManager:220 - loadIPPluginJar : add fmc
2024-04-15 11:32:51,749 [INFO] IPUIPlugin:80 - create IPUIPlugin
2024-04-15 11:32:51,749 [INFO] PluginManager:220 - loadIPPluginJar : add i2s
2024-04-15 11:32:51,750 [INFO] IPUIPlugin:80 - create IPUIPlugin
2024-04-15 11:32:51,750 [INFO] PluginManager:220 - loadIPPluginJar : add ucpd
2024-04-15 11:32:51,751 [INFO] IPUIPlugin:80 - create IPUIPlugin
2024-04-15 11:32:51,751 [INFO] PluginManager:220 - loadIPPluginJar : add lorawan
2024-04-15 11:32:51,752 [INFO] IPUIPlugin:80 - create IPUIPlugin
2024-04-15 11:32:51,752 [INFO] PluginManager:220 - loadIPPluginJar : add opamp
2024-04-15 11:32:51,753 [INFO] IPUIPlugin:80 - create IPUIPlugin
2024-04-15 11:32:51,753 [INFO] PluginManager:220 - loadIPPluginJar : add i3c
2024-04-15 11:32:51,754 [INFO] IPUIPlugin:80 - create IPUIPlugin
2024-04-15 11:32:51,754 [INFO] PluginManager:220 - loadIPPluginJar : add touchsensing
2024-04-15 11:32:51,755 [INFO] IPUIPlugin:80 - create IPUIPlugin
2024-04-15 11:32:51,755 [INFO] PluginManager:220 - loadIPPluginJar : add i2c
2024-04-15 11:32:51,757 [INFO] IPUIPlugin:80 - create IPUIPlugin
2024-04-15 11:32:51,757 [INFO] PluginManager:220 - loadIPPluginJar : add resmgrutility
2024-04-15 11:32:51,758 [INFO] IPUIPlugin:80 - create IPUIPlugin
2024-04-15 11:32:51,758 [INFO] PluginManager:220 - loadIPPluginJar : add sai
2024-04-15 11:32:51,759 [INFO] IPUIPlugin:80 - create IPUIPlugin
2024-04-15 11:32:51,760 [INFO] PluginManager:220 - loadIPPluginJar : add usbx
2024-04-15 11:32:51,883 [INFO] CADModel:165 - CPN selected for project level
2024-04-15 11:32:51,884 [INFO] CADModel:114 - Register for checkConnection events
2024-04-15 11:32:51,884 [FATAL] Updater:308 - Updater called before beeing initialized
2024-04-15 11:32:51,884 [ERROR] CADModel:125 - Updater not yet initialized, retry later 
2024-04-15 11:32:52,126 [INFO] CADModel:165 - CPN selected for project level
2024-04-15 11:32:52,126 [INFO] CADModel:114 - Register for checkConnection events
2024-04-15 11:32:52,126 [FATAL] Updater:308 - Updater called before beeing initialized
2024-04-15 11:32:52,126 [ERROR] CADModel:125 - Updater not yet initialized, retry later 
2024-04-15 11:32:52,128 [FATAL] Updater:308 - Updater called before beeing initialized
2024-04-15 11:32:52,269 [FATAL] Updater:308 - Updater called before beeing initialized
2024-04-15 11:32:52,274 [INFO] DbMcusAds:53 - JSON generation date=Wed Nov 29 04:52:27 CST 2023 (1701255147349)
2024-04-15 11:32:52,275 [FATAL] Updater:308 - Updater called before beeing initialized
2024-04-15 11:32:52,342 [WARN] DetailPanel:346 - Failed to get advertising image, set to default
2024-04-15 11:32:52,419 [FATAL] Updater:308 - Updater called before beeing initialized
2024-04-15 11:32:52,422 [FATAL] Updater:308 - Updater called before beeing initialized
2024-04-15 11:32:52,422 [FATAL] Updater:308 - Updater called before beeing initialized
2024-04-15 11:32:52,422 [WARN] DetailPanel:346 - Failed to get advertising image, set to default
2024-04-15 11:32:52,426 [FATAL] Updater:308 - Updater called before beeing initialized
2024-04-15 11:32:52,501 [ERROR] Updater:1120 - MainUpdater not yet initialized. External WinMGr cannot be set.
2024-04-15 11:32:52,532 [INFO] Updater:1056 - Updater Version found : 6.10.0
2024-04-15 11:32:52,543 [INFO] ApplicationProperties:184 - Using Application install path: /Applications/STM32CubeIDE.app/Contents/Eclipse/plugins/com.st.stm32cube.common.mx_6.10.0.202311202037
2024-04-15 11:32:53,045 [INFO] MainUpdater:2873 - connection check result : 10
2024-04-15 11:32:53,047 [INFO] MainUpdater:290 - Updater Check For Update Now.
2024-04-15 11:32:53,047 [INFO] MicroXplorer:498 - Change Database Version : DB.6.0.100
2024-04-15 11:32:53,060 [INFO] McuFinderGlobals:63 - Set McuFinder mode to 2 (CubeIDE integrated)
2024-04-15 11:32:53,063 [INFO] UserAuth:180 - activating auth plugin
2024-04-15 11:32:53,073 [INFO] UserAuth:404 - Internet connection configuration mode: 1
2024-04-15 11:32:53,086 [INFO] JxBrowserEngine:152 - Initiate JxBrowser Engine with user profile folder
2024-04-15 11:32:53,301 [INFO] CheckServerUpdateThread:120 - End of CheckServer Thread
2024-04-15 11:32:54,393 [WARN] PackLoader:240 - Cannot read IP mode file for STMicroelectronics.X-CUBE-SMBUS.2.1.0
2024-04-15 11:32:54,424 [WARN] PackLoader:240 - Cannot read IP mode file for STMicroelectronics.X-CUBE-TOUCHGFX.4.23.1
2024-04-15 11:32:54,432 [WARN] PackLoader:240 - Cannot read IP mode file for STMicroelectronics.X-CUBE-TOUCHGFX.4.23.0
2024-04-15 11:32:54,443 [WARN] PackLoader:240 - Cannot read IP mode file for STMicroelectronics.X-CUBE-TOUCHGFX.4.23.2
2024-04-15 11:32:54,487 [WARN] PackLoader:240 - Cannot read IP mode file for STMicroelectronics.X-CUBE-AZRTOS-F7.1.1.0
2024-04-15 11:32:54,519 [WARN] PackLoader:240 - Cannot read IP mode file for STMicroelectronics.FP-SNS-MOTENV1.4.3.2
2024-04-15 11:32:54,553 [WARN] PackLoader:240 - Cannot read IP mode file for STMicroelectronics.FP-SNS-FLIGHT1.5.0.2
2024-04-15 11:32:54,567 [WARN] PackLoader:240 - Cannot read IP mode file for STMicroelectronics.X-CUBE-DISPLAY.3.0.0
2024-04-15 11:32:54,600 [WARN] PackLoader:240 - Cannot read IP mode file for STMicroelectronics.X-CUBE-BLE1.7.0.0
2024-04-15 11:32:54,623 [WARN] PackLoader:240 - Cannot read IP mode file for emotas.I-CUBE-CANOPEN.1.3.0
2024-04-15 11:32:54,640 [WARN] PackLoader:240 - Cannot read IP mode file for STMicroelectronics.FP-SNS-SMARTAG2.1.2.0
2024-04-15 11:32:54,663 [INFO] LogOutputStream:77 - [STDOUT_REDIRECT] 1 : Invalid condition id : UX_CORESTACK_Condition cause : null
2024-04-15 11:32:54,666 [INFO] LogOutputStream:77 - [STDOUT_REDIRECT] 1 : Invalid condition id : UX_CORESTACK_Condition cause : null
2024-04-15 11:32:54,667 [INFO] LogOutputStream:77 - [STDOUT_REDIRECT] 1 : Invalid condition id : UX_CORESTACK_Condition cause : null
2024-04-15 11:32:54,668 [INFO] LogOutputStream:77 - [STDOUT_REDIRECT] 1 : Invalid condition id : UX_CORESTACK_Condition cause : null
2024-04-15 11:32:54,668 [INFO] LogOutputStream:77 - [STDOUT_REDIRECT] 1 : Invalid condition id : UX_CORESTACK_Condition cause : null
2024-04-15 11:32:54,735 [WARN] PackLoader:240 - Cannot read IP mode file for STMicroelectronics.X-CUBE-AZRTOS-WL.2.0.0
2024-04-15 11:32:54,748 [WARN] PackLoader:240 - Cannot read IP mode file for STMicroelectronics.FP-SNS-MOTENV1.5.0.0
2024-04-15 11:32:54,774 [WARN] PackLoader:240 - Cannot read IP mode file for WES.I-CUBE-Cesium.1.3.0
2024-04-15 11:32:54,797 [WARN] PackLoader:240 - Cannot read IP mode file for STMicroelectronics.X-CUBE-BLE2.3.3.0
2024-04-15 11:32:54,807 [WARN] PackLoader:240 - Cannot read IP mode file for STMicroelectronics.X-CUBE-TCPP.4.1.0
2024-04-15 11:32:54,828 [WARN] PackLoader:240 - Cannot read IP mode file for STMicroelectronics.X-CUBE-ALGOBUILD.1.3.0
2024-04-15 11:32:54,862 [WARN] PackLoader:240 - Cannot read IP mode file for STMicroelectronics.X-CUBE-AZRTOS-G0.1.1.0
2024-04-15 11:32:54,897 [WARN] PackLoader:240 - Cannot read IP mode file for STMicroelectronics.X-CUBE-SAFEA1.1.2.2
2024-04-15 11:32:54,925 [WARN] PackLoader:240 - Cannot read IP mode file for STMicroelectronics.X-CUBE-NFC4.3.0.0
2024-04-15 11:32:54,932 [WARN] PackLoader:240 - Cannot read IP mode file for wolfSSL.I-CUBE-wolfSSL.5.7.0
2024-04-15 11:32:54,938 [WARN] PackLoader:240 - Cannot read IP mode file for STMicroelectronics.FP-ATR-SIGFOX1.3.2.0
2024-04-15 11:32:54,947 [WARN] PackLoader:240 - Cannot read IP mode file for ITTIA_DB.I-CUBE-ITTIADB.8.9.0
2024-04-15 11:32:55,018 [WARN] PackLoader:240 - Cannot read IP mode file for SEGGER.I-CUBE-embOS.1.3.1
2024-04-15 11:32:55,080 [WARN] PackLoader:240 - Cannot read IP mode file for STMicroelectronics.X-CUBE-GNSS1.6.0.0
2024-04-15 11:32:55,108 [WARN] PackLoader:240 - Cannot read IP mode file for STMicroelectronics.X-CUBE-AZRTOS-F4.1.1.0
2024-04-15 11:32:55,135 [WARN] PackLoader:240 - Cannot read IP mode file for STMicroelectronics.X-CUBE-AZRTOS-L5.2.0.0
2024-04-15 11:32:55,148 [WARN] PackLoader:240 - Cannot read IP mode file for STMicroelectronics.X-CUBE-NFC6.3.1.0
2024-04-15 11:32:55,156 [WARN] PackLoader:240 - Cannot read IP mode file for STMicroelectronics.X-CUBE-NFC7.1.0.1
2024-04-15 11:32:55,166 [WARN] PackLoader:240 - Cannot read IP mode file for STMicroelectronics.X-CUBE-NFC6.3.0.0
2024-04-15 11:32:55,171 [WARN] PackLoader:240 - Cannot read IP mode file for STMicroelectronics.X-CUBE-AI.8.1.0
2024-04-15 11:32:55,194 [WARN] ConditionMgr:438 - getConditionDescription Invalid condition id : LAN8742 Phy interface Condition cause : null
2024-04-15 11:32:55,195 [WARN] PackLoader:240 - Cannot read IP mode file for STMicroelectronics.X-CUBE-AZRTOS-L4.2.0.0
2024-04-15 11:32:55,198 [WARN] ConditionMgr:1039 - genDependencies : Invalid condition id : LAN8742 Phy interface Condition cause : null
2024-04-15 11:32:55,198 [WARN] ConditionMgr:1039 - genDependencies : Invalid condition id : LAN8742 Phy interface Condition cause : null
2024-04-15 11:32:55,200 [WARN] ConditionMgr:1039 - genDependencies : Invalid condition id : LAN8742 Phy interface Condition cause : null
2024-04-15 11:32:55,209 [WARN] PackLoader:240 - Cannot read IP mode file for STMicroelectronics.X-CUBE-SFXS2LP1.4.0.0
2024-04-15 11:32:55,221 [WARN] ConditionMgr:438 - getConditionDescription Invalid condition id : UX DEVICE CLASS RTOS Condition cause : null
2024-04-15 11:32:55,221 [WARN] ConditionMgr:438 - getConditionDescription Invalid condition id : UX DEVICE CLASS RTOS Condition cause : null
2024-04-15 11:32:55,224 [WARN] PackLoader:240 - Cannot read IP mode file for STMicroelectronics.X-CUBE-AZRTOS-WB.2.0.0
2024-04-15 11:32:55,225 [WARN] ConditionMgr:1039 - genDependencies : Invalid condition id : UX DEVICE CLASS RTOS Condition cause : null
2024-04-15 11:32:55,225 [WARN] ConditionMgr:1039 - genDependencies : Invalid condition id : UX DEVICE CLASS RTOS Condition cause : null
2024-04-15 11:32:55,226 [WARN] ConditionMgr:1039 - genDependencies : Invalid condition id : UX DEVICE CLASS RTOS Condition cause : null
2024-04-15 11:32:55,227 [WARN] ConditionMgr:1039 - genDependencies : Invalid condition id : UX DEVICE CLASS RTOS Condition cause : null
2024-04-15 11:32:55,227 [WARN] ConditionMgr:1039 - genDependencies : Invalid condition id : UX DEVICE CLASS RTOS Condition cause : null
2024-04-15 11:32:55,239 [WARN] PackLoader:240 - Cannot read IP mode file for STMicroelectronics.X-CUBE-SUBG2.5.0.0
2024-04-15 11:32:55,258 [WARN] PackLoader:240 - Cannot read IP mode file for STMicroelectronics.X-CUBE-AZRTOS-G4.2.0.0
2024-04-15 11:32:55,328 [WARN] PackLoader:240 - Cannot read IP mode file for STMicroelectronics.X-CUBE-MEMS1.10.0.0
2024-04-15 11:32:55,455 [WARN] PackLoader:240 - Cannot read IP mode file for STMicroelectronics.X-CUBE-FREERTOS.1.1.0
2024-04-15 11:32:55,464 [WARN] PackLoader:240 - Cannot read IP mode file for portGmbH.I-Cube-SoM-uGOAL.1.1.0
2024-04-15 11:32:55,469 [WARN] PackLoader:240 - Cannot read IP mode file for STMicroelectronics.X-CUBE-ALS.1.0.1
2024-04-15 11:32:55,472 [WARN] PackLoader:240 - Cannot read IP mode file for STMicroelectronics.FP-ATR-ASTRA1.2.0.0
2024-04-15 11:32:55,490 [WARN] PackLoader:240 - Cannot read IP mode file for Infineon.AIROC-Wi-Fi-Bluetooth-STM32.1.6.0
2024-04-15 11:32:55,495 [INFO] ThirdParty:978 - Integrity check success = true
2024-04-15 11:32:55,495 [INFO] IntegrityCheckThread:100 - exiting critical section [integrity check]
2024-04-15 11:32:55,495 [INFO] IntegrityCheckThread:103 - End integrity checks thread
2024-04-15 11:32:58,613 [INFO] WebApp:161 - Instantiating new browser for Auth
2024-04-15 11:32:59,850 [INFO] WebApp:780 - Register for checkConnection events
2024-04-15 11:32:59,851 [INFO] WebApp:414 - Apply proxy settings
2024-04-15 11:32:59,877 [INFO] WebApp:459 - Chromium authenticates against Manually configured proxy
2024-04-15 11:32:59,901 [INFO] WebApp:467 - Username used for proxy authentication: 
2024-04-15 11:33:00,029 [INFO] WebApp:192 - Starting web application
2024-04-15 11:33:00,030 [INFO] WebApp:544 - Web application path used /Applications/STM32CubeIDE.app/Contents/Eclipse/plugins/com.st.stm32cube.common.mx_6.10.0.202311202037/db/plugins/mcufinder/reactClient1/index.html
2024-04-15 11:33:21,972 [ERROR] LogOutputStream:75 - [STDERR_REDIRECT] SLF4J: Failed to load class "org.slf4j.impl.StaticLoggerBinder".
2024-04-15 11:33:21,973 [ERROR] LogOutputStream:75 - [STDERR_REDIRECT] SLF4J: Defaulting to no-operation (NOP) logger implementation
2024-04-15 11:33:21,973 [ERROR] LogOutputStream:75 - [STDERR_REDIRECT] SLF4J: See http://www.slf4j.org/codes.html#StaticLoggerBinder for further details.
2024-04-15 18:49:40,230 [ERROR] LogOutputStream:75 - [STDERR_REDIRECT] 
