2024-05-31 11:35:09,813 [INFO] Activator:176 - 


2024-05-31 11:35:09,820 [INFO] Activator:177 - !SESSION log4j initialized
2024-05-31 11:35:14,995 [INFO] LogOutputStream:77 - [STDOUT_REDIRECT] 
2024-05-31 11:35:18,005 [INFO] LogOutputStream:77 - [STDOUT_REDIRECT] 
2024-05-31 11:35:20,633 [ERROR] LogOutputStream:75 - [STDERR_REDIRECT] 
2024-05-31 11:35:21,222 [ERROR] LogOutputStream:75 - [STDERR_REDIRECT] [Fatal Error] :2:10: DOCTYPE no está permitido cuando la función "http://apache.org/xml/features/disallow-doctype-decl" se ha definido en true.
2024-05-31 11:35:21,223 [ERROR] LogOutputStream:75 - [STDERR_REDIRECT] 
2024-05-31 11:35:22,860 [INFO] ApplicationProperties:184 - Using Application install path: /Applications/STM32CubeIDE.app/Contents/Eclipse/plugins/com.st.stm32cube.common.mx_6.11.1.202404110753
2024-05-31 11:35:22,871 [INFO] DbMcusXml:78 - Set database path to: /Applications/STM32CubeIDE.app/Contents/Eclipse/plugins/com.st.stm32cube.common.mx_6.11.1.202404110753//db//mcu/
2024-05-31 11:35:22,871 [INFO] ApiDb:274 - Set plugin database path to: /Applications/STM32CubeIDE.app/Contents/Eclipse/plugins/com.st.stm32cube.common.mx_6.11.1.202404110753//db//plugins/boardmanager/
2024-05-31 11:35:22,872 [WARN] ApiDb:259 - Overriding images path with different value:  => /Applications/STM32CubeIDE.app/Contents/Eclipse/plugins/com.st.stm32cube.common.mx_6.11.1.202404110753//db//plugins/mcufinder/images/
2024-05-31 11:35:22,880 [INFO] ApiDb:250 - Set database path to: /Users/richywarrior/.stmcufinder/plugins/mcufinder//mcu/
2024-05-31 11:35:22,880 [INFO] DbMcusAds:125 - Set database path to: /Users/richywarrior/.stmcufinder/plugins/mcufinder//mcu/
2024-05-31 11:35:22,881 [INFO] CrossReferenceDbSqlite:203 - Set database path to: /Users/richywarrior/.stmcufinder/plugins/mcufinder//mcu/cs/
2024-05-31 11:35:22,991 [INFO] RulesReader:64 - Compatibility file has been processed (297 Rules)
2024-05-31 11:35:23,039 [INFO] DbMcusXml:78 - Set database path to: /Applications/STM32CubeIDE.app/Contents/Eclipse/plugins/com.st.stm32cube.common.mx_6.11.1.202404110753//db//mcu/
2024-05-31 11:35:23,039 [INFO] ApiDb:274 - Set plugin database path to: /Applications/STM32CubeIDE.app/Contents/Eclipse/plugins/com.st.stm32cube.common.mx_6.11.1.202404110753//db//plugins/boardmanager/
2024-05-31 11:35:23,039 [INFO] ApiDb:261 - Set plugin images path to: /Applications/STM32CubeIDE.app/Contents/Eclipse/plugins/com.st.stm32cube.common.mx_6.11.1.202404110753//db//plugins/mcufinder/images/
2024-05-31 11:35:23,039 [WARN] DbFile:41 - Overriding database path with different value: /Users/richywarrior/.stmcufinder/plugins/mcufinder/ => /Users/richywarrior/.stmcufinder/plugins/mcufinder
2024-05-31 11:35:23,039 [INFO] ApiDb:250 - Set database path to: /Users/richywarrior/.stmcufinder/plugins/mcufinder//mcu/
2024-05-31 11:35:23,039 [WARN] DbFile:41 - Overriding database path with different value: /Users/richywarrior/.stmcufinder/plugins/mcufinder/ => /Users/richywarrior/.stmcufinder/plugins/mcufinder
2024-05-31 11:35:23,040 [INFO] DbMcusAds:125 - Set database path to: /Users/richywarrior/.stmcufinder/plugins/mcufinder//mcu/
2024-05-31 11:35:23,040 [WARN] DbFile:41 - Overriding database path with different value: /Users/richywarrior/.stmcufinder/plugins/mcufinder/ => /Users/richywarrior/.stmcufinder/plugins/mcufinder
2024-05-31 11:35:23,040 [WARN] DbFile:41 - Overriding database path with different value: /Users/richywarrior/.stmcufinder/plugins/mcufinder/ => /Users/richywarrior/.stmcufinder/plugins/mcufinder
2024-05-31 11:35:23,040 [INFO] CrossReferenceDbSqlite:203 - Set database path to: /Users/richywarrior/.stmcufinder/plugins/mcufinder//mcu/cs/
2024-05-31 11:35:23,098 [INFO] MainPanel:264 - HeapMemory: 268435456
2024-05-31 11:35:23,157 [INFO] DbMcusXml:78 - Set database path to: /Applications/STM32CubeIDE.app/Contents/Eclipse/plugins/com.st.stm32cube.common.mx_6.11.1.202404110753//db//mcu/
2024-05-31 11:35:23,157 [INFO] ApiDb:274 - Set plugin database path to: /Applications/STM32CubeIDE.app/Contents/Eclipse/plugins/com.st.stm32cube.common.mx_6.11.1.202404110753//db//plugins/boardmanager/
2024-05-31 11:35:23,157 [INFO] ApiDb:261 - Set plugin images path to: /Applications/STM32CubeIDE.app/Contents/Eclipse/plugins/com.st.stm32cube.common.mx_6.11.1.202404110753//db//plugins/mcufinder/images/
2024-05-31 11:35:23,158 [WARN] DbFile:41 - Overriding database path with different value: /Users/richywarrior/.stmcufinder/plugins/mcufinder/ => /Users/richywarrior/.stmcufinder/plugins/mcufinder
2024-05-31 11:35:23,158 [INFO] ApiDb:250 - Set database path to: /Users/richywarrior/.stmcufinder/plugins/mcufinder//mcu/
2024-05-31 11:35:23,158 [WARN] DbFile:41 - Overriding database path with different value: /Users/richywarrior/.stmcufinder/plugins/mcufinder/ => /Users/richywarrior/.stmcufinder/plugins/mcufinder
2024-05-31 11:35:23,158 [INFO] DbMcusAds:125 - Set database path to: /Users/richywarrior/.stmcufinder/plugins/mcufinder//mcu/
2024-05-31 11:35:23,158 [WARN] DbFile:41 - Overriding database path with different value: /Users/richywarrior/.stmcufinder/plugins/mcufinder/ => /Users/richywarrior/.stmcufinder/plugins/mcufinder
2024-05-31 11:35:23,158 [WARN] DbFile:41 - Overriding database path with different value: /Users/richywarrior/.stmcufinder/plugins/mcufinder/ => /Users/richywarrior/.stmcufinder/plugins/mcufinder
2024-05-31 11:35:23,158 [INFO] CrossReferenceDbSqlite:203 - Set database path to: /Users/richywarrior/.stmcufinder/plugins/mcufinder//mcu/cs/
2024-05-31 11:35:23,169 [INFO] ApplicationProperties:184 - Using Application install path: /Applications/STM32CubeIDE.app/Contents/Eclipse/plugins/com.st.stm32cube.common.mx_6.11.1.202404110753
2024-05-31 11:35:23,170 [INFO] PluginManage:196 - Search for loadable plugins [exclusion list=, ]
2024-05-31 11:35:23,171 [INFO] PluginManage:310 - Check plugin analytics
2024-05-31 11:35:23,367 [INFO] AnalyticsPlugin:253 - Accepted Software Licenses: 
2024-05-31 11:35:23,367 [INFO] AnalyticsPlugin:255 - Accepted CMSIS Pack Licenses: 
2024-05-31 11:35:23,367 [INFO] AnalyticsPlugin:257 - Accepted Firmware Licenses: 
2024-05-31 11:35:23,373 [INFO] PluginManage:359 - Loaded plugin analytics (category:tool,tabindex:-1)
2024-05-31 11:35:23,373 [INFO] PluginManage:310 - Check plugin cadmodel
2024-05-31 11:35:23,845 [INFO] CADModel:105 - Init CAD model plugin
2024-05-31 11:35:23,845 [INFO] PluginManage:359 - Loaded plugin cadmodel (category:power,tabindex:5)
2024-05-31 11:35:23,846 [INFO] PluginManage:310 - Check plugin clock
2024-05-31 11:35:23,858 [INFO] PluginManage:359 - Loaded plugin clock (category:base,tabindex:2)
2024-05-31 11:35:23,858 [INFO] PluginManage:310 - Check plugin ddr
2024-05-31 11:35:23,860 [INFO] PluginManage:359 - Loaded plugin ddr (category:tool,tabindex:6)
2024-05-31 11:35:23,860 [INFO] PluginManage:310 - Check plugin filemanager
2024-05-31 11:35:23,990 [INFO] PluginManage:359 - Loaded plugin filemanager (category:base,tabindex:10)
2024-05-31 11:35:23,990 [INFO] PluginManage:310 - Check plugin ipmanager
2024-05-31 11:35:23,995 [INFO] PluginManage:359 - Loaded plugin ipmanager (category:base,tabindex:5)
2024-05-31 11:35:23,995 [INFO] PluginManage:310 - Check plugin lpbam
2024-05-31 11:35:24,002 [INFO] PluginManage:359 - Loaded plugin lpbam (category:base,tabindex:0)
2024-05-31 11:35:24,002 [INFO] PluginManage:310 - Check plugin memorymap
2024-05-31 11:35:24,009 [INFO] PluginManage:359 - Loaded plugin memorymap (category:base,tabindex:4)
2024-05-31 11:35:24,009 [INFO] PluginManage:310 - Check plugin pinoutandconfiguration
2024-05-31 11:35:24,013 [INFO] PluginManage:359 - Loaded plugin pinoutandconfiguration (category:base,tabindex:1)
2024-05-31 11:35:24,013 [INFO] PluginManage:310 - Check plugin pinoutconfig
2024-05-31 11:35:24,083 [WARN] SupportedApi:132 - Cannot load RTOS API schema: s4s-elt-must-match.1: The content of 'definitions' must match (annotation?, (simpleType | complexType)?, (unique | key | keyref)*)). A problem was found starting at: attribute.
2024-05-31 11:35:24,193 [INFO] PluginManage:359 - Loaded plugin pinoutconfig (category:base,tabindex:0)
2024-05-31 11:35:24,194 [INFO] PluginManage:310 - Check plugin power
2024-05-31 11:35:24,208 [INFO] PluginManage:359 - Loaded plugin power (category:power,tabindex:4)
2024-05-31 11:35:24,208 [INFO] PluginManage:310 - Check plugin projectmanager
2024-05-31 11:35:24,237 [INFO] PluginManage:359 - Loaded plugin projectmanager (category:projectmanager,tabindex:3)
2024-05-31 11:35:24,237 [INFO] PluginManage:310 - Check plugin thirdparty
2024-05-31 11:35:24,395 [INFO] PluginManage:359 - Loaded plugin thirdparty (category:base,tabindex:-1)
2024-05-31 11:35:24,393 [WARN] IntegrityCheckThread:84 - waiting for thirdparty lock release [integrity check]
2024-05-31 11:35:24,396 [INFO] PluginManage:310 - Check plugin tools
2024-05-31 11:35:24,396 [INFO] IntegrityCheckThread:86 - entering critical section [integrity check]
2024-05-31 11:35:24,399 [INFO] ThirdPartyUpdaterWithRetryManager:70 - Updater plugin not ready yet. [1/15]
2024-05-31 11:35:24,405 [INFO] PluginManage:359 - Loaded plugin tools (category:base,tabindex:7)
2024-05-31 11:35:24,405 [INFO] PluginManage:310 - Check plugin tutovideos
2024-05-31 11:35:24,597 [INFO] PluginManage:359 - Loaded plugin tutovideos (category:base,tabindex:-1)
2024-05-31 11:35:24,599 [INFO] PluginManage:310 - Check plugin updater
2024-05-31 11:35:24,620 [INFO] PluginManage:359 - Loaded plugin updater (category:base,tabindex:12)
2024-05-31 11:35:24,620 [INFO] PluginManage:310 - Check plugin userauth
2024-05-31 11:35:24,625 [INFO] UserAuth:114 - Init User Auth plugin
2024-05-31 11:35:24,625 [INFO] PluginManage:359 - Loaded plugin userauth (category:base,tabindex:14)
2024-05-31 11:35:24,625 [INFO] PluginManage:283 - PluginManage : Loaded plugins [17]
2024-05-31 11:35:24,873 [INFO] PinOutPanel:1561 - setPackage(No Configuration,No Configuration)
2024-05-31 11:35:24,944 [INFO] CADModel:165 - CPN selected for project level
2024-05-31 11:35:24,945 [INFO] CADModel:114 - Register for checkConnection events
2024-05-31 11:35:24,963 [INFO] IPUIPlugin:80 - create IPUIPlugin
2024-05-31 11:35:24,964 [INFO] PluginManager:220 - loadIPPluginJar : add mdma
2024-05-31 11:35:24,970 [INFO] IPUIPlugin:80 - create IPUIPlugin
2024-05-31 11:35:24,971 [INFO] PluginManager:220 - loadIPPluginJar : add freertos
2024-05-31 11:35:24,975 [INFO] IPUIPlugin:80 - create IPUIPlugin
2024-05-31 11:35:24,975 [INFO] PluginManager:220 - loadIPPluginJar : add gic
2024-05-31 11:35:24,981 [INFO] IPUIPlugin:80 - create IPUIPlugin
2024-05-31 11:35:24,981 [INFO] PluginManager:220 - loadIPPluginJar : add adc
2024-05-31 11:35:24,984 [INFO] IPUIPlugin:80 - create IPUIPlugin
2024-05-31 11:35:24,984 [INFO] PluginManager:220 - loadIPPluginJar : add gtzc
2024-05-31 11:35:24,985 [INFO] IPUIPlugin:80 - create IPUIPlugin
2024-05-31 11:35:24,985 [INFO] PluginManager:220 - loadIPPluginJar : add quadspi
2024-05-31 11:35:24,987 [INFO] IPUIPlugin:80 - create IPUIPlugin
2024-05-31 11:35:24,987 [INFO] PluginManager:220 - loadIPPluginJar : add aes
2024-05-31 11:35:24,989 [INFO] IPUIPlugin:80 - create IPUIPlugin
2024-05-31 11:35:24,989 [INFO] PluginManager:220 - loadIPPluginJar : add pdm2pcm
2024-05-31 11:35:24,990 [INFO] IPUIPlugin:80 - create IPUIPlugin
2024-05-31 11:35:24,990 [INFO] PluginManager:220 - loadIPPluginJar : add hash
2024-05-31 11:35:24,991 [INFO] IPUIPlugin:80 - create IPUIPlugin
2024-05-31 11:35:24,991 [INFO] PluginManager:220 - loadIPPluginJar : add tim
2024-05-31 11:35:24,991 [INFO] IPUIPlugin:80 - create IPUIPlugin
2024-05-31 11:35:24,992 [INFO] PluginManager:220 - loadIPPluginJar : add tsc
2024-05-31 11:35:25,003 [INFO] IPUIPlugin:80 - create IPUIPlugin
2024-05-31 11:35:25,003 [INFO] PluginManager:220 - loadIPPluginJar : add extmemmanager
2024-05-31 11:35:25,005 [INFO] IPUIPlugin:80 - create IPUIPlugin
2024-05-31 11:35:25,006 [INFO] PluginManager:220 - loadIPPluginJar : add ts
2024-05-31 11:35:25,007 [INFO] IPUIPlugin:80 - create IPUIPlugin
2024-05-31 11:35:25,007 [INFO] PluginManager:220 - loadIPPluginJar : add can
2024-05-31 11:35:25,011 [INFO] IPUIPlugin:80 - create IPUIPlugin
2024-05-31 11:35:25,011 [INFO] PluginManager:220 - loadIPPluginJar : add dma3
2024-05-31 11:35:25,013 [INFO] IPUIPlugin:80 - create IPUIPlugin
2024-05-31 11:35:25,013 [INFO] PluginManager:220 - loadIPPluginJar : add dfsdm
2024-05-31 11:35:25,014 [INFO] IPUIPlugin:80 - create IPUIPlugin
2024-05-31 11:35:25,014 [INFO] PluginManager:220 - loadIPPluginJar : add spi
2024-05-31 11:35:25,015 [INFO] IPUIPlugin:80 - create IPUIPlugin
2024-05-31 11:35:25,015 [INFO] PluginManager:220 - loadIPPluginJar : add gfxmmu
2024-05-31 11:35:25,015 [INFO] IPUIPlugin:80 - create IPUIPlugin
2024-05-31 11:35:25,015 [INFO] PluginManager:220 - loadIPPluginJar : add genericplugin
2024-05-31 11:35:25,016 [INFO] IPUIPlugin:80 - create IPUIPlugin
2024-05-31 11:35:25,016 [INFO] PluginManager:220 - loadIPPluginJar : add cryp
2024-05-31 11:35:25,019 [INFO] IPUIPlugin:80 - create IPUIPlugin
2024-05-31 11:35:25,020 [INFO] PluginManager:220 - loadIPPluginJar : add gpio
2024-05-31 11:35:25,021 [INFO] IPUIPlugin:80 - create IPUIPlugin
2024-05-31 11:35:25,021 [INFO] PluginManager:220 - loadIPPluginJar : add comp
2024-05-31 11:35:25,022 [INFO] IPUIPlugin:80 - create IPUIPlugin
2024-05-31 11:35:25,022 [INFO] PluginManager:220 - loadIPPluginJar : add tracer_emb
2024-05-31 11:35:25,023 [INFO] IPUIPlugin:80 - create IPUIPlugin
2024-05-31 11:35:25,023 [INFO] PluginManager:220 - loadIPPluginJar : add openamp
2024-05-31 11:35:25,025 [INFO] IPUIPlugin:80 - create IPUIPlugin
2024-05-31 11:35:25,025 [INFO] PluginManager:220 - loadIPPluginJar : add stm32_wpan
2024-05-31 11:35:25,028 [INFO] IPUIPlugin:80 - create IPUIPlugin
2024-05-31 11:35:25,064 [INFO] PluginManager:220 - loadIPPluginJar : add plateformsettings
2024-05-31 11:35:25,082 [INFO] IPUIPlugin:80 - create IPUIPlugin
2024-05-31 11:35:25,082 [INFO] PluginManager:220 - loadIPPluginJar : add ipddr
2024-05-31 11:35:25,090 [INFO] IPUIPlugin:80 - create IPUIPlugin
2024-05-31 11:35:25,090 [INFO] PluginManager:220 - loadIPPluginJar : add usart
2024-05-31 11:35:25,090 [INFO] IPUIPlugin:80 - create IPUIPlugin
2024-05-31 11:35:25,091 [INFO] PluginManager:220 - loadIPPluginJar : add ltdc
2024-05-31 11:35:25,093 [INFO] IPUIPlugin:80 - create IPUIPlugin
2024-05-31 11:35:25,093 [INFO] PluginManager:220 - loadIPPluginJar : add nvic
2024-05-31 11:35:25,095 [INFO] IPUIPlugin:80 - create IPUIPlugin
2024-05-31 11:35:25,095 [INFO] PluginManager:220 - loadIPPluginJar : add fatfs
2024-05-31 11:35:25,099 [INFO] IPUIPlugin:80 - create IPUIPlugin
2024-05-31 11:35:25,100 [INFO] PluginManager:220 - loadIPPluginJar : add linkedlist
2024-05-31 11:35:25,102 [INFO] IPUIPlugin:80 - create IPUIPlugin
2024-05-31 11:35:25,102 [INFO] PluginManager:220 - loadIPPluginJar : add dma
2024-05-31 11:35:25,104 [INFO] IPUIPlugin:80 - create IPUIPlugin
2024-05-31 11:35:25,104 [INFO] PluginManager:220 - loadIPPluginJar : add fmc
2024-05-31 11:35:25,105 [INFO] IPUIPlugin:80 - create IPUIPlugin
2024-05-31 11:35:25,105 [INFO] PluginManager:220 - loadIPPluginJar : add i2s
2024-05-31 11:35:25,106 [INFO] IPUIPlugin:80 - create IPUIPlugin
2024-05-31 11:35:25,106 [INFO] PluginManager:220 - loadIPPluginJar : add ucpd
2024-05-31 11:35:25,107 [INFO] IPUIPlugin:80 - create IPUIPlugin
2024-05-31 11:35:25,107 [INFO] PluginManager:220 - loadIPPluginJar : add lorawan
2024-05-31 11:35:25,108 [INFO] IPUIPlugin:80 - create IPUIPlugin
2024-05-31 11:35:25,108 [INFO] PluginManager:220 - loadIPPluginJar : add opamp
2024-05-31 11:35:25,110 [INFO] IPUIPlugin:80 - create IPUIPlugin
2024-05-31 11:35:25,110 [INFO] PluginManager:220 - loadIPPluginJar : add i3c
2024-05-31 11:35:25,111 [INFO] IPUIPlugin:80 - create IPUIPlugin
2024-05-31 11:35:25,115 [INFO] PluginManager:220 - loadIPPluginJar : add touchsensing
2024-05-31 11:35:25,115 [INFO] IPUIPlugin:80 - create IPUIPlugin
2024-05-31 11:35:25,115 [INFO] PluginManager:220 - loadIPPluginJar : add i2c
2024-05-31 11:35:25,117 [INFO] IPUIPlugin:80 - create IPUIPlugin
2024-05-31 11:35:25,117 [INFO] PluginManager:220 - loadIPPluginJar : add resmgrutility
2024-05-31 11:35:25,118 [INFO] IPUIPlugin:80 - create IPUIPlugin
2024-05-31 11:35:25,118 [INFO] PluginManager:220 - loadIPPluginJar : add sai
2024-05-31 11:35:25,120 [INFO] IPUIPlugin:80 - create IPUIPlugin
2024-05-31 11:35:25,120 [INFO] PluginManager:220 - loadIPPluginJar : add usbx
2024-05-31 11:35:25,247 [INFO] CADModel:165 - CPN selected for project level
2024-05-31 11:35:25,249 [INFO] CADModel:114 - Register for checkConnection events
2024-05-31 11:35:25,250 [FATAL] Updater:308 - Updater called before beeing initialized
2024-05-31 11:35:25,250 [ERROR] CADModel:125 - Updater not yet initialized, retry later 
2024-05-31 11:35:25,435 [INFO] CADModel:165 - CPN selected for project level
2024-05-31 11:35:25,438 [INFO] CADModel:114 - Register for checkConnection events
2024-05-31 11:35:25,438 [FATAL] Updater:308 - Updater called before beeing initialized
2024-05-31 11:35:25,439 [ERROR] CADModel:125 - Updater not yet initialized, retry later 
2024-05-31 11:35:25,443 [FATAL] Updater:308 - Updater called before beeing initialized
2024-05-31 11:35:25,563 [FATAL] Updater:308 - Updater called before beeing initialized
2024-05-31 11:35:25,568 [INFO] DbMcusAds:53 - JSON generation date=Thu May 16 03:22:00 CST 2024 (1715851320852)
2024-05-31 11:35:25,568 [FATAL] Updater:308 - Updater called before beeing initialized
2024-05-31 11:35:26,295 [WARN] DetailPanel:346 - Failed to get advertising image, set to default
2024-05-31 11:35:26,355 [FATAL] Updater:308 - Updater called before beeing initialized
2024-05-31 11:35:26,356 [FATAL] Updater:308 - Updater called before beeing initialized
2024-05-31 11:35:26,357 [FATAL] Updater:308 - Updater called before beeing initialized
2024-05-31 11:35:26,357 [WARN] DetailPanel:346 - Failed to get advertising image, set to default
2024-05-31 11:35:26,357 [FATAL] Updater:308 - Updater called before beeing initialized
2024-05-31 11:35:26,399 [ERROR] Updater:1120 - MainUpdater not yet initialized. External WinMGr cannot be set.
2024-05-31 11:35:26,404 [INFO] Updater:1056 - Updater Version found : 6.11.1
2024-05-31 11:35:26,415 [INFO] ApplicationProperties:184 - Using Application install path: /Applications/STM32CubeIDE.app/Contents/Eclipse/plugins/com.st.stm32cube.common.mx_6.11.1.202404110753
2024-05-31 11:35:27,187 [INFO] MainUpdater:2873 - connection check result : 10
2024-05-31 11:35:27,190 [INFO] MainUpdater:290 - Updater Check For Update Now.
2024-05-31 11:35:27,190 [INFO] MicroXplorer:498 - Change Database Version : DB.6.0.111
2024-05-31 11:35:27,198 [INFO] McuFinderGlobals:63 - Set McuFinder mode to 2 (CubeIDE integrated)
2024-05-31 11:35:27,227 [INFO] UserAuth:415 - Internet connection configuration mode: 1
2024-05-31 11:35:27,241 [INFO] JxBrowserEngine:152 - Initiate JxBrowser Engine with user profile folder
2024-05-31 11:35:27,403 [WARN] MainUpdater:1194 - Updater busy. Cannot search thirdparties
2024-05-31 11:35:27,404 [INFO] ThirdPartyUpdaterWithRetryManager:96 - Updater plugin is busy. [1/15]
2024-05-31 11:35:27,477 [INFO] CheckServerUpdateThread:120 - End of CheckServer Thread
2024-05-31 11:35:30,589 [WARN] PackLoader:240 - Cannot read IP mode file for STMicroelectronics.FP-SNS-MOTENVWB1.1.4.0
2024-05-31 11:35:30,608 [WARN] PackLoader:240 - Cannot read IP mode file for STMicroelectronics.X-CUBE-SMBUS.2.1.0
2024-05-31 11:35:30,637 [WARN] PackLoader:240 - Cannot read IP mode file for STMicroelectronics.X-CUBE-TOUCHGFX.4.23.1
2024-05-31 11:35:30,645 [WARN] PackLoader:240 - Cannot read IP mode file for STMicroelectronics.X-CUBE-TOUCHGFX.4.23.0
2024-05-31 11:35:30,649 [WARN] PackLoader:240 - Cannot read IP mode file for STMicroelectronics.X-CUBE-TOUCHGFX.4.23.2
2024-05-31 11:35:30,696 [WARN] PackLoader:240 - Cannot read IP mode file for STMicroelectronics.X-CUBE-AZRTOS-F7.1.1.0
2024-05-31 11:35:30,720 [WARN] PackLoader:240 - Cannot read IP mode file for STMicroelectronics.FP-SNS-MOTENV1.4.3.2
2024-05-31 11:35:30,743 [WARN] PackLoader:240 - Cannot read IP mode file for STMicroelectronics.FP-SNS-FLIGHT1.5.0.2
2024-05-31 11:35:30,760 [WARN] PackLoader:240 - Cannot read IP mode file for STMicroelectronics.X-CUBE-DISPLAY.3.0.0
2024-05-31 11:35:30,784 [WARN] PackLoader:240 - Cannot read IP mode file for STMicroelectronics.X-CUBE-BLE1.7.0.0
2024-05-31 11:35:30,801 [WARN] PackLoader:240 - Cannot read IP mode file for emotas.I-CUBE-CANOPEN.1.3.0
2024-05-31 11:35:30,816 [WARN] PackLoader:240 - Cannot read IP mode file for STMicroelectronics.FP-SNS-SMARTAG2.1.2.0
2024-05-31 11:35:30,840 [INFO] LogOutputStream:77 - [STDOUT_REDIRECT] 1 : Invalid condition id : UX_CORESTACK_Condition cause : null
2024-05-31 11:35:30,841 [INFO] LogOutputStream:77 - [STDOUT_REDIRECT] 1 : Invalid condition id : UX_CORESTACK_Condition cause : null
2024-05-31 11:35:30,841 [INFO] LogOutputStream:77 - [STDOUT_REDIRECT] 1 : Invalid condition id : UX_CORESTACK_Condition cause : null
2024-05-31 11:35:30,841 [INFO] LogOutputStream:77 - [STDOUT_REDIRECT] 1 : Invalid condition id : UX_CORESTACK_Condition cause : null
2024-05-31 11:35:30,841 [INFO] LogOutputStream:77 - [STDOUT_REDIRECT] 1 : Invalid condition id : UX_CORESTACK_Condition cause : null
2024-05-31 11:35:30,849 [WARN] PackLoader:240 - Cannot read IP mode file for STMicroelectronics.X-CUBE-AZRTOS-WL.2.0.0
2024-05-31 11:35:30,862 [WARN] PackLoader:240 - Cannot read IP mode file for STMicroelectronics.FP-SNS-MOTENV1.5.0.0
2024-05-31 11:35:30,891 [WARN] PackLoader:240 - Cannot read IP mode file for WES.I-CUBE-Cesium.1.3.0
2024-05-31 11:35:30,907 [WARN] PackLoader:240 - Cannot read IP mode file for STMicroelectronics.X-CUBE-BLE2.3.3.0
2024-05-31 11:35:30,918 [WARN] PackLoader:240 - Cannot read IP mode file for STMicroelectronics.X-CUBE-TCPP.4.1.0
2024-05-31 11:35:30,942 [WARN] PackLoader:240 - Cannot read IP mode file for STMicroelectronics.X-CUBE-ALGOBUILD.1.3.0
2024-05-31 11:35:30,977 [WARN] PackLoader:240 - Cannot read IP mode file for STMicroelectronics.X-CUBE-AZRTOS-G0.1.1.0
2024-05-31 11:35:31,022 [WARN] PackLoader:240 - Cannot read IP mode file for STMicroelectronics.X-CUBE-SAFEA1.1.2.2
2024-05-31 11:35:31,049 [WARN] PackLoader:240 - Cannot read IP mode file for STMicroelectronics.X-CUBE-NFC4.3.0.0
2024-05-31 11:35:31,060 [WARN] PackLoader:240 - Cannot read IP mode file for wolfSSL.I-CUBE-wolfSSL.5.7.0
2024-05-31 11:35:31,063 [WARN] PackLoader:240 - Cannot read IP mode file for STMicroelectronics.FP-ATR-SIGFOX1.3.2.0
2024-05-31 11:35:31,072 [WARN] PackLoader:240 - Cannot read IP mode file for ITTIA_DB.I-CUBE-ITTIADB.8.9.0
2024-05-31 11:35:31,182 [WARN] PackLoader:240 - Cannot read IP mode file for SEGGER.I-CUBE-embOS.1.3.1
2024-05-31 11:35:31,310 [WARN] PackLoader:240 - Cannot read IP mode file for STMicroelectronics.X-CUBE-ALGOBUILD.1.4.0
2024-05-31 11:35:31,337 [WARN] PackLoader:240 - Cannot read IP mode file for STMicroelectronics.X-CUBE-GNSS1.6.0.0
2024-05-31 11:35:31,386 [WARN] PackLoader:240 - Cannot read IP mode file for STMicroelectronics.X-CUBE-AZRTOS-F4.1.1.0
2024-05-31 11:35:31,410 [WARN] PackLoader:240 - Cannot read IP mode file for STMicroelectronics.X-CUBE-FREERTOS.1.2.0
2024-05-31 11:35:31,433 [WARN] PackLoader:240 - Cannot read IP mode file for STMicroelectronics.X-CUBE-AZRTOS-L5.2.0.0
2024-05-31 11:35:31,450 [WARN] PackLoader:240 - Cannot read IP mode file for STMicroelectronics.X-CUBE-NFC6.3.1.0
2024-05-31 11:35:31,457 [WARN] PackLoader:240 - Cannot read IP mode file for STMicroelectronics.X-CUBE-AI.9.0.0
2024-05-31 11:35:31,462 [WARN] PackLoader:240 - Cannot read IP mode file for STMicroelectronics.X-CUBE-NFC7.1.0.1
2024-05-31 11:35:31,476 [WARN] PackLoader:240 - Cannot read IP mode file for STMicroelectronics.X-CUBE-NFC6.3.0.0
2024-05-31 11:35:31,481 [WARN] PackLoader:240 - Cannot read IP mode file for STMicroelectronics.X-CUBE-AI.8.1.0
2024-05-31 11:35:31,512 [WARN] ConditionMgr:438 - getConditionDescription Invalid condition id : LAN8742 Phy interface Condition cause : null
2024-05-31 11:35:31,514 [WARN] PackLoader:240 - Cannot read IP mode file for STMicroelectronics.X-CUBE-AZRTOS-L4.2.0.0
2024-05-31 11:35:31,518 [WARN] ConditionMgr:1039 - genDependencies : Invalid condition id : LAN8742 Phy interface Condition cause : null
2024-05-31 11:35:31,519 [WARN] ConditionMgr:1039 - genDependencies : Invalid condition id : LAN8742 Phy interface Condition cause : null
2024-05-31 11:35:31,520 [WARN] ConditionMgr:1039 - genDependencies : Invalid condition id : LAN8742 Phy interface Condition cause : null
2024-05-31 11:35:31,534 [WARN] PackLoader:240 - Cannot read IP mode file for STMicroelectronics.X-CUBE-SFXS2LP1.4.0.0
2024-05-31 11:35:31,572 [WARN] ConditionMgr:438 - getConditionDescription Invalid condition id : UX DEVICE CLASS RTOS Condition cause : null
2024-05-31 11:35:31,572 [WARN] ConditionMgr:438 - getConditionDescription Invalid condition id : UX DEVICE CLASS RTOS Condition cause : null
2024-05-31 11:35:31,576 [WARN] PackLoader:240 - Cannot read IP mode file for STMicroelectronics.X-CUBE-AZRTOS-WB.2.0.0
2024-05-31 11:35:31,578 [WARN] ConditionMgr:1039 - genDependencies : Invalid condition id : UX DEVICE CLASS RTOS Condition cause : null
2024-05-31 11:35:31,578 [WARN] ConditionMgr:1039 - genDependencies : Invalid condition id : UX DEVICE CLASS RTOS Condition cause : null
2024-05-31 11:35:31,578 [WARN] ConditionMgr:1039 - genDependencies : Invalid condition id : UX DEVICE CLASS RTOS Condition cause : null
2024-05-31 11:35:31,579 [WARN] ConditionMgr:1039 - genDependencies : Invalid condition id : UX DEVICE CLASS RTOS Condition cause : null
2024-05-31 11:35:31,579 [WARN] ConditionMgr:1039 - genDependencies : Invalid condition id : UX DEVICE CLASS RTOS Condition cause : null
2024-05-31 11:35:31,613 [WARN] PackLoader:240 - Cannot read IP mode file for STMicroelectronics.X-CUBE-SUBG2.5.0.0
2024-05-31 11:35:31,648 [WARN] PackLoader:240 - Cannot read IP mode file for STMicroelectronics.X-CUBE-AZRTOS-G4.2.0.0
2024-05-31 11:35:31,653 [WARN] PackLoader:240 - Cannot read IP mode file for STMicroelectronics.FP-SNS-MOTENVWB1.1.3.1
2024-05-31 11:35:31,656 [WARN] PackLoader:240 - Cannot read IP mode file for STMicroelectronics.X-CUBE-ALS.1.0.2
2024-05-31 11:35:31,711 [WARN] PackLoader:240 - Cannot read IP mode file for STMicroelectronics.X-CUBE-MEMS1.10.0.0
2024-05-31 11:35:31,842 [WARN] PackLoader:240 - Cannot read IP mode file for STMicroelectronics.X-CUBE-FREERTOS.1.1.0
2024-05-31 11:35:31,934 [WARN] PackLoader:240 - Cannot read IP mode file for portGmbH.I-Cube-SoM-uGOAL.1.1.0
2024-05-31 11:35:31,945 [WARN] PackLoader:240 - Cannot read IP mode file for STMicroelectronics.X-CUBE-ALS.1.0.1
2024-05-31 11:35:31,982 [WARN] PackLoader:240 - Cannot read IP mode file for STMicroelectronics.X-CUBE-AZRTOS-H7RS.1.0.0
2024-05-31 11:35:31,992 [WARN] PackLoader:240 - Cannot read IP mode file for STMicroelectronics.FP-ATR-ASTRA1.2.0.0
2024-05-31 11:35:32,019 [WARN] PackLoader:240 - Cannot read IP mode file for Infineon.AIROC-Wi-Fi-Bluetooth-STM32.1.6.0
2024-05-31 11:35:32,035 [INFO] ThirdParty:978 - Integrity check success = true
2024-05-31 11:35:32,036 [INFO] IntegrityCheckThread:100 - exiting critical section [integrity check]
2024-05-31 11:35:32,040 [INFO] IntegrityCheckThread:103 - End integrity checks thread
2024-05-31 11:35:32,944 [INFO] WebApp:161 - Instantiating new browser for Auth
2024-05-31 11:35:34,190 [INFO] WebApp:779 - Register for checkConnection events
2024-05-31 11:35:34,190 [INFO] WebApp:414 - Apply proxy settings
2024-05-31 11:35:34,202 [INFO] WebApp:459 - Chromium authenticates against Manually configured proxy
2024-05-31 11:35:34,222 [INFO] WebApp:467 - Username used for proxy authentication: 
2024-05-31 11:35:34,349 [INFO] WebApp:192 - Starting web application
2024-05-31 11:35:34,349 [INFO] WebApp:544 - Web application path used /Applications/STM32CubeIDE.app/Contents/Eclipse/plugins/com.st.stm32cube.common.mx_6.11.1.202404110753/db/plugins/mcufinder/reactClient1/index.html
2024-05-31 17:39:33,923 [ERROR] LogOutputStream:75 - [STDERR_REDIRECT] 
