2024-04-27 14:32:49,945 [ERROR] LogOutputStream:75 - [STDERR_REDIRECT] 
2024-04-27 14:33:07,819 [INFO] Activator:176 - 


2024-04-27 14:33:07,820 [INFO] Activator:177 - !SESSION log4j initialized
2024-04-27 14:33:13,310 [ERROR] LogOutputStream:75 - [STDERR_REDIRECT] 
2024-04-27 14:33:16,057 [INFO] LogOutputStream:77 - [STDOUT_REDIRECT] 
2024-04-27 14:33:18,196 [INFO] ApplicationProperties:184 - Using Application install path: /Applications/STM32CubeIDE.app/Contents/Eclipse/plugins/com.st.stm32cube.common.mx_6.10.0.202311202037
2024-04-27 14:33:18,221 [INFO] DbMcusXml:78 - Set database path to: /Applications/STM32CubeIDE.app/Contents/Eclipse/plugins/com.st.stm32cube.common.mx_6.10.0.202311202037//db//mcu/
2024-04-27 14:33:18,221 [INFO] ApiDb:274 - Set plugin database path to: /Applications/STM32CubeIDE.app/Contents/Eclipse/plugins/com.st.stm32cube.common.mx_6.10.0.202311202037//db//plugins/boardmanager/
2024-04-27 14:33:18,221 [WARN] ApiDb:259 - Overriding images path with different value:  => /Applications/STM32CubeIDE.app/Contents/Eclipse/plugins/com.st.stm32cube.common.mx_6.10.0.202311202037//db//plugins/mcufinder/images/
2024-04-27 14:33:18,231 [INFO] ApiDb:250 - Set database path to: /Users/richywarrior/.stmcufinder/plugins/mcufinder//mcu/
2024-04-27 14:33:18,232 [INFO] DbMcusAds:125 - Set database path to: /Users/richywarrior/.stmcufinder/plugins/mcufinder//mcu/
2024-04-27 14:33:18,234 [INFO] CrossReferenceDbSqlite:203 - Set database path to: /Users/richywarrior/.stmcufinder/plugins/mcufinder//mcu/cs/
2024-04-27 14:33:18,501 [INFO] RulesReader:64 - Compatibility file has been processed (297 Rules)
2024-04-27 14:33:18,516 [ERROR] LogOutputStream:75 - [STDERR_REDIRECT] [Fatal Error] :2:10: DOCTYPE no está permitido cuando la función "http://apache.org/xml/features/disallow-doctype-decl" se ha definido en true.
2024-04-27 14:33:18,518 [ERROR] LogOutputStream:75 - [STDERR_REDIRECT] 
2024-04-27 14:33:18,565 [INFO] DbMcusXml:78 - Set database path to: /Applications/STM32CubeIDE.app/Contents/Eclipse/plugins/com.st.stm32cube.common.mx_6.10.0.202311202037//db//mcu/
2024-04-27 14:33:18,565 [INFO] ApiDb:274 - Set plugin database path to: /Applications/STM32CubeIDE.app/Contents/Eclipse/plugins/com.st.stm32cube.common.mx_6.10.0.202311202037//db//plugins/boardmanager/
2024-04-27 14:33:18,566 [INFO] ApiDb:261 - Set plugin images path to: /Applications/STM32CubeIDE.app/Contents/Eclipse/plugins/com.st.stm32cube.common.mx_6.10.0.202311202037//db//plugins/mcufinder/images/
2024-04-27 14:33:18,566 [WARN] DbFile:41 - Overriding database path with different value: /Users/richywarrior/.stmcufinder/plugins/mcufinder/ => /Users/richywarrior/.stmcufinder/plugins/mcufinder
2024-04-27 14:33:18,566 [INFO] ApiDb:250 - Set database path to: /Users/richywarrior/.stmcufinder/plugins/mcufinder//mcu/
2024-04-27 14:33:18,566 [WARN] DbFile:41 - Overriding database path with different value: /Users/richywarrior/.stmcufinder/plugins/mcufinder/ => /Users/richywarrior/.stmcufinder/plugins/mcufinder
2024-04-27 14:33:18,566 [INFO] DbMcusAds:125 - Set database path to: /Users/richywarrior/.stmcufinder/plugins/mcufinder//mcu/
2024-04-27 14:33:18,566 [WARN] DbFile:41 - Overriding database path with different value: /Users/richywarrior/.stmcufinder/plugins/mcufinder/ => /Users/richywarrior/.stmcufinder/plugins/mcufinder
2024-04-27 14:33:18,566 [WARN] DbFile:41 - Overriding database path with different value: /Users/richywarrior/.stmcufinder/plugins/mcufinder/ => /Users/richywarrior/.stmcufinder/plugins/mcufinder
2024-04-27 14:33:18,566 [INFO] CrossReferenceDbSqlite:203 - Set database path to: /Users/richywarrior/.stmcufinder/plugins/mcufinder//mcu/cs/
2024-04-27 14:33:18,632 [INFO] MainPanel:264 - HeapMemory: 288358400
2024-04-27 14:33:18,704 [INFO] DbMcusXml:78 - Set database path to: /Applications/STM32CubeIDE.app/Contents/Eclipse/plugins/com.st.stm32cube.common.mx_6.10.0.202311202037//db//mcu/
2024-04-27 14:33:18,705 [INFO] ApiDb:274 - Set plugin database path to: /Applications/STM32CubeIDE.app/Contents/Eclipse/plugins/com.st.stm32cube.common.mx_6.10.0.202311202037//db//plugins/boardmanager/
2024-04-27 14:33:18,705 [INFO] ApiDb:261 - Set plugin images path to: /Applications/STM32CubeIDE.app/Contents/Eclipse/plugins/com.st.stm32cube.common.mx_6.10.0.202311202037//db//plugins/mcufinder/images/
2024-04-27 14:33:18,705 [WARN] DbFile:41 - Overriding database path with different value: /Users/richywarrior/.stmcufinder/plugins/mcufinder/ => /Users/richywarrior/.stmcufinder/plugins/mcufinder
2024-04-27 14:33:18,705 [INFO] ApiDb:250 - Set database path to: /Users/richywarrior/.stmcufinder/plugins/mcufinder//mcu/
2024-04-27 14:33:18,705 [WARN] DbFile:41 - Overriding database path with different value: /Users/richywarrior/.stmcufinder/plugins/mcufinder/ => /Users/richywarrior/.stmcufinder/plugins/mcufinder
2024-04-27 14:33:18,705 [INFO] DbMcusAds:125 - Set database path to: /Users/richywarrior/.stmcufinder/plugins/mcufinder//mcu/
2024-04-27 14:33:18,705 [WARN] DbFile:41 - Overriding database path with different value: /Users/richywarrior/.stmcufinder/plugins/mcufinder/ => /Users/richywarrior/.stmcufinder/plugins/mcufinder
2024-04-27 14:33:18,705 [WARN] DbFile:41 - Overriding database path with different value: /Users/richywarrior/.stmcufinder/plugins/mcufinder/ => /Users/richywarrior/.stmcufinder/plugins/mcufinder
2024-04-27 14:33:18,705 [INFO] CrossReferenceDbSqlite:203 - Set database path to: /Users/richywarrior/.stmcufinder/plugins/mcufinder//mcu/cs/
2024-04-27 14:33:18,726 [INFO] ApplicationProperties:184 - Using Application install path: /Applications/STM32CubeIDE.app/Contents/Eclipse/plugins/com.st.stm32cube.common.mx_6.10.0.202311202037
2024-04-27 14:33:18,727 [INFO] PluginManage:196 - Search for loadable plugins [exclusion list=, ]
2024-04-27 14:33:18,729 [INFO] PluginManage:310 - Check plugin analytics
2024-04-27 14:33:18,926 [INFO] AnalyticsPlugin:253 - Accepted Software Licenses: 
2024-04-27 14:33:18,926 [INFO] AnalyticsPlugin:255 - Accepted CMSIS Pack Licenses: 
2024-04-27 14:33:18,926 [INFO] AnalyticsPlugin:257 - Accepted Firmware Licenses: 
2024-04-27 14:33:18,931 [INFO] PluginManage:359 - Loaded plugin analytics (category:tool,tabindex:-1)
2024-04-27 14:33:18,932 [INFO] PluginManage:310 - Check plugin cadmodel
2024-04-27 14:33:19,443 [INFO] CADModel:105 - Init CAD model plugin
2024-04-27 14:33:19,446 [INFO] PluginManage:359 - Loaded plugin cadmodel (category:power,tabindex:5)
2024-04-27 14:33:19,448 [INFO] PluginManage:310 - Check plugin clock
2024-04-27 14:33:19,474 [INFO] PluginManage:359 - Loaded plugin clock (category:base,tabindex:2)
2024-04-27 14:33:19,474 [INFO] PluginManage:310 - Check plugin ddr
2024-04-27 14:33:19,476 [INFO] PluginManage:359 - Loaded plugin ddr (category:tool,tabindex:6)
2024-04-27 14:33:19,477 [INFO] PluginManage:310 - Check plugin filemanager
2024-04-27 14:33:19,643 [INFO] PluginManage:359 - Loaded plugin filemanager (category:base,tabindex:10)
2024-04-27 14:33:19,643 [INFO] PluginManage:310 - Check plugin ipmanager
2024-04-27 14:33:19,650 [INFO] PluginManage:359 - Loaded plugin ipmanager (category:base,tabindex:5)
2024-04-27 14:33:19,650 [INFO] PluginManage:310 - Check plugin lpbam
2024-04-27 14:33:19,657 [INFO] PluginManage:359 - Loaded plugin lpbam (category:base,tabindex:0)
2024-04-27 14:33:19,657 [INFO] PluginManage:310 - Check plugin memorymap
2024-04-27 14:33:19,667 [INFO] PluginManage:359 - Loaded plugin memorymap (category:base,tabindex:4)
2024-04-27 14:33:19,667 [INFO] PluginManage:310 - Check plugin pinoutandconfiguration
2024-04-27 14:33:19,671 [INFO] PluginManage:359 - Loaded plugin pinoutandconfiguration (category:base,tabindex:1)
2024-04-27 14:33:19,671 [INFO] PluginManage:310 - Check plugin pinoutconfig
2024-04-27 14:33:19,746 [WARN] SupportedApi:132 - Cannot load RTOS API schema: s4s-elt-must-match.1: The content of 'definitions' must match (annotation?, (simpleType | complexType)?, (unique | key | keyref)*)). A problem was found starting at: attribute.
2024-04-27 14:33:19,876 [INFO] PluginManage:359 - Loaded plugin pinoutconfig (category:base,tabindex:0)
2024-04-27 14:33:19,877 [INFO] PluginManage:310 - Check plugin power
2024-04-27 14:33:19,887 [INFO] PluginManage:359 - Loaded plugin power (category:power,tabindex:4)
2024-04-27 14:33:19,887 [INFO] PluginManage:310 - Check plugin projectmanager
2024-04-27 14:33:19,907 [INFO] PluginManage:359 - Loaded plugin projectmanager (category:projectmanager,tabindex:3)
2024-04-27 14:33:19,907 [INFO] PluginManage:310 - Check plugin thirdparty
2024-04-27 14:33:20,050 [INFO] PluginManage:359 - Loaded plugin thirdparty (category:base,tabindex:-1)
2024-04-27 14:33:20,051 [INFO] PluginManage:310 - Check plugin tools
2024-04-27 14:33:20,050 [WARN] IntegrityCheckThread:84 - waiting for thirdparty lock release [integrity check]
2024-04-27 14:33:20,052 [INFO] IntegrityCheckThread:86 - entering critical section [integrity check]
2024-04-27 14:33:20,053 [INFO] ThirdPartyUpdaterWithRetryManager:70 - Updater plugin not ready yet. [1/15]
2024-04-27 14:33:20,054 [INFO] PluginManage:359 - Loaded plugin tools (category:base,tabindex:7)
2024-04-27 14:33:20,054 [INFO] PluginManage:310 - Check plugin tutovideos
2024-04-27 14:33:20,190 [INFO] PluginManage:359 - Loaded plugin tutovideos (category:base,tabindex:-1)
2024-04-27 14:33:20,190 [INFO] PluginManage:310 - Check plugin updater
2024-04-27 14:33:20,203 [INFO] PluginManage:359 - Loaded plugin updater (category:base,tabindex:12)
2024-04-27 14:33:20,203 [INFO] PluginManage:310 - Check plugin userauth
2024-04-27 14:33:20,209 [INFO] UserAuth:114 - Init User Auth plugin
2024-04-27 14:33:20,209 [INFO] PluginManage:359 - Loaded plugin userauth (category:base,tabindex:14)
2024-04-27 14:33:20,209 [INFO] PluginManage:283 - PluginManage : Loaded plugins [17]
2024-04-27 14:33:20,399 [INFO] PinOutPanel:1499 - setPackage(No Configuration,No Configuration)
2024-04-27 14:33:20,448 [INFO] CADModel:165 - CPN selected for project level
2024-04-27 14:33:20,448 [INFO] CADModel:114 - Register for checkConnection events
2024-04-27 14:33:20,456 [INFO] IPUIPlugin:80 - create IPUIPlugin
2024-04-27 14:33:20,456 [INFO] PluginManager:220 - loadIPPluginJar : add mdma
2024-04-27 14:33:20,460 [INFO] IPUIPlugin:80 - create IPUIPlugin
2024-04-27 14:33:20,460 [INFO] PluginManager:220 - loadIPPluginJar : add freertos
2024-04-27 14:33:20,471 [INFO] IPUIPlugin:80 - create IPUIPlugin
2024-04-27 14:33:20,471 [INFO] PluginManager:220 - loadIPPluginJar : add gic
2024-04-27 14:33:20,478 [INFO] IPUIPlugin:80 - create IPUIPlugin
2024-04-27 14:33:20,478 [INFO] PluginManager:220 - loadIPPluginJar : add adc
2024-04-27 14:33:20,480 [INFO] IPUIPlugin:80 - create IPUIPlugin
2024-04-27 14:33:20,480 [INFO] PluginManager:220 - loadIPPluginJar : add gtzc
2024-04-27 14:33:20,481 [INFO] IPUIPlugin:80 - create IPUIPlugin
2024-04-27 14:33:20,481 [INFO] PluginManager:220 - loadIPPluginJar : add quadspi
2024-04-27 14:33:20,482 [INFO] IPUIPlugin:80 - create IPUIPlugin
2024-04-27 14:33:20,482 [INFO] PluginManager:220 - loadIPPluginJar : add aes
2024-04-27 14:33:20,484 [INFO] IPUIPlugin:80 - create IPUIPlugin
2024-04-27 14:33:20,484 [INFO] PluginManager:220 - loadIPPluginJar : add pdm2pcm
2024-04-27 14:33:20,485 [INFO] IPUIPlugin:80 - create IPUIPlugin
2024-04-27 14:33:20,485 [INFO] PluginManager:220 - loadIPPluginJar : add hash
2024-04-27 14:33:20,486 [INFO] IPUIPlugin:80 - create IPUIPlugin
2024-04-27 14:33:20,486 [INFO] PluginManager:220 - loadIPPluginJar : add tim
2024-04-27 14:33:20,487 [INFO] IPUIPlugin:80 - create IPUIPlugin
2024-04-27 14:33:20,487 [INFO] PluginManager:220 - loadIPPluginJar : add tsc
2024-04-27 14:33:20,488 [INFO] IPUIPlugin:80 - create IPUIPlugin
2024-04-27 14:33:20,488 [INFO] PluginManager:220 - loadIPPluginJar : add ts
2024-04-27 14:33:20,489 [INFO] IPUIPlugin:80 - create IPUIPlugin
2024-04-27 14:33:20,489 [INFO] PluginManager:220 - loadIPPluginJar : add can
2024-04-27 14:33:20,492 [INFO] IPUIPlugin:80 - create IPUIPlugin
2024-04-27 14:33:20,492 [INFO] PluginManager:220 - loadIPPluginJar : add dma3
2024-04-27 14:33:20,493 [INFO] IPUIPlugin:80 - create IPUIPlugin
2024-04-27 14:33:20,493 [INFO] PluginManager:220 - loadIPPluginJar : add dfsdm
2024-04-27 14:33:20,493 [INFO] IPUIPlugin:80 - create IPUIPlugin
2024-04-27 14:33:20,494 [INFO] PluginManager:220 - loadIPPluginJar : add spi
2024-04-27 14:33:20,495 [INFO] IPUIPlugin:80 - create IPUIPlugin
2024-04-27 14:33:20,495 [INFO] PluginManager:220 - loadIPPluginJar : add gfxmmu
2024-04-27 14:33:20,495 [INFO] IPUIPlugin:80 - create IPUIPlugin
2024-04-27 14:33:20,496 [INFO] PluginManager:220 - loadIPPluginJar : add genericplugin
2024-04-27 14:33:20,496 [INFO] IPUIPlugin:80 - create IPUIPlugin
2024-04-27 14:33:20,497 [INFO] PluginManager:220 - loadIPPluginJar : add cryp
2024-04-27 14:33:20,499 [INFO] IPUIPlugin:80 - create IPUIPlugin
2024-04-27 14:33:20,499 [INFO] PluginManager:220 - loadIPPluginJar : add gpio
2024-04-27 14:33:20,500 [INFO] IPUIPlugin:80 - create IPUIPlugin
2024-04-27 14:33:20,500 [INFO] PluginManager:220 - loadIPPluginJar : add comp
2024-04-27 14:33:20,501 [INFO] IPUIPlugin:80 - create IPUIPlugin
2024-04-27 14:33:20,501 [INFO] PluginManager:220 - loadIPPluginJar : add tracer_emb
2024-04-27 14:33:20,524 [INFO] IPUIPlugin:80 - create IPUIPlugin
2024-04-27 14:33:20,528 [INFO] PluginManager:220 - loadIPPluginJar : add openamp
2024-04-27 14:33:20,549 [INFO] IPUIPlugin:80 - create IPUIPlugin
2024-04-27 14:33:20,549 [INFO] PluginManager:220 - loadIPPluginJar : add stm32_wpan
2024-04-27 14:33:20,552 [INFO] IPUIPlugin:80 - create IPUIPlugin
2024-04-27 14:33:20,566 [INFO] PluginManager:220 - loadIPPluginJar : add plateformsettings
2024-04-27 14:33:20,569 [INFO] IPUIPlugin:80 - create IPUIPlugin
2024-04-27 14:33:20,569 [INFO] PluginManager:220 - loadIPPluginJar : add ipddr
2024-04-27 14:33:20,570 [INFO] IPUIPlugin:80 - create IPUIPlugin
2024-04-27 14:33:20,570 [INFO] PluginManager:220 - loadIPPluginJar : add usart
2024-04-27 14:33:20,571 [INFO] IPUIPlugin:80 - create IPUIPlugin
2024-04-27 14:33:20,572 [INFO] PluginManager:220 - loadIPPluginJar : add ltdc
2024-04-27 14:33:20,573 [INFO] IPUIPlugin:80 - create IPUIPlugin
2024-04-27 14:33:20,573 [INFO] PluginManager:220 - loadIPPluginJar : add nvic
2024-04-27 14:33:20,574 [INFO] IPUIPlugin:80 - create IPUIPlugin
2024-04-27 14:33:20,574 [INFO] PluginManager:220 - loadIPPluginJar : add fatfs
2024-04-27 14:33:20,577 [INFO] IPUIPlugin:80 - create IPUIPlugin
2024-04-27 14:33:20,579 [INFO] PluginManager:220 - loadIPPluginJar : add linkedlist
2024-04-27 14:33:20,582 [INFO] IPUIPlugin:80 - create IPUIPlugin
2024-04-27 14:33:20,582 [INFO] PluginManager:220 - loadIPPluginJar : add dma
2024-04-27 14:33:20,584 [INFO] IPUIPlugin:80 - create IPUIPlugin
2024-04-27 14:33:20,584 [INFO] PluginManager:220 - loadIPPluginJar : add fmc
2024-04-27 14:33:20,585 [INFO] IPUIPlugin:80 - create IPUIPlugin
2024-04-27 14:33:20,585 [INFO] PluginManager:220 - loadIPPluginJar : add i2s
2024-04-27 14:33:20,586 [INFO] IPUIPlugin:80 - create IPUIPlugin
2024-04-27 14:33:20,586 [INFO] PluginManager:220 - loadIPPluginJar : add ucpd
2024-04-27 14:33:20,587 [INFO] IPUIPlugin:80 - create IPUIPlugin
2024-04-27 14:33:20,587 [INFO] PluginManager:220 - loadIPPluginJar : add lorawan
2024-04-27 14:33:20,588 [INFO] IPUIPlugin:80 - create IPUIPlugin
2024-04-27 14:33:20,588 [INFO] PluginManager:220 - loadIPPluginJar : add opamp
2024-04-27 14:33:20,589 [INFO] IPUIPlugin:80 - create IPUIPlugin
2024-04-27 14:33:20,589 [INFO] PluginManager:220 - loadIPPluginJar : add i3c
2024-04-27 14:33:20,590 [INFO] IPUIPlugin:80 - create IPUIPlugin
2024-04-27 14:33:20,590 [INFO] PluginManager:220 - loadIPPluginJar : add touchsensing
2024-04-27 14:33:20,591 [INFO] IPUIPlugin:80 - create IPUIPlugin
2024-04-27 14:33:20,592 [INFO] PluginManager:220 - loadIPPluginJar : add i2c
2024-04-27 14:33:20,593 [INFO] IPUIPlugin:80 - create IPUIPlugin
2024-04-27 14:33:20,593 [INFO] PluginManager:220 - loadIPPluginJar : add resmgrutility
2024-04-27 14:33:20,595 [INFO] IPUIPlugin:80 - create IPUIPlugin
2024-04-27 14:33:20,595 [INFO] PluginManager:220 - loadIPPluginJar : add sai
2024-04-27 14:33:20,596 [INFO] IPUIPlugin:80 - create IPUIPlugin
2024-04-27 14:33:20,596 [INFO] PluginManager:220 - loadIPPluginJar : add usbx
2024-04-27 14:33:20,732 [INFO] CADModel:165 - CPN selected for project level
2024-04-27 14:33:20,733 [INFO] CADModel:114 - Register for checkConnection events
2024-04-27 14:33:20,738 [FATAL] Updater:308 - Updater called before beeing initialized
2024-04-27 14:33:20,738 [ERROR] CADModel:125 - Updater not yet initialized, retry later 
2024-04-27 14:33:20,968 [INFO] CADModel:165 - CPN selected for project level
2024-04-27 14:33:20,968 [INFO] CADModel:114 - Register for checkConnection events
2024-04-27 14:33:20,968 [FATAL] Updater:308 - Updater called before beeing initialized
2024-04-27 14:33:20,968 [ERROR] CADModel:125 - Updater not yet initialized, retry later 
2024-04-27 14:33:20,970 [FATAL] Updater:308 - Updater called before beeing initialized
2024-04-27 14:33:21,122 [FATAL] Updater:308 - Updater called before beeing initialized
2024-04-27 14:33:21,126 [INFO] DbMcusAds:53 - JSON generation date=Wed Nov 29 04:52:27 CST 2023 (1701255147349)
2024-04-27 14:33:21,127 [FATAL] Updater:308 - Updater called before beeing initialized
2024-04-27 14:33:21,169 [WARN] DetailPanel:346 - Failed to get advertising image, set to default
2024-04-27 14:33:21,227 [FATAL] Updater:308 - Updater called before beeing initialized
2024-04-27 14:33:21,228 [FATAL] Updater:308 - Updater called before beeing initialized
2024-04-27 14:33:21,229 [FATAL] Updater:308 - Updater called before beeing initialized
2024-04-27 14:33:21,229 [WARN] DetailPanel:346 - Failed to get advertising image, set to default
2024-04-27 14:33:21,229 [FATAL] Updater:308 - Updater called before beeing initialized
2024-04-27 14:33:21,273 [ERROR] Updater:1120 - MainUpdater not yet initialized. External WinMGr cannot be set.
2024-04-27 14:33:21,306 [INFO] Updater:1056 - Updater Version found : 6.10.0
2024-04-27 14:33:21,317 [INFO] ApplicationProperties:184 - Using Application install path: /Applications/STM32CubeIDE.app/Contents/Eclipse/plugins/com.st.stm32cube.common.mx_6.10.0.202311202037
2024-04-27 14:33:21,646 [INFO] MainUpdater:2873 - connection check result : 10
2024-04-27 14:33:21,647 [INFO] MainUpdater:3567 - Updater definition file requires update
2024-04-27 14:33:21,647 [INFO] MainUpdater:290 - Updater Check For Update Now.
2024-04-27 14:33:21,648 [INFO] MicroXplorer:498 - Change Database Version : DB.6.0.100
2024-04-27 14:33:21,654 [INFO] McuFinderGlobals:63 - Set McuFinder mode to 2 (CubeIDE integrated)
2024-04-27 14:33:21,655 [INFO] UserAuth:180 - activating auth plugin
2024-04-27 14:33:21,661 [INFO] UserAuth:404 - Internet connection configuration mode: 1
2024-04-27 14:33:21,675 [INFO] JxBrowserEngine:152 - Initiate JxBrowser Engine with user profile folder
2024-04-27 14:33:21,755 [INFO] ServerAccessManage:473 - Download File updaters.zip
2024-04-27 14:33:21,891 [INFO] FileExtend:240 - Unzip File : updaters.zip
2024-04-27 14:33:21,893 [INFO] FileExtend:255 - Standard Zip Deflate
2024-04-27 14:33:22,207 [INFO] ServerAccessManage:473 - Download File PacksControlFlags.xml
2024-04-27 14:33:22,375 [INFO] ServerAccessManage:473 - Download File cubemx.pidx
2024-04-27 14:33:23,058 [WARN] MainUpdater:1194 - Updater busy. Cannot search thirdparties
2024-04-27 14:33:23,059 [INFO] ThirdPartyUpdaterWithRetryManager:96 - Updater plugin is busy. [1/15]
2024-04-27 14:33:23,116 [INFO] ServerAccessManage:473 - Download File STMicroelectronics.X-CUBE-FREERTOS.pdsc
2024-04-27 14:33:24,302 [WARN] PackLoader:240 - Cannot read IP mode file for STMicroelectronics.X-CUBE-FREERTOS.1.2.0
2024-04-27 14:33:24,324 [INFO] PopulateThirdPartyThread:66 - Ending populate Thread
2024-04-27 14:33:24,326 [INFO] ThirdParty:1030 - CMSIS Pack Vendor :STMicroelectronics X-CUBE-FREERTOS 1.2.0
2024-04-27 14:33:24,326 [INFO] LoadServerUpdatesThread:375 - End of LoadServerUpdate Thread
2024-04-27 14:33:24,455 [INFO] CheckServerUpdateThread:120 - End of CheckServer Thread
2024-04-27 14:33:26,194 [WARN] PackLoader:240 - Cannot read IP mode file for STMicroelectronics.FP-SNS-MOTENVWB1.1.4.0
2024-04-27 14:33:26,206 [WARN] PackLoader:240 - Cannot read IP mode file for STMicroelectronics.X-CUBE-SMBUS.2.1.0
2024-04-27 14:33:26,226 [WARN] PackLoader:240 - Cannot read IP mode file for STMicroelectronics.X-CUBE-TOUCHGFX.4.23.1
2024-04-27 14:33:26,229 [WARN] PackLoader:240 - Cannot read IP mode file for STMicroelectronics.X-CUBE-TOUCHGFX.4.23.0
2024-04-27 14:33:26,230 [WARN] PackLoader:240 - Cannot read IP mode file for STMicroelectronics.X-CUBE-TOUCHGFX.4.23.2
2024-04-27 14:33:26,289 [WARN] PackLoader:240 - Cannot read IP mode file for STMicroelectronics.X-CUBE-AZRTOS-F7.1.1.0
2024-04-27 14:33:26,349 [WARN] PackLoader:240 - Cannot read IP mode file for STMicroelectronics.FP-SNS-MOTENV1.4.3.2
2024-04-27 14:33:26,395 [WARN] PackLoader:240 - Cannot read IP mode file for STMicroelectronics.FP-SNS-FLIGHT1.5.0.2
2024-04-27 14:33:26,410 [WARN] PackLoader:240 - Cannot read IP mode file for STMicroelectronics.X-CUBE-DISPLAY.3.0.0
2024-04-27 14:33:26,453 [WARN] PackLoader:240 - Cannot read IP mode file for STMicroelectronics.X-CUBE-BLE1.7.0.0
2024-04-27 14:33:26,475 [WARN] PackLoader:240 - Cannot read IP mode file for emotas.I-CUBE-CANOPEN.1.3.0
2024-04-27 14:33:26,501 [WARN] PackLoader:240 - Cannot read IP mode file for STMicroelectronics.FP-SNS-SMARTAG2.1.2.0
2024-04-27 14:33:26,522 [INFO] LogOutputStream:77 - [STDOUT_REDIRECT] 1 : Invalid condition id : UX_CORESTACK_Condition cause : null
2024-04-27 14:33:26,523 [INFO] LogOutputStream:77 - [STDOUT_REDIRECT] 1 : Invalid condition id : UX_CORESTACK_Condition cause : null
2024-04-27 14:33:26,524 [INFO] LogOutputStream:77 - [STDOUT_REDIRECT] 1 : Invalid condition id : UX_CORESTACK_Condition cause : null
2024-04-27 14:33:26,525 [INFO] LogOutputStream:77 - [STDOUT_REDIRECT] 1 : Invalid condition id : UX_CORESTACK_Condition cause : null
2024-04-27 14:33:26,525 [INFO] LogOutputStream:77 - [STDOUT_REDIRECT] 1 : Invalid condition id : UX_CORESTACK_Condition cause : null
2024-04-27 14:33:26,538 [WARN] PackLoader:240 - Cannot read IP mode file for STMicroelectronics.X-CUBE-AZRTOS-WL.2.0.0
2024-04-27 14:33:26,559 [WARN] PackLoader:240 - Cannot read IP mode file for STMicroelectronics.FP-SNS-MOTENV1.5.0.0
2024-04-27 14:33:26,581 [WARN] PackLoader:240 - Cannot read IP mode file for WES.I-CUBE-Cesium.1.3.0
2024-04-27 14:33:26,595 [WARN] PackLoader:240 - Cannot read IP mode file for STMicroelectronics.X-CUBE-BLE2.3.3.0
2024-04-27 14:33:26,603 [WARN] PackLoader:240 - Cannot read IP mode file for STMicroelectronics.X-CUBE-TCPP.4.1.0
2024-04-27 14:33:26,676 [WARN] PackLoader:240 - Cannot read IP mode file for STMicroelectronics.X-CUBE-ALGOBUILD.1.3.0
2024-04-27 14:33:26,747 [WARN] PackLoader:240 - Cannot read IP mode file for STMicroelectronics.X-CUBE-AZRTOS-G0.1.1.0
2024-04-27 14:33:26,827 [WARN] PackLoader:240 - Cannot read IP mode file for STMicroelectronics.X-CUBE-SAFEA1.1.2.2
2024-04-27 14:33:26,875 [WARN] PackLoader:240 - Cannot read IP mode file for STMicroelectronics.X-CUBE-NFC4.3.0.0
2024-04-27 14:33:26,886 [WARN] PackLoader:240 - Cannot read IP mode file for wolfSSL.I-CUBE-wolfSSL.5.7.0
2024-04-27 14:33:26,908 [WARN] PackLoader:240 - Cannot read IP mode file for STMicroelectronics.FP-ATR-SIGFOX1.3.2.0
2024-04-27 14:33:26,925 [WARN] PackLoader:240 - Cannot read IP mode file for ITTIA_DB.I-CUBE-ITTIADB.8.9.0
2024-04-27 14:33:26,975 [INFO] WebApp:161 - Instantiating new browser for Auth
2024-04-27 14:33:27,000 [WARN] PackLoader:240 - Cannot read IP mode file for SEGGER.I-CUBE-embOS.1.3.1
2024-04-27 14:33:27,093 [WARN] PackLoader:240 - Cannot read IP mode file for STMicroelectronics.X-CUBE-GNSS1.6.0.0
2024-04-27 14:33:27,155 [WARN] PackLoader:240 - Cannot read IP mode file for STMicroelectronics.X-CUBE-AZRTOS-F4.1.1.0
2024-04-27 14:33:27,172 [WARN] PackLoader:240 - Cannot read IP mode file for STMicroelectronics.X-CUBE-FREERTOS.1.2.0
2024-04-27 14:33:27,195 [WARN] PackLoader:240 - Cannot read IP mode file for STMicroelectronics.X-CUBE-AZRTOS-L5.2.0.0
2024-04-27 14:33:27,216 [WARN] PackLoader:240 - Cannot read IP mode file for STMicroelectronics.X-CUBE-NFC6.3.1.0
2024-04-27 14:33:27,231 [WARN] PackLoader:240 - Cannot read IP mode file for STMicroelectronics.X-CUBE-AI.9.0.0
2024-04-27 14:33:27,241 [WARN] PackLoader:240 - Cannot read IP mode file for STMicroelectronics.X-CUBE-NFC7.1.0.1
2024-04-27 14:33:27,262 [WARN] PackLoader:240 - Cannot read IP mode file for STMicroelectronics.X-CUBE-NFC6.3.0.0
2024-04-27 14:33:27,278 [WARN] PackLoader:240 - Cannot read IP mode file for STMicroelectronics.X-CUBE-AI.8.1.0
2024-04-27 14:33:27,304 [WARN] ConditionMgr:438 - getConditionDescription Invalid condition id : LAN8742 Phy interface Condition cause : null
2024-04-27 14:33:27,306 [WARN] PackLoader:240 - Cannot read IP mode file for STMicroelectronics.X-CUBE-AZRTOS-L4.2.0.0
2024-04-27 14:33:27,310 [WARN] ConditionMgr:1039 - genDependencies : Invalid condition id : LAN8742 Phy interface Condition cause : null
2024-04-27 14:33:27,310 [WARN] ConditionMgr:1039 - genDependencies : Invalid condition id : LAN8742 Phy interface Condition cause : null
2024-04-27 14:33:27,312 [WARN] ConditionMgr:1039 - genDependencies : Invalid condition id : LAN8742 Phy interface Condition cause : null
2024-04-27 14:33:27,324 [WARN] PackLoader:240 - Cannot read IP mode file for STMicroelectronics.X-CUBE-SFXS2LP1.4.0.0
2024-04-27 14:33:27,339 [WARN] ConditionMgr:438 - getConditionDescription Invalid condition id : UX DEVICE CLASS RTOS Condition cause : null
2024-04-27 14:33:27,339 [WARN] ConditionMgr:438 - getConditionDescription Invalid condition id : UX DEVICE CLASS RTOS Condition cause : null
2024-04-27 14:33:27,343 [WARN] PackLoader:240 - Cannot read IP mode file for STMicroelectronics.X-CUBE-AZRTOS-WB.2.0.0
2024-04-27 14:33:27,344 [WARN] ConditionMgr:1039 - genDependencies : Invalid condition id : UX DEVICE CLASS RTOS Condition cause : null
2024-04-27 14:33:27,344 [WARN] ConditionMgr:1039 - genDependencies : Invalid condition id : UX DEVICE CLASS RTOS Condition cause : null
2024-04-27 14:33:27,345 [WARN] ConditionMgr:1039 - genDependencies : Invalid condition id : UX DEVICE CLASS RTOS Condition cause : null
2024-04-27 14:33:27,346 [WARN] ConditionMgr:1039 - genDependencies : Invalid condition id : UX DEVICE CLASS RTOS Condition cause : null
2024-04-27 14:33:27,346 [WARN] ConditionMgr:1039 - genDependencies : Invalid condition id : UX DEVICE CLASS RTOS Condition cause : null
2024-04-27 14:33:27,366 [WARN] PackLoader:240 - Cannot read IP mode file for STMicroelectronics.X-CUBE-SUBG2.5.0.0
2024-04-27 14:33:27,395 [WARN] PackLoader:240 - Cannot read IP mode file for STMicroelectronics.X-CUBE-AZRTOS-G4.2.0.0
2024-04-27 14:33:27,404 [WARN] PackLoader:240 - Cannot read IP mode file for STMicroelectronics.FP-SNS-MOTENVWB1.1.3.1
2024-04-27 14:33:27,464 [WARN] PackLoader:240 - Cannot read IP mode file for STMicroelectronics.X-CUBE-MEMS1.10.0.0
2024-04-27 14:33:27,695 [WARN] PackLoader:240 - Cannot read IP mode file for STMicroelectronics.X-CUBE-FREERTOS.1.1.0
2024-04-27 14:33:27,716 [WARN] PackLoader:240 - Cannot read IP mode file for portGmbH.I-Cube-SoM-uGOAL.1.1.0
2024-04-27 14:33:27,723 [WARN] PackLoader:240 - Cannot read IP mode file for STMicroelectronics.X-CUBE-ALS.1.0.1
2024-04-27 14:33:27,756 [WARN] PackLoader:240 - Cannot read IP mode file for STMicroelectronics.X-CUBE-AZRTOS-H7RS.1.0.0
2024-04-27 14:33:27,768 [WARN] PackLoader:240 - Cannot read IP mode file for STMicroelectronics.FP-ATR-ASTRA1.2.0.0
2024-04-27 14:33:27,790 [WARN] PackLoader:240 - Cannot read IP mode file for Infineon.AIROC-Wi-Fi-Bluetooth-STM32.1.6.0
2024-04-27 14:33:27,800 [INFO] ThirdParty:978 - Integrity check success = true
2024-04-27 14:33:27,800 [INFO] IntegrityCheckThread:100 - exiting critical section [integrity check]
2024-04-27 14:33:27,800 [INFO] IntegrityCheckThread:103 - End integrity checks thread
2024-04-27 14:33:28,540 [INFO] WebApp:780 - Register for checkConnection events
2024-04-27 14:33:28,540 [INFO] WebApp:414 - Apply proxy settings
2024-04-27 14:33:28,552 [INFO] WebApp:459 - Chromium authenticates against Manually configured proxy
2024-04-27 14:33:28,577 [INFO] WebApp:467 - Username used for proxy authentication: 
2024-04-27 14:33:28,722 [INFO] WebApp:192 - Starting web application
2024-04-27 14:33:28,722 [INFO] WebApp:544 - Web application path used /Applications/STM32CubeIDE.app/Contents/Eclipse/plugins/com.st.stm32cube.common.mx_6.10.0.202311202037/db/plugins/mcufinder/reactClient1/index.html
2024-04-27 14:33:50,085 [ERROR] LogOutputStream:75 - [STDERR_REDIRECT] SLF4J: Failed to load class "org.slf4j.impl.StaticLoggerBinder".
2024-04-27 14:33:50,087 [ERROR] LogOutputStream:75 - [STDERR_REDIRECT] SLF4J: Defaulting to no-operation (NOP) logger implementation
2024-04-27 14:33:50,088 [ERROR] LogOutputStream:75 - [STDERR_REDIRECT] SLF4J: See http://www.slf4j.org/codes.html#StaticLoggerBinder for further details.
