2024-06-04 09:53:46,748 [INFO] Activator:176 - 


2024-06-04 09:53:46,754 [INFO] Activator:177 - !SESSION log4j initialized
2024-06-04 09:53:52,999 [INFO] LogOutputStream:77 - [STDOUT_REDIRECT] 
2024-06-04 09:53:53,851 [ERROR] LogOutputStream:75 - [STDERR_REDIRECT] 
2024-06-04 09:53:54,771 [INFO] LogOutputStream:77 - [STDOUT_REDIRECT] 
2024-06-04 09:53:55,746 [INFO] ApplicationProperties:184 - Using Application install path: /Applications/STM32CubeIDE.app/Contents/Eclipse/plugins/com.st.stm32cube.common.mx_6.11.1.202404110753
2024-06-04 09:53:55,769 [INFO] DbMcusXml:78 - Set database path to: /Applications/STM32CubeIDE.app/Contents/Eclipse/plugins/com.st.stm32cube.common.mx_6.11.1.202404110753//db//mcu/
2024-06-04 09:53:55,770 [INFO] ApiDb:274 - Set plugin database path to: /Applications/STM32CubeIDE.app/Contents/Eclipse/plugins/com.st.stm32cube.common.mx_6.11.1.202404110753//db//plugins/boardmanager/
2024-06-04 09:53:55,770 [WARN] ApiDb:259 - Overriding images path with different value:  => /Applications/STM32CubeIDE.app/Contents/Eclipse/plugins/com.st.stm32cube.common.mx_6.11.1.202404110753//db//plugins/mcufinder/images/
2024-06-04 09:53:55,779 [INFO] ApiDb:250 - Set database path to: /Users/richywarrior/.stmcufinder/plugins/mcufinder//mcu/
2024-06-04 09:53:55,781 [INFO] DbMcusAds:125 - Set database path to: /Users/richywarrior/.stmcufinder/plugins/mcufinder//mcu/
2024-06-04 09:53:55,784 [INFO] CrossReferenceDbSqlite:203 - Set database path to: /Users/richywarrior/.stmcufinder/plugins/mcufinder//mcu/cs/
2024-06-04 09:53:56,033 [INFO] RulesReader:64 - Compatibility file has been processed (297 Rules)
2024-06-04 09:53:56,116 [INFO] DbMcusXml:78 - Set database path to: /Applications/STM32CubeIDE.app/Contents/Eclipse/plugins/com.st.stm32cube.common.mx_6.11.1.202404110753//db//mcu/
2024-06-04 09:53:56,117 [INFO] ApiDb:274 - Set plugin database path to: /Applications/STM32CubeIDE.app/Contents/Eclipse/plugins/com.st.stm32cube.common.mx_6.11.1.202404110753//db//plugins/boardmanager/
2024-06-04 09:53:56,118 [INFO] ApiDb:261 - Set plugin images path to: /Applications/STM32CubeIDE.app/Contents/Eclipse/plugins/com.st.stm32cube.common.mx_6.11.1.202404110753//db//plugins/mcufinder/images/
2024-06-04 09:53:56,122 [WARN] DbFile:41 - Overriding database path with different value: /Users/richywarrior/.stmcufinder/plugins/mcufinder/ => /Users/richywarrior/.stmcufinder/plugins/mcufinder
2024-06-04 09:53:56,123 [INFO] ApiDb:250 - Set database path to: /Users/richywarrior/.stmcufinder/plugins/mcufinder//mcu/
2024-06-04 09:53:56,123 [WARN] DbFile:41 - Overriding database path with different value: /Users/richywarrior/.stmcufinder/plugins/mcufinder/ => /Users/richywarrior/.stmcufinder/plugins/mcufinder
2024-06-04 09:53:56,123 [INFO] DbMcusAds:125 - Set database path to: /Users/richywarrior/.stmcufinder/plugins/mcufinder//mcu/
2024-06-04 09:53:56,123 [WARN] DbFile:41 - Overriding database path with different value: /Users/richywarrior/.stmcufinder/plugins/mcufinder/ => /Users/richywarrior/.stmcufinder/plugins/mcufinder
2024-06-04 09:53:56,123 [WARN] DbFile:41 - Overriding database path with different value: /Users/richywarrior/.stmcufinder/plugins/mcufinder/ => /Users/richywarrior/.stmcufinder/plugins/mcufinder
2024-06-04 09:53:56,124 [INFO] CrossReferenceDbSqlite:203 - Set database path to: /Users/richywarrior/.stmcufinder/plugins/mcufinder//mcu/cs/
2024-06-04 09:53:56,327 [INFO] MainPanel:264 - HeapMemory: 268435456
2024-06-04 09:53:56,458 [INFO] DbMcusXml:78 - Set database path to: /Applications/STM32CubeIDE.app/Contents/Eclipse/plugins/com.st.stm32cube.common.mx_6.11.1.202404110753//db//mcu/
2024-06-04 09:53:56,458 [INFO] ApiDb:274 - Set plugin database path to: /Applications/STM32CubeIDE.app/Contents/Eclipse/plugins/com.st.stm32cube.common.mx_6.11.1.202404110753//db//plugins/boardmanager/
2024-06-04 09:53:56,459 [INFO] ApiDb:261 - Set plugin images path to: /Applications/STM32CubeIDE.app/Contents/Eclipse/plugins/com.st.stm32cube.common.mx_6.11.1.202404110753//db//plugins/mcufinder/images/
2024-06-04 09:53:56,459 [WARN] DbFile:41 - Overriding database path with different value: /Users/richywarrior/.stmcufinder/plugins/mcufinder/ => /Users/richywarrior/.stmcufinder/plugins/mcufinder
2024-06-04 09:53:56,459 [INFO] ApiDb:250 - Set database path to: /Users/richywarrior/.stmcufinder/plugins/mcufinder//mcu/
2024-06-04 09:53:56,459 [WARN] DbFile:41 - Overriding database path with different value: /Users/richywarrior/.stmcufinder/plugins/mcufinder/ => /Users/richywarrior/.stmcufinder/plugins/mcufinder
2024-06-04 09:53:56,459 [INFO] DbMcusAds:125 - Set database path to: /Users/richywarrior/.stmcufinder/plugins/mcufinder//mcu/
2024-06-04 09:53:56,459 [WARN] DbFile:41 - Overriding database path with different value: /Users/richywarrior/.stmcufinder/plugins/mcufinder/ => /Users/richywarrior/.stmcufinder/plugins/mcufinder
2024-06-04 09:53:56,459 [WARN] DbFile:41 - Overriding database path with different value: /Users/richywarrior/.stmcufinder/plugins/mcufinder/ => /Users/richywarrior/.stmcufinder/plugins/mcufinder
2024-06-04 09:53:56,459 [INFO] CrossReferenceDbSqlite:203 - Set database path to: /Users/richywarrior/.stmcufinder/plugins/mcufinder//mcu/cs/
2024-06-04 09:53:56,479 [INFO] ApplicationProperties:184 - Using Application install path: /Applications/STM32CubeIDE.app/Contents/Eclipse/plugins/com.st.stm32cube.common.mx_6.11.1.202404110753
2024-06-04 09:53:56,481 [INFO] PluginManage:196 - Search for loadable plugins [exclusion list=, ]
2024-06-04 09:53:56,485 [INFO] PluginManage:310 - Check plugin analytics
2024-06-04 09:53:56,975 [INFO] AnalyticsPlugin:253 - Accepted Software Licenses: 
2024-06-04 09:53:56,979 [INFO] AnalyticsPlugin:255 - Accepted CMSIS Pack Licenses: 
2024-06-04 09:53:56,979 [INFO] AnalyticsPlugin:257 - Accepted Firmware Licenses: 
2024-06-04 09:53:57,014 [INFO] PluginManage:359 - Loaded plugin analytics (category:tool,tabindex:-1)
2024-06-04 09:53:57,018 [INFO] PluginManage:310 - Check plugin cadmodel
2024-06-04 09:53:57,843 [ERROR] LogOutputStream:75 - [STDERR_REDIRECT] [Fatal Error] :2:10: DOCTYPE is disallowed when the feature "http://apache.org/xml/features/disallow-doctype-decl" set to true.
2024-06-04 09:53:57,845 [ERROR] LogOutputStream:75 - [STDERR_REDIRECT] 
2024-06-04 09:53:57,947 [INFO] CADModel:105 - Init CAD model plugin
2024-06-04 09:53:57,948 [INFO] PluginManage:359 - Loaded plugin cadmodel (category:power,tabindex:5)
2024-06-04 09:53:57,948 [INFO] PluginManage:310 - Check plugin clock
2024-06-04 09:53:58,013 [INFO] PluginManage:359 - Loaded plugin clock (category:base,tabindex:2)
2024-06-04 09:53:58,014 [INFO] PluginManage:310 - Check plugin ddr
2024-06-04 09:53:58,016 [INFO] PluginManage:359 - Loaded plugin ddr (category:tool,tabindex:6)
2024-06-04 09:53:58,016 [INFO] PluginManage:310 - Check plugin filemanager
2024-06-04 09:53:58,177 [INFO] PluginManage:359 - Loaded plugin filemanager (category:base,tabindex:10)
2024-06-04 09:53:58,178 [INFO] PluginManage:310 - Check plugin ipmanager
2024-06-04 09:53:58,185 [INFO] PluginManage:359 - Loaded plugin ipmanager (category:base,tabindex:5)
2024-06-04 09:53:58,186 [INFO] PluginManage:310 - Check plugin lpbam
2024-06-04 09:53:58,197 [INFO] PluginManage:359 - Loaded plugin lpbam (category:base,tabindex:0)
2024-06-04 09:53:58,197 [INFO] PluginManage:310 - Check plugin memorymap
2024-06-04 09:53:58,207 [INFO] PluginManage:359 - Loaded plugin memorymap (category:base,tabindex:4)
2024-06-04 09:53:58,207 [INFO] PluginManage:310 - Check plugin pinoutandconfiguration
2024-06-04 09:53:58,211 [INFO] PluginManage:359 - Loaded plugin pinoutandconfiguration (category:base,tabindex:1)
2024-06-04 09:53:58,211 [INFO] PluginManage:310 - Check plugin pinoutconfig
2024-06-04 09:53:58,285 [WARN] SupportedApi:132 - Cannot load RTOS API schema: s4s-elt-must-match.1: The content of 'definitions' must match (annotation?, (simpleType | complexType)?, (unique | key | keyref)*)). A problem was found starting at: attribute.
2024-06-04 09:53:58,431 [INFO] PluginManage:359 - Loaded plugin pinoutconfig (category:base,tabindex:0)
2024-06-04 09:53:58,431 [INFO] PluginManage:310 - Check plugin power
2024-06-04 09:53:58,449 [INFO] PluginManage:359 - Loaded plugin power (category:power,tabindex:4)
2024-06-04 09:53:58,449 [INFO] PluginManage:310 - Check plugin projectmanager
2024-06-04 09:53:58,477 [INFO] PluginManage:359 - Loaded plugin projectmanager (category:projectmanager,tabindex:3)
2024-06-04 09:53:58,477 [INFO] PluginManage:310 - Check plugin thirdparty
2024-06-04 09:53:58,636 [INFO] PluginManage:359 - Loaded plugin thirdparty (category:base,tabindex:-1)
2024-06-04 09:53:58,636 [WARN] IntegrityCheckThread:84 - waiting for thirdparty lock release [integrity check]
2024-06-04 09:53:58,637 [INFO] PluginManage:310 - Check plugin tools
2024-06-04 09:53:58,637 [INFO] IntegrityCheckThread:86 - entering critical section [integrity check]
2024-06-04 09:53:58,639 [INFO] ThirdPartyUpdaterWithRetryManager:70 - Updater plugin not ready yet. [1/15]
2024-06-04 09:53:58,641 [INFO] PluginManage:359 - Loaded plugin tools (category:base,tabindex:7)
2024-06-04 09:53:58,641 [INFO] PluginManage:310 - Check plugin tutovideos
2024-06-04 09:53:58,825 [INFO] PluginManage:359 - Loaded plugin tutovideos (category:base,tabindex:-1)
2024-06-04 09:53:58,827 [INFO] PluginManage:310 - Check plugin updater
2024-06-04 09:53:58,856 [INFO] PluginManage:359 - Loaded plugin updater (category:base,tabindex:12)
2024-06-04 09:53:58,857 [INFO] PluginManage:310 - Check plugin userauth
2024-06-04 09:53:58,864 [INFO] UserAuth:114 - Init User Auth plugin
2024-06-04 09:53:58,864 [INFO] PluginManage:359 - Loaded plugin userauth (category:base,tabindex:14)
2024-06-04 09:53:58,865 [INFO] PluginManage:283 - PluginManage : Loaded plugins [17]
2024-06-04 09:53:59,107 [INFO] PinOutPanel:1561 - setPackage(No Configuration,No Configuration)
2024-06-04 09:53:59,177 [INFO] CADModel:165 - CPN selected for project level
2024-06-04 09:53:59,178 [INFO] CADModel:114 - Register for checkConnection events
2024-06-04 09:53:59,186 [INFO] IPUIPlugin:80 - create IPUIPlugin
2024-06-04 09:53:59,186 [INFO] PluginManager:220 - loadIPPluginJar : add mdma
2024-06-04 09:53:59,190 [INFO] IPUIPlugin:80 - create IPUIPlugin
2024-06-04 09:53:59,191 [INFO] PluginManager:220 - loadIPPluginJar : add freertos
2024-06-04 09:53:59,193 [INFO] IPUIPlugin:80 - create IPUIPlugin
2024-06-04 09:53:59,193 [INFO] PluginManager:220 - loadIPPluginJar : add gic
2024-06-04 09:53:59,197 [INFO] IPUIPlugin:80 - create IPUIPlugin
2024-06-04 09:53:59,198 [INFO] PluginManager:220 - loadIPPluginJar : add adc
2024-06-04 09:53:59,199 [INFO] IPUIPlugin:80 - create IPUIPlugin
2024-06-04 09:53:59,199 [INFO] PluginManager:220 - loadIPPluginJar : add gtzc
2024-06-04 09:53:59,200 [INFO] IPUIPlugin:80 - create IPUIPlugin
2024-06-04 09:53:59,200 [INFO] PluginManager:220 - loadIPPluginJar : add quadspi
2024-06-04 09:53:59,203 [INFO] IPUIPlugin:80 - create IPUIPlugin
2024-06-04 09:53:59,203 [INFO] PluginManager:220 - loadIPPluginJar : add aes
2024-06-04 09:53:59,205 [INFO] IPUIPlugin:80 - create IPUIPlugin
2024-06-04 09:53:59,205 [INFO] PluginManager:220 - loadIPPluginJar : add pdm2pcm
2024-06-04 09:53:59,206 [INFO] IPUIPlugin:80 - create IPUIPlugin
2024-06-04 09:53:59,206 [INFO] PluginManager:220 - loadIPPluginJar : add hash
2024-06-04 09:53:59,207 [INFO] IPUIPlugin:80 - create IPUIPlugin
2024-06-04 09:53:59,207 [INFO] PluginManager:220 - loadIPPluginJar : add tim
2024-06-04 09:53:59,208 [INFO] IPUIPlugin:80 - create IPUIPlugin
2024-06-04 09:53:59,208 [INFO] PluginManager:220 - loadIPPluginJar : add tsc
2024-06-04 09:53:59,209 [INFO] IPUIPlugin:80 - create IPUIPlugin
2024-06-04 09:53:59,210 [INFO] PluginManager:220 - loadIPPluginJar : add extmemmanager
2024-06-04 09:53:59,210 [INFO] IPUIPlugin:80 - create IPUIPlugin
2024-06-04 09:53:59,212 [INFO] PluginManager:220 - loadIPPluginJar : add ts
2024-06-04 09:53:59,214 [INFO] IPUIPlugin:80 - create IPUIPlugin
2024-06-04 09:53:59,215 [INFO] PluginManager:220 - loadIPPluginJar : add can
2024-06-04 09:53:59,216 [INFO] IPUIPlugin:80 - create IPUIPlugin
2024-06-04 09:53:59,216 [INFO] PluginManager:220 - loadIPPluginJar : add dma3
2024-06-04 09:53:59,217 [INFO] IPUIPlugin:80 - create IPUIPlugin
2024-06-04 09:53:59,217 [INFO] PluginManager:220 - loadIPPluginJar : add dfsdm
2024-06-04 09:53:59,219 [INFO] IPUIPlugin:80 - create IPUIPlugin
2024-06-04 09:53:59,219 [INFO] PluginManager:220 - loadIPPluginJar : add spi
2024-06-04 09:53:59,221 [INFO] IPUIPlugin:80 - create IPUIPlugin
2024-06-04 09:53:59,221 [INFO] PluginManager:220 - loadIPPluginJar : add gfxmmu
2024-06-04 09:53:59,222 [INFO] IPUIPlugin:80 - create IPUIPlugin
2024-06-04 09:53:59,222 [INFO] PluginManager:220 - loadIPPluginJar : add genericplugin
2024-06-04 09:53:59,223 [INFO] IPUIPlugin:80 - create IPUIPlugin
2024-06-04 09:53:59,224 [INFO] PluginManager:220 - loadIPPluginJar : add cryp
2024-06-04 09:53:59,226 [INFO] IPUIPlugin:80 - create IPUIPlugin
2024-06-04 09:53:59,226 [INFO] PluginManager:220 - loadIPPluginJar : add gpio
2024-06-04 09:53:59,227 [INFO] IPUIPlugin:80 - create IPUIPlugin
2024-06-04 09:53:59,228 [INFO] PluginManager:220 - loadIPPluginJar : add comp
2024-06-04 09:53:59,229 [INFO] IPUIPlugin:80 - create IPUIPlugin
2024-06-04 09:53:59,229 [INFO] PluginManager:220 - loadIPPluginJar : add tracer_emb
2024-06-04 09:53:59,231 [INFO] IPUIPlugin:80 - create IPUIPlugin
2024-06-04 09:53:59,231 [INFO] PluginManager:220 - loadIPPluginJar : add openamp
2024-06-04 09:53:59,233 [INFO] IPUIPlugin:80 - create IPUIPlugin
2024-06-04 09:53:59,233 [INFO] PluginManager:220 - loadIPPluginJar : add stm32_wpan
2024-06-04 09:53:59,237 [INFO] IPUIPlugin:80 - create IPUIPlugin
2024-06-04 09:53:59,240 [INFO] PluginManager:220 - loadIPPluginJar : add plateformsettings
2024-06-04 09:53:59,242 [INFO] IPUIPlugin:80 - create IPUIPlugin
2024-06-04 09:53:59,242 [INFO] PluginManager:220 - loadIPPluginJar : add ipddr
2024-06-04 09:53:59,243 [INFO] IPUIPlugin:80 - create IPUIPlugin
2024-06-04 09:53:59,243 [INFO] PluginManager:220 - loadIPPluginJar : add usart
2024-06-04 09:53:59,244 [INFO] IPUIPlugin:80 - create IPUIPlugin
2024-06-04 09:53:59,244 [INFO] PluginManager:220 - loadIPPluginJar : add ltdc
2024-06-04 09:53:59,245 [INFO] IPUIPlugin:80 - create IPUIPlugin
2024-06-04 09:53:59,245 [INFO] PluginManager:220 - loadIPPluginJar : add nvic
2024-06-04 09:53:59,246 [INFO] IPUIPlugin:80 - create IPUIPlugin
2024-06-04 09:53:59,246 [INFO] PluginManager:220 - loadIPPluginJar : add fatfs
2024-06-04 09:53:59,251 [INFO] IPUIPlugin:80 - create IPUIPlugin
2024-06-04 09:53:59,251 [INFO] PluginManager:220 - loadIPPluginJar : add linkedlist
2024-06-04 09:53:59,255 [INFO] IPUIPlugin:80 - create IPUIPlugin
2024-06-04 09:53:59,255 [INFO] PluginManager:220 - loadIPPluginJar : add dma
2024-06-04 09:53:59,257 [INFO] IPUIPlugin:80 - create IPUIPlugin
2024-06-04 09:53:59,257 [INFO] PluginManager:220 - loadIPPluginJar : add fmc
2024-06-04 09:53:59,259 [INFO] IPUIPlugin:80 - create IPUIPlugin
2024-06-04 09:53:59,259 [INFO] PluginManager:220 - loadIPPluginJar : add i2s
2024-06-04 09:53:59,260 [INFO] IPUIPlugin:80 - create IPUIPlugin
2024-06-04 09:53:59,260 [INFO] PluginManager:220 - loadIPPluginJar : add ucpd
2024-06-04 09:53:59,261 [INFO] IPUIPlugin:80 - create IPUIPlugin
2024-06-04 09:53:59,261 [INFO] PluginManager:220 - loadIPPluginJar : add lorawan
2024-06-04 09:53:59,262 [INFO] IPUIPlugin:80 - create IPUIPlugin
2024-06-04 09:53:59,262 [INFO] PluginManager:220 - loadIPPluginJar : add opamp
2024-06-04 09:53:59,263 [INFO] IPUIPlugin:80 - create IPUIPlugin
2024-06-04 09:53:59,263 [INFO] PluginManager:220 - loadIPPluginJar : add i3c
2024-06-04 09:53:59,265 [INFO] IPUIPlugin:80 - create IPUIPlugin
2024-06-04 09:53:59,266 [INFO] PluginManager:220 - loadIPPluginJar : add touchsensing
2024-06-04 09:53:59,267 [INFO] IPUIPlugin:80 - create IPUIPlugin
2024-06-04 09:53:59,267 [INFO] PluginManager:220 - loadIPPluginJar : add i2c
2024-06-04 09:53:59,269 [INFO] IPUIPlugin:80 - create IPUIPlugin
2024-06-04 09:53:59,269 [INFO] PluginManager:220 - loadIPPluginJar : add resmgrutility
2024-06-04 09:53:59,270 [INFO] IPUIPlugin:80 - create IPUIPlugin
2024-06-04 09:53:59,270 [INFO] PluginManager:220 - loadIPPluginJar : add sai
2024-06-04 09:53:59,272 [INFO] IPUIPlugin:80 - create IPUIPlugin
2024-06-04 09:53:59,272 [INFO] PluginManager:220 - loadIPPluginJar : add usbx
2024-06-04 09:53:59,384 [INFO] CADModel:165 - CPN selected for project level
2024-06-04 09:53:59,385 [INFO] CADModel:114 - Register for checkConnection events
2024-06-04 09:53:59,386 [FATAL] Updater:308 - Updater called before beeing initialized
2024-06-04 09:53:59,386 [ERROR] CADModel:125 - Updater not yet initialized, retry later 
2024-06-04 09:53:59,648 [INFO] CADModel:165 - CPN selected for project level
2024-06-04 09:53:59,648 [INFO] CADModel:114 - Register for checkConnection events
2024-06-04 09:53:59,648 [FATAL] Updater:308 - Updater called before beeing initialized
2024-06-04 09:53:59,648 [ERROR] CADModel:125 - Updater not yet initialized, retry later 
2024-06-04 09:53:59,651 [FATAL] Updater:308 - Updater called before beeing initialized
2024-06-04 09:53:59,817 [FATAL] Updater:308 - Updater called before beeing initialized
2024-06-04 09:53:59,822 [INFO] DbMcusAds:53 - JSON generation date=Thu May 16 03:22:00 CST 2024 (1715851320852)
2024-06-04 09:53:59,822 [FATAL] Updater:308 - Updater called before beeing initialized
2024-06-04 09:53:59,881 [WARN] DetailPanel:346 - Failed to get advertising image, set to default
2024-06-04 09:54:00,072 [FATAL] Updater:308 - Updater called before beeing initialized
2024-06-04 09:54:00,083 [FATAL] Updater:308 - Updater called before beeing initialized
2024-06-04 09:54:00,083 [FATAL] Updater:308 - Updater called before beeing initialized
2024-06-04 09:54:00,084 [WARN] DetailPanel:346 - Failed to get advertising image, set to default
2024-06-04 09:54:00,092 [FATAL] Updater:308 - Updater called before beeing initialized
2024-06-04 09:54:00,183 [ERROR] Updater:1120 - MainUpdater not yet initialized. External WinMGr cannot be set.
2024-06-04 09:54:00,239 [INFO] Updater:1056 - Updater Version found : 6.11.1
2024-06-04 09:54:00,252 [INFO] ApplicationProperties:184 - Using Application install path: /Applications/STM32CubeIDE.app/Contents/Eclipse/plugins/com.st.stm32cube.common.mx_6.11.1.202404110753
2024-06-04 09:54:01,646 [INFO] ThirdPartyUpdaterWithRetryManager:70 - Updater plugin not ready yet. [2/15]
2024-06-04 09:54:03,849 [INFO] MainUpdater:2873 - connection check result : 10
2024-06-04 09:54:03,850 [INFO] MainUpdater:3567 - Updater definition file requires update
2024-06-04 09:54:03,851 [INFO] MainUpdater:290 - Updater Check For Update Now.
2024-06-04 09:54:03,851 [INFO] MicroXplorer:498 - Change Database Version : DB.6.0.111
2024-06-04 09:54:03,864 [INFO] McuFinderGlobals:63 - Set McuFinder mode to 2 (CubeIDE integrated)
2024-06-04 09:54:03,879 [INFO] UserAuth:415 - Internet connection configuration mode: 1
2024-06-04 09:54:03,890 [INFO] JxBrowserEngine:152 - Initiate JxBrowser Engine with user profile folder
2024-06-04 09:54:04,137 [INFO] ServerAccessManage:473 - Download File updaters.zip
2024-06-04 09:54:04,321 [INFO] FileExtend:240 - Unzip File : updaters.zip
2024-06-04 09:54:04,322 [INFO] FileExtend:255 - Standard Zip Deflate
2024-06-04 09:54:04,666 [WARN] MainUpdater:1194 - Updater busy. Cannot search thirdparties
2024-06-04 09:54:04,671 [INFO] ThirdPartyUpdaterWithRetryManager:96 - Updater plugin is busy. [1/15]
2024-06-04 09:54:04,726 [INFO] ServerAccessManage:473 - Download File PacksControlFlags.xml
2024-06-04 09:54:04,856 [INFO] ServerAccessManage:473 - Download File cubemx.pidx
2024-06-04 09:54:06,975 [INFO] ServerAccessManage:473 - Download File wolfSSL.I-CUBE-wolfMQTT.pdsc
2024-06-04 09:54:07,679 [WARN] MainUpdater:1194 - Updater busy. Cannot search thirdparties
2024-06-04 09:54:07,680 [INFO] ThirdPartyUpdaterWithRetryManager:96 - Updater plugin is busy. [2/15]
2024-06-04 09:54:07,727 [ERROR] ServerAccessManage:1089 - Problem, file not found on Server
2024-06-04 09:54:08,040 [WARN] PackLoader:240 - Cannot read IP mode file for wolfSSL.I-CUBE-wolfMQTT.1.18.0
2024-06-04 09:54:08,047 [INFO] PopulateThirdPartyThread:66 - Ending populate Thread
2024-06-04 09:54:08,049 [INFO] ThirdParty:1030 - CMSIS Pack Vendor :wolfSSL I-CUBE-wolfMQTT 1.18.0
2024-06-04 09:54:08,049 [INFO] LoadServerUpdatesThread:375 - End of LoadServerUpdate Thread
2024-06-04 09:54:08,205 [INFO] CheckServerUpdateThread:120 - End of CheckServer Thread
2024-06-04 09:54:10,312 [INFO] WebApp:161 - Instantiating new browser for Auth
2024-06-04 09:54:10,787 [WARN] PackLoader:240 - Cannot read IP mode file for STMicroelectronics.FP-SNS-MOTENVWB1.1.4.0
2024-06-04 09:54:10,800 [WARN] PackLoader:240 - Cannot read IP mode file for STMicroelectronics.X-CUBE-SMBUS.2.1.0
2024-06-04 09:54:10,819 [WARN] PackLoader:240 - Cannot read IP mode file for STMicroelectronics.X-CUBE-TOUCHGFX.4.23.1
2024-06-04 09:54:10,822 [WARN] PackLoader:240 - Cannot read IP mode file for STMicroelectronics.X-CUBE-TOUCHGFX.4.23.0
2024-06-04 09:54:10,824 [WARN] PackLoader:240 - Cannot read IP mode file for STMicroelectronics.X-CUBE-TOUCHGFX.4.23.2
2024-06-04 09:54:10,873 [WARN] PackLoader:240 - Cannot read IP mode file for STMicroelectronics.X-CUBE-AZRTOS-F7.1.1.0
2024-06-04 09:54:10,931 [WARN] PackLoader:240 - Cannot read IP mode file for STMicroelectronics.FP-SNS-MOTENV1.4.3.2
2024-06-04 09:54:10,959 [WARN] PackLoader:240 - Cannot read IP mode file for STMicroelectronics.FP-SNS-FLIGHT1.5.0.2
2024-06-04 09:54:10,988 [WARN] PackLoader:240 - Cannot read IP mode file for STMicroelectronics.X-CUBE-DISPLAY.3.0.0
2024-06-04 09:54:11,039 [WARN] PackLoader:240 - Cannot read IP mode file for STMicroelectronics.X-CUBE-BLE1.7.0.0
2024-06-04 09:54:11,048 [WARN] PackLoader:240 - Cannot read IP mode file for emotas.I-CUBE-CANOPEN.1.3.0
2024-06-04 09:54:11,069 [WARN] PackLoader:240 - Cannot read IP mode file for STMicroelectronics.FP-SNS-SMARTAG2.1.2.0
2024-06-04 09:54:11,102 [INFO] LogOutputStream:77 - [STDOUT_REDIRECT] 1 : Invalid condition id : UX_CORESTACK_Condition cause : null
2024-06-04 09:54:11,104 [INFO] LogOutputStream:77 - [STDOUT_REDIRECT] 1 : Invalid condition id : UX_CORESTACK_Condition cause : null
2024-06-04 09:54:11,105 [INFO] LogOutputStream:77 - [STDOUT_REDIRECT] 1 : Invalid condition id : UX_CORESTACK_Condition cause : null
2024-06-04 09:54:11,106 [INFO] LogOutputStream:77 - [STDOUT_REDIRECT] 1 : Invalid condition id : UX_CORESTACK_Condition cause : null
2024-06-04 09:54:11,106 [INFO] LogOutputStream:77 - [STDOUT_REDIRECT] 1 : Invalid condition id : UX_CORESTACK_Condition cause : null
2024-06-04 09:54:11,113 [WARN] PackLoader:240 - Cannot read IP mode file for STMicroelectronics.X-CUBE-AZRTOS-WL.2.0.0
2024-06-04 09:54:11,124 [WARN] PackLoader:240 - Cannot read IP mode file for STMicroelectronics.FP-SNS-MOTENV1.5.0.0
2024-06-04 09:54:11,149 [WARN] PackLoader:240 - Cannot read IP mode file for WES.I-CUBE-Cesium.1.3.0
2024-06-04 09:54:11,158 [WARN] PackLoader:240 - Cannot read IP mode file for STMicroelectronics.X-CUBE-BLE2.3.3.0
2024-06-04 09:54:11,171 [WARN] PackLoader:240 - Cannot read IP mode file for STMicroelectronics.X-CUBE-TCPP.4.1.0
2024-06-04 09:54:11,249 [WARN] PackLoader:240 - Cannot read IP mode file for STMicroelectronics.X-CUBE-ALGOBUILD.1.3.0
2024-06-04 09:54:11,294 [WARN] PackLoader:240 - Cannot read IP mode file for STMicroelectronics.X-CUBE-AZRTOS-G0.1.1.0
2024-06-04 09:54:11,327 [WARN] PackLoader:240 - Cannot read IP mode file for STMicroelectronics.X-CUBE-SAFEA1.1.2.2
2024-06-04 09:54:11,372 [WARN] PackLoader:240 - Cannot read IP mode file for STMicroelectronics.X-CUBE-NFC4.3.0.0
2024-06-04 09:54:11,386 [WARN] PackLoader:240 - Cannot read IP mode file for wolfSSL.I-CUBE-wolfMQTT.1.18.0
2024-06-04 09:54:11,392 [WARN] PackLoader:240 - Cannot read IP mode file for wolfSSL.I-CUBE-wolfSSL.5.7.0
2024-06-04 09:54:11,399 [WARN] PackLoader:240 - Cannot read IP mode file for STMicroelectronics.FP-ATR-SIGFOX1.3.2.0
2024-06-04 09:54:11,410 [WARN] PackLoader:240 - Cannot read IP mode file for ITTIA_DB.I-CUBE-ITTIADB.8.9.0
2024-06-04 09:54:11,483 [WARN] PackLoader:240 - Cannot read IP mode file for SEGGER.I-CUBE-embOS.1.3.1
2024-06-04 09:54:11,540 [WARN] PackLoader:240 - Cannot read IP mode file for STMicroelectronics.X-CUBE-ALGOBUILD.1.4.0
2024-06-04 09:54:11,556 [WARN] PackLoader:240 - Cannot read IP mode file for STMicroelectronics.X-CUBE-GNSS1.6.0.0
2024-06-04 09:54:11,601 [WARN] PackLoader:240 - Cannot read IP mode file for STMicroelectronics.X-CUBE-AZRTOS-F4.1.1.0
2024-06-04 09:54:11,619 [WARN] PackLoader:240 - Cannot read IP mode file for STMicroelectronics.X-CUBE-FREERTOS.1.2.0
2024-06-04 09:54:11,644 [WARN] PackLoader:240 - Cannot read IP mode file for STMicroelectronics.X-CUBE-AZRTOS-L5.2.0.0
2024-06-04 09:54:11,659 [WARN] PackLoader:240 - Cannot read IP mode file for STMicroelectronics.X-CUBE-NFC6.3.1.0
2024-06-04 09:54:11,669 [WARN] PackLoader:240 - Cannot read IP mode file for STMicroelectronics.X-CUBE-AI.9.0.0
2024-06-04 09:54:11,677 [WARN] PackLoader:240 - Cannot read IP mode file for STMicroelectronics.X-CUBE-NFC7.1.0.1
2024-06-04 09:54:11,698 [WARN] PackLoader:240 - Cannot read IP mode file for STMicroelectronics.X-CUBE-NFC6.3.0.0
2024-06-04 09:54:11,704 [WARN] PackLoader:240 - Cannot read IP mode file for STMicroelectronics.X-CUBE-AI.8.1.0
2024-06-04 09:54:11,734 [WARN] ConditionMgr:438 - getConditionDescription Invalid condition id : LAN8742 Phy interface Condition cause : null
2024-06-04 09:54:11,737 [WARN] PackLoader:240 - Cannot read IP mode file for STMicroelectronics.X-CUBE-AZRTOS-L4.2.0.0
2024-06-04 09:54:11,743 [WARN] ConditionMgr:1039 - genDependencies : Invalid condition id : LAN8742 Phy interface Condition cause : null
2024-06-04 09:54:11,744 [WARN] ConditionMgr:1039 - genDependencies : Invalid condition id : LAN8742 Phy interface Condition cause : null
2024-06-04 09:54:11,745 [WARN] ConditionMgr:1039 - genDependencies : Invalid condition id : LAN8742 Phy interface Condition cause : null
2024-06-04 09:54:11,758 [WARN] PackLoader:240 - Cannot read IP mode file for STMicroelectronics.X-CUBE-SFXS2LP1.4.0.0
2024-06-04 09:54:11,772 [WARN] ConditionMgr:438 - getConditionDescription Invalid condition id : UX DEVICE CLASS RTOS Condition cause : null
2024-06-04 09:54:11,773 [WARN] ConditionMgr:438 - getConditionDescription Invalid condition id : UX DEVICE CLASS RTOS Condition cause : null
2024-06-04 09:54:11,778 [WARN] PackLoader:240 - Cannot read IP mode file for STMicroelectronics.X-CUBE-AZRTOS-WB.2.0.0
2024-06-04 09:54:11,808 [WARN] ConditionMgr:1039 - genDependencies : Invalid condition id : UX DEVICE CLASS RTOS Condition cause : null
2024-06-04 09:54:11,808 [WARN] ConditionMgr:1039 - genDependencies : Invalid condition id : UX DEVICE CLASS RTOS Condition cause : null
2024-06-04 09:54:11,810 [WARN] ConditionMgr:1039 - genDependencies : Invalid condition id : UX DEVICE CLASS RTOS Condition cause : null
2024-06-04 09:54:11,812 [WARN] ConditionMgr:1039 - genDependencies : Invalid condition id : UX DEVICE CLASS RTOS Condition cause : null
2024-06-04 09:54:11,812 [WARN] ConditionMgr:1039 - genDependencies : Invalid condition id : UX DEVICE CLASS RTOS Condition cause : null
2024-06-04 09:54:11,845 [WARN] PackLoader:240 - Cannot read IP mode file for STMicroelectronics.X-CUBE-SUBG2.5.0.0
2024-06-04 09:54:11,888 [WARN] PackLoader:240 - Cannot read IP mode file for STMicroelectronics.X-CUBE-AZRTOS-G4.2.0.0
2024-06-04 09:54:11,921 [WARN] PackLoader:240 - Cannot read IP mode file for STMicroelectronics.FP-SNS-MOTENVWB1.1.3.1
2024-06-04 09:54:11,928 [WARN] PackLoader:240 - Cannot read IP mode file for STMicroelectronics.X-CUBE-ALS.1.0.2
2024-06-04 09:54:11,992 [INFO] WebApp:779 - Register for checkConnection events
2024-06-04 09:54:11,993 [INFO] WebApp:414 - Apply proxy settings
2024-06-04 09:54:12,001 [WARN] PackLoader:240 - Cannot read IP mode file for STMicroelectronics.X-CUBE-MEMS1.10.0.0
2024-06-04 09:54:12,014 [INFO] WebApp:459 - Chromium authenticates against Manually configured proxy
2024-06-04 09:54:12,037 [INFO] WebApp:467 - Username used for proxy authentication: 
2024-06-04 09:54:12,105 [WARN] PackLoader:240 - Cannot read IP mode file for STMicroelectronics.X-CUBE-FREERTOS.1.1.0
2024-06-04 09:54:12,112 [WARN] PackLoader:240 - Cannot read IP mode file for portGmbH.I-Cube-SoM-uGOAL.1.1.0
2024-06-04 09:54:12,118 [WARN] PackLoader:240 - Cannot read IP mode file for STMicroelectronics.X-CUBE-ALS.1.0.1
2024-06-04 09:54:12,138 [WARN] PackLoader:240 - Cannot read IP mode file for STMicroelectronics.X-CUBE-AZRTOS-H7RS.1.0.0
2024-06-04 09:54:12,151 [WARN] PackLoader:240 - Cannot read IP mode file for STMicroelectronics.FP-ATR-ASTRA1.2.0.0
2024-06-04 09:54:12,177 [WARN] PackLoader:240 - Cannot read IP mode file for Infineon.AIROC-Wi-Fi-Bluetooth-STM32.1.6.0
2024-06-04 09:54:12,186 [INFO] ThirdParty:978 - Integrity check success = true
2024-06-04 09:54:12,186 [INFO] IntegrityCheckThread:100 - exiting critical section [integrity check]
2024-06-04 09:54:12,186 [INFO] IntegrityCheckThread:103 - End integrity checks thread
2024-06-04 09:54:12,196 [INFO] WebApp:192 - Starting web application
2024-06-04 09:54:12,196 [INFO] WebApp:544 - Web application path used /Applications/STM32CubeIDE.app/Contents/Eclipse/plugins/com.st.stm32cube.common.mx_6.11.1.202404110753/db/plugins/mcufinder/reactClient1/index.html
