2024-08-11 22:55:58,638 [INFO] Activator:176 - 


2024-08-11 22:55:58,643 [INFO] Activator:177 - !SESSION log4j initialized
2024-08-11 22:56:04,631 [INFO] LogOutputStream:77 - [STDOUT_REDIRECT] 
2024-08-11 22:56:07,264 [INFO] LogOutputStream:77 - [STDOUT_REDIRECT] 
2024-08-11 22:56:10,557 [ERROR] LogOutputStream:75 - [STDERR_REDIRECT] 
2024-08-11 22:56:12,757 [ERROR] LogOutputStream:75 - [STDERR_REDIRECT] [Fatal Error] :2:10: DOCTYPE no está permitido cuando la función "http://apache.org/xml/features/disallow-doctype-decl" se ha definido en true.
2024-08-11 22:56:12,762 [ERROR] LogOutputStream:75 - [STDERR_REDIRECT] 
2024-08-11 22:56:13,651 [INFO] ApplicationProperties:184 - Using Application install path: /Applications/STM32CubeIDE.app/Contents/Eclipse/plugins/com.st.stm32cube.common.mx_6.11.1.202404110753
2024-08-11 22:56:13,669 [INFO] DbMcusXml:78 - Set database path to: /Applications/STM32CubeIDE.app/Contents/Eclipse/plugins/com.st.stm32cube.common.mx_6.11.1.202404110753//db//mcu/
2024-08-11 22:56:13,670 [INFO] ApiDb:274 - Set plugin database path to: /Applications/STM32CubeIDE.app/Contents/Eclipse/plugins/com.st.stm32cube.common.mx_6.11.1.202404110753//db//plugins/boardmanager/
2024-08-11 22:56:13,670 [WARN] ApiDb:259 - Overriding images path with different value:  => /Applications/STM32CubeIDE.app/Contents/Eclipse/plugins/com.st.stm32cube.common.mx_6.11.1.202404110753//db//plugins/mcufinder/images/
2024-08-11 22:56:13,681 [INFO] ApiDb:250 - Set database path to: /Users/richywarrior/.stmcufinder/plugins/mcufinder//mcu/
2024-08-11 22:56:13,682 [INFO] DbMcusAds:125 - Set database path to: /Users/richywarrior/.stmcufinder/plugins/mcufinder//mcu/
2024-08-11 22:56:13,685 [INFO] CrossReferenceDbSqlite:203 - Set database path to: /Users/richywarrior/.stmcufinder/plugins/mcufinder//mcu/cs/
2024-08-11 22:56:13,829 [INFO] RulesReader:64 - Compatibility file has been processed (297 Rules)
2024-08-11 22:56:13,937 [INFO] DbMcusXml:78 - Set database path to: /Applications/STM32CubeIDE.app/Contents/Eclipse/plugins/com.st.stm32cube.common.mx_6.11.1.202404110753//db//mcu/
2024-08-11 22:56:13,938 [INFO] ApiDb:274 - Set plugin database path to: /Applications/STM32CubeIDE.app/Contents/Eclipse/plugins/com.st.stm32cube.common.mx_6.11.1.202404110753//db//plugins/boardmanager/
2024-08-11 22:56:13,941 [INFO] ApiDb:261 - Set plugin images path to: /Applications/STM32CubeIDE.app/Contents/Eclipse/plugins/com.st.stm32cube.common.mx_6.11.1.202404110753//db//plugins/mcufinder/images/
2024-08-11 22:56:13,942 [WARN] DbFile:41 - Overriding database path with different value: /Users/richywarrior/.stmcufinder/plugins/mcufinder/ => /Users/richywarrior/.stmcufinder/plugins/mcufinder
2024-08-11 22:56:13,943 [INFO] ApiDb:250 - Set database path to: /Users/richywarrior/.stmcufinder/plugins/mcufinder//mcu/
2024-08-11 22:56:13,943 [WARN] DbFile:41 - Overriding database path with different value: /Users/richywarrior/.stmcufinder/plugins/mcufinder/ => /Users/richywarrior/.stmcufinder/plugins/mcufinder
2024-08-11 22:56:13,943 [INFO] DbMcusAds:125 - Set database path to: /Users/richywarrior/.stmcufinder/plugins/mcufinder//mcu/
2024-08-11 22:56:13,943 [WARN] DbFile:41 - Overriding database path with different value: /Users/richywarrior/.stmcufinder/plugins/mcufinder/ => /Users/richywarrior/.stmcufinder/plugins/mcufinder
2024-08-11 22:56:13,943 [WARN] DbFile:41 - Overriding database path with different value: /Users/richywarrior/.stmcufinder/plugins/mcufinder/ => /Users/richywarrior/.stmcufinder/plugins/mcufinder
2024-08-11 22:56:13,943 [INFO] CrossReferenceDbSqlite:203 - Set database path to: /Users/richywarrior/.stmcufinder/plugins/mcufinder//mcu/cs/
2024-08-11 22:56:14,026 [INFO] MainPanel:264 - HeapMemory: 426770432
2024-08-11 22:56:14,116 [INFO] DbMcusXml:78 - Set database path to: /Applications/STM32CubeIDE.app/Contents/Eclipse/plugins/com.st.stm32cube.common.mx_6.11.1.202404110753//db//mcu/
2024-08-11 22:56:14,116 [INFO] ApiDb:274 - Set plugin database path to: /Applications/STM32CubeIDE.app/Contents/Eclipse/plugins/com.st.stm32cube.common.mx_6.11.1.202404110753//db//plugins/boardmanager/
2024-08-11 22:56:14,116 [INFO] ApiDb:261 - Set plugin images path to: /Applications/STM32CubeIDE.app/Contents/Eclipse/plugins/com.st.stm32cube.common.mx_6.11.1.202404110753//db//plugins/mcufinder/images/
2024-08-11 22:56:14,116 [WARN] DbFile:41 - Overriding database path with different value: /Users/richywarrior/.stmcufinder/plugins/mcufinder/ => /Users/richywarrior/.stmcufinder/plugins/mcufinder
2024-08-11 22:56:14,117 [INFO] ApiDb:250 - Set database path to: /Users/richywarrior/.stmcufinder/plugins/mcufinder//mcu/
2024-08-11 22:56:14,117 [WARN] DbFile:41 - Overriding database path with different value: /Users/richywarrior/.stmcufinder/plugins/mcufinder/ => /Users/richywarrior/.stmcufinder/plugins/mcufinder
2024-08-11 22:56:14,117 [INFO] DbMcusAds:125 - Set database path to: /Users/richywarrior/.stmcufinder/plugins/mcufinder//mcu/
2024-08-11 22:56:14,117 [WARN] DbFile:41 - Overriding database path with different value: /Users/richywarrior/.stmcufinder/plugins/mcufinder/ => /Users/richywarrior/.stmcufinder/plugins/mcufinder
2024-08-11 22:56:14,117 [WARN] DbFile:41 - Overriding database path with different value: /Users/richywarrior/.stmcufinder/plugins/mcufinder/ => /Users/richywarrior/.stmcufinder/plugins/mcufinder
2024-08-11 22:56:14,117 [INFO] CrossReferenceDbSqlite:203 - Set database path to: /Users/richywarrior/.stmcufinder/plugins/mcufinder//mcu/cs/
2024-08-11 22:56:14,177 [INFO] ApplicationProperties:184 - Using Application install path: /Applications/STM32CubeIDE.app/Contents/Eclipse/plugins/com.st.stm32cube.common.mx_6.11.1.202404110753
2024-08-11 22:56:14,180 [INFO] PluginManage:196 - Search for loadable plugins [exclusion list=, ]
2024-08-11 22:56:14,182 [INFO] PluginManage:310 - Check plugin analytics
2024-08-11 22:56:14,383 [INFO] AnalyticsPlugin:253 - Accepted Software Licenses: 
2024-08-11 22:56:14,384 [INFO] AnalyticsPlugin:255 - Accepted CMSIS Pack Licenses: 
2024-08-11 22:56:14,384 [INFO] AnalyticsPlugin:257 - Accepted Firmware Licenses: 
2024-08-11 22:56:14,403 [INFO] PluginManage:359 - Loaded plugin analytics (category:tool,tabindex:-1)
2024-08-11 22:56:14,405 [INFO] PluginManage:310 - Check plugin cadmodel
2024-08-11 22:56:14,981 [INFO] CADModel:105 - Init CAD model plugin
2024-08-11 22:56:14,982 [INFO] PluginManage:359 - Loaded plugin cadmodel (category:power,tabindex:5)
2024-08-11 22:56:14,982 [INFO] PluginManage:310 - Check plugin clock
2024-08-11 22:56:14,996 [INFO] PluginManage:359 - Loaded plugin clock (category:base,tabindex:2)
2024-08-11 22:56:14,996 [INFO] PluginManage:310 - Check plugin ddr
2024-08-11 22:56:14,998 [INFO] PluginManage:359 - Loaded plugin ddr (category:tool,tabindex:6)
2024-08-11 22:56:14,998 [INFO] PluginManage:310 - Check plugin filemanager
2024-08-11 22:56:15,134 [INFO] PluginManage:359 - Loaded plugin filemanager (category:base,tabindex:10)
2024-08-11 22:56:15,135 [INFO] PluginManage:310 - Check plugin ipmanager
2024-08-11 22:56:15,141 [INFO] PluginManage:359 - Loaded plugin ipmanager (category:base,tabindex:5)
2024-08-11 22:56:15,141 [INFO] PluginManage:310 - Check plugin lpbam
2024-08-11 22:56:15,147 [INFO] PluginManage:359 - Loaded plugin lpbam (category:base,tabindex:0)
2024-08-11 22:56:15,147 [INFO] PluginManage:310 - Check plugin memorymap
2024-08-11 22:56:15,154 [INFO] PluginManage:359 - Loaded plugin memorymap (category:base,tabindex:4)
2024-08-11 22:56:15,154 [INFO] PluginManage:310 - Check plugin pinoutandconfiguration
2024-08-11 22:56:15,158 [INFO] PluginManage:359 - Loaded plugin pinoutandconfiguration (category:base,tabindex:1)
2024-08-11 22:56:15,158 [INFO] PluginManage:310 - Check plugin pinoutconfig
2024-08-11 22:56:15,229 [WARN] SupportedApi:132 - Cannot load RTOS API schema: s4s-elt-must-match.1: The content of 'definitions' must match (annotation?, (simpleType | complexType)?, (unique | key | keyref)*)). A problem was found starting at: attribute.
2024-08-11 22:56:15,423 [INFO] PluginManage:359 - Loaded plugin pinoutconfig (category:base,tabindex:0)
2024-08-11 22:56:15,423 [INFO] PluginManage:310 - Check plugin power
2024-08-11 22:56:15,436 [INFO] PluginManage:359 - Loaded plugin power (category:power,tabindex:4)
2024-08-11 22:56:15,436 [INFO] PluginManage:310 - Check plugin projectmanager
2024-08-11 22:56:15,462 [INFO] PluginManage:359 - Loaded plugin projectmanager (category:projectmanager,tabindex:3)
2024-08-11 22:56:15,462 [INFO] PluginManage:310 - Check plugin thirdparty
2024-08-11 22:56:15,635 [INFO] PluginManage:359 - Loaded plugin thirdparty (category:base,tabindex:-1)
2024-08-11 22:56:15,635 [WARN] IntegrityCheckThread:84 - waiting for thirdparty lock release [integrity check]
2024-08-11 22:56:15,636 [INFO] PluginManage:310 - Check plugin tools
2024-08-11 22:56:15,636 [INFO] IntegrityCheckThread:86 - entering critical section [integrity check]
2024-08-11 22:56:15,636 [INFO] ThirdPartyUpdaterWithRetryManager:70 - Updater plugin not ready yet. [1/15]
2024-08-11 22:56:15,639 [INFO] PluginManage:359 - Loaded plugin tools (category:base,tabindex:7)
2024-08-11 22:56:15,639 [INFO] PluginManage:310 - Check plugin tutovideos
2024-08-11 22:56:15,776 [INFO] PluginManage:359 - Loaded plugin tutovideos (category:base,tabindex:-1)
2024-08-11 22:56:15,776 [INFO] PluginManage:310 - Check plugin updater
2024-08-11 22:56:15,788 [INFO] PluginManage:359 - Loaded plugin updater (category:base,tabindex:12)
2024-08-11 22:56:15,788 [INFO] PluginManage:310 - Check plugin userauth
2024-08-11 22:56:15,793 [INFO] UserAuth:114 - Init User Auth plugin
2024-08-11 22:56:15,793 [INFO] PluginManage:359 - Loaded plugin userauth (category:base,tabindex:14)
2024-08-11 22:56:15,794 [INFO] PluginManage:283 - PluginManage : Loaded plugins [17]
2024-08-11 22:56:16,062 [INFO] PinOutPanel:1561 - setPackage(No Configuration,No Configuration)
2024-08-11 22:56:16,119 [INFO] CADModel:165 - CPN selected for project level
2024-08-11 22:56:16,120 [INFO] CADModel:114 - Register for checkConnection events
2024-08-11 22:56:16,129 [INFO] IPUIPlugin:80 - create IPUIPlugin
2024-08-11 22:56:16,130 [INFO] PluginManager:220 - loadIPPluginJar : add mdma
2024-08-11 22:56:16,134 [INFO] IPUIPlugin:80 - create IPUIPlugin
2024-08-11 22:56:16,134 [INFO] PluginManager:220 - loadIPPluginJar : add freertos
2024-08-11 22:56:16,138 [INFO] IPUIPlugin:80 - create IPUIPlugin
2024-08-11 22:56:16,138 [INFO] PluginManager:220 - loadIPPluginJar : add gic
2024-08-11 22:56:16,144 [INFO] IPUIPlugin:80 - create IPUIPlugin
2024-08-11 22:56:16,144 [INFO] PluginManager:220 - loadIPPluginJar : add adc
2024-08-11 22:56:16,147 [INFO] IPUIPlugin:80 - create IPUIPlugin
2024-08-11 22:56:16,148 [INFO] PluginManager:220 - loadIPPluginJar : add gtzc
2024-08-11 22:56:16,148 [INFO] IPUIPlugin:80 - create IPUIPlugin
2024-08-11 22:56:16,148 [INFO] PluginManager:220 - loadIPPluginJar : add quadspi
2024-08-11 22:56:16,150 [INFO] IPUIPlugin:80 - create IPUIPlugin
2024-08-11 22:56:16,150 [INFO] PluginManager:220 - loadIPPluginJar : add aes
2024-08-11 22:56:16,151 [INFO] IPUIPlugin:80 - create IPUIPlugin
2024-08-11 22:56:16,151 [INFO] PluginManager:220 - loadIPPluginJar : add pdm2pcm
2024-08-11 22:56:16,152 [INFO] IPUIPlugin:80 - create IPUIPlugin
2024-08-11 22:56:16,152 [INFO] PluginManager:220 - loadIPPluginJar : add hash
2024-08-11 22:56:16,153 [INFO] IPUIPlugin:80 - create IPUIPlugin
2024-08-11 22:56:16,153 [INFO] PluginManager:220 - loadIPPluginJar : add tim
2024-08-11 22:56:16,153 [INFO] IPUIPlugin:80 - create IPUIPlugin
2024-08-11 22:56:16,153 [INFO] PluginManager:220 - loadIPPluginJar : add tsc
2024-08-11 22:56:16,154 [INFO] IPUIPlugin:80 - create IPUIPlugin
2024-08-11 22:56:16,154 [INFO] PluginManager:220 - loadIPPluginJar : add extmemmanager
2024-08-11 22:56:16,155 [INFO] IPUIPlugin:80 - create IPUIPlugin
2024-08-11 22:56:16,156 [INFO] PluginManager:220 - loadIPPluginJar : add ts
2024-08-11 22:56:16,157 [INFO] IPUIPlugin:80 - create IPUIPlugin
2024-08-11 22:56:16,157 [INFO] PluginManager:220 - loadIPPluginJar : add can
2024-08-11 22:56:16,159 [INFO] IPUIPlugin:80 - create IPUIPlugin
2024-08-11 22:56:16,159 [INFO] PluginManager:220 - loadIPPluginJar : add dma3
2024-08-11 22:56:16,161 [INFO] IPUIPlugin:80 - create IPUIPlugin
2024-08-11 22:56:16,161 [INFO] PluginManager:220 - loadIPPluginJar : add dfsdm
2024-08-11 22:56:16,163 [INFO] IPUIPlugin:80 - create IPUIPlugin
2024-08-11 22:56:16,163 [INFO] PluginManager:220 - loadIPPluginJar : add spi
2024-08-11 22:56:16,163 [INFO] IPUIPlugin:80 - create IPUIPlugin
2024-08-11 22:56:16,164 [INFO] PluginManager:220 - loadIPPluginJar : add gfxmmu
2024-08-11 22:56:16,164 [INFO] IPUIPlugin:80 - create IPUIPlugin
2024-08-11 22:56:16,164 [INFO] PluginManager:220 - loadIPPluginJar : add genericplugin
2024-08-11 22:56:16,165 [INFO] IPUIPlugin:80 - create IPUIPlugin
2024-08-11 22:56:16,165 [INFO] PluginManager:220 - loadIPPluginJar : add cryp
2024-08-11 22:56:16,169 [INFO] IPUIPlugin:80 - create IPUIPlugin
2024-08-11 22:56:16,169 [INFO] PluginManager:220 - loadIPPluginJar : add gpio
2024-08-11 22:56:16,170 [INFO] IPUIPlugin:80 - create IPUIPlugin
2024-08-11 22:56:16,170 [INFO] PluginManager:220 - loadIPPluginJar : add comp
2024-08-11 22:56:16,171 [INFO] IPUIPlugin:80 - create IPUIPlugin
2024-08-11 22:56:16,171 [INFO] PluginManager:220 - loadIPPluginJar : add tracer_emb
2024-08-11 22:56:16,172 [INFO] IPUIPlugin:80 - create IPUIPlugin
2024-08-11 22:56:16,172 [INFO] PluginManager:220 - loadIPPluginJar : add openamp
2024-08-11 22:56:16,175 [INFO] IPUIPlugin:80 - create IPUIPlugin
2024-08-11 22:56:16,175 [INFO] PluginManager:220 - loadIPPluginJar : add stm32_wpan
2024-08-11 22:56:16,178 [INFO] IPUIPlugin:80 - create IPUIPlugin
2024-08-11 22:56:16,180 [INFO] PluginManager:220 - loadIPPluginJar : add plateformsettings
2024-08-11 22:56:16,182 [INFO] IPUIPlugin:80 - create IPUIPlugin
2024-08-11 22:56:16,182 [INFO] PluginManager:220 - loadIPPluginJar : add ipddr
2024-08-11 22:56:16,184 [INFO] IPUIPlugin:80 - create IPUIPlugin
2024-08-11 22:56:16,184 [INFO] PluginManager:220 - loadIPPluginJar : add usart
2024-08-11 22:56:16,185 [INFO] IPUIPlugin:80 - create IPUIPlugin
2024-08-11 22:56:16,185 [INFO] PluginManager:220 - loadIPPluginJar : add ltdc
2024-08-11 22:56:16,186 [INFO] IPUIPlugin:80 - create IPUIPlugin
2024-08-11 22:56:16,186 [INFO] PluginManager:220 - loadIPPluginJar : add nvic
2024-08-11 22:56:16,187 [INFO] IPUIPlugin:80 - create IPUIPlugin
2024-08-11 22:56:16,187 [INFO] PluginManager:220 - loadIPPluginJar : add fatfs
2024-08-11 22:56:16,190 [INFO] IPUIPlugin:80 - create IPUIPlugin
2024-08-11 22:56:16,191 [INFO] PluginManager:220 - loadIPPluginJar : add linkedlist
2024-08-11 22:56:16,193 [INFO] IPUIPlugin:80 - create IPUIPlugin
2024-08-11 22:56:16,193 [INFO] PluginManager:220 - loadIPPluginJar : add dma
2024-08-11 22:56:16,195 [INFO] IPUIPlugin:80 - create IPUIPlugin
2024-08-11 22:56:16,195 [INFO] PluginManager:220 - loadIPPluginJar : add fmc
2024-08-11 22:56:16,196 [INFO] IPUIPlugin:80 - create IPUIPlugin
2024-08-11 22:56:16,196 [INFO] PluginManager:220 - loadIPPluginJar : add i2s
2024-08-11 22:56:16,197 [INFO] IPUIPlugin:80 - create IPUIPlugin
2024-08-11 22:56:16,197 [INFO] PluginManager:220 - loadIPPluginJar : add ucpd
2024-08-11 22:56:16,197 [INFO] IPUIPlugin:80 - create IPUIPlugin
2024-08-11 22:56:16,197 [INFO] PluginManager:220 - loadIPPluginJar : add lorawan
2024-08-11 22:56:16,198 [INFO] IPUIPlugin:80 - create IPUIPlugin
2024-08-11 22:56:16,198 [INFO] PluginManager:220 - loadIPPluginJar : add opamp
2024-08-11 22:56:16,200 [INFO] IPUIPlugin:80 - create IPUIPlugin
2024-08-11 22:56:16,200 [INFO] PluginManager:220 - loadIPPluginJar : add i3c
2024-08-11 22:56:16,201 [INFO] IPUIPlugin:80 - create IPUIPlugin
2024-08-11 22:56:16,202 [INFO] PluginManager:220 - loadIPPluginJar : add touchsensing
2024-08-11 22:56:16,202 [INFO] IPUIPlugin:80 - create IPUIPlugin
2024-08-11 22:56:16,202 [INFO] PluginManager:220 - loadIPPluginJar : add i2c
2024-08-11 22:56:16,204 [INFO] IPUIPlugin:80 - create IPUIPlugin
2024-08-11 22:56:16,204 [INFO] PluginManager:220 - loadIPPluginJar : add resmgrutility
2024-08-11 22:56:16,205 [INFO] IPUIPlugin:80 - create IPUIPlugin
2024-08-11 22:56:16,206 [INFO] PluginManager:220 - loadIPPluginJar : add sai
2024-08-11 22:56:16,207 [INFO] IPUIPlugin:80 - create IPUIPlugin
2024-08-11 22:56:16,207 [INFO] PluginManager:220 - loadIPPluginJar : add usbx
2024-08-11 22:56:16,313 [INFO] CADModel:165 - CPN selected for project level
2024-08-11 22:56:16,314 [INFO] CADModel:114 - Register for checkConnection events
2024-08-11 22:56:16,314 [FATAL] Updater:308 - Updater called before beeing initialized
2024-08-11 22:56:16,314 [ERROR] CADModel:125 - Updater not yet initialized, retry later 
2024-08-11 22:56:16,533 [INFO] CADModel:165 - CPN selected for project level
2024-08-11 22:56:16,533 [INFO] CADModel:114 - Register for checkConnection events
2024-08-11 22:56:16,534 [FATAL] Updater:308 - Updater called before beeing initialized
2024-08-11 22:56:16,534 [ERROR] CADModel:125 - Updater not yet initialized, retry later 
2024-08-11 22:56:16,535 [FATAL] Updater:308 - Updater called before beeing initialized
2024-08-11 22:56:16,695 [FATAL] Updater:308 - Updater called before beeing initialized
2024-08-11 22:56:16,700 [INFO] DbMcusAds:53 - JSON generation date=Thu May 16 03:22:00 CST 2024 (1715851320667)
2024-08-11 22:56:16,700 [FATAL] Updater:308 - Updater called before beeing initialized
2024-08-11 22:56:17,538 [WARN] DetailPanel:346 - Failed to get advertising image, set to default
2024-08-11 22:56:17,637 [FATAL] Updater:308 - Updater called before beeing initialized
2024-08-11 22:56:17,640 [FATAL] Updater:308 - Updater called before beeing initialized
2024-08-11 22:56:17,640 [FATAL] Updater:308 - Updater called before beeing initialized
2024-08-11 22:56:17,641 [WARN] DetailPanel:346 - Failed to get advertising image, set to default
2024-08-11 22:56:17,645 [FATAL] Updater:308 - Updater called before beeing initialized
2024-08-11 22:56:17,755 [ERROR] Updater:1120 - MainUpdater not yet initialized. External WinMGr cannot be set.
2024-08-11 22:56:17,761 [INFO] Updater:1056 - Updater Version found : 6.11.1
2024-08-11 22:56:17,771 [INFO] ApplicationProperties:184 - Using Application install path: /Applications/STM32CubeIDE.app/Contents/Eclipse/plugins/com.st.stm32cube.common.mx_6.11.1.202404110753
2024-08-11 22:56:18,650 [INFO] ThirdPartyUpdaterWithRetryManager:70 - Updater plugin not ready yet. [2/15]
2024-08-11 22:56:19,075 [INFO] MainUpdater:2873 - connection check result : 10
2024-08-11 22:56:19,076 [INFO] MainUpdater:290 - Updater Check For Update Now.
2024-08-11 22:56:19,077 [INFO] MicroXplorer:498 - Change Database Version : DB.6.0.111
2024-08-11 22:56:19,084 [INFO] McuFinderGlobals:63 - Set McuFinder mode to 2 (CubeIDE integrated)
2024-08-11 22:56:19,123 [INFO] UserAuth:415 - Internet connection configuration mode: 1
2024-08-11 22:56:19,136 [INFO] JxBrowserEngine:152 - Initiate JxBrowser Engine with user profile folder
2024-08-11 22:56:19,333 [INFO] CheckServerUpdateThread:120 - End of CheckServer Thread
2024-08-11 22:56:21,848 [WARN] PackLoader:240 - Cannot read IP mode file for STMicroelectronics.FP-SNS-MOTENVWB1.1.4.0
2024-08-11 22:56:21,901 [WARN] PackLoader:240 - Cannot read IP mode file for STMicroelectronics.X-CUBE-SMBUS.2.1.0
2024-08-11 22:56:21,939 [WARN] PackLoader:240 - Cannot read IP mode file for STMicroelectronics.X-CUBE-TOUCHGFX.4.23.1
2024-08-11 22:56:21,946 [WARN] PackLoader:240 - Cannot read IP mode file for STMicroelectronics.X-CUBE-TOUCHGFX.4.23.0
2024-08-11 22:56:21,950 [WARN] PackLoader:240 - Cannot read IP mode file for STMicroelectronics.X-CUBE-TOUCHGFX.4.23.2
2024-08-11 22:56:22,021 [WARN] PackLoader:240 - Cannot read IP mode file for STMicroelectronics.X-CUBE-AZRTOS-F7.1.1.0
2024-08-11 22:56:22,082 [WARN] PackLoader:240 - Cannot read IP mode file for STMicroelectronics.FP-SNS-MOTENV1.4.3.2
2024-08-11 22:56:22,121 [WARN] PackLoader:240 - Cannot read IP mode file for STMicroelectronics.FP-SNS-FLIGHT1.5.0.2
2024-08-11 22:56:22,141 [WARN] PackLoader:240 - Cannot read IP mode file for STMicroelectronics.X-CUBE-DISPLAY.3.0.0
2024-08-11 22:56:22,173 [WARN] PackLoader:240 - Cannot read IP mode file for STMicroelectronics.X-CUBE-BLE1.7.0.0
2024-08-11 22:56:22,197 [WARN] PackLoader:240 - Cannot read IP mode file for emotas.I-CUBE-CANOPEN.1.3.0
2024-08-11 22:56:22,226 [WARN] PackLoader:240 - Cannot read IP mode file for STMicroelectronics.FP-SNS-SMARTAG2.1.2.0
2024-08-11 22:56:22,261 [INFO] LogOutputStream:77 - [STDOUT_REDIRECT] 1 : Invalid condition id : UX_CORESTACK_Condition cause : null
2024-08-11 22:56:22,262 [INFO] LogOutputStream:77 - [STDOUT_REDIRECT] 1 : Invalid condition id : UX_CORESTACK_Condition cause : null
2024-08-11 22:56:22,263 [INFO] LogOutputStream:77 - [STDOUT_REDIRECT] 1 : Invalid condition id : UX_CORESTACK_Condition cause : null
2024-08-11 22:56:22,263 [INFO] LogOutputStream:77 - [STDOUT_REDIRECT] 1 : Invalid condition id : UX_CORESTACK_Condition cause : null
2024-08-11 22:56:22,263 [INFO] LogOutputStream:77 - [STDOUT_REDIRECT] 1 : Invalid condition id : UX_CORESTACK_Condition cause : null
2024-08-11 22:56:22,272 [WARN] PackLoader:240 - Cannot read IP mode file for STMicroelectronics.X-CUBE-AZRTOS-WL.2.0.0
2024-08-11 22:56:22,296 [WARN] PackLoader:240 - Cannot read IP mode file for STMicroelectronics.FP-SNS-MOTENV1.5.0.0
2024-08-11 22:56:22,306 [WARN] PackLoader:240 - Cannot read IP mode file for wolfSSL.I-CUBE-wolfMQTT.1.19.0
2024-08-11 22:56:22,324 [WARN] PackLoader:240 - Cannot read IP mode file for WES.I-CUBE-Cesium.1.3.0
2024-08-11 22:56:22,341 [WARN] PackLoader:240 - Cannot read IP mode file for STMicroelectronics.X-CUBE-BLE2.3.3.0
2024-08-11 22:56:22,348 [WARN] PackLoader:240 - Cannot read IP mode file for STMicroelectronics.X-CUBE-TCPP.4.1.0
2024-08-11 22:56:22,368 [WARN] PackLoader:240 - Cannot read IP mode file for STMicroelectronics.X-CUBE-ALGOBUILD.1.3.0
2024-08-11 22:56:22,417 [WARN] PackLoader:240 - Cannot read IP mode file for STMicroelectronics.X-CUBE-AZRTOS-G0.1.1.0
2024-08-11 22:56:22,452 [WARN] PackLoader:240 - Cannot read IP mode file for STMicroelectronics.X-CUBE-SAFEA1.1.2.2
2024-08-11 22:56:22,476 [WARN] PackLoader:240 - Cannot read IP mode file for STMicroelectronics.X-CUBE-NFC4.3.0.0
2024-08-11 22:56:22,489 [WARN] PackLoader:240 - Cannot read IP mode file for wolfSSL.I-CUBE-wolfMQTT.1.18.0
2024-08-11 22:56:22,516 [WARN] PackLoader:240 - Cannot read IP mode file for EmbeddedOffice.I-CUBE-FS-RTOS.1.0.1
2024-08-11 22:56:22,518 [ERROR] ConditionMgr:805 - Attr not supported : Dmpu
2024-08-11 22:56:22,519 [ERROR] ConditionMgr:805 - Attr not supported : Dmpu
2024-08-11 22:56:22,519 [ERROR] ConditionMgr:805 - Attr not supported : Dmpu
2024-08-11 22:56:22,519 [ERROR] ConditionMgr:805 - Attr not supported : Dmpu
2024-08-11 22:56:22,519 [ERROR] ConditionMgr:805 - Attr not supported : Dmpu
2024-08-11 22:56:22,519 [ERROR] ConditionMgr:805 - Attr not supported : Dmpu
2024-08-11 22:56:22,519 [ERROR] ConditionMgr:805 - Attr not supported : Dmpu
2024-08-11 22:56:22,519 [ERROR] ConditionMgr:805 - Attr not supported : Dmpu
2024-08-11 22:56:22,519 [ERROR] ConditionMgr:805 - Attr not supported : Dmpu
2024-08-11 22:56:22,519 [ERROR] ConditionMgr:805 - Attr not supported : Dmpu
2024-08-11 22:56:22,520 [ERROR] ConditionMgr:805 - Attr not supported : Dmpu
2024-08-11 22:56:22,520 [ERROR] ConditionMgr:805 - Attr not supported : Dmpu
2024-08-11 22:56:22,520 [ERROR] ConditionMgr:805 - Attr not supported : Dmpu
2024-08-11 22:56:22,520 [ERROR] ConditionMgr:805 - Attr not supported : Dmpu
2024-08-11 22:56:22,520 [ERROR] ConditionMgr:805 - Attr not supported : Dmpu
2024-08-11 22:56:22,520 [ERROR] ConditionMgr:805 - Attr not supported : Dmpu
2024-08-11 22:56:22,520 [ERROR] ConditionMgr:805 - Attr not supported : Dmpu
2024-08-11 22:56:22,520 [ERROR] ConditionMgr:805 - Attr not supported : Dmpu
2024-08-11 22:56:22,520 [ERROR] ConditionMgr:805 - Attr not supported : Dmpu
2024-08-11 22:56:22,520 [ERROR] ConditionMgr:805 - Attr not supported : Dmpu
2024-08-11 22:56:22,520 [ERROR] ConditionMgr:805 - Attr not supported : Dmpu
2024-08-11 22:56:22,520 [ERROR] ConditionMgr:805 - Attr not supported : Dmpu
2024-08-11 22:56:22,520 [ERROR] ConditionMgr:805 - Attr not supported : Dmpu
2024-08-11 22:56:22,520 [ERROR] ConditionMgr:805 - Attr not supported : Dmpu
2024-08-11 22:56:22,520 [ERROR] ConditionMgr:805 - Attr not supported : Dmpu
2024-08-11 22:56:22,520 [ERROR] ConditionMgr:805 - Attr not supported : Dmpu
2024-08-11 22:56:22,520 [ERROR] ConditionMgr:805 - Attr not supported : Dmpu
2024-08-11 22:56:22,520 [ERROR] ConditionMgr:805 - Attr not supported : Dmpu
2024-08-11 22:56:22,520 [ERROR] ConditionMgr:805 - Attr not supported : Dmpu
2024-08-11 22:56:22,521 [ERROR] ConditionMgr:805 - Attr not supported : Dmpu
2024-08-11 22:56:22,521 [ERROR] ConditionMgr:805 - Attr not supported : Dmpu
2024-08-11 22:56:22,521 [ERROR] ConditionMgr:805 - Attr not supported : Dmpu
2024-08-11 22:56:22,521 [ERROR] ConditionMgr:805 - Attr not supported : Dmpu
2024-08-11 22:56:22,521 [ERROR] ConditionMgr:805 - Attr not supported : Dmpu
2024-08-11 22:56:22,521 [ERROR] ConditionMgr:805 - Attr not supported : Dmpu
2024-08-11 22:56:22,521 [ERROR] ConditionMgr:805 - Attr not supported : Dmpu
2024-08-11 22:56:22,521 [ERROR] ConditionMgr:805 - Attr not supported : Dmpu
2024-08-11 22:56:22,522 [ERROR] ConditionMgr:805 - Attr not supported : Dmpu
2024-08-11 22:56:22,523 [ERROR] ConditionMgr:805 - Attr not supported : Dmpu
2024-08-11 22:56:22,523 [ERROR] ConditionMgr:805 - Attr not supported : Dmpu
2024-08-11 22:56:22,524 [ERROR] ConditionMgr:805 - Attr not supported : Dmpu
2024-08-11 22:56:22,524 [ERROR] ConditionMgr:805 - Attr not supported : Dmpu
2024-08-11 22:56:22,524 [ERROR] ConditionMgr:805 - Attr not supported : Dmpu
2024-08-11 22:56:22,524 [ERROR] ConditionMgr:805 - Attr not supported : Dmpu
2024-08-11 22:56:22,524 [ERROR] ConditionMgr:805 - Attr not supported : Dmpu
2024-08-11 22:56:22,524 [ERROR] ConditionMgr:805 - Attr not supported : Dmpu
2024-08-11 22:56:22,524 [ERROR] ConditionMgr:805 - Attr not supported : Dmpu
2024-08-11 22:56:22,524 [ERROR] ConditionMgr:805 - Attr not supported : Dmpu
2024-08-11 22:56:22,524 [ERROR] ConditionMgr:805 - Attr not supported : Dmpu
2024-08-11 22:56:22,524 [ERROR] ConditionMgr:805 - Attr not supported : Dmpu
2024-08-11 22:56:22,524 [ERROR] ConditionMgr:805 - Attr not supported : Dmpu
2024-08-11 22:56:22,524 [ERROR] ConditionMgr:805 - Attr not supported : Dmpu
2024-08-11 22:56:22,525 [ERROR] ConditionMgr:805 - Attr not supported : Dmpu
2024-08-11 22:56:22,525 [ERROR] ConditionMgr:805 - Attr not supported : Dmpu
2024-08-11 22:56:22,525 [ERROR] ConditionMgr:805 - Attr not supported : Dmpu
2024-08-11 22:56:22,525 [ERROR] ConditionMgr:805 - Attr not supported : Dmpu
2024-08-11 22:56:22,525 [ERROR] ConditionMgr:805 - Attr not supported : Dmpu
2024-08-11 22:56:22,525 [ERROR] ConditionMgr:805 - Attr not supported : Dmpu
2024-08-11 22:56:22,525 [ERROR] ConditionMgr:805 - Attr not supported : Dmpu
2024-08-11 22:56:22,525 [ERROR] ConditionMgr:805 - Attr not supported : Dmpu
2024-08-11 22:56:22,525 [ERROR] ConditionMgr:805 - Attr not supported : Dmpu
2024-08-11 22:56:22,525 [ERROR] ConditionMgr:805 - Attr not supported : Dmpu
2024-08-11 22:56:22,525 [ERROR] ConditionMgr:805 - Attr not supported : Dmpu
2024-08-11 22:56:22,525 [ERROR] ConditionMgr:805 - Attr not supported : Dmpu
2024-08-11 22:56:22,549 [WARN] PackLoader:240 - Cannot read IP mode file for RealThread.X-CUBE-RT-Thread_Nano.4.1.1
2024-08-11 22:56:22,556 [WARN] PackLoader:240 - Cannot read IP mode file for wolfSSL.I-CUBE-wolfSSL.5.7.0
2024-08-11 22:56:22,560 [WARN] PackLoader:240 - Cannot read IP mode file for STMicroelectronics.FP-ATR-SIGFOX1.3.2.0
2024-08-11 22:56:22,564 [WARN] PackLoader:240 - Cannot read IP mode file for ITTIA_DB.I-CUBE-ITTIADB.8.9.0
2024-08-11 22:56:22,635 [WARN] PackLoader:240 - Cannot read IP mode file for SEGGER.I-CUBE-embOS.1.3.1
2024-08-11 22:56:22,700 [WARN] PackLoader:240 - Cannot read IP mode file for STMicroelectronics.X-CUBE-ALGOBUILD.1.4.0
2024-08-11 22:56:22,712 [WARN] PackLoader:240 - Cannot read IP mode file for STMicroelectronics.X-CUBE-GNSS1.6.0.0
2024-08-11 22:56:22,757 [WARN] PackLoader:240 - Cannot read IP mode file for STMicroelectronics.X-CUBE-AZRTOS-F4.1.1.0
2024-08-11 22:56:22,768 [WARN] PackLoader:240 - Cannot read IP mode file for STMicroelectronics.X-CUBE-FREERTOS.1.2.0
2024-08-11 22:56:22,789 [WARN] PackLoader:240 - Cannot read IP mode file for STMicroelectronics.X-CUBE-AZRTOS-L5.2.0.0
2024-08-11 22:56:22,840 [WARN] PackLoader:240 - Cannot read IP mode file for STMicroelectronics.X-CUBE-NFC6.3.1.0
2024-08-11 22:56:22,853 [WARN] PackLoader:240 - Cannot read IP mode file for STMicroelectronics.X-CUBE-DPower.1.2.0
2024-08-11 22:56:22,862 [WARN] PackLoader:240 - Cannot read IP mode file for STMicroelectronics.X-CUBE-AI.9.0.0
2024-08-11 22:56:22,870 [WARN] PackLoader:240 - Cannot read IP mode file for STMicroelectronics.X-CUBE-NFC7.1.0.1
2024-08-11 22:56:22,878 [WARN] PackLoader:240 - Cannot read IP mode file for wolfSSL.I-CUBE-wolfTPM.3.2.0
2024-08-11 22:56:22,888 [WARN] PackLoader:240 - Cannot read IP mode file for STMicroelectronics.X-CUBE-NFC6.3.0.0
2024-08-11 22:56:22,904 [WARN] PackLoader:240 - Cannot read IP mode file for STMicroelectronics.X-CUBE-AI.8.1.0
2024-08-11 22:56:22,927 [WARN] ConditionMgr:438 - getConditionDescription Invalid condition id : LAN8742 Phy interface Condition cause : null
2024-08-11 22:56:22,929 [WARN] PackLoader:240 - Cannot read IP mode file for STMicroelectronics.X-CUBE-AZRTOS-L4.2.0.0
2024-08-11 22:56:22,935 [WARN] ConditionMgr:1039 - genDependencies : Invalid condition id : LAN8742 Phy interface Condition cause : null
2024-08-11 22:56:22,940 [WARN] ConditionMgr:1039 - genDependencies : Invalid condition id : LAN8742 Phy interface Condition cause : null
2024-08-11 22:56:22,942 [WARN] ConditionMgr:1039 - genDependencies : Invalid condition id : LAN8742 Phy interface Condition cause : null
2024-08-11 22:56:22,958 [WARN] PackLoader:240 - Cannot read IP mode file for STMicroelectronics.X-CUBE-SFXS2LP1.4.0.0
2024-08-11 22:56:22,971 [WARN] ConditionMgr:438 - getConditionDescription Invalid condition id : UX DEVICE CLASS RTOS Condition cause : null
2024-08-11 22:56:22,972 [WARN] ConditionMgr:438 - getConditionDescription Invalid condition id : UX DEVICE CLASS RTOS Condition cause : null
2024-08-11 22:56:22,976 [WARN] PackLoader:240 - Cannot read IP mode file for STMicroelectronics.X-CUBE-AZRTOS-WB.2.0.0
2024-08-11 22:56:22,977 [WARN] ConditionMgr:1039 - genDependencies : Invalid condition id : UX DEVICE CLASS RTOS Condition cause : null
2024-08-11 22:56:22,977 [WARN] ConditionMgr:1039 - genDependencies : Invalid condition id : UX DEVICE CLASS RTOS Condition cause : null
2024-08-11 22:56:22,977 [WARN] ConditionMgr:1039 - genDependencies : Invalid condition id : UX DEVICE CLASS RTOS Condition cause : null
2024-08-11 22:56:22,978 [WARN] ConditionMgr:1039 - genDependencies : Invalid condition id : UX DEVICE CLASS RTOS Condition cause : null
2024-08-11 22:56:22,978 [WARN] ConditionMgr:1039 - genDependencies : Invalid condition id : UX DEVICE CLASS RTOS Condition cause : null
2024-08-11 22:56:22,987 [WARN] PackLoader:240 - Cannot read IP mode file for STMicroelectronics.FP-SNS-STBOX1.2.0.0
2024-08-11 22:56:23,000 [WARN] PackLoader:240 - Cannot read IP mode file for STMicroelectronics.X-CUBE-SUBG2.5.0.0
2024-08-11 22:56:23,021 [WARN] PackLoader:240 - Cannot read IP mode file for STMicroelectronics.X-CUBE-AZRTOS-G4.2.0.0
2024-08-11 22:56:23,027 [WARN] PackLoader:240 - Cannot read IP mode file for STMicroelectronics.FP-SNS-MOTENVWB1.1.3.1
2024-08-11 22:56:23,030 [WARN] PackLoader:240 - Cannot read IP mode file for STMicroelectronics.X-CUBE-ALS.1.0.2
2024-08-11 22:56:23,086 [WARN] PackLoader:240 - Cannot read IP mode file for STMicroelectronics.X-CUBE-MEMS1.10.0.0
2024-08-11 22:56:23,191 [WARN] PackLoader:240 - Cannot read IP mode file for STMicroelectronics.X-CUBE-FREERTOS.1.1.0
2024-08-11 22:56:23,196 [WARN] PackLoader:240 - Cannot read IP mode file for STMicroelectronics.X-CUBE-TOUCHGFX.4.24.0
2024-08-11 22:56:23,202 [WARN] PackLoader:240 - Cannot read IP mode file for portGmbH.I-Cube-SoM-uGOAL.1.1.0
2024-08-11 22:56:23,205 [WARN] PackLoader:240 - Cannot read IP mode file for STMicroelectronics.X-CUBE-ALS.1.0.1
2024-08-11 22:56:23,224 [WARN] PackLoader:240 - Cannot read IP mode file for STMicroelectronics.X-CUBE-AZRTOS-H7RS.1.0.0
2024-08-11 22:56:23,235 [WARN] PackLoader:240 - Cannot read IP mode file for STMicroelectronics.FP-ATR-ASTRA1.2.0.0
2024-08-11 22:56:23,247 [WARN] PackLoader:240 - Cannot read IP mode file for STMicroelectronics.X-CUBE-TOF1.3.4.2
2024-08-11 22:56:23,265 [WARN] PackLoader:240 - Cannot read IP mode file for STMicroelectronics.X-CUBE-TOF1.3.4.1
2024-08-11 22:56:23,317 [WARN] PackLoader:240 - Cannot read IP mode file for Infineon.AIROC-Wi-Fi-Bluetooth-STM32.1.6.0
2024-08-11 22:56:23,341 [WARN] PackLoader:240 - Cannot read IP mode file for wolfSSL.I-CUBE-wolfSSH.1.4.17
2024-08-11 22:56:23,343 [INFO] ThirdParty:978 - Integrity check success = true
2024-08-11 22:56:23,343 [INFO] IntegrityCheckThread:100 - exiting critical section [integrity check]
2024-08-11 22:56:23,343 [INFO] IntegrityCheckThread:103 - End integrity checks thread
2024-08-11 22:56:29,744 [INFO] WebApp:161 - Instantiating new browser for Auth
2024-08-11 22:56:31,183 [INFO] WebApp:779 - Register for checkConnection events
2024-08-11 22:56:31,186 [INFO] WebApp:414 - Apply proxy settings
2024-08-11 22:56:31,241 [INFO] WebApp:459 - Chromium authenticates against Manually configured proxy
2024-08-11 22:56:31,259 [INFO] WebApp:467 - Username used for proxy authentication: 
2024-08-11 22:56:31,392 [INFO] WebApp:192 - Starting web application
2024-08-11 22:56:31,393 [INFO] WebApp:544 - Web application path used /Applications/STM32CubeIDE.app/Contents/Eclipse/plugins/com.st.stm32cube.common.mx_6.11.1.202404110753/db/plugins/mcufinder/reactClient1/index.html
