2024-04-04 12:03:31,638 [INFO] Activator:176 - 


2024-04-04 12:03:31,642 [INFO] Activator:177 - !SESSION log4j initialized
2024-04-04 12:03:38,580 [ERROR] LogOutputStream:75 - [STDERR_REDIRECT] 
2024-04-04 12:03:39,146 [INFO] LogOutputStream:77 - [STDOUT_REDIRECT] 
2024-04-04 12:03:42,268 [ERROR] LogOutputStream:75 - [STDERR_REDIRECT] [Fatal Error] :2:10: DOCTYPE no está permitido cuando la función "http://apache.org/xml/features/disallow-doctype-decl" se ha definido en true.
2024-04-04 12:03:42,271 [ERROR] LogOutputStream:75 - [STDERR_REDIRECT] 
2024-04-04 12:03:43,423 [INFO] LogOutputStream:77 - [STDOUT_REDIRECT] 
2024-04-04 12:03:46,189 [INFO] ApplicationProperties:184 - Using Application install path: /Applications/STM32CubeIDE.app/Contents/Eclipse/plugins/com.st.stm32cube.common.mx_6.10.0.202311202037
2024-04-04 12:03:46,201 [INFO] DbMcusXml:78 - Set database path to: /Applications/STM32CubeIDE.app/Contents/Eclipse/plugins/com.st.stm32cube.common.mx_6.10.0.202311202037//db//mcu/
2024-04-04 12:03:46,201 [INFO] ApiDb:274 - Set plugin database path to: /Applications/STM32CubeIDE.app/Contents/Eclipse/plugins/com.st.stm32cube.common.mx_6.10.0.202311202037//db//plugins/boardmanager/
2024-04-04 12:03:46,202 [WARN] ApiDb:259 - Overriding images path with different value:  => /Applications/STM32CubeIDE.app/Contents/Eclipse/plugins/com.st.stm32cube.common.mx_6.10.0.202311202037//db//plugins/mcufinder/images/
2024-04-04 12:03:46,208 [INFO] ApiDb:250 - Set database path to: /Users/richywarrior/.stmcufinder/plugins/mcufinder//mcu/
2024-04-04 12:03:46,209 [INFO] DbMcusAds:125 - Set database path to: /Users/richywarrior/.stmcufinder/plugins/mcufinder//mcu/
2024-04-04 12:03:46,210 [INFO] CrossReferenceDbSqlite:203 - Set database path to: /Users/richywarrior/.stmcufinder/plugins/mcufinder//mcu/cs/
2024-04-04 12:03:46,429 [INFO] RulesReader:64 - Compatibility file has been processed (297 Rules)
2024-04-04 12:03:46,513 [INFO] DbMcusXml:78 - Set database path to: /Applications/STM32CubeIDE.app/Contents/Eclipse/plugins/com.st.stm32cube.common.mx_6.10.0.202311202037//db//mcu/
2024-04-04 12:03:46,513 [INFO] ApiDb:274 - Set plugin database path to: /Applications/STM32CubeIDE.app/Contents/Eclipse/plugins/com.st.stm32cube.common.mx_6.10.0.202311202037//db//plugins/boardmanager/
2024-04-04 12:03:46,514 [INFO] ApiDb:261 - Set plugin images path to: /Applications/STM32CubeIDE.app/Contents/Eclipse/plugins/com.st.stm32cube.common.mx_6.10.0.202311202037//db//plugins/mcufinder/images/
2024-04-04 12:03:46,514 [WARN] DbFile:41 - Overriding database path with different value: /Users/richywarrior/.stmcufinder/plugins/mcufinder/ => /Users/richywarrior/.stmcufinder/plugins/mcufinder
2024-04-04 12:03:46,514 [INFO] ApiDb:250 - Set database path to: /Users/richywarrior/.stmcufinder/plugins/mcufinder//mcu/
2024-04-04 12:03:46,515 [WARN] DbFile:41 - Overriding database path with different value: /Users/richywarrior/.stmcufinder/plugins/mcufinder/ => /Users/richywarrior/.stmcufinder/plugins/mcufinder
2024-04-04 12:03:46,515 [INFO] DbMcusAds:125 - Set database path to: /Users/richywarrior/.stmcufinder/plugins/mcufinder//mcu/
2024-04-04 12:03:46,515 [WARN] DbFile:41 - Overriding database path with different value: /Users/richywarrior/.stmcufinder/plugins/mcufinder/ => /Users/richywarrior/.stmcufinder/plugins/mcufinder
2024-04-04 12:03:46,515 [WARN] DbFile:41 - Overriding database path with different value: /Users/richywarrior/.stmcufinder/plugins/mcufinder/ => /Users/richywarrior/.stmcufinder/plugins/mcufinder
2024-04-04 12:03:46,515 [INFO] CrossReferenceDbSqlite:203 - Set database path to: /Users/richywarrior/.stmcufinder/plugins/mcufinder//mcu/cs/
2024-04-04 12:03:46,584 [INFO] MainPanel:264 - HeapMemory: 321912832
2024-04-04 12:03:46,703 [INFO] DbMcusXml:78 - Set database path to: /Applications/STM32CubeIDE.app/Contents/Eclipse/plugins/com.st.stm32cube.common.mx_6.10.0.202311202037//db//mcu/
2024-04-04 12:03:46,704 [INFO] ApiDb:274 - Set plugin database path to: /Applications/STM32CubeIDE.app/Contents/Eclipse/plugins/com.st.stm32cube.common.mx_6.10.0.202311202037//db//plugins/boardmanager/
2024-04-04 12:03:46,706 [INFO] ApiDb:261 - Set plugin images path to: /Applications/STM32CubeIDE.app/Contents/Eclipse/plugins/com.st.stm32cube.common.mx_6.10.0.202311202037//db//plugins/mcufinder/images/
2024-04-04 12:03:46,706 [WARN] DbFile:41 - Overriding database path with different value: /Users/richywarrior/.stmcufinder/plugins/mcufinder/ => /Users/richywarrior/.stmcufinder/plugins/mcufinder
2024-04-04 12:03:46,707 [INFO] ApiDb:250 - Set database path to: /Users/richywarrior/.stmcufinder/plugins/mcufinder//mcu/
2024-04-04 12:03:46,707 [WARN] DbFile:41 - Overriding database path with different value: /Users/richywarrior/.stmcufinder/plugins/mcufinder/ => /Users/richywarrior/.stmcufinder/plugins/mcufinder
2024-04-04 12:03:46,707 [INFO] DbMcusAds:125 - Set database path to: /Users/richywarrior/.stmcufinder/plugins/mcufinder//mcu/
2024-04-04 12:03:46,707 [WARN] DbFile:41 - Overriding database path with different value: /Users/richywarrior/.stmcufinder/plugins/mcufinder/ => /Users/richywarrior/.stmcufinder/plugins/mcufinder
2024-04-04 12:03:46,707 [WARN] DbFile:41 - Overriding database path with different value: /Users/richywarrior/.stmcufinder/plugins/mcufinder/ => /Users/richywarrior/.stmcufinder/plugins/mcufinder
2024-04-04 12:03:46,707 [INFO] CrossReferenceDbSqlite:203 - Set database path to: /Users/richywarrior/.stmcufinder/plugins/mcufinder//mcu/cs/
2024-04-04 12:03:46,747 [INFO] ApplicationProperties:184 - Using Application install path: /Applications/STM32CubeIDE.app/Contents/Eclipse/plugins/com.st.stm32cube.common.mx_6.10.0.202311202037
2024-04-04 12:03:46,748 [INFO] PluginManage:196 - Search for loadable plugins [exclusion list=, ]
2024-04-04 12:03:46,750 [INFO] PluginManage:310 - Check plugin analytics
2024-04-04 12:03:46,947 [INFO] AnalyticsPlugin:253 - Accepted Software Licenses: 
2024-04-04 12:03:46,947 [INFO] AnalyticsPlugin:255 - Accepted CMSIS Pack Licenses: 
2024-04-04 12:03:46,947 [INFO] AnalyticsPlugin:257 - Accepted Firmware Licenses: 
2024-04-04 12:03:46,966 [INFO] PluginManage:359 - Loaded plugin analytics (category:tool,tabindex:-1)
2024-04-04 12:03:46,967 [INFO] PluginManage:310 - Check plugin cadmodel
2024-04-04 12:03:47,672 [INFO] CADModel:105 - Init CAD model plugin
2024-04-04 12:03:47,674 [INFO] PluginManage:359 - Loaded plugin cadmodel (category:power,tabindex:5)
2024-04-04 12:03:47,675 [INFO] PluginManage:310 - Check plugin clock
2024-04-04 12:03:47,708 [INFO] PluginManage:359 - Loaded plugin clock (category:base,tabindex:2)
2024-04-04 12:03:47,709 [INFO] PluginManage:310 - Check plugin ddr
2024-04-04 12:03:47,713 [INFO] PluginManage:359 - Loaded plugin ddr (category:tool,tabindex:6)
2024-04-04 12:03:47,714 [INFO] PluginManage:310 - Check plugin filemanager
2024-04-04 12:03:47,868 [INFO] PluginManage:359 - Loaded plugin filemanager (category:base,tabindex:10)
2024-04-04 12:03:47,868 [INFO] PluginManage:310 - Check plugin ipmanager
2024-04-04 12:03:47,874 [INFO] PluginManage:359 - Loaded plugin ipmanager (category:base,tabindex:5)
2024-04-04 12:03:47,874 [INFO] PluginManage:310 - Check plugin lpbam
2024-04-04 12:03:47,882 [INFO] PluginManage:359 - Loaded plugin lpbam (category:base,tabindex:0)
2024-04-04 12:03:47,882 [INFO] PluginManage:310 - Check plugin memorymap
2024-04-04 12:03:47,890 [INFO] PluginManage:359 - Loaded plugin memorymap (category:base,tabindex:4)
2024-04-04 12:03:47,890 [INFO] PluginManage:310 - Check plugin pinoutandconfiguration
2024-04-04 12:03:47,894 [INFO] PluginManage:359 - Loaded plugin pinoutandconfiguration (category:base,tabindex:1)
2024-04-04 12:03:47,894 [INFO] PluginManage:310 - Check plugin pinoutconfig
2024-04-04 12:03:47,974 [WARN] SupportedApi:132 - Cannot load RTOS API schema: s4s-elt-must-match.1: The content of 'definitions' must match (annotation?, (simpleType | complexType)?, (unique | key | keyref)*)). A problem was found starting at: attribute.
2024-04-04 12:03:48,173 [INFO] PluginManage:359 - Loaded plugin pinoutconfig (category:base,tabindex:0)
2024-04-04 12:03:48,173 [INFO] PluginManage:310 - Check plugin power
2024-04-04 12:03:48,197 [INFO] PluginManage:359 - Loaded plugin power (category:power,tabindex:4)
2024-04-04 12:03:48,198 [INFO] PluginManage:310 - Check plugin projectmanager
2024-04-04 12:03:48,239 [INFO] PluginManage:359 - Loaded plugin projectmanager (category:projectmanager,tabindex:3)
2024-04-04 12:03:48,239 [INFO] PluginManage:310 - Check plugin thirdparty
2024-04-04 12:03:48,461 [INFO] PluginManage:359 - Loaded plugin thirdparty (category:base,tabindex:-1)
2024-04-04 12:03:48,461 [INFO] PluginManage:310 - Check plugin tools
2024-04-04 12:03:48,461 [WARN] IntegrityCheckThread:84 - waiting for thirdparty lock release [integrity check]
2024-04-04 12:03:48,462 [INFO] IntegrityCheckThread:86 - entering critical section [integrity check]
2024-04-04 12:03:48,463 [INFO] ThirdPartyUpdaterWithRetryManager:70 - Updater plugin not ready yet. [1/15]
2024-04-04 12:03:48,464 [INFO] PluginManage:359 - Loaded plugin tools (category:base,tabindex:7)
2024-04-04 12:03:48,464 [INFO] PluginManage:310 - Check plugin tutovideos
2024-04-04 12:03:48,691 [INFO] PluginManage:359 - Loaded plugin tutovideos (category:base,tabindex:-1)
2024-04-04 12:03:48,692 [INFO] PluginManage:310 - Check plugin updater
2024-04-04 12:03:48,709 [INFO] PluginManage:359 - Loaded plugin updater (category:base,tabindex:12)
2024-04-04 12:03:48,710 [INFO] PluginManage:310 - Check plugin userauth
2024-04-04 12:03:48,716 [INFO] UserAuth:114 - Init User Auth plugin
2024-04-04 12:03:48,716 [INFO] PluginManage:359 - Loaded plugin userauth (category:base,tabindex:14)
2024-04-04 12:03:48,716 [INFO] PluginManage:283 - PluginManage : Loaded plugins [17]
2024-04-04 12:03:49,177 [INFO] PinOutPanel:1499 - setPackage(No Configuration,No Configuration)
2024-04-04 12:03:49,257 [INFO] CADModel:165 - CPN selected for project level
2024-04-04 12:03:49,257 [INFO] CADModel:114 - Register for checkConnection events
2024-04-04 12:03:49,265 [INFO] IPUIPlugin:80 - create IPUIPlugin
2024-04-04 12:03:49,265 [INFO] PluginManager:220 - loadIPPluginJar : add mdma
2024-04-04 12:03:49,269 [INFO] IPUIPlugin:80 - create IPUIPlugin
2024-04-04 12:03:49,270 [INFO] PluginManager:220 - loadIPPluginJar : add freertos
2024-04-04 12:03:49,272 [INFO] IPUIPlugin:80 - create IPUIPlugin
2024-04-04 12:03:49,272 [INFO] PluginManager:220 - loadIPPluginJar : add gic
2024-04-04 12:03:49,276 [INFO] IPUIPlugin:80 - create IPUIPlugin
2024-04-04 12:03:49,276 [INFO] PluginManager:220 - loadIPPluginJar : add adc
2024-04-04 12:03:49,278 [INFO] IPUIPlugin:80 - create IPUIPlugin
2024-04-04 12:03:49,278 [INFO] PluginManager:220 - loadIPPluginJar : add gtzc
2024-04-04 12:03:49,279 [INFO] IPUIPlugin:80 - create IPUIPlugin
2024-04-04 12:03:49,279 [INFO] PluginManager:220 - loadIPPluginJar : add quadspi
2024-04-04 12:03:49,280 [INFO] IPUIPlugin:80 - create IPUIPlugin
2024-04-04 12:03:49,280 [INFO] PluginManager:220 - loadIPPluginJar : add aes
2024-04-04 12:03:49,282 [INFO] IPUIPlugin:80 - create IPUIPlugin
2024-04-04 12:03:49,282 [INFO] PluginManager:220 - loadIPPluginJar : add pdm2pcm
2024-04-04 12:03:49,284 [INFO] IPUIPlugin:80 - create IPUIPlugin
2024-04-04 12:03:49,284 [INFO] PluginManager:220 - loadIPPluginJar : add hash
2024-04-04 12:03:49,289 [INFO] IPUIPlugin:80 - create IPUIPlugin
2024-04-04 12:03:49,289 [INFO] PluginManager:220 - loadIPPluginJar : add tim
2024-04-04 12:03:49,294 [INFO] IPUIPlugin:80 - create IPUIPlugin
2024-04-04 12:03:49,294 [INFO] PluginManager:220 - loadIPPluginJar : add tsc
2024-04-04 12:03:49,295 [INFO] IPUIPlugin:80 - create IPUIPlugin
2024-04-04 12:03:49,295 [INFO] PluginManager:220 - loadIPPluginJar : add ts
2024-04-04 12:03:49,298 [INFO] IPUIPlugin:80 - create IPUIPlugin
2024-04-04 12:03:49,298 [INFO] PluginManager:220 - loadIPPluginJar : add can
2024-04-04 12:03:49,300 [INFO] IPUIPlugin:80 - create IPUIPlugin
2024-04-04 12:03:49,300 [INFO] PluginManager:220 - loadIPPluginJar : add dma3
2024-04-04 12:03:49,302 [INFO] IPUIPlugin:80 - create IPUIPlugin
2024-04-04 12:03:49,302 [INFO] PluginManager:220 - loadIPPluginJar : add dfsdm
2024-04-04 12:03:49,303 [INFO] IPUIPlugin:80 - create IPUIPlugin
2024-04-04 12:03:49,303 [INFO] PluginManager:220 - loadIPPluginJar : add spi
2024-04-04 12:03:49,309 [INFO] IPUIPlugin:80 - create IPUIPlugin
2024-04-04 12:03:49,309 [INFO] PluginManager:220 - loadIPPluginJar : add gfxmmu
2024-04-04 12:03:49,311 [INFO] IPUIPlugin:80 - create IPUIPlugin
2024-04-04 12:03:49,311 [INFO] PluginManager:220 - loadIPPluginJar : add genericplugin
2024-04-04 12:03:49,312 [INFO] IPUIPlugin:80 - create IPUIPlugin
2024-04-04 12:03:49,312 [INFO] PluginManager:220 - loadIPPluginJar : add cryp
2024-04-04 12:03:49,319 [INFO] IPUIPlugin:80 - create IPUIPlugin
2024-04-04 12:03:49,319 [INFO] PluginManager:220 - loadIPPluginJar : add gpio
2024-04-04 12:03:49,320 [INFO] IPUIPlugin:80 - create IPUIPlugin
2024-04-04 12:03:49,320 [INFO] PluginManager:220 - loadIPPluginJar : add comp
2024-04-04 12:03:49,321 [INFO] IPUIPlugin:80 - create IPUIPlugin
2024-04-04 12:03:49,321 [INFO] PluginManager:220 - loadIPPluginJar : add tracer_emb
2024-04-04 12:03:49,323 [INFO] IPUIPlugin:80 - create IPUIPlugin
2024-04-04 12:03:49,323 [INFO] PluginManager:220 - loadIPPluginJar : add openamp
2024-04-04 12:03:49,325 [INFO] IPUIPlugin:80 - create IPUIPlugin
2024-04-04 12:03:49,325 [INFO] PluginManager:220 - loadIPPluginJar : add stm32_wpan
2024-04-04 12:03:49,328 [INFO] IPUIPlugin:80 - create IPUIPlugin
2024-04-04 12:03:49,332 [INFO] PluginManager:220 - loadIPPluginJar : add plateformsettings
2024-04-04 12:03:49,334 [INFO] IPUIPlugin:80 - create IPUIPlugin
2024-04-04 12:03:49,334 [INFO] PluginManager:220 - loadIPPluginJar : add ipddr
2024-04-04 12:03:49,336 [INFO] IPUIPlugin:80 - create IPUIPlugin
2024-04-04 12:03:49,336 [INFO] PluginManager:220 - loadIPPluginJar : add usart
2024-04-04 12:03:49,337 [INFO] IPUIPlugin:80 - create IPUIPlugin
2024-04-04 12:03:49,338 [INFO] PluginManager:220 - loadIPPluginJar : add ltdc
2024-04-04 12:03:49,339 [INFO] IPUIPlugin:80 - create IPUIPlugin
2024-04-04 12:03:49,339 [INFO] PluginManager:220 - loadIPPluginJar : add nvic
2024-04-04 12:03:49,340 [INFO] IPUIPlugin:80 - create IPUIPlugin
2024-04-04 12:03:49,340 [INFO] PluginManager:220 - loadIPPluginJar : add fatfs
2024-04-04 12:03:49,346 [INFO] IPUIPlugin:80 - create IPUIPlugin
2024-04-04 12:03:49,346 [INFO] PluginManager:220 - loadIPPluginJar : add linkedlist
2024-04-04 12:03:49,351 [INFO] IPUIPlugin:80 - create IPUIPlugin
2024-04-04 12:03:49,351 [INFO] PluginManager:220 - loadIPPluginJar : add dma
2024-04-04 12:03:49,353 [INFO] IPUIPlugin:80 - create IPUIPlugin
2024-04-04 12:03:49,353 [INFO] PluginManager:220 - loadIPPluginJar : add fmc
2024-04-04 12:03:49,354 [INFO] IPUIPlugin:80 - create IPUIPlugin
2024-04-04 12:03:49,354 [INFO] PluginManager:220 - loadIPPluginJar : add i2s
2024-04-04 12:03:49,355 [INFO] IPUIPlugin:80 - create IPUIPlugin
2024-04-04 12:03:49,355 [INFO] PluginManager:220 - loadIPPluginJar : add ucpd
2024-04-04 12:03:49,356 [INFO] IPUIPlugin:80 - create IPUIPlugin
2024-04-04 12:03:49,357 [INFO] PluginManager:220 - loadIPPluginJar : add lorawan
2024-04-04 12:03:49,358 [INFO] IPUIPlugin:80 - create IPUIPlugin
2024-04-04 12:03:49,358 [INFO] PluginManager:220 - loadIPPluginJar : add opamp
2024-04-04 12:03:49,359 [INFO] IPUIPlugin:80 - create IPUIPlugin
2024-04-04 12:03:49,359 [INFO] PluginManager:220 - loadIPPluginJar : add i3c
2024-04-04 12:03:49,361 [INFO] IPUIPlugin:80 - create IPUIPlugin
2024-04-04 12:03:49,361 [INFO] PluginManager:220 - loadIPPluginJar : add touchsensing
2024-04-04 12:03:49,362 [INFO] IPUIPlugin:80 - create IPUIPlugin
2024-04-04 12:03:49,362 [INFO] PluginManager:220 - loadIPPluginJar : add i2c
2024-04-04 12:03:49,364 [INFO] IPUIPlugin:80 - create IPUIPlugin
2024-04-04 12:03:49,365 [INFO] PluginManager:220 - loadIPPluginJar : add resmgrutility
2024-04-04 12:03:49,368 [INFO] IPUIPlugin:80 - create IPUIPlugin
2024-04-04 12:03:49,368 [INFO] PluginManager:220 - loadIPPluginJar : add sai
2024-04-04 12:03:49,369 [INFO] IPUIPlugin:80 - create IPUIPlugin
2024-04-04 12:03:49,369 [INFO] PluginManager:220 - loadIPPluginJar : add usbx
2024-04-04 12:03:49,486 [INFO] CADModel:165 - CPN selected for project level
2024-04-04 12:03:49,487 [INFO] CADModel:114 - Register for checkConnection events
2024-04-04 12:03:49,487 [FATAL] Updater:308 - Updater called before beeing initialized
2024-04-04 12:03:49,487 [ERROR] CADModel:125 - Updater not yet initialized, retry later 
2024-04-04 12:03:50,001 [INFO] CADModel:165 - CPN selected for project level
2024-04-04 12:03:50,004 [INFO] CADModel:114 - Register for checkConnection events
2024-04-04 12:03:50,004 [FATAL] Updater:308 - Updater called before beeing initialized
2024-04-04 12:03:50,004 [ERROR] CADModel:125 - Updater not yet initialized, retry later 
2024-04-04 12:03:50,022 [FATAL] Updater:308 - Updater called before beeing initialized
2024-04-04 12:03:50,191 [FATAL] Updater:308 - Updater called before beeing initialized
2024-04-04 12:03:50,197 [INFO] DbMcusAds:53 - JSON generation date=Wed Nov 29 04:52:27 CST 2023 (1701255147349)
2024-04-04 12:03:50,198 [FATAL] Updater:308 - Updater called before beeing initialized
2024-04-04 12:03:50,960 [WARN] DetailPanel:346 - Failed to get advertising image, set to default
2024-04-04 12:03:51,038 [FATAL] Updater:308 - Updater called before beeing initialized
2024-04-04 12:03:51,039 [FATAL] Updater:308 - Updater called before beeing initialized
2024-04-04 12:03:51,040 [FATAL] Updater:308 - Updater called before beeing initialized
2024-04-04 12:03:51,040 [WARN] DetailPanel:346 - Failed to get advertising image, set to default
2024-04-04 12:03:51,040 [FATAL] Updater:308 - Updater called before beeing initialized
2024-04-04 12:03:51,104 [ERROR] Updater:1120 - MainUpdater not yet initialized. External WinMGr cannot be set.
2024-04-04 12:03:51,152 [INFO] Updater:1056 - Updater Version found : 6.10.0
2024-04-04 12:03:51,170 [INFO] ApplicationProperties:184 - Using Application install path: /Applications/STM32CubeIDE.app/Contents/Eclipse/plugins/com.st.stm32cube.common.mx_6.10.0.202311202037
2024-04-04 12:03:51,465 [INFO] ThirdPartyUpdaterWithRetryManager:70 - Updater plugin not ready yet. [2/15]
2024-04-04 12:03:51,730 [INFO] MainUpdater:2873 - connection check result : 10
2024-04-04 12:03:51,734 [INFO] MainUpdater:290 - Updater Check For Update Now.
2024-04-04 12:03:51,735 [INFO] MicroXplorer:498 - Change Database Version : DB.6.0.100
2024-04-04 12:03:51,745 [INFO] McuFinderGlobals:63 - Set McuFinder mode to 2 (CubeIDE integrated)
2024-04-04 12:03:51,745 [INFO] UserAuth:180 - activating auth plugin
2024-04-04 12:03:51,779 [INFO] UserAuth:404 - Internet connection configuration mode: 1
2024-04-04 12:03:51,796 [INFO] JxBrowserEngine:152 - Initiate JxBrowser Engine with user profile folder
2024-04-04 12:03:52,041 [INFO] CheckServerUpdateThread:120 - End of CheckServer Thread
2024-04-04 12:03:54,640 [WARN] PackLoader:240 - Cannot read IP mode file for STMicroelectronics.X-CUBE-SMBUS.2.1.0
2024-04-04 12:03:54,682 [WARN] PackLoader:240 - Cannot read IP mode file for STMicroelectronics.X-CUBE-TOUCHGFX.4.23.1
2024-04-04 12:03:54,695 [WARN] PackLoader:240 - Cannot read IP mode file for STMicroelectronics.X-CUBE-TOUCHGFX.4.23.0
2024-04-04 12:03:54,761 [WARN] PackLoader:240 - Cannot read IP mode file for STMicroelectronics.X-CUBE-AZRTOS-F7.1.1.0
2024-04-04 12:03:54,806 [WARN] PackLoader:240 - Cannot read IP mode file for STMicroelectronics.FP-SNS-MOTENV1.4.3.2
2024-04-04 12:03:54,911 [WARN] PackLoader:240 - Cannot read IP mode file for STMicroelectronics.FP-SNS-FLIGHT1.5.0.2
2024-04-04 12:03:54,929 [WARN] PackLoader:240 - Cannot read IP mode file for STMicroelectronics.X-CUBE-DISPLAY.3.0.0
2024-04-04 12:03:54,969 [WARN] PackLoader:240 - Cannot read IP mode file for STMicroelectronics.X-CUBE-BLE1.7.0.0
2024-04-04 12:03:54,989 [WARN] PackLoader:240 - Cannot read IP mode file for emotas.I-CUBE-CANOPEN.1.3.0
2024-04-04 12:03:55,002 [WARN] PackLoader:240 - Cannot read IP mode file for STMicroelectronics.FP-SNS-SMARTAG2.1.2.0
2024-04-04 12:03:55,014 [INFO] LogOutputStream:77 - [STDOUT_REDIRECT] 1 : Invalid condition id : UX_CORESTACK_Condition cause : null
2024-04-04 12:03:55,017 [INFO] LogOutputStream:77 - [STDOUT_REDIRECT] 1 : Invalid condition id : UX_CORESTACK_Condition cause : null
2024-04-04 12:03:55,017 [INFO] LogOutputStream:77 - [STDOUT_REDIRECT] 1 : Invalid condition id : UX_CORESTACK_Condition cause : null
2024-04-04 12:03:55,018 [INFO] LogOutputStream:77 - [STDOUT_REDIRECT] 1 : Invalid condition id : UX_CORESTACK_Condition cause : null
2024-04-04 12:03:55,018 [INFO] LogOutputStream:77 - [STDOUT_REDIRECT] 1 : Invalid condition id : UX_CORESTACK_Condition cause : null
2024-04-04 12:03:55,031 [WARN] PackLoader:240 - Cannot read IP mode file for STMicroelectronics.X-CUBE-AZRTOS-WL.2.0.0
2024-04-04 12:03:55,050 [WARN] PackLoader:240 - Cannot read IP mode file for STMicroelectronics.FP-SNS-MOTENV1.5.0.0
2024-04-04 12:03:55,081 [WARN] PackLoader:240 - Cannot read IP mode file for WES.I-CUBE-Cesium.1.3.0
2024-04-04 12:03:55,094 [WARN] PackLoader:240 - Cannot read IP mode file for STMicroelectronics.X-CUBE-BLE2.3.3.0
2024-04-04 12:03:55,118 [WARN] PackLoader:240 - Cannot read IP mode file for STMicroelectronics.X-CUBE-ALGOBUILD.1.3.0
2024-04-04 12:03:55,179 [WARN] PackLoader:240 - Cannot read IP mode file for STMicroelectronics.X-CUBE-AZRTOS-G0.1.1.0
2024-04-04 12:03:55,244 [WARN] PackLoader:240 - Cannot read IP mode file for STMicroelectronics.X-CUBE-SAFEA1.1.2.2
2024-04-04 12:03:55,265 [WARN] PackLoader:240 - Cannot read IP mode file for STMicroelectronics.X-CUBE-NFC4.3.0.0
2024-04-04 12:03:55,279 [WARN] PackLoader:240 - Cannot read IP mode file for wolfSSL.I-CUBE-wolfSSL.5.7.0
2024-04-04 12:03:55,286 [WARN] PackLoader:240 - Cannot read IP mode file for STMicroelectronics.FP-ATR-SIGFOX1.3.2.0
2024-04-04 12:03:55,293 [WARN] PackLoader:240 - Cannot read IP mode file for ITTIA_DB.I-CUBE-ITTIADB.8.9.0
2024-04-04 12:03:55,372 [WARN] PackLoader:240 - Cannot read IP mode file for SEGGER.I-CUBE-embOS.1.3.1
2024-04-04 12:03:55,418 [WARN] PackLoader:240 - Cannot read IP mode file for STMicroelectronics.X-CUBE-GNSS1.6.0.0
2024-04-04 12:03:55,450 [WARN] PackLoader:240 - Cannot read IP mode file for STMicroelectronics.X-CUBE-AZRTOS-F4.1.1.0
2024-04-04 12:03:55,495 [WARN] PackLoader:240 - Cannot read IP mode file for STMicroelectronics.X-CUBE-AZRTOS-L5.2.0.0
2024-04-04 12:03:55,520 [WARN] PackLoader:240 - Cannot read IP mode file for STMicroelectronics.X-CUBE-NFC6.3.1.0
2024-04-04 12:03:55,527 [WARN] PackLoader:240 - Cannot read IP mode file for STMicroelectronics.X-CUBE-NFC7.1.0.1
2024-04-04 12:03:55,537 [WARN] PackLoader:240 - Cannot read IP mode file for STMicroelectronics.X-CUBE-NFC6.3.0.0
2024-04-04 12:03:55,546 [WARN] PackLoader:240 - Cannot read IP mode file for STMicroelectronics.X-CUBE-AI.8.1.0
2024-04-04 12:03:55,602 [WARN] ConditionMgr:438 - getConditionDescription Invalid condition id : LAN8742 Phy interface Condition cause : null
2024-04-04 12:03:55,604 [WARN] PackLoader:240 - Cannot read IP mode file for STMicroelectronics.X-CUBE-AZRTOS-L4.2.0.0
2024-04-04 12:03:55,609 [WARN] ConditionMgr:1039 - genDependencies : Invalid condition id : LAN8742 Phy interface Condition cause : null
2024-04-04 12:03:55,609 [WARN] ConditionMgr:1039 - genDependencies : Invalid condition id : LAN8742 Phy interface Condition cause : null
2024-04-04 12:03:55,611 [WARN] ConditionMgr:1039 - genDependencies : Invalid condition id : LAN8742 Phy interface Condition cause : null
2024-04-04 12:03:55,624 [WARN] PackLoader:240 - Cannot read IP mode file for STMicroelectronics.X-CUBE-SFXS2LP1.4.0.0
2024-04-04 12:03:55,653 [WARN] ConditionMgr:438 - getConditionDescription Invalid condition id : UX DEVICE CLASS RTOS Condition cause : null
2024-04-04 12:03:55,654 [WARN] ConditionMgr:438 - getConditionDescription Invalid condition id : UX DEVICE CLASS RTOS Condition cause : null
2024-04-04 12:03:55,658 [WARN] PackLoader:240 - Cannot read IP mode file for STMicroelectronics.X-CUBE-AZRTOS-WB.2.0.0
2024-04-04 12:03:55,659 [WARN] ConditionMgr:1039 - genDependencies : Invalid condition id : UX DEVICE CLASS RTOS Condition cause : null
2024-04-04 12:03:55,659 [WARN] ConditionMgr:1039 - genDependencies : Invalid condition id : UX DEVICE CLASS RTOS Condition cause : null
2024-04-04 12:03:55,659 [WARN] ConditionMgr:1039 - genDependencies : Invalid condition id : UX DEVICE CLASS RTOS Condition cause : null
2024-04-04 12:03:55,660 [WARN] ConditionMgr:1039 - genDependencies : Invalid condition id : UX DEVICE CLASS RTOS Condition cause : null
2024-04-04 12:03:55,660 [WARN] ConditionMgr:1039 - genDependencies : Invalid condition id : UX DEVICE CLASS RTOS Condition cause : null
2024-04-04 12:03:55,677 [WARN] PackLoader:240 - Cannot read IP mode file for STMicroelectronics.X-CUBE-SUBG2.5.0.0
2024-04-04 12:03:55,703 [WARN] PackLoader:240 - Cannot read IP mode file for STMicroelectronics.X-CUBE-AZRTOS-G4.2.0.0
2024-04-04 12:03:55,773 [WARN] PackLoader:240 - Cannot read IP mode file for STMicroelectronics.X-CUBE-MEMS1.10.0.0
2024-04-04 12:03:55,930 [WARN] PackLoader:240 - Cannot read IP mode file for STMicroelectronics.X-CUBE-FREERTOS.1.1.0
2024-04-04 12:03:55,939 [WARN] PackLoader:240 - Cannot read IP mode file for portGmbH.I-Cube-SoM-uGOAL.1.1.0
2024-04-04 12:03:55,943 [WARN] PackLoader:240 - Cannot read IP mode file for STMicroelectronics.X-CUBE-ALS.1.0.1
2024-04-04 12:03:55,947 [WARN] PackLoader:240 - Cannot read IP mode file for STMicroelectronics.FP-ATR-ASTRA1.2.0.0
2024-04-04 12:03:55,963 [WARN] PackLoader:240 - Cannot read IP mode file for Infineon.AIROC-Wi-Fi-Bluetooth-STM32.1.6.0
2024-04-04 12:03:55,973 [INFO] ThirdParty:978 - Integrity check success = true
2024-04-04 12:03:55,973 [INFO] IntegrityCheckThread:100 - exiting critical section [integrity check]
2024-04-04 12:03:55,973 [INFO] IntegrityCheckThread:103 - End integrity checks thread
2024-04-04 12:04:01,815 [INFO] WebApp:161 - Instantiating new browser for Auth
2024-04-04 12:04:03,767 [INFO] WebApp:780 - Register for checkConnection events
2024-04-04 12:04:03,770 [INFO] WebApp:414 - Apply proxy settings
2024-04-04 12:04:03,796 [INFO] WebApp:459 - Chromium authenticates against Manually configured proxy
2024-04-04 12:04:03,822 [INFO] WebApp:467 - Username used for proxy authentication: 
2024-04-04 12:04:04,026 [INFO] WebApp:192 - Starting web application
2024-04-04 12:04:04,027 [INFO] WebApp:544 - Web application path used /Applications/STM32CubeIDE.app/Contents/Eclipse/plugins/com.st.stm32cube.common.mx_6.10.0.202311202037/db/plugins/mcufinder/reactClient1/index.html
2024-04-04 12:04:26,779 [ERROR] LogOutputStream:75 - [STDERR_REDIRECT] SLF4J: Failed to load class "org.slf4j.impl.StaticLoggerBinder".
2024-04-04 12:04:26,782 [ERROR] LogOutputStream:75 - [STDERR_REDIRECT] SLF4J: Defaulting to no-operation (NOP) logger implementation
2024-04-04 12:04:26,782 [ERROR] LogOutputStream:75 - [STDERR_REDIRECT] SLF4J: See http://www.slf4j.org/codes.html#StaticLoggerBinder for further details.
2024-04-04 12:05:51,608 [INFO] McuFinderGlobals:63 - Set McuFinder mode to 2 (CubeIDE integrated)
2024-04-04 12:05:51,615 [INFO] MainUpdater:2873 - connection check result : 10
2024-04-04 12:05:51,623 [INFO] McuFinderGlobals:76 - Set McuFinderConnectedMode to true
2024-04-04 12:05:53,092 [INFO] ServerAccessManage:473 - Download File mcusAds.json._tmp_
2024-04-04 12:05:53,219 [INFO] LoadUrlFilesThread:156 - End of LoadUrlFiles Thread
2024-04-04 12:05:53,570 [INFO] ServerAccessManage:473 - Download File cube-finder-db.zip
2024-04-04 12:05:55,215 [INFO] FileExtend:240 - Unzip File : cube-finder-db.zip
2024-04-04 12:05:55,228 [INFO] FileExtend:255 - Standard Zip Deflate
2024-04-04 12:05:55,706 [INFO] LoadUrlFilesThread:156 - End of LoadUrlFiles Thread
2024-04-04 12:05:57,455 [INFO] ServerAccessManage:473 - Download File crdb.zip
2024-04-04 12:06:12,616 [INFO] FileExtend:240 - Unzip File : crdb.zip
2024-04-04 12:06:12,625 [INFO] FileExtend:255 - Standard Zip Deflate
2024-04-04 12:06:12,751 [INFO] LoadUrlFilesThread:156 - End of LoadUrlFiles Thread
2024-04-04 12:06:14,896 [INFO] ServerAccessManage:473 - Download File tutoVideoDB.zip
2024-04-04 12:06:14,947 [INFO] FileExtend:240 - Unzip File : tutoVideoDB.zip
2024-04-04 12:06:14,947 [INFO] FileExtend:255 - Standard Zip Deflate
2024-04-04 12:06:15,055 [INFO] LoadUrlFilesThread:156 - End of LoadUrlFiles Thread
2024-04-04 12:06:15,062 [WARN] DbFile:41 - Overriding database path with different value: /Users/richywarrior/.stmcufinder/plugins/mcufinder/ => /Users/richywarrior/.stmcufinder/plugins/mcufinder
2024-04-04 12:06:15,423 [INFO] ServerAccessManage:473 - Download File api_config.json
2024-04-04 12:06:15,534 [INFO] LoadUrlFilesThread:156 - End of LoadUrlFiles Thread
2024-04-04 12:06:15,540 [INFO] DbMcusAds:53 - JSON generation date=Wed Nov 29 04:52:27 CST 2023 (1701255147349)
2024-04-04 12:06:15,584 [INFO] LoadUrlFilesThread:185 - End of LoadServerUrlFiles without Thread
2024-04-04 12:06:15,586 [INFO] TargetSelectorAdapter:259 - Refresh data is successful
2024-04-04 12:06:17,016 [INFO] ApiDb:581 - Connected to CubeFinder SQLite database (/Users/richywarrior/.stmcufinder/plugins/mcufinder/mcu/cube-finder-db.db)
2024-04-04 12:06:17,096 [INFO] ApiDb:668 - CubeFinder database Data Model version=2.1
2024-04-04 12:06:17,096 [INFO] ApiDb:669 - CubeFinder database Configuration version=3.0.39
2024-04-04 12:06:17,097 [INFO] ApiDb:670 - CubeFinder database generation date=2024-03-25 (1711369621)
2024-04-04 12:06:17,097 [INFO] ApiDb:671 - CubeFinder database FW Pack versions=[FP-ATR-ASTRA1_V2.0.0, FP-SNS-FLIGHT1_V5.0.1, FP-SNS-FLIGHT1_V5.0.2, FP-SNS-MOTENV1_V4.3.1, FP-SNS-MOTENV1_V4.3.2, FP-SNS-MOTENVWB1_V1.3.1, FP-SNS-SMARTAG2_V1.2.0, STM32Cube_FW_C0_V1.1.0, STM32Cube_FW_F4_V1.28.0, STM32Cube_FW_F7_V1.17.0, STM32Cube_FW_G0_V1.6.2, STM32Cube_FW_G4_V1.5.2, STM32Cube_FW_H5_V0.5.1, STM32Cube_FW_H5_V1.1.1, STM32Cube_FW_H5_V1.2.0, STM32Cube_FW_H5_V1.2.0RC4, STM32Cube_FW_H7RS_V1.0.0, STM32Cube_FW_H7RS_V1.0.0RC4, STM32Cube_FW_H7_V1.11.0, STM32Cube_FW_L0_V1.12.2, STM32Cube_FW_L5_V1.5.1, STM32Cube_FW_U0_V1.0.0, STM32Cube_FW_U0_V1.0.0RC1, STM32Cube_FW_U5_V1.3.0RC4, STM32Cube_FW_U5_V1.5.0, STM32Cube_FW_U5_V1.5.0RC1, STM32Cube_FW_WBA_V1.0.0RC1, STM32Cube_FW_WBA_V1.2.0, STM32Cube_FW_WBA_V1.2.0RC2, STM32Cube_FW_WBA_V1.3.0, STM32Cube_FW_WBA_V1.3.0RC1, STM32Cube_FW_WB_V1.15.0RC1, STM32Cube_FW_WB_V1.16.0, STM32Cube_FW_WB_V1.16.0RC2, STM32Cube_FW_WB_V1.18.0, STM32Cube_FW_WB_V1.19.0, STM32Cube_FW_WL_V1.3.0, X-CUBE-ALGOBUILD_V1.3.0, X-CUBE-ALS_V1.0.1, X-CUBE-AZRTOS-F4_V1.1.0, X-CUBE-AZRTOS-F7_V1.1.0, X-CUBE-AZRTOS-G0_V1.1.0, X-CUBE-AZRTOS-G4_V2.0.0, X-CUBE-AZRTOS-H7_V3.2.0, X-CUBE-AZRTOS-L4_V1.0.0, X-CUBE-AZRTOS-L4_V2.0.0, X-CUBE-AZRTOS-L5_V1.1.0, X-CUBE-AZRTOS-WB_V2.0.0, X-CUBE-AZRTOS-WL_V2.0.0, X-CUBE-BLE1_V7.0.0, X-CUBE-BLE2_V3.3.0, X-CUBE-BLEMGR_V3.1.0, X-CUBE-EEPRMA1_V4.1.0, X-CUBE-EEPRMA1_V5.1.0, X-CUBE-FREERTOS_V1.1.0, X-CUBE-GNSS1_V6.0.0, X-CUBE-MEMS1_V10.0.0, X-CUBE-MEMS1_V9.1.0, X-CUBE-MEMS1_V9.4.0, X-CUBE-MEMS1_V9.6.0, X-CUBE-NFC4_V3.0.0, X-CUBE-NFC7_V1.0.1, X-CUBE-SFXS2LP1_V4.0.0, X-CUBE-SUBG2_V5.0.0, X-CUBE-TOF1_V3.4.0]
2024-04-04 12:06:18,387 [INFO] ApiDb:240 - Found 371 in-development CPN: [B-G473E-ZEST1S, B-WB1M-WPAN1, B-WL5M-SUBG1, NUCLEO-C031C6, NUCLEO-H503RB, NUCLEO-H563ZI, NUCLEO-U545RE-Q, NUCLEO-U5A5ZJ-Q, NUCLEO-WBA52CG, NUCLEO-WBA55CG, STEVAL-MKBOXPRO, STEVAL-PROTEUS1, STEVAL-STWINBX1, STM320518-EVAL, STM32C0116-DK, STM32C011D6Y3TR, STM32C011D6Y6TR, STM32C011F4P3, STM32C011F4P6, STM32C011F4U3, STM32C011F4U6TR, STM32C011F6P3, STM32C011F6P6, STM32C011F6U3, STM32C011F6U6TR, STM32C011J4M3, STM32C011J4M6, STM32C011J6M3, STM32C011J6M6, STM32C0316-DK, STM32C031C4T3, STM32C031C4T6, STM32C031C4U3, STM32C031C4U6, STM32C031C6T3, STM32C031C6T6, STM32C031C6U3, STM32C031C6U6, STM32C031F4P3, STM32C031F4P6, STM32C031F6P3, STM32C031F6P6, STM32C031G4U3, STM32C031G4U6, STM32C031G6U3, STM32C031G6U6, STM32C031K4T3, STM32C031K4T6, STM32C031K4U3, STM32C031K4U6, STM32C031K6T3, STM32C031K6T6, STM32C031K6U3, STM32C031K6U6, STM32G071K8TXN, STM32G071K8UXN, STM32G081GBU6N, STM32G081KBT6N, STM32G081KBUXN, STM32G0B1CCT6N, STM32G0B1KCT6, STM32G0B1NEY6TR, STM32G0B1RCT6N, STM32G0C1CCT6, STM32G0C1CCT6N, STM32G0C1CCU6N, STM32G0C1CET6N, STM32G0C1CEU6N, STM32G0C1KCT6, STM32G0C1NEY6TR, STM32G0C1RCI6N, STM32G0C1RCT6N, STM32G0C1REI6N, STM32G0C1RET6N, STM32G0C1VCI6, STM32G0C1VEI6, STM32G471CCT6, STM32G471CCU6, STM32G471CET3, STM32G471CET6, STM32G471CEU3, STM32G471CEU6, STM32G471MCT6, STM32G471MET3, STM32G471MET6, STM32G471MEY6TR, STM32G471QCT6, STM32G471QET3, STM32G471RCT6, STM32G471RET3, STM32G471RET6, STM32G471VCH6, STM32G471VCI6, STM32G471VCT6, STM32G471VEH3, STM32G471VEH6, STM32G471VEI3, STM32G471VEI6, STM32G471VET3, STM32G471VET6, STM32G474CCT6, STM32H503CBT6, STM32H503CBU6, STM32H503EBY6TR, STM32H503KBU6, STM32H503RBT6, STM32H562AGI6, STM32H562AII6, STM32H562IGK6, STM32H562IGT6, STM32H562IIK6, STM32H562IIT6, STM32H562RGT6, STM32H562RGV6, STM32H562RIT6, STM32H562RIV6, STM32H562VGT6, STM32H562VIT6, STM32H562ZGT6, STM32H562ZIT6, STM32H563AGI6, STM32H563AII3Q, STM32H563AII6, STM32H563IGK6, STM32H563IGT6, STM32H563IIK3Q, STM32H563IIK6, STM32H563IIT3Q, STM32H563IIT6, STM32H563MIY3QTR, STM32H563RGT6, STM32H563RGV6, STM32H563RIT6, STM32H563RIV6, STM32H563VGT6, STM32H563VIT3Q, STM32H563VIT6, STM32H563ZGT6, STM32H563ZIT3Q, STM32H563ZIT6, STM32H573AII3Q, STM32H573AII6, STM32H573I-DK, STM32H573IIK3Q, STM32H573IIK6, STM32H573IIT3Q, STM32H573IIT6, STM32H573MIY3QTR, STM32H573RIT6, STM32H573RIV6, STM32H573VIT3Q, STM32H573VIT6, STM32H573ZIT3Q, STM32H573ZIT6, STM32L4R5QGI6STR, STM32MP131AAE3, STM32MP131AAF3, STM32MP131AAG3, STM32MP131CAE3, STM32MP131CAF3, STM32MP131CAG3, STM32MP131DAE7, STM32MP131DAF7, STM32MP131DAG7, STM32MP131FAE7, STM32MP131FAF7, STM32MP131FAG7, STM32MP133AAE3, STM32MP133AAF3, STM32MP133AAG3, STM32MP133CAE3, STM32MP133CAF3, STM32MP133CAG3, STM32MP133DAE7, STM32MP133DAF7, STM32MP133DAG7, STM32MP133FAE7, STM32MP133FAF7, STM32MP133FAG7, STM32MP135AAE3, STM32MP135AAF3, STM32MP135AAG3, STM32MP135CAE3, STM32MP135CAF3, STM32MP135CAG3, STM32MP135DAE7, STM32MP135DAF7, STM32MP135DAG7, STM32MP135F-DK, STM32MP135FAE7, STM32MP135FAF7, STM32MP135FAF7T, STM32MP135FAF7U, STM32MP135FAG7, STM32U535CBT6, STM32U535CBT6Q, STM32U535CBU6, STM32U535CBU6Q, STM32U535CCT6, STM32U535CCT6Q, STM32U535CCU6, STM32U535CCU6Q, STM32U535CET6, STM32U535CET6Q, STM32U535CEU6, STM32U535CEU6Q, STM32U535JEY6QTR, STM32U535NCY6QTR, STM32U535NEY6QTR, STM32U535RBI6, STM32U535RBI6Q, STM32U535RBT6, STM32U535RBT6Q, STM32U535RCI6, STM32U535RCI6Q, STM32U535RCT6, STM32U535RCT6Q, STM32U535REI6, STM32U535REI6Q, STM32U535RET6, STM32U535RET6Q, STM32U535VCI6, STM32U535VCI6Q, STM32U535VCT6, STM32U535VCT6Q, STM32U535VEI6, STM32U535VEI6Q, STM32U535VET6, STM32U535VET6Q, STM32U545CET6, STM32U545CET6Q, STM32U545CEU6, STM32U545CEU6Q, STM32U545JEY6QTR, STM32U545NEY6QTR, STM32U545REI6, STM32U545REI6Q, STM32U545RET6, STM32U545RET6Q, STM32U545VEI6, STM32U545VEI6Q, STM32U545VET6, STM32U545VET6Q, STM32U595AIH6, STM32U595AIH6Q, STM32U595AJH6, STM32U595AJH6Q, STM32U595QII6, STM32U595QII6Q, STM32U595QJI6, STM32U595QJI6Q, STM32U595RIT6, STM32U595RIT6Q, STM32U595RJT6, STM32U595RJT6Q, STM32U595VIT6, STM32U595VIT6Q, STM32U595VJT6, STM32U595VJT6Q, STM32U595ZIT6, STM32U595ZIT6Q, STM32U595ZIY6QTR, STM32U595ZJT6, STM32U595ZJT6Q, STM32U595ZJY6QTR, STM32U599BJY6QTR, STM32U599NIH6Q, STM32U599NJH6Q, STM32U599VIT6Q, STM32U599VJT6, STM32U599VJT6Q, STM32U599ZIT6Q, STM32U599ZIY6QTR, STM32U599ZJT6Q, STM32U599ZJY6QTR, STM32U5A5AJH6, STM32U5A5AJH6Q, STM32U5A5QJI6, STM32U5A5QJI6Q, STM32U5A5RJT6, STM32U5A5RJT6Q, STM32U5A5VJT6, STM32U5A5VJT6Q, STM32U5A5ZJT6, STM32U5A5ZJT6Q, STM32U5A5ZJY6QTR, STM32U5A9BJY6QTR, STM32U5A9J-DK, STM32U5A9NJH6Q, STM32U5A9VJT6Q, STM32U5A9ZJT6Q, STM32U5A9ZJY6QTR, STM32U5F7VIT6, STM32U5F7VIT6Q, STM32U5F7VJT6, STM32U5F7VJT6Q, STM32U5F9BJY6QTR, STM32U5F9NJH6Q, STM32U5F9VIT6Q, STM32U5F9VJT6Q, STM32U5F9ZIJ6QTR, STM32U5F9ZIT6Q, STM32U5F9ZJJ6QTR, STM32U5F9ZJT6Q, STM32U5G7VJT6, STM32U5G7VJT6Q, STM32U5G9BJY6QTR, STM32U5G9J-DK1, STM32U5G9J-DK2, STM32U5G9NJH6Q, STM32U5G9VJT6Q, STM32U5G9ZJJ6QTR, STM32U5G9ZJT6Q, STM32WB1MMCH6, STM32WBA50KEU6, STM32WBA50KEU6TR, STM32WBA50KGU6, STM32WBA50KGU6TR, STM32WBA52CEU6, STM32WBA52CEU6TR, STM32WBA52CEU7, STM32WBA52CEU7TR, STM32WBA52CGU6, STM32WBA52CGU6TR, STM32WBA52CGU6U, STM32WBA52CGU7, STM32WBA52CGU7TR, STM32WBA52KEU6, STM32WBA52KEU6TR, STM32WBA52KGU6, STM32WBA52KGU6TR, STM32WBA54CEU6, STM32WBA54CEU6TR, STM32WBA54CEU7, STM32WBA54CEU7TR, STM32WBA54CGU6, STM32WBA54CGU6TR, STM32WBA54CGU7, STM32WBA54CGU7TR, STM32WBA54KEU6, STM32WBA54KEU6TR, STM32WBA54KEU7, STM32WBA54KEU7TR, STM32WBA54KGU6, STM32WBA54KGU6TR, STM32WBA54KGU7, STM32WBA54KGU7TR, STM32WBA55CEU6, STM32WBA55CEU6TR, STM32WBA55CEU7, STM32WBA55CEU7TR, STM32WBA55CGU6, STM32WBA55CGU6TR, STM32WBA55CGU6U, STM32WBA55CGU7, STM32WBA55CGU7TR, STM32WBA55G-DK1, STM32WBA55HEF6, STM32WBA55HEF7, STM32WBA55HGF6, STM32WBA55HGF7, STM32WBA55UEI6, STM32WBA55UEI6TR, STM32WBA55UEI7, STM32WBA55UEI7TR, STM32WBA55UGI6, STM32WBA55UGI6TR, STM32WBA55UGI7, STM32WBA55UGI7TR, STM32WL5MOCH6, STM32WL5MOCH6TR]
2024-04-04 12:06:18,393 [INFO] DbMcus:218 - Found 4069 MCUs, 4069 are supported
2024-04-04 12:06:18,394 [INFO] ApiDb:423 - Load user favorites file /Users/richywarrior/.stm32cubeide/favorites.mcus.txt: 0 item(s)
2024-04-04 12:06:18,394 [INFO] ApiDb:427 - User favorites MCUs=[]
2024-04-04 12:06:18,394 [INFO] DbMcus:224 - Set 0 / 0 favorites MCUs
2024-04-04 12:06:18,648 [INFO] ApiDb:668 - CubeFinder database Data Model version=2.1
2024-04-04 12:06:18,648 [INFO] ApiDb:669 - CubeFinder database Configuration version=3.0.39
2024-04-04 12:06:18,648 [INFO] ApiDb:670 - CubeFinder database generation date=2024-03-25 (1711369621)
2024-04-04 12:06:18,648 [INFO] ApiDb:671 - CubeFinder database FW Pack versions=[FP-ATR-ASTRA1_V2.0.0, FP-SNS-FLIGHT1_V5.0.1, FP-SNS-FLIGHT1_V5.0.2, FP-SNS-MOTENV1_V4.3.1, FP-SNS-MOTENV1_V4.3.2, FP-SNS-MOTENVWB1_V1.3.1, FP-SNS-SMARTAG2_V1.2.0, STM32Cube_FW_C0_V1.1.0, STM32Cube_FW_F4_V1.28.0, STM32Cube_FW_F7_V1.17.0, STM32Cube_FW_G0_V1.6.2, STM32Cube_FW_G4_V1.5.2, STM32Cube_FW_H5_V0.5.1, STM32Cube_FW_H5_V1.1.1, STM32Cube_FW_H5_V1.2.0, STM32Cube_FW_H5_V1.2.0RC4, STM32Cube_FW_H7RS_V1.0.0, STM32Cube_FW_H7RS_V1.0.0RC4, STM32Cube_FW_H7_V1.11.0, STM32Cube_FW_L0_V1.12.2, STM32Cube_FW_L5_V1.5.1, STM32Cube_FW_U0_V1.0.0, STM32Cube_FW_U0_V1.0.0RC1, STM32Cube_FW_U5_V1.3.0RC4, STM32Cube_FW_U5_V1.5.0, STM32Cube_FW_U5_V1.5.0RC1, STM32Cube_FW_WBA_V1.0.0RC1, STM32Cube_FW_WBA_V1.2.0, STM32Cube_FW_WBA_V1.2.0RC2, STM32Cube_FW_WBA_V1.3.0, STM32Cube_FW_WBA_V1.3.0RC1, STM32Cube_FW_WB_V1.15.0RC1, STM32Cube_FW_WB_V1.16.0, STM32Cube_FW_WB_V1.16.0RC2, STM32Cube_FW_WB_V1.18.0, STM32Cube_FW_WB_V1.19.0, STM32Cube_FW_WL_V1.3.0, X-CUBE-ALGOBUILD_V1.3.0, X-CUBE-ALS_V1.0.1, X-CUBE-AZRTOS-F4_V1.1.0, X-CUBE-AZRTOS-F7_V1.1.0, X-CUBE-AZRTOS-G0_V1.1.0, X-CUBE-AZRTOS-G4_V2.0.0, X-CUBE-AZRTOS-H7_V3.2.0, X-CUBE-AZRTOS-L4_V1.0.0, X-CUBE-AZRTOS-L4_V2.0.0, X-CUBE-AZRTOS-L5_V1.1.0, X-CUBE-AZRTOS-WB_V2.0.0, X-CUBE-AZRTOS-WL_V2.0.0, X-CUBE-BLE1_V7.0.0, X-CUBE-BLE2_V3.3.0, X-CUBE-BLEMGR_V3.1.0, X-CUBE-EEPRMA1_V4.1.0, X-CUBE-EEPRMA1_V5.1.0, X-CUBE-FREERTOS_V1.1.0, X-CUBE-GNSS1_V6.0.0, X-CUBE-MEMS1_V10.0.0, X-CUBE-MEMS1_V9.1.0, X-CUBE-MEMS1_V9.4.0, X-CUBE-MEMS1_V9.6.0, X-CUBE-NFC4_V3.0.0, X-CUBE-NFC7_V1.0.1, X-CUBE-SFXS2LP1_V4.0.0, X-CUBE-SUBG2_V5.0.0, X-CUBE-TOF1_V3.4.0]
2024-04-04 12:06:18,699 [INFO] DbBoardsSqlite:226 - include board P-NUCLEO-WB55-NUCLEO as a kit item of type 'Nucleo-64'
2024-04-04 12:06:18,700 [INFO] DbBoardsSqlite:226 - include board P-NUCLEO-WB55-USBDONGLE as a kit item of type 'Nucleo USB Dongle'
2024-04-04 12:06:18,700 [INFO] DbBoardsSqlite:226 - include board STEVAL-IDP005V1 as a kit item of type 'Evaluation Board'
2024-04-04 12:06:18,700 [INFO] DbBoardsSqlite:226 - include board STEVAL-IDP005V2 as a kit item of type 'Evaluation Board'
2024-04-04 12:06:18,729 [INFO] ApiDb:240 - Found 371 in-development CPN: [B-G473E-ZEST1S, B-WB1M-WPAN1, B-WL5M-SUBG1, NUCLEO-C031C6, NUCLEO-H503RB, NUCLEO-H563ZI, NUCLEO-U545RE-Q, NUCLEO-U5A5ZJ-Q, NUCLEO-WBA52CG, NUCLEO-WBA55CG, STEVAL-MKBOXPRO, STEVAL-PROTEUS1, STEVAL-STWINBX1, STM320518-EVAL, STM32C0116-DK, STM32C011D6Y3TR, STM32C011D6Y6TR, STM32C011F4P3, STM32C011F4P6, STM32C011F4U3, STM32C011F4U6TR, STM32C011F6P3, STM32C011F6P6, STM32C011F6U3, STM32C011F6U6TR, STM32C011J4M3, STM32C011J4M6, STM32C011J6M3, STM32C011J6M6, STM32C0316-DK, STM32C031C4T3, STM32C031C4T6, STM32C031C4U3, STM32C031C4U6, STM32C031C6T3, STM32C031C6T6, STM32C031C6U3, STM32C031C6U6, STM32C031F4P3, STM32C031F4P6, STM32C031F6P3, STM32C031F6P6, STM32C031G4U3, STM32C031G4U6, STM32C031G6U3, STM32C031G6U6, STM32C031K4T3, STM32C031K4T6, STM32C031K4U3, STM32C031K4U6, STM32C031K6T3, STM32C031K6T6, STM32C031K6U3, STM32C031K6U6, STM32G071K8TXN, STM32G071K8UXN, STM32G081GBU6N, STM32G081KBT6N, STM32G081KBUXN, STM32G0B1CCT6N, STM32G0B1KCT6, STM32G0B1NEY6TR, STM32G0B1RCT6N, STM32G0C1CCT6, STM32G0C1CCT6N, STM32G0C1CCU6N, STM32G0C1CET6N, STM32G0C1CEU6N, STM32G0C1KCT6, STM32G0C1NEY6TR, STM32G0C1RCI6N, STM32G0C1RCT6N, STM32G0C1REI6N, STM32G0C1RET6N, STM32G0C1VCI6, STM32G0C1VEI6, STM32G471CCT6, STM32G471CCU6, STM32G471CET3, STM32G471CET6, STM32G471CEU3, STM32G471CEU6, STM32G471MCT6, STM32G471MET3, STM32G471MET6, STM32G471MEY6TR, STM32G471QCT6, STM32G471QET3, STM32G471RCT6, STM32G471RET3, STM32G471RET6, STM32G471VCH6, STM32G471VCI6, STM32G471VCT6, STM32G471VEH3, STM32G471VEH6, STM32G471VEI3, STM32G471VEI6, STM32G471VET3, STM32G471VET6, STM32G474CCT6, STM32H503CBT6, STM32H503CBU6, STM32H503EBY6TR, STM32H503KBU6, STM32H503RBT6, STM32H562AGI6, STM32H562AII6, STM32H562IGK6, STM32H562IGT6, STM32H562IIK6, STM32H562IIT6, STM32H562RGT6, STM32H562RGV6, STM32H562RIT6, STM32H562RIV6, STM32H562VGT6, STM32H562VIT6, STM32H562ZGT6, STM32H562ZIT6, STM32H563AGI6, STM32H563AII3Q, STM32H563AII6, STM32H563IGK6, STM32H563IGT6, STM32H563IIK3Q, STM32H563IIK6, STM32H563IIT3Q, STM32H563IIT6, STM32H563MIY3QTR, STM32H563RGT6, STM32H563RGV6, STM32H563RIT6, STM32H563RIV6, STM32H563VGT6, STM32H563VIT3Q, STM32H563VIT6, STM32H563ZGT6, STM32H563ZIT3Q, STM32H563ZIT6, STM32H573AII3Q, STM32H573AII6, STM32H573I-DK, STM32H573IIK3Q, STM32H573IIK6, STM32H573IIT3Q, STM32H573IIT6, STM32H573MIY3QTR, STM32H573RIT6, STM32H573RIV6, STM32H573VIT3Q, STM32H573VIT6, STM32H573ZIT3Q, STM32H573ZIT6, STM32L4R5QGI6STR, STM32MP131AAE3, STM32MP131AAF3, STM32MP131AAG3, STM32MP131CAE3, STM32MP131CAF3, STM32MP131CAG3, STM32MP131DAE7, STM32MP131DAF7, STM32MP131DAG7, STM32MP131FAE7, STM32MP131FAF7, STM32MP131FAG7, STM32MP133AAE3, STM32MP133AAF3, STM32MP133AAG3, STM32MP133CAE3, STM32MP133CAF3, STM32MP133CAG3, STM32MP133DAE7, STM32MP133DAF7, STM32MP133DAG7, STM32MP133FAE7, STM32MP133FAF7, STM32MP133FAG7, STM32MP135AAE3, STM32MP135AAF3, STM32MP135AAG3, STM32MP135CAE3, STM32MP135CAF3, STM32MP135CAG3, STM32MP135DAE7, STM32MP135DAF7, STM32MP135DAG7, STM32MP135F-DK, STM32MP135FAE7, STM32MP135FAF7, STM32MP135FAF7T, STM32MP135FAF7U, STM32MP135FAG7, STM32U535CBT6, STM32U535CBT6Q, STM32U535CBU6, STM32U535CBU6Q, STM32U535CCT6, STM32U535CCT6Q, STM32U535CCU6, STM32U535CCU6Q, STM32U535CET6, STM32U535CET6Q, STM32U535CEU6, STM32U535CEU6Q, STM32U535JEY6QTR, STM32U535NCY6QTR, STM32U535NEY6QTR, STM32U535RBI6, STM32U535RBI6Q, STM32U535RBT6, STM32U535RBT6Q, STM32U535RCI6, STM32U535RCI6Q, STM32U535RCT6, STM32U535RCT6Q, STM32U535REI6, STM32U535REI6Q, STM32U535RET6, STM32U535RET6Q, STM32U535VCI6, STM32U535VCI6Q, STM32U535VCT6, STM32U535VCT6Q, STM32U535VEI6, STM32U535VEI6Q, STM32U535VET6, STM32U535VET6Q, STM32U545CET6, STM32U545CET6Q, STM32U545CEU6, STM32U545CEU6Q, STM32U545JEY6QTR, STM32U545NEY6QTR, STM32U545REI6, STM32U545REI6Q, STM32U545RET6, STM32U545RET6Q, STM32U545VEI6, STM32U545VEI6Q, STM32U545VET6, STM32U545VET6Q, STM32U595AIH6, STM32U595AIH6Q, STM32U595AJH6, STM32U595AJH6Q, STM32U595QII6, STM32U595QII6Q, STM32U595QJI6, STM32U595QJI6Q, STM32U595RIT6, STM32U595RIT6Q, STM32U595RJT6, STM32U595RJT6Q, STM32U595VIT6, STM32U595VIT6Q, STM32U595VJT6, STM32U595VJT6Q, STM32U595ZIT6, STM32U595ZIT6Q, STM32U595ZIY6QTR, STM32U595ZJT6, STM32U595ZJT6Q, STM32U595ZJY6QTR, STM32U599BJY6QTR, STM32U599NIH6Q, STM32U599NJH6Q, STM32U599VIT6Q, STM32U599VJT6, STM32U599VJT6Q, STM32U599ZIT6Q, STM32U599ZIY6QTR, STM32U599ZJT6Q, STM32U599ZJY6QTR, STM32U5A5AJH6, STM32U5A5AJH6Q, STM32U5A5QJI6, STM32U5A5QJI6Q, STM32U5A5RJT6, STM32U5A5RJT6Q, STM32U5A5VJT6, STM32U5A5VJT6Q, STM32U5A5ZJT6, STM32U5A5ZJT6Q, STM32U5A5ZJY6QTR, STM32U5A9BJY6QTR, STM32U5A9J-DK, STM32U5A9NJH6Q, STM32U5A9VJT6Q, STM32U5A9ZJT6Q, STM32U5A9ZJY6QTR, STM32U5F7VIT6, STM32U5F7VIT6Q, STM32U5F7VJT6, STM32U5F7VJT6Q, STM32U5F9BJY6QTR, STM32U5F9NJH6Q, STM32U5F9VIT6Q, STM32U5F9VJT6Q, STM32U5F9ZIJ6QTR, STM32U5F9ZIT6Q, STM32U5F9ZJJ6QTR, STM32U5F9ZJT6Q, STM32U5G7VJT6, STM32U5G7VJT6Q, STM32U5G9BJY6QTR, STM32U5G9J-DK1, STM32U5G9J-DK2, STM32U5G9NJH6Q, STM32U5G9VJT6Q, STM32U5G9ZJJ6QTR, STM32U5G9ZJT6Q, STM32WB1MMCH6, STM32WBA50KEU6, STM32WBA50KEU6TR, STM32WBA50KGU6, STM32WBA50KGU6TR, STM32WBA52CEU6, STM32WBA52CEU6TR, STM32WBA52CEU7, STM32WBA52CEU7TR, STM32WBA52CGU6, STM32WBA52CGU6TR, STM32WBA52CGU6U, STM32WBA52CGU7, STM32WBA52CGU7TR, STM32WBA52KEU6, STM32WBA52KEU6TR, STM32WBA52KGU6, STM32WBA52KGU6TR, STM32WBA54CEU6, STM32WBA54CEU6TR, STM32WBA54CEU7, STM32WBA54CEU7TR, STM32WBA54CGU6, STM32WBA54CGU6TR, STM32WBA54CGU7, STM32WBA54CGU7TR, STM32WBA54KEU6, STM32WBA54KEU6TR, STM32WBA54KEU7, STM32WBA54KEU7TR, STM32WBA54KGU6, STM32WBA54KGU6TR, STM32WBA54KGU7, STM32WBA54KGU7TR, STM32WBA55CEU6, STM32WBA55CEU6TR, STM32WBA55CEU7, STM32WBA55CEU7TR, STM32WBA55CGU6, STM32WBA55CGU6TR, STM32WBA55CGU6U, STM32WBA55CGU7, STM32WBA55CGU7TR, STM32WBA55G-DK1, STM32WBA55HEF6, STM32WBA55HEF7, STM32WBA55HGF6, STM32WBA55HGF7, STM32WBA55UEI6, STM32WBA55UEI6TR, STM32WBA55UEI7, STM32WBA55UEI7TR, STM32WBA55UGI6, STM32WBA55UGI6TR, STM32WBA55UGI7, STM32WBA55UGI7TR, STM32WL5MOCH6, STM32WL5MOCH6TR]
2024-04-04 12:06:18,807 [INFO] BoardInfo:889 - No configuration file found for board NUCLEO-H7S3L8
2024-04-04 12:06:18,807 [INFO] DbBoards:161 - Board is not supported: NUCLEO-H7S3L8
2024-04-04 12:06:18,827 [INFO] BoardInfo:889 - No configuration file found for board NUCLEO-U031R8
2024-04-04 12:06:18,827 [INFO] DbBoards:161 - Board is not supported: NUCLEO-U031R8
2024-04-04 12:06:18,828 [INFO] BoardInfo:889 - No configuration file found for board NUCLEO-U083RC
2024-04-04 12:06:18,828 [INFO] DbBoards:161 - Board is not supported: NUCLEO-U083RC
2024-04-04 12:06:18,840 [INFO] BoardInfo:889 - No configuration file found for board P-NUCLEO-WB55
2024-04-04 12:06:18,840 [INFO] DbBoards:161 - Kit is not supported: P-NUCLEO-WB55
2024-04-04 12:06:18,843 [INFO] BoardInfo:889 - No configuration file found for board STEVAL-BFA001V1B
2024-04-04 12:06:18,843 [INFO] DbBoards:161 - Kit is not supported: STEVAL-BFA001V1B
2024-04-04 12:06:18,844 [INFO] BoardInfo:889 - No configuration file found for board STEVAL-BFA001V2B
2024-04-04 12:06:18,844 [INFO] DbBoards:161 - Kit is not supported: STEVAL-BFA001V2B
2024-04-04 12:06:19,017 [INFO] BoardInfo:889 - No configuration file found for board STM32H7S78-DK
2024-04-04 12:06:19,022 [INFO] DbBoards:161 - Board is not supported: STM32H7S78-DK
2024-04-04 12:06:19,047 [INFO] BoardInfo:889 - No configuration file found for board STM32U083C-DK
2024-04-04 12:06:19,047 [INFO] DbBoards:161 - Board is not supported: STM32U083C-DK
2024-04-04 12:06:19,061 [INFO] DbBoards:168 - Found 198 boards, 190 are supported
2024-04-04 12:06:19,061 [INFO] DbBoards:169 - Found 198 boards, 3 of them is supported for  Bsp
2024-04-04 12:06:19,066 [INFO] ApiDb:423 - Load user favorites file /Users/richywarrior/.stm32cubeide/favorites.boards.txt: 0 item(s)
2024-04-04 12:06:19,066 [INFO] ApiDb:427 - User favorites Boards=[]
2024-04-04 12:06:19,066 [INFO] DbBoards:198 - Set 0 / 0 favorites Boards
2024-04-04 12:06:19,079 [INFO] ApiDb:668 - CubeFinder database Data Model version=2.1
2024-04-04 12:06:19,079 [INFO] ApiDb:669 - CubeFinder database Configuration version=3.0.39
2024-04-04 12:06:19,080 [INFO] ApiDb:670 - CubeFinder database generation date=2024-03-25 (1711369621)
2024-04-04 12:06:19,080 [INFO] ApiDb:671 - CubeFinder database FW Pack versions=[FP-ATR-ASTRA1_V2.0.0, FP-SNS-FLIGHT1_V5.0.1, FP-SNS-FLIGHT1_V5.0.2, FP-SNS-MOTENV1_V4.3.1, FP-SNS-MOTENV1_V4.3.2, FP-SNS-MOTENVWB1_V1.3.1, FP-SNS-SMARTAG2_V1.2.0, STM32Cube_FW_C0_V1.1.0, STM32Cube_FW_F4_V1.28.0, STM32Cube_FW_F7_V1.17.0, STM32Cube_FW_G0_V1.6.2, STM32Cube_FW_G4_V1.5.2, STM32Cube_FW_H5_V0.5.1, STM32Cube_FW_H5_V1.1.1, STM32Cube_FW_H5_V1.2.0, STM32Cube_FW_H5_V1.2.0RC4, STM32Cube_FW_H7RS_V1.0.0, STM32Cube_FW_H7RS_V1.0.0RC4, STM32Cube_FW_H7_V1.11.0, STM32Cube_FW_L0_V1.12.2, STM32Cube_FW_L5_V1.5.1, STM32Cube_FW_U0_V1.0.0, STM32Cube_FW_U0_V1.0.0RC1, STM32Cube_FW_U5_V1.3.0RC4, STM32Cube_FW_U5_V1.5.0, STM32Cube_FW_U5_V1.5.0RC1, STM32Cube_FW_WBA_V1.0.0RC1, STM32Cube_FW_WBA_V1.2.0, STM32Cube_FW_WBA_V1.2.0RC2, STM32Cube_FW_WBA_V1.3.0, STM32Cube_FW_WBA_V1.3.0RC1, STM32Cube_FW_WB_V1.15.0RC1, STM32Cube_FW_WB_V1.16.0, STM32Cube_FW_WB_V1.16.0RC2, STM32Cube_FW_WB_V1.18.0, STM32Cube_FW_WB_V1.19.0, STM32Cube_FW_WL_V1.3.0, X-CUBE-ALGOBUILD_V1.3.0, X-CUBE-ALS_V1.0.1, X-CUBE-AZRTOS-F4_V1.1.0, X-CUBE-AZRTOS-F7_V1.1.0, X-CUBE-AZRTOS-G0_V1.1.0, X-CUBE-AZRTOS-G4_V2.0.0, X-CUBE-AZRTOS-H7_V3.2.0, X-CUBE-AZRTOS-L4_V1.0.0, X-CUBE-AZRTOS-L4_V2.0.0, X-CUBE-AZRTOS-L5_V1.1.0, X-CUBE-AZRTOS-WB_V2.0.0, X-CUBE-AZRTOS-WL_V2.0.0, X-CUBE-BLE1_V7.0.0, X-CUBE-BLE2_V3.3.0, X-CUBE-BLEMGR_V3.1.0, X-CUBE-EEPRMA1_V4.1.0, X-CUBE-EEPRMA1_V5.1.0, X-CUBE-FREERTOS_V1.1.0, X-CUBE-GNSS1_V6.0.0, X-CUBE-MEMS1_V10.0.0, X-CUBE-MEMS1_V9.1.0, X-CUBE-MEMS1_V9.4.0, X-CUBE-MEMS1_V9.6.0, X-CUBE-NFC4_V3.0.0, X-CUBE-NFC7_V1.0.1, X-CUBE-SFXS2LP1_V4.0.0, X-CUBE-SUBG2_V5.0.0, X-CUBE-TOF1_V3.4.0]
2024-04-04 12:06:19,797 [ERROR] DbExamplesSqlite:437 - Missing JSON key: board_cpn
2024-04-04 12:06:19,797 [ERROR] DbExamplesSqlite:437 - Missing JSON key: board_cpn
2024-04-04 12:06:19,798 [ERROR] DbExamplesSqlite:437 - Missing JSON key: board_cpn
2024-04-04 12:06:19,799 [ERROR] DbExamplesSqlite:437 - Missing JSON key: board_cpn
2024-04-04 12:06:19,923 [INFO] DbExamplesSqlite:395 - Ignored 60 examples not supported by CubeIDE
2024-04-04 12:06:19,926 [INFO] DbExamplesSqlite:396 - Found 8152 examples active
2024-04-04 12:06:19,927 [INFO] DbExamplesSqlite:397 - Found 871 examples obsolete
2024-04-04 12:06:19,927 [INFO] DbExamplesSqlite:398 - Found 0 examples under development
2024-04-04 12:06:19,927 [INFO] DbExamplesSqlite:399 - Found 10 examples not building
2024-04-04 12:06:19,935 [INFO] DbExamples:125 - Found 8102 examples
2024-04-04 12:06:19,963 [ERROR] DbExamples:208 - Found 48 examples with invalid data (board or MCU)
2024-04-04 12:06:19,964 [INFO] DbExamples:222 - Found 100 boards with related examples
2024-04-04 12:06:19,964 [INFO] DbExamples:235 - Found 85 MCUs with related examples
2024-04-04 12:06:19,985 [INFO] ApiDb:414 - User favorites file not found: /Users/richywarrior/.stm32cubeide/favorites.examples.txt
2024-04-04 12:06:19,985 [INFO] DbExamples:250 - Set 0 / 0 favorites Examples
2024-04-04 12:06:21,021 [INFO] McuFinderGlobals:76 - Set McuFinderConnectedMode to true
2024-04-04 12:06:21,039 [INFO] MultiScanPanel:200 - Auto-refresh data requested => check proxy status ongoing
2024-04-04 12:06:21,042 [INFO] FinderPluginLoader:95 - Searching for filters in installed packs
2024-04-04 12:06:22,715 [INFO] LoadUrlFilesThread:185 - End of LoadServerUrlFiles without Thread
2024-04-04 12:06:22,736 [INFO] DetailPanel:341 - Set advertising image to /Users/richywarrior/STM32Cube/Repository//en.prom-stm32wl3-mcu-finder.jpg
2024-04-04 12:06:35,664 [INFO] MultiScanPanel:200 - Auto-refresh data requested => check proxy status ongoing
2024-04-04 12:06:35,914 [INFO] LoadUrlFilesThread:185 - End of LoadServerUrlFiles without Thread
2024-04-04 12:06:35,915 [INFO] DetailPanel:341 - Set advertising image to /Users/richywarrior/STM32Cube/Repository//en.prom-stm32wl3-mcu-finder.jpg
2024-04-04 12:06:35,956 [INFO] DbBoards:642 - Loading board mini-images...
2024-04-04 12:06:37,954 [INFO] DbBoards:665 - Loaded 198 board mini-images
2024-04-04 12:06:59,687 [INFO] MetaSearchPanel:254 - search for filter with key=Nucle
2024-04-04 12:07:02,440 [INFO] MetaSearchPanel:254 - search for filter with key=Nucleo
2024-04-04 12:09:01,365 [INFO] MainUpdater:2873 - connection check result : 10
2024-04-04 12:09:01,368 [INFO] MainUpdater:2873 - connection check result : 10
2024-04-04 12:09:01,941 [INFO] MicroXplorer:468 - Change Database Path : 
2024-04-04 12:09:01,941 [INFO] MicroXplorer:498 - Change Database Version : DB.6.0.100
2024-04-04 12:09:01,949 [WARN] ThirdParty:871 - waiting for thirdparty lock release [close project]
2024-04-04 12:09:01,949 [INFO] ThirdParty:873 - entering critical section [close project]
2024-04-04 12:09:01,960 [INFO] ThirdParty:883 - exiting critical section [close project]
2024-04-04 12:09:01,970 [INFO] PinOutPanel:1499 - setPackage(No Configuration,No Configuration)
2024-04-04 12:09:01,983 [INFO] UtilMem:75 - Begin LoadConfig() Used Memory: 887908248 Bytes (1073741824)
2024-04-04 12:09:01,995 [INFO] OpenFileManager:312 - Change cursor
2024-04-04 12:09:02,161 [INFO] ProjectFactory:440 - No CPN specified for board NUCLEO-F103RB => set CPN to STM32F103RBT6
2024-04-04 12:09:02,171 [INFO] Mcu:2016 - Initializing MCU STM32F103R(8-B)Tx STM32F103RBTx STM32F103RBT6
2024-04-04 12:09:03,474 [INFO] Context:659 - Trying to add GPIOservice into a context  which must be forbidden
2024-04-04 12:09:03,920 [INFO] Rule:228 - rule 117617 - U5Cobra4M][GTZC] default value MPCBB3 and MPCBB5 - Not Secured memory - MPCBB1 is applicable
2024-04-04 12:09:03,923 [INFO] Rule:228 - rule 117617 - U5Cobra4M][GTZC] default value MPCBB3 and MPCBB5 - Not Secured memory - MPCBB1 is applicable
2024-04-04 12:09:03,923 [INFO] Rule:228 - rule 117617 - U5Cobra4M][GTZC] default value MPCBB3 and MPCBB5 - Not Secured memory - MPCBB2 is applicable
2024-04-04 12:09:03,923 [INFO] Rule:228 - rule 117617 - U5Cobra4M][GTZC] default value MPCBB3 and MPCBB5 - Not Secured memory - MPCBB2 is applicable
2024-04-04 12:09:03,923 [INFO] Rule:228 - rule 117617 - U5Cobra4M][GTZC] default value MPCBB3 and MPCBB5 - Not Secured memory - MPCBB3 is applicable
2024-04-04 12:09:03,923 [INFO] Rule:228 - rule 117617 - U5Cobra4M][GTZC] default value MPCBB3 and MPCBB5 - Not Secured memory - MPCBB3 is applicable
2024-04-04 12:09:03,923 [INFO] Rule:228 - rule 117617 - U5Cobra4M][GTZC] default value MPCBB3 and MPCBB5 - Not Secured memory - MPCBB4 is applicable
2024-04-04 12:09:03,923 [INFO] Rule:228 - rule 117617 - U5Cobra4M][GTZC] default value MPCBB3 and MPCBB5 - Not Secured memory - MPCBB4 is applicable
2024-04-04 12:09:03,923 [INFO] Rule:228 - rule 117617 - U5Cobra4M][GTZC] default value MPCBB3 and MPCBB5 - Secured memory - MPCBB1 is applicable
2024-04-04 12:09:03,923 [INFO] Rule:228 - rule 117617 - U5Cobra4M][GTZC] default value MPCBB3 and MPCBB5 - Secured memory - MPCBB2 is applicable
2024-04-04 12:09:03,923 [INFO] Rule:228 - rule 117617 - U5Cobra4M][GTZC] default value MPCBB3 and MPCBB5 - Secured memory - MPCBB3 is applicable
2024-04-04 12:09:03,923 [INFO] Rule:228 - rule 117617 - U5Cobra4M][GTZC] default value MPCBB3 and MPCBB5 - Secured memory - MPCBB4 is applicable
2024-04-04 12:09:03,923 [INFO] Rule:228 - rule 117617 - U5Cobra4M][GTZC] default value MPCBB3 and MPCBB5 - Privileged memory - MPCBB1 is applicable
2024-04-04 12:09:03,923 [INFO] Rule:228 - rule 117617 - U5Cobra4M][GTZC] default value MPCBB3 and MPCBB5 - Privileged memory - MPCBB2 is applicable
2024-04-04 12:09:03,923 [INFO] Rule:228 - rule 117617 - U5Cobra4M][GTZC] default value MPCBB3 and MPCBB5 - Privileged memory - MPCBB3 is applicable
2024-04-04 12:09:03,923 [INFO] Rule:228 - rule 117617 - U5Cobra4M][GTZC] default value MPCBB3 and MPCBB5 - Privileged memory - MPCBB4 is applicable
2024-04-04 12:09:03,924 [INFO] Rule:228 - rule 117617 - U5Cobra4M][GTZC] default value MPCBB3 and MPCBB5 - Not Privileged memory - MPCBB1 is applicable
2024-04-04 12:09:03,924 [INFO] Rule:228 - rule 117617 - U5Cobra4M][GTZC] default value MPCBB3 and MPCBB5 - Not Privileged memory - MPCBB2 is applicable
2024-04-04 12:09:03,924 [INFO] Rule:228 - rule 117617 - U5Cobra4M][GTZC] default value MPCBB3 and MPCBB5 - Not Privileged memory - MPCBB3 is applicable
2024-04-04 12:09:03,924 [INFO] Rule:228 - rule 117617 - U5Cobra4M][GTZC] default value MPCBB3 and MPCBB5 - Not Privileged memory - MPCBB4 is applicable
2024-04-04 12:09:03,924 [INFO] Rule:228 - rule 117617 - U5Cobra4M][GTZC] default value MPCBB3 and MPCBB5 - Privileged memory - MPCBB1 is applicable
2024-04-04 12:09:03,924 [INFO] Rule:228 - rule 117617 - U5Cobra4M][GTZC] default value MPCBB3 and MPCBB5 - Privileged memory - MPCBB2 is applicable
2024-04-04 12:09:03,924 [INFO] Rule:228 - rule 117617 - U5Cobra4M][GTZC] default value MPCBB3 and MPCBB5 - Privileged memory - MPCBB3 is applicable
2024-04-04 12:09:03,924 [INFO] Rule:228 - rule 117617 - U5Cobra4M][GTZC] default value MPCBB3 and MPCBB5 - Privileged memory - MPCBB4 is applicable
2024-04-04 12:09:03,924 [INFO] Rule:228 - rule 117617 - U5Cobra4M][GTZC] default value MPCBB3 and MPCBB5 - Privileged memory - MPCBB1 is applicable
2024-04-04 12:09:03,924 [INFO] Rule:228 - rule 117617 - U5Cobra4M][GTZC] default value MPCBB3 and MPCBB5 - Privileged memory - MPCBB2 is applicable
2024-04-04 12:09:03,924 [INFO] Rule:228 - rule 117617 - U5Cobra4M][GTZC] default value MPCBB3 and MPCBB5 - Privileged memory - MPCBB3 is applicable
2024-04-04 12:09:03,924 [INFO] Rule:228 - rule 117617 - U5Cobra4M][GTZC] default value MPCBB3 and MPCBB5 - Privileged memory - MPCBB4 is applicable
2024-04-04 12:09:03,924 [INFO] Rule:228 - rule 117617 - U5Cobra4M][GTZC] default value MPCBB3 and MPCBB5 - Not Privileged memory - MPCBB1 is applicable
2024-04-04 12:09:03,924 [INFO] Rule:228 - rule 117617 - U5Cobra4M][GTZC] default value MPCBB3 and MPCBB5 - Not Privileged memory - MPCBB2 is applicable
2024-04-04 12:09:03,924 [INFO] Rule:228 - rule 117617 - U5Cobra4M][GTZC] default value MPCBB3 and MPCBB5 - Not Privileged memory - MPCBB3 is applicable
2024-04-04 12:09:03,924 [INFO] Rule:228 - rule 117617 - U5Cobra4M][GTZC] default value MPCBB3 and MPCBB5 - Not Privileged memory - MPCBB4 is applicable
2024-04-04 12:09:03,924 [INFO] Rule:228 - rule 117617 - U5Cobra4M][GTZC] default value MPCBB3 and MPCBB5 - Privileged memory - MPCBB1 is applicable
2024-04-04 12:09:03,924 [INFO] Rule:228 - rule 117617 - U5Cobra4M][GTZC] default value MPCBB3 and MPCBB5 - Privileged memory - MPCBB2 is applicable
2024-04-04 12:09:03,924 [INFO] Rule:228 - rule 117617 - U5Cobra4M][GTZC] default value MPCBB3 and MPCBB5 - Privileged memory - MPCBB3 is applicable
2024-04-04 12:09:03,924 [INFO] Rule:228 - rule 117617 - U5Cobra4M][GTZC] default value MPCBB3 and MPCBB5 - Privileged memory - MPCBB4 is applicable
2024-04-04 12:09:03,924 [INFO] Rule:228 - rule Rename SubGHz_Phy SUBGHZ_APPLICATION SUBGHZ_PINGPONG to SUBGHZ_ADV_APPLICATION is applicable
2024-04-04 12:09:03,924 [INFO] Rule:228 - rule Rename Enabled to IBEACON is applicable
2024-04-04 12:09:03,925 [INFO] Rule:228 - rule GTZC_S instance for project manager is applicable
2024-04-04 12:09:03,927 [INFO] Rule:228 - rule GTZC_S instance for context M33S is applicable
2024-04-04 12:09:03,927 [INFO] Rule:228 - rule GTZC_S instance value for IP GTZC is applicable
2024-04-04 12:09:03,927 [INFO] Rule:228 - rule GTZC_S instance for mcu.IP is applicable
2024-04-04 12:09:03,927 [INFO] Rule:228 - rule GTZC_S instance for VP is applicable
2024-04-04 12:09:03,927 [INFO] Rule:228 - rule GTZC_S instance for signal is applicable
2024-04-04 12:09:03,928 [INFO] Rule:228 - rule GTZC_S instance for mcu.Pin is applicable
2024-04-04 12:09:03,928 [INFO] Rule:228 - rule GTZC_S instance for VP is applicable
2024-04-04 12:09:03,928 [INFO] Rule:228 - rule GTZC_S instance for signal is applicable
2024-04-04 12:09:03,928 [INFO] Rule:228 - rule GTZC_S instance for mcu is applicable
2024-04-04 12:09:03,928 [INFO] Rule:228 - rule GTZC_S instance for mcu.Pin is applicable
2024-04-04 12:09:03,928 [INFO] Rule:228 - rule GTZC_S instance value for IP GTZC is applicable
2024-04-04 12:09:03,928 [INFO] Rule:228 - rule GTZC_S instance for project manager is applicable
2024-04-04 12:09:03,928 [INFO] Rule:228 - rule GTZC_S instance for context M33S is applicable
2024-04-04 12:09:03,928 [INFO] Rule:228 - rule GTZC_S instance for VP is applicable
2024-04-04 12:09:03,928 [INFO] Rule:228 - rule GTZC_S instance for signal is applicable
2024-04-04 12:09:03,928 [INFO] Rule:228 - rule SPDIFRX instance for mcu is applicable
2024-04-04 12:09:03,928 [INFO] Rule:228 - rule Rename Tracer Mode is applicable
2024-04-04 12:09:03,928 [INFO] Rule:228 - rule SPDIFRX instance value for IP SPDIFRX is applicable
2024-04-04 12:09:03,928 [INFO] Rule:228 - rule SPDIFRX instance for signal is applicable
2024-04-04 12:09:03,928 [INFO] Rule:228 - rule SPDIFRX instance for project manager is applicable
2024-04-04 12:09:03,928 [INFO] Rule:228 - rule SPDIFRX instance for project manager is applicable
2024-04-04 12:09:03,928 [INFO] Rule:228 - rule ADC Scan  fix with FW F7 is applicable
2024-04-04 12:09:03,928 [INFO] Rule:228 - rule ADC Scan  fix with FW F7 is applicable
2024-04-04 12:09:03,928 [INFO] Rule:228 - rule WakeUp0 Mode is applicable
2024-04-04 12:09:03,928 [INFO] Rule:228 - rule WakeUp0 SIGNAL is applicable
2024-04-04 12:09:03,928 [INFO] Rule:228 - rule WakeUp1 Mode is applicable
2024-04-04 12:09:03,928 [INFO] Rule:228 - rule WakeUp1 SIGNAL is applicable
2024-04-04 12:09:03,928 [INFO] Rule:228 - rule WakeUp2 Mode is applicable
2024-04-04 12:09:03,928 [INFO] Rule:228 - rule WakeUp2 SIGNAL is applicable
2024-04-04 12:09:03,928 [INFO] Rule:228 - rule WakeUp4 Mode is applicable
2024-04-04 12:09:03,928 [INFO] Rule:228 - rule WakeUp4 SIGNAL is applicable
2024-04-04 12:09:03,928 [INFO] Rule:228 - rule WakeUp5 Mode is applicable
2024-04-04 12:09:03,928 [INFO] Rule:228 - rule WakeUp5 SIGNAL is applicable
2024-04-04 12:09:03,928 [INFO] Rule:228 - rule UART/USART WORD LENGTH 7 is applicable
2024-04-04 12:09:03,928 [INFO] Rule:228 - rule UART/USART WORD LENGTH 8 is applicable
2024-04-04 12:09:03,928 [INFO] Rule:228 - rule UART/USART WORD LENGTH 9 is applicable
2024-04-04 12:09:03,928 [INFO] Rule:228 - rule Change Default Value for LSE Drive Capability for WB family is applicable
2024-04-04 12:09:03,928 [INFO] Rule:228 - rule Change Default Value for ADC Clock Prescaler G0 family is applicable
2024-04-04 12:09:03,928 [INFO] Rule:228 - rule ADC SamplingTime fix with FW L0  is applicable
2024-04-04 12:09:03,928 [INFO] Rule:228 - rule ADC SamplingTime fix with FW L0  is applicable
2024-04-04 12:09:03,928 [INFO] Rule:228 - rule ADC SamplingTime fix with FW L0 is applicable
2024-04-04 12:09:03,928 [INFO] Rule:228 - rule ADC SamplingTime fix with FW L0 is applicable
2024-04-04 12:09:03,929 [INFO] Rule:228 - rule ADC SamplingTime fix with FW L0  is applicable
2024-04-04 12:09:03,929 [INFO] Rule:228 - rule ADC SamplingTime fix with FW L0 is applicable
2024-04-04 12:09:03,929 [INFO] Rule:228 - rule Rename USB_OE Signal is applicable
2024-04-04 12:09:03,929 [INFO] Rule:228 - rule Rename Activate_OE Mode is applicable
2024-04-04 12:09:03,929 [INFO] Rule:228 - rule Rename DIE462/DIE415 pin PC14/OSC32_IN -> PC14-OSC32_IN (PC14) is applicable
2024-04-04 12:09:03,929 [INFO] Rule:228 - rule Rename DIE462/DIE415 pin PC15/OSC32_OUT -> PC15-OSC32_OUT (PC15) is applicable
2024-04-04 12:09:03,929 [INFO] Rule:228 - rule Rename DIE462/DIE415 pin PH0/OSC_IN -> PH0-OSC_IN (PH0) is applicable
2024-04-04 12:09:03,929 [INFO] Rule:228 - rule Rename DIE462/DIE415 pin PH1/OSC_OUT -> PH1-OSC_OUT (PH1) is applicable
2024-04-04 12:09:03,929 [INFO] Rule:228 - rule Rename DIE462 pin PA13 -> PA13 (JTMS/SWDIO) is applicable
2024-04-04 12:09:03,929 [INFO] Rule:228 - rule Rename DIE415 pin PA13 -> PA13 (JTMS/SWDIO) is applicable
2024-04-04 12:09:03,929 [INFO] Rule:228 - rule Rename DIE462 pin PA14 -> PA14 (JTCK/SWCLK) is applicable
2024-04-04 12:09:03,929 [INFO] Rule:228 - rule Rename DIE415 pin PA14 -> PA14 (JTCK/SWCLK) is applicable
2024-04-04 12:09:03,929 [INFO] Rule:228 - rule Rename DIE462/DIE415 pin PA15 -> PA15 (JTDI) is applicable
2024-04-04 12:09:03,929 [INFO] Rule:228 - rule Rename DIE462 pin PB3 -> PB3 (JTD0/TRACESWO) is applicable
2024-04-04 12:09:03,929 [INFO] Rule:228 - rule Rename DIE415 pin PB3 -> PB3 (JTD0-TRACESWO) is applicable
2024-04-04 12:09:03,929 [INFO] Rule:228 - rule Rename DIE462/DIE415 pin PB4 -> PB4 (NJTRST) is applicable
2024-04-04 12:09:03,929 [INFO] Rule:228 - rule Rename DIE462 pin PH3/BOOT0 -> PH3-BOOT0 (BOOT0) is applicable
2024-04-04 12:09:03,929 [INFO] Rule:228 - rule Rename CRYP DataEncryptionTypesList to Algorithm is applicable
2024-04-04 12:09:03,929 [INFO] Rule:228 - rule Rename AES DataEncryptionTypesList to Algorithm is applicable
2024-04-04 12:09:03,929 [INFO] Rule:228 - rule Rename TDESECB to CRYP_TDES_ECB is applicable
2024-04-04 12:09:03,929 [INFO] Rule:228 - rule Rename TDESCBC to CRYP_TDES_CBC is applicable
2024-04-04 12:09:03,929 [INFO] Rule:228 - rule Rename DESECB to CRYP_DES_ECB is applicable
2024-04-04 12:09:03,929 [INFO] Rule:228 - rule Rename DESCBC to CRYP_DES_CBC is applicable
2024-04-04 12:09:03,929 [INFO] Rule:228 - rule Rename AESECB to CRYP_AES_ECB is applicable
2024-04-04 12:09:03,929 [INFO] Rule:228 - rule Rename AESCBC to CRYP_AES_CBC is applicable
2024-04-04 12:09:03,929 [INFO] Rule:228 - rule Rename AESCTR to CRYP_AES_CTR is applicable
2024-04-04 12:09:03,929 [INFO] Rule:228 - rule Rename AESGCM to CRYP_AES_GCM is applicable
2024-04-04 12:09:03,929 [INFO] Rule:228 - rule Rename AESCCM to CRYP_AES_CCM is applicable
2024-04-04 12:09:03,929 [INFO] Rule:228 - rule Rename CAN TimeSeg1 to BS1 is applicable
2024-04-04 12:09:03,929 [INFO] Rule:228 - rule Rename CAN TimeSeg2 to BS2 is applicable
2024-04-04 12:09:03,929 [INFO] Rule:228 - rule Rename CAN SyncJumpWidth to SJW is applicable
2024-04-04 12:09:03,929 [INFO] Rule:228 - rule TimeTriggeredMode to TTCM is applicable
2024-04-04 12:09:03,929 [INFO] Rule:228 - rule Rename CAN AutoBusOff to ABOM is applicable
2024-04-04 12:09:03,929 [INFO] Rule:228 - rule Rename CAN AutoWakeUp to AWUM is applicable
2024-04-04 12:09:03,929 [INFO] Rule:228 - rule Rename CAN AutoRetransmission to NART is applicable
2024-04-04 12:09:03,929 [INFO] Rule:228 - rule Rename CAN ReceiveFifoLocked to RFLM is applicable
2024-04-04 12:09:03,929 [INFO] Rule:228 - rule Rename CAN TransmitFifoPriority to TXFP is applicable
2024-04-04 12:09:03,929 [INFO] Rule:228 - rule Rename HRTIMER HRTIM_OUTPUTFAULTLEVEL_HIGH in HRTIMER HRTIM_OUTPUTFAULTLEVEL_HIGHZ is applicable
2024-04-04 12:09:03,929 [INFO] Rule:228 - rule Rename TIMER TIM_CLEARINPUTSOURCE_OCREFCLR in  TIMER TIM_CLEARINPUTSOURCE_NONE for F7 family is applicable
2024-04-04 12:09:03,929 [INFO] Rule:228 - rule FDCAN_R1 - Rename FDCAN mode Master into Classic is applicable
2024-04-04 12:09:03,929 [INFO] Rule:228 - rule FDCAN_R2 - Rename FDCAN mode Slave into Classic is applicable
2024-04-04 12:09:03,929 [INFO] Rule:228 - rule FDCAN1_R3 - if PA10.Mode=FullDuplex, add Pin PA12 is applicable
2024-04-04 12:09:03,929 [INFO] Rule:228 - rule FDCAN1_R3 - if PA9.Mode=FullDuplex, add Pin PA11 is applicable
2024-04-04 12:09:03,929 [INFO] Rule:228 - rule FDCAN1_R3 - Alternatepin_1 - if PE1.Mode=FullDuplex, add Pin PB9 is applicable
2024-04-04 12:09:03,929 [INFO] Rule:228 - rule FDCAN1_R3 - Alternatepin_1 - if PE0.Mode=FullDuplex, add Pin PB8 is applicable
2024-04-04 12:09:03,930 [INFO] Rule:228 - rule FDCAN1_R3 - Alternatepin_2 - if PD5.Mode=FullDuplex, add Pin PD1 is applicable
2024-04-04 12:09:03,930 [INFO] Rule:228 - rule FDCAN1_R3 - Alternatepin_2 - if PD4.Mode=FullDuplex, add Pin PD0 is applicable
2024-04-04 12:09:03,930 [INFO] Rule:228 - rule FDCAN1_R4 - Rename Mode FullDuplex into Enable FDCAN_TXFD for pin PA10 is applicable
2024-04-04 12:09:03,930 [INFO] Rule:228 - rule FDCAN1_R4 - Rename Mode FullDuplex into Enable FDCAN_TXFD for pin PA9 is applicable
2024-04-04 12:09:03,930 [INFO] Rule:228 - rule FDCAN1_R4 - Alternatepin_1 - Rename Mode FullDuplex into Enable FDCAN_TXFD for pin PE1 is applicable
2024-04-04 12:09:03,930 [INFO] Rule:228 - rule FDCAN1_R4 - Alternatepin_1 - Rename Mode FullDuplex into Enable FDCAN_TXFD for pin PE0 is applicable
2024-04-04 12:09:03,930 [INFO] Rule:228 - rule FDCAN1_R4 - Alternatepin_2 - Rename Mode FullDuplex into Enable FDCAN_TXFD for pin PD5 is applicable
2024-04-04 12:09:03,930 [INFO] Rule:228 - rule FDCAN1_R4 - Alternatepin_2 - Rename Mode FullDuplex into Enable FDCAN_TXFD for pin PD4 is applicable
2024-04-04 12:09:03,930 [INFO] Rule:228 - rule FDCAN2_R3 - if PD10.Mode=FullDuplex, add Pin PB13 is applicable
2024-04-04 12:09:03,930 [INFO] Rule:228 - rule FDCAN2_R3 - if PD9.Mode=FullDuplex, add Pin PB12 is applicable
2024-04-04 12:09:03,930 [INFO] Rule:228 - rule FDCAN2_R3 - Alternatepin_1 - if PB7.Mode=FullDuplex, add Pin PB6 is applicable
2024-04-04 12:09:03,930 [INFO] Rule:228 - rule FDCAN2_R3 - Alternatepin_1 - if PD9.Mode=FullDuplex, add Pin PB12 is applicable
2024-04-04 12:09:03,930 [INFO] Rule:228 - rule FDCAN2_R4 - Rename Mode FullDuplex into Enable FDCAN_TXFD for pin PD10 is applicable
2024-04-04 12:09:03,930 [INFO] Rule:228 - rule FDCAN2_R4 - Rename Mode FullDuplex into Enable FDCAN_TXFD for pin PD9 is applicable
2024-04-04 12:09:03,930 [INFO] Rule:228 - rule FDCAN2_R4 - Alternatepin_1 - Rename Mode FullDuplex into Enable FDCAN_TXFD for pin PB7 is applicable
2024-04-04 12:09:03,930 [INFO] Rule:228 - rule FDCAN2_R4 - Alternatepin_1 - Rename Mode FullDuplex into Enable FDCAN_TXFD for pin PD6 is applicable
2024-04-04 12:09:03,930 [INFO] Rule:228 - rule USART TxPinLevelInvertParam Mode is applicable
2024-04-04 12:09:03,930 [INFO] Rule:228 - rule USART RxPinLevelInvertParam Mode is applicable
2024-04-04 12:09:03,930 [INFO] Rule:228 - rule USART DataInvertParam Mode is applicable
2024-04-04 12:09:03,930 [INFO] Rule:228 - rule USART SwapParam Mode is applicable
2024-04-04 12:09:03,930 [INFO] Rule:228 - rule USART OverrunDisableParam Mode is applicable
2024-04-04 12:09:03,930 [INFO] Rule:228 - rule USART DMADisableonRxErrorParam Mode is applicable
2024-04-04 12:09:03,930 [INFO] Rule:228 - rule USART MSBFirstParam Mode is applicable
2024-04-04 12:09:03,930 [INFO] Rule:228 - rule Update MwName for USB_DEVICE is applicable
2024-04-04 12:09:03,930 [INFO] Rule:228 - rule Change PWR_Regulator_Voltage_Scale Default Value for RCC  H7 family is applicable
2024-04-04 12:09:03,930 [INFO] Rule:228 - rule UART/USART IPParameter rename Prescaler parameter to ClockPrescaler is applicable
2024-04-04 12:09:03,930 [INFO] Rule:228 - rule UART/USART Prescaler rename Prescaler parameter to ClockPrescaler is applicable
2024-04-04 12:09:03,930 [INFO] Rule:228 - rule TIM1CLockSelection is applicable
2024-04-04 12:09:03,930 [INFO] Rule:228 - rule TIM15CLockSelection is applicable
2024-04-04 12:09:03,930 [INFO] Rule:228 - rule align RCC SDMMC3CLockSelection default value on MP1 is applicable
2024-04-04 12:09:03,930 [INFO] Rule:228 - rule align RCC SDMMC12CLockSelection default value on MP1 is applicable
2024-04-04 12:09:03,930 [INFO] Rule:228 - rule align RCC QSPICLockSelection default value on MP1 is applicable
2024-04-04 12:09:03,930 [INFO] Rule:228 - rule align RCC QSPICLockSelection default value on MP1 is applicable
2024-04-04 12:09:03,930 [INFO] Rule:228 - rule align RCC SPI6CLockSelection default value on MP1 is applicable
2024-04-04 12:09:03,930 [INFO] Rule:228 - rule align RCC LPTIM23CLockSelection default value on MP1 is applicable
2024-04-04 12:09:03,930 [INFO] Rule:228 - rule align RCC LPTIM1CLockSelection default value on MP1 is applicable
2024-04-04 12:09:03,930 [INFO] Rule:228 - rule align RCC USART1CLockSelection default value on MP1 is applicable
2024-04-04 12:09:03,930 [INFO] Rule:228 - rule align RCC USART24CLockSelection default value on MP1 is applicable
2024-04-04 12:09:03,930 [INFO] Rule:228 - rule align RCC USART6CLockSelection default value on MP1 is applicable
2024-04-04 12:09:03,931 [INFO] Rule:228 - rule align RCC UART78CLockSelection default value on MP1 is applicable
2024-04-04 12:09:03,932 [INFO] Rule:228 - rule align RCC USART35CLockSelection default value on MP1 is applicable
2024-04-04 12:09:03,932 [INFO] Rule:228 - rule align RCC SPI45CLockSelection default value on MP1 is applicable
2024-04-04 12:09:03,933 [INFO] Rule:228 - rule align RCC I2C46CLockSelection BCLK value on MP1 is applicable
2024-04-04 12:09:03,933 [INFO] Rule:228 - rule align RCC SPI45CLockSelection default value on MP1 is applicable
2024-04-04 12:09:03,934 [INFO] Rule:228 - rule align RCC I2C12CLockSelection default value on MP1 is applicable
2024-04-04 12:09:03,934 [INFO] Rule:228 - rule align RCC I2C35CLockSelection default value on MP1 is applicable
2024-04-04 12:09:03,934 [INFO] Rule:228 - rule align RCC LPTIM45CLockSelection default value on MP1 is applicable
2024-04-04 12:09:03,934 [INFO] Rule:228 - rule Rename DCMI PIXCK signal is applicable
2024-04-04 12:09:03,935 [INFO] Rule:228 - rule Change Default Value for I2C46CLockSelection MP1 family is applicable
2024-04-04 12:09:03,935 [INFO] Rule:228 - rule Change Default Value for UART for G4, G0 and WB families is applicable
2024-04-04 12:09:03,935 [INFO] Rule:228 - rule Change Default Value for USART for G4, G0 and WB families is applicable
2024-04-04 12:09:03,935 [INFO] Rule:228 - rule Change Default Value for USART for G4 family is applicable
2024-04-04 12:09:03,935 [INFO] Rule:228 - rule Change USART1CLockSelection refparam name for MP1 is applicable
2024-04-04 12:09:03,935 [INFO] Rule:228 - rule Change USART2CLockSelection refparam name for MP1 is applicable
2024-04-04 12:09:03,935 [INFO] Rule:228 - rule Change USART3CLockSelection refparam name for MP1 is applicable
2024-04-04 12:09:03,935 [INFO] Rule:228 - rule Change UART4CLockSelection refparam name for MP1 is applicable
2024-04-04 12:09:03,935 [INFO] Rule:228 - rule Change UART5CLockSelection refparam name for MP1 is applicable
2024-04-04 12:09:03,935 [INFO] Rule:228 - rule Change LPUART1CLockSelection refparam name for MP1 is applicable
2024-04-04 12:09:03,935 [INFO] Rule:228 - rule Change LPTIM1CLockSelection refparam name for MP1 is applicable
2024-04-04 12:09:03,935 [INFO] Rule:228 - rule Change LPTIM2CLockSelection refparam name for MP1 is applicable
2024-04-04 12:09:03,935 [INFO] Rule:228 - rule Change RCC_MCO1Source refparam name for MP1 is applicable
2024-04-04 12:09:03,935 [INFO] Rule:228 - rule Change LSCOSource1 refparam name for MP1 is applicable
2024-04-04 12:09:03,935 [INFO] Rule:228 - rule Change SMPSCLockSelection refparam name for MP1 is applicable
2024-04-04 12:09:03,935 [INFO] Rule:228 - rule Change LPTIM3CLockSelection refparam name for MP1 is applicable
2024-04-04 12:09:03,935 [INFO] Rule:228 - rule Change MPCBB* Default Template Mode to Parameters is applicable
2024-04-04 12:09:03,935 [INFO] Rule:228 - rule Change MPCWM* or MPCBB* Secure Mode to Parameters is applicable
2024-04-04 12:09:03,935 [INFO] Rule:228 - rule Change MPCWM* or MPCBB* No Secure Mode to Parameters is applicable
2024-04-04 12:09:03,935 [INFO] Rule:228 - rule Change TZSC IP Secure Mode to Parameters is applicable
2024-04-04 12:09:03,935 [INFO] Rule:228 - rule Change TZSC IP No Secure Mode to Parameters is applicable
2024-04-04 12:09:03,935 [INFO] Rule:228 - rule Change TZSC IP Privilege Mode to Parameters is applicable
2024-04-04 12:09:03,935 [INFO] Rule:228 - rule Change TZSC IP No Privilege Mode to Parameters is applicable
2024-04-04 12:09:03,935 [INFO] Rule:228 - rule Change TZIC IT Secure Mode to Parameters is applicable
2024-04-04 12:09:03,935 [INFO] Rule:228 - rule Change TZIC IT No Secure Mode to Parameters is applicable
2024-04-04 12:09:03,935 [INFO] Rule:228 - rule Add MPCBB1_NonSecureArea_Start_Address value with referenced to MPCBB1_NonSecureArea_Start value is applicable
2024-04-04 12:09:03,935 [INFO] Rule:228 - rule Add MPCBB2_NonSecureArea_Start_Address value with referenced to MPCBB2_NonSecureArea_Start value is applicable
2024-04-04 12:09:03,935 [INFO] Rule:228 - rule Add MPCWM1_NonSecureArea*_Start_Address value with referenced to MPCWM1_NonSecureArea*_Start value is applicable
2024-04-04 12:09:03,935 [INFO] Rule:228 - rule Add MPCWM2_NonSecureArea*_Start_Address value with referenced to MPCWM2_NonSecureArea*_Start value is applicable
2024-04-04 12:09:03,935 [INFO] Rule:228 - rule Add MPCWM3_NonSecureArea_Start_Address value with referenced to MPCWM3_NonSecureArea_Start value is applicable
2024-04-04 12:09:03,935 [INFO] Rule:228 - rule Change Default Value for PLL1UserDefinedConfig is applicable
2024-04-04 12:09:03,935 [INFO] Rule:228 - rule Change GPIO_PuPd Default Value for USART in async mode is applicable
2024-04-04 12:09:03,935 [INFO] Rule:228 - rule Change SMPSDivider Default Value is applicable
2024-04-04 12:09:03,936 [INFO] Rule:228 - rule OPAMP is applicable
2024-04-04 12:09:03,936 [INFO] Rule:228 - rule LPUART IPParameter rename Prescaler parameter to ClockPrescaler for STM32H7 is applicable
2024-04-04 12:09:03,936 [INFO] Rule:228 - rule LPUART IPParameter rename Prescaler parameter to ClockPrescaler for STM32H7 is applicable
2024-04-04 12:09:03,936 [INFO] Rule:228 - rule LPUART IPParameter rename Prescaler parameter to ClockPrescaler for STM32WB is applicable
2024-04-04 12:09:03,936 [INFO] Rule:228 - rule LPUART IPParameter rename Prescaler parameter to ClockPrescaler for STM32WB is applicable
2024-04-04 12:09:03,936 [INFO] Rule:228 - rule LPUART IPParameter rename Prescaler parameter to ClockPrescaler for STM32G4 is applicable
2024-04-04 12:09:03,936 [INFO] Rule:228 - rule LPUART IPParameter rename Prescaler parameter to ClockPrescaler for STM32G4 is applicable
2024-04-04 12:09:03,936 [INFO] Rule:228 - rule LPUART IPParameter rename Prescaler parameter to ClockPrescaler for STM32L5 is applicable
2024-04-04 12:09:03,936 [INFO] Rule:228 - rule LPUART IPParameter rename Prescaler parameter to ClockPrescaler for STM32L5 is applicable
2024-04-04 12:09:03,936 [INFO] Rule:228 - rule LPUART IPParameter rename Prescaler parameter to ClockPrescaler for STM32G4 is applicable
2024-04-04 12:09:03,936 [INFO] Rule:228 - rule LPUART IPParameter rename Prescaler parameter to ClockPrescaler for STM32G4 is applicable
2024-04-04 12:09:03,936 [INFO] Rule:228 - rule USB device lib V2.5.3 for L0 rename USBD_SUPPORT_USER_STRING parameter to USBD_SUPPORT_USER_STRING_DESC4 is applicable
2024-04-04 12:09:03,936 [INFO] Rule:228 - rule I2SCLockSelection clock entry align is applicable
2024-04-04 12:09:03,936 [INFO] Rule:228 - rule Assign TIMx context if used as SYS timebase is applicable
2024-04-04 12:09:03,936 [INFO] Rule:228 - rule Change GPIO_Pu Default Value for I2C is applicable
2024-04-04 12:09:03,936 [INFO] Rule:228 - rule Change GPIO_Pu Default Value for SMBus is applicable
2024-04-04 12:09:03,936 [INFO] Rule:228 - rule change FDCAN default value is applicable
2024-04-04 12:09:03,936 [INFO] Rule:228 - rule Change mode sai is applicable
2024-04-04 12:09:03,936 [INFO] Rule:228 - rule **Change sai mode is applicable
2024-04-04 12:09:03,936 [INFO] Rule:228 - rule Rename STM32WPAN CFG_BLE_IRK to CFG_BLE_IR is applicable
2024-04-04 12:09:03,936 [INFO] Rule:228 - rule Rename STM32WPAN CFG_BLE_ERK to CFG_BLE_ER is applicable
2024-04-04 12:09:03,936 [INFO] Rule:228 - rule Rename STM32WPAN CFG_BLE_IRK_HEX to CFG_BLE_IR_HEX is applicable
2024-04-04 12:09:03,936 [INFO] Rule:228 - rule Rename STM32WPAN CFG_BLE_ERK_HEX to CFG_BLE_ER_HEX is applicable
2024-04-04 12:09:03,945 [INFO] DbConfProperties:307 - Apply Compatibility (24/230 Rules)
2024-04-04 12:09:03,969 [INFO] ImportTextPane:194 - (OptionalMessage_ERROR) Unable to find key (Mcu.ThirdPartyNb) in loaded IOC file
2024-04-04 12:09:04,104 [INFO] RtosManager:555 - Registered RTOS mode: class=CMSIS, group=RTOS, mode=CMSIS_V1, owner=FREERTOS
2024-04-04 12:09:04,104 [INFO] RtosManager:555 - Registered RTOS mode: class=CMSIS, group=RTOS2, mode=CMSIS_V2, owner=FREERTOS
2024-04-04 12:09:04,104 [INFO] RtosManager:555 - Registered RTOS mode: class=RTOS, group=Core, mode=CMSIS_V1, owner=FREERTOS
2024-04-04 12:09:04,104 [INFO] RtosManager:555 - Registered RTOS mode: class=RTOS, group=Core, mode=CMSIS_V2, owner=FREERTOS
2024-04-04 12:09:04,104 [WARN] ModelIntegratedComponent:184 - Missing modes for component STMicroelectronics:FreeRTOS:0.0.1:STMicroelectronics:RTOS:FreeRTOS:Core:::10.2.0:
2024-04-04 12:09:04,127 [WARN] ModelIntegratedComponent:63 - No mode defined for component null
2024-04-04 12:09:04,127 [WARN] ModelIntegratedComponent:63 - No mode defined for component null
2024-04-04 12:09:04,127 [WARN] ModelIntegratedComponent:63 - No mode defined for component null
2024-04-04 12:09:04,127 [WARN] ModelIntegratedComponent:63 - No mode defined for component null
2024-04-04 12:09:04,127 [WARN] ModelIntegratedComponent:63 - No mode defined for component null
2024-04-04 12:09:04,127 [WARN] ModelIntegratedComponent:63 - No mode defined for component null
2024-04-04 12:09:04,128 [WARN] ModelIntegratedComponent:63 - No mode defined for component null
2024-04-04 12:09:04,128 [WARN] ModelIntegratedComponent:63 - No mode defined for component null
2024-04-04 12:09:04,128 [WARN] ModelIntegratedComponent:63 - No mode defined for component null
2024-04-04 12:09:04,128 [WARN] ModelIntegratedComponent:63 - No mode defined for component null
2024-04-04 12:09:04,128 [WARN] ModelIntegratedComponent:63 - No mode defined for component null
2024-04-04 12:09:04,128 [WARN] ModelIntegratedComponent:63 - No mode defined for component null
2024-04-04 12:09:04,128 [WARN] ModelIntegratedComponent:63 - No mode defined for component null
2024-04-04 12:09:04,128 [WARN] ModelIntegratedComponent:63 - No mode defined for component null
2024-04-04 12:09:04,128 [WARN] ModelIntegratedComponent:63 - No mode defined for component null
2024-04-04 12:09:04,128 [WARN] ModelIntegratedComponent:63 - No mode defined for component null
2024-04-04 12:09:04,128 [WARN] ModelIntegratedComponent:63 - No mode defined for component null
2024-04-04 12:09:04,128 [WARN] ModelIntegratedComponent:63 - No mode defined for component null
2024-04-04 12:09:04,128 [WARN] ModelIntegratedComponent:63 - No mode defined for component null
2024-04-04 12:09:04,128 [WARN] ModelIntegratedComponent:63 - No mode defined for component null
2024-04-04 12:09:04,128 [WARN] ModelIntegratedComponent:63 - No mode defined for component null
2024-04-04 12:09:04,128 [WARN] ModelIntegratedComponent:63 - No mode defined for component null
2024-04-04 12:09:04,128 [WARN] ModelIntegratedComponent:63 - No mode defined for component null
2024-04-04 12:09:04,128 [WARN] ModelIntegratedComponent:63 - No mode defined for component null
2024-04-04 12:09:04,128 [WARN] ModelIntegratedComponent:63 - No mode defined for component null
2024-04-04 12:09:04,128 [WARN] ModelIntegratedComponent:63 - No mode defined for component null
2024-04-04 12:09:04,128 [WARN] ModelIntegratedComponent:63 - No mode defined for component null
2024-04-04 12:09:04,128 [WARN] ModelIntegratedComponent:63 - No mode defined for component null
2024-04-04 12:09:04,128 [WARN] ModelIntegratedComponent:63 - No mode defined for component null
2024-04-04 12:09:04,128 [WARN] ModelIntegratedComponent:63 - No mode defined for component null
2024-04-04 12:09:04,128 [WARN] ModelIntegratedComponent:63 - No mode defined for component null
2024-04-04 12:09:04,128 [WARN] ModelIntegratedComponent:63 - No mode defined for component null
2024-04-04 12:09:04,128 [WARN] ModelIntegratedComponent:63 - No mode defined for component null
2024-04-04 12:09:04,284 [INFO] ThirdPartyModel:298 - Start build external matchings
2024-04-04 12:09:04,523 [INFO] ThirdPartyModel:316 - End build external matchings
2024-04-04 12:09:04,556 [INFO] ImportTextPane:194 - (OptionalMessage_ERROR) IP (RCC) : Parameter (ADCFreqValue) has invalid value (32000000)
2024-04-04 12:09:04,557 [INFO] ImportTextPane:194 - (OptionalMessage_ERROR) IP (RCC) : Invalid parameter (FamilyName)
2024-04-04 12:09:04,558 [INFO] ImportTextPane:194 - (OptionalMessage_ERROR) IP (RCC) : Parameter (MCOFreq_Value) has invalid value (64000000)
2024-04-04 12:09:04,563 [INFO] ImportTextPane:194 - (OptionalMessage_ERROR) IP (RCC) : Parameter (USBFreq_Value) has invalid value (64000000)
2024-04-04 12:09:04,928 [INFO] UtilMem:75 - End LoadConfig() Used Memory: 883497064 Bytes (1073741824)
2024-04-04 12:09:05,116 [INFO] MicroXplorer:468 - Change Database Path : 
2024-04-04 12:09:05,120 [INFO] MicroXplorer:498 - Change Database Version : DB.6.0.100
2024-04-04 12:09:05,123 [WARN] ThirdParty:833 - waiting for thirdparty lock release [change project]
2024-04-04 12:09:05,124 [INFO] ThirdParty:835 - entering critical section [change project]
2024-04-04 12:09:05,125 [INFO] ThirdParty:1030 - CMSIS Pack Vendor :STMicroelectronics USBPD 4.1
2024-04-04 12:09:05,125 [INFO] ThirdParty:1030 - CMSIS Pack Vendor :STMicroelectronics X-CUBE-GNSS1 6.0.0
2024-04-04 12:09:05,125 [INFO] ThirdParty:1030 - CMSIS Pack Vendor :STMicroelectronics USB_HOST 2.0.0
2024-04-04 12:09:05,125 [INFO] ThirdParty:1030 - CMSIS Pack Vendor :STMicroelectronics X-CUBE-AZRTOS-F4 1.1.0
2024-04-04 12:09:05,125 [INFO] ThirdParty:1030 - CMSIS Pack Vendor :STMicroelectronics LIBJPEG 8.0.0
2024-04-04 12:09:05,125 [INFO] ThirdParty:1030 - CMSIS Pack Vendor :STMicroelectronics X-CUBE-SMBUS 2.1.0
2024-04-04 12:09:05,125 [INFO] ThirdParty:1030 - CMSIS Pack Vendor :STMicroelectronics USB_DEVICE 3.0.0
2024-04-04 12:09:05,125 [INFO] ThirdParty:1030 - CMSIS Pack Vendor :STMicroelectronics X-CUBE-AZRTOS-WB 2.0.0
2024-04-04 12:09:05,125 [INFO] ThirdParty:1030 - CMSIS Pack Vendor :STMicroelectronics X-CUBE-TOUCHGFX 4.23.1
2024-04-04 12:09:05,125 [INFO] ThirdParty:1030 - CMSIS Pack Vendor :STMicroelectronics X-CUBE-TOUCHGFX 4.23.0
2024-04-04 12:09:05,125 [INFO] ThirdParty:1030 - CMSIS Pack Vendor :STMicroelectronics X-CUBE-AZRTOS-F7 1.1.0
2024-04-04 12:09:05,125 [INFO] ThirdParty:1030 - CMSIS Pack Vendor :STMicroelectronics X-CUBE-AZRTOS-L5 2.0.0
2024-04-04 12:09:05,125 [INFO] ThirdParty:1030 - CMSIS Pack Vendor :STMicroelectronics USB_DEVICE 2.0.0
2024-04-04 12:09:05,125 [INFO] ThirdParty:1030 - CMSIS Pack Vendor :STMicroelectronics X-CUBE-NFC6 3.1.0
2024-04-04 12:09:05,125 [INFO] ThirdParty:1030 - CMSIS Pack Vendor :STMicroelectronics FP-SNS-MOTENV1 4.3.2
2024-04-04 12:09:05,125 [INFO] ThirdParty:1030 - CMSIS Pack Vendor :STMicroelectronics X-CUBE-ALGOBUILD 1.3.0
2024-04-04 12:09:05,125 [INFO] ThirdParty:1030 - CMSIS Pack Vendor :STMicroelectronics FreeRTOS 0.0.1
2024-04-04 12:09:05,125 [INFO] ThirdParty:1030 - CMSIS Pack Vendor :STMicroelectronics X-CUBE-AZRTOS-G0 1.1.0
2024-04-04 12:09:05,125 [INFO] ThirdParty:1030 - CMSIS Pack Vendor :STMicroelectronics X-CUBE-SAFEA1 1.2.2
2024-04-04 12:09:05,125 [INFO] ThirdParty:1030 - CMSIS Pack Vendor :STMicroelectronics X-CUBE-NFC4 3.0.0
2024-04-04 12:09:05,125 [INFO] ThirdParty:1030 - CMSIS Pack Vendor :STMicroelectronics X-CUBE-SUBG2 5.0.0
2024-04-04 12:09:05,125 [INFO] ThirdParty:1030 - CMSIS Pack Vendor :STMicroelectronics STM32_WPAN 1.0.0
2024-04-04 12:09:05,125 [INFO] ThirdParty:1030 - CMSIS Pack Vendor :STMicroelectronics lwIP 2.0.3
2024-04-04 12:09:05,125 [INFO] ThirdParty:1030 - CMSIS Pack Vendor :STMicroelectronics FP-SNS-FLIGHT1 5.0.2
2024-04-04 12:09:05,125 [INFO] ThirdParty:1030 - CMSIS Pack Vendor :STMicroelectronics USB_HOST 1.0.0
2024-04-04 12:09:05,125 [INFO] ThirdParty:1030 - CMSIS Pack Vendor :STMicroelectronics X-CUBE-AZRTOS-G4 2.0.0
2024-04-04 12:09:05,125 [INFO] ThirdParty:1030 - CMSIS Pack Vendor :STMicroelectronics PDM2PCM 3.1.0
2024-04-04 12:09:05,125 [INFO] ThirdParty:1030 - CMSIS Pack Vendor :STMicroelectronics PDM2PCM 3.3.0
2024-04-04 12:09:05,125 [INFO] ThirdParty:1030 - CMSIS Pack Vendor :STMicroelectronics X-CUBE-DISPLAY 3.0.0
2024-04-04 12:09:05,125 [INFO] ThirdParty:1030 - CMSIS Pack Vendor :wolfSSL I-CUBE-wolfSSL 5.7.0
2024-04-04 12:09:05,125 [INFO] ThirdParty:1030 - CMSIS Pack Vendor :STMicroelectronics X-CUBE-BLE1 7.0.0
2024-04-04 12:09:05,125 [INFO] ThirdParty:1030 - CMSIS Pack Vendor :STMicroelectronics FP-ATR-SIGFOX1 3.2.0
2024-04-04 12:09:05,125 [INFO] ThirdParty:1030 - CMSIS Pack Vendor :STMicroelectronics HAL Drivers 0.0.0
2024-04-04 12:09:05,125 [INFO] ThirdParty:1030 - CMSIS Pack Vendor :STMicroelectronics MBEDTLS 2.16.2
2024-04-04 12:09:05,125 [INFO] ThirdParty:1030 - CMSIS Pack Vendor :emotas I-CUBE-CANOPEN 1.3.0
2024-04-04 12:09:05,125 [INFO] ThirdParty:1030 - CMSIS Pack Vendor :STMicroelectronics X-CUBE-MEMS1 10.0.0
2024-04-04 12:09:05,125 [INFO] ThirdParty:1030 - CMSIS Pack Vendor :STMicroelectronics X-CUBE-FREERTOS 1.1.0
2024-04-04 12:09:05,125 [INFO] ThirdParty:1030 - CMSIS Pack Vendor :STMicroelectronics X-CUBE-NFC7 1.0.1
2024-04-04 12:09:05,125 [INFO] ThirdParty:1030 - CMSIS Pack Vendor :STMicroelectronics MBEDTLS 2.14.1
2024-04-04 12:09:05,125 [INFO] ThirdParty:1030 - CMSIS Pack Vendor :ITTIA_DB I-CUBE-ITTIADB 8.9.0
2024-04-04 12:09:05,125 [INFO] ThirdParty:1030 - CMSIS Pack Vendor :STMicroelectronics X-CUBE-NFC6 3.0.0
2024-04-04 12:09:05,125 [INFO] ThirdParty:1030 - CMSIS Pack Vendor :portGmbH I-Cube-SoM-uGOAL 1.1.0
2024-04-04 12:09:05,125 [INFO] ThirdParty:1030 - CMSIS Pack Vendor :STMicroelectronics X-CUBE-ALS 1.0.1
2024-04-04 12:09:05,125 [INFO] ThirdParty:1030 - CMSIS Pack Vendor :STMicroelectronics ThreadX 1.0.0
2024-04-04 12:09:05,125 [INFO] ThirdParty:1030 - CMSIS Pack Vendor :STMicroelectronics FP-SNS-SMARTAG2 1.2.0
2024-04-04 12:09:05,125 [INFO] ThirdParty:1030 - CMSIS Pack Vendor :STMicroelectronics X-CUBE-AZRTOS-WL 2.0.0
2024-04-04 12:09:05,125 [INFO] ThirdParty:1030 - CMSIS Pack Vendor :SEGGER I-CUBE-embOS 1.3.1
2024-04-04 12:09:05,125 [INFO] ThirdParty:1030 - CMSIS Pack Vendor :STMicroelectronics FP-SNS-MOTENV1 5.0.0
2024-04-04 12:09:05,125 [INFO] ThirdParty:1030 - CMSIS Pack Vendor :STMicroelectronics USB_DEVICE 1.0.0
2024-04-04 12:09:05,125 [INFO] ThirdParty:1030 - CMSIS Pack Vendor :STMicroelectronics X-CUBE-AI 8.1.0
2024-04-04 12:09:05,125 [INFO] ThirdParty:1030 - CMSIS Pack Vendor :STMicroelectronics X-CUBE-AZRTOS-L4 2.0.0
2024-04-04 12:09:05,125 [INFO] ThirdParty:1030 - CMSIS Pack Vendor :STMicroelectronics ThreadX 0.0.2
2024-04-04 12:09:05,125 [INFO] ThirdParty:1030 - CMSIS Pack Vendor :WES I-CUBE-Cesium 1.3.0
2024-04-04 12:09:05,125 [INFO] ThirdParty:1030 - CMSIS Pack Vendor :STMicroelectronics FP-ATR-ASTRA1 2.0.0
2024-04-04 12:09:05,125 [INFO] ThirdParty:1030 - CMSIS Pack Vendor :STMicroelectronics lwIP 2.1.2
2024-04-04 12:09:05,126 [INFO] ThirdParty:1030 - CMSIS Pack Vendor :STMicroelectronics X-CUBE-SFXS2LP1 4.0.0
2024-04-04 12:09:05,126 [INFO] ThirdParty:1030 - CMSIS Pack Vendor :STMicroelectronics X-CUBE-BLE2 3.3.0
2024-04-04 12:09:05,126 [INFO] ThirdParty:1030 - CMSIS Pack Vendor :Infineon AIROC-Wi-Fi-Bluetooth-STM32 1.6.0
2024-04-04 12:09:05,126 [INFO] ThirdParty:1030 - CMSIS Pack Vendor :STMicroelectronics PDM2PCM 3.2.0
2024-04-04 12:09:05,127 [INFO] ThirdParty:841 - exiting critical section [change project]
2024-04-04 12:09:05,524 [INFO] PinOutPanel:1499 - setPackage(No Configuration,No Configuration)
2024-04-04 12:09:05,529 [INFO] PinOutPanel:1499 - setPackage(STM32F103RBTx,LQFP64)
2024-04-04 12:09:06,490 [INFO] UtilMem:75 - Before build in PCC Used Memory: 884246016 Bytes (1073741824)
2024-04-04 12:09:07,969 [INFO] UtilMem:75 - After build in PCC Used Memory: 931130880 Bytes (1073741824)
2024-04-04 12:09:08,059 [INFO] IPUIPlugin:80 - create IPUIPlugin
2024-04-04 12:09:08,060 [INFO] IPUIPlugin:80 - create IPUIPlugin
2024-04-04 12:09:08,063 [INFO] IPUIPlugin:80 - create IPUIPlugin
2024-04-04 12:09:08,064 [INFO] IPUIPlugin:80 - create IPUIPlugin
2024-04-04 12:09:08,065 [INFO] IPUIPlugin:80 - create IPUIPlugin
2024-04-04 12:09:08,065 [INFO] IPUIPlugin:80 - create IPUIPlugin
2024-04-04 12:09:08,065 [INFO] IPUIPlugin:80 - create IPUIPlugin
2024-04-04 12:09:08,067 [INFO] IPUIPlugin:80 - create IPUIPlugin
2024-04-04 12:09:08,067 [INFO] IPUIPlugin:80 - create IPUIPlugin
2024-04-04 12:09:08,067 [INFO] IPUIPlugin:80 - create IPUIPlugin
2024-04-04 12:09:08,067 [INFO] IPUIPlugin:80 - create IPUIPlugin
2024-04-04 12:09:08,068 [INFO] IPUIPlugin:80 - create IPUIPlugin
2024-04-04 12:09:08,068 [INFO] IPUIPlugin:80 - create IPUIPlugin
2024-04-04 12:09:08,068 [INFO] IPUIPlugin:80 - create IPUIPlugin
2024-04-04 12:09:08,068 [INFO] IPUIPlugin:80 - create IPUIPlugin
2024-04-04 12:09:08,068 [INFO] IPUIPlugin:80 - create IPUIPlugin
2024-04-04 12:09:08,073 [INFO] IPUIPlugin:80 - create IPUIPlugin
2024-04-04 12:09:08,073 [INFO] IPUIPlugin:80 - create IPUIPlugin
2024-04-04 12:09:08,073 [INFO] IPUIPlugin:80 - create IPUIPlugin
2024-04-04 12:09:08,073 [INFO] IPUIPlugin:80 - create IPUIPlugin
2024-04-04 12:09:08,073 [INFO] IPUIPlugin:80 - create IPUIPlugin
2024-04-04 12:09:08,074 [INFO] IPUIPlugin:80 - create IPUIPlugin
2024-04-04 12:09:08,074 [INFO] IPUIPlugin:80 - create IPUIPlugin
2024-04-04 12:09:08,074 [INFO] IPUIPlugin:80 - create IPUIPlugin
2024-04-04 12:09:08,074 [INFO] IPUIPlugin:80 - create IPUIPlugin
2024-04-04 12:09:08,074 [INFO] IPUIPlugin:80 - create IPUIPlugin
2024-04-04 12:09:08,074 [INFO] IPUIPlugin:80 - create IPUIPlugin
2024-04-04 12:09:08,394 [INFO] CADModel:165 - CPN selected for project levelSTM32F103RBT6
2024-04-04 12:09:08,394 [INFO] CADModel:114 - Register for checkConnection events
2024-04-04 12:09:08,442 [INFO] OpenFileManager:343 - Restore cursor
2024-04-04 12:09:09,623 [INFO] UtilMem:75 - End SaveConfig() Used Memory: 946142264 Bytes (1073741824)
2024-04-04 12:10:24,835 [INFO] McuFinderGlobals:76 - Set McuFinderConnectedMode to true
2024-04-04 12:10:24,848 [INFO] ApiDb:448 - Save user favorites file /Users/richywarrior/.stm32cubeide/favorites.mcus.txt: 0 item(s)
2024-04-04 12:10:24,848 [INFO] ApiDb:452 - User favorites MCUs=[]
2024-04-04 12:10:24,853 [INFO] ApiDb:448 - Save user favorites file /Users/richywarrior/.stm32cubeide/favorites.boards.txt: 0 item(s)
2024-04-04 12:10:24,853 [INFO] ApiDb:452 - User favorites Boards=[]
2024-04-04 12:10:55,750 [INFO] MainUpdater:2873 - connection check result : 10
2024-04-04 12:10:56,384 [INFO] McuFinderGlobals:76 - Set McuFinderConnectedMode to true
2024-04-04 12:10:56,389 [INFO] MultiScanPanel:200 - Auto-refresh data requested => check proxy status ongoing
2024-04-04 12:10:56,391 [INFO] FinderPluginLoader:95 - Searching for filters in installed packs
2024-04-04 12:10:57,152 [INFO] LoadUrlFilesThread:185 - End of LoadServerUrlFiles without Thread
2024-04-04 12:10:57,152 [INFO] DetailPanel:341 - Set advertising image to /Users/richywarrior/STM32Cube/Repository//en.prom-stm32wl3-mcu-finder.jpg
2024-04-04 12:11:00,939 [INFO] MultiScanPanel:200 - Auto-refresh data requested => check proxy status ongoing
2024-04-04 12:11:01,080 [INFO] LoadUrlFilesThread:185 - End of LoadServerUrlFiles without Thread
2024-04-04 12:11:01,081 [INFO] DetailPanel:341 - Set advertising image to /Users/richywarrior/STM32Cube/Repository//en.prom-stm32wl3-mcu-finder.jpg
2024-04-04 12:11:17,150 [INFO] ApiDb:581 - Connected to CubeFinder SQLite database (/Users/richywarrior/.stmcufinder/plugins/mcufinder/mcu/cube-finder-db.db)
2024-04-04 12:11:33,950 [INFO] McuFinderGlobals:76 - Set McuFinderConnectedMode to true
2024-04-04 12:11:33,969 [INFO] ApiDb:448 - Save user favorites file /Users/richywarrior/.stm32cubeide/favorites.mcus.txt: 0 item(s)
2024-04-04 12:11:33,969 [INFO] ApiDb:452 - User favorites MCUs=[]
2024-04-04 12:11:33,980 [INFO] ApiDb:448 - Save user favorites file /Users/richywarrior/.stm32cubeide/favorites.boards.txt: 0 item(s)
2024-04-04 12:11:33,980 [INFO] ApiDb:452 - User favorites Boards=[]
2024-04-04 13:18:23,604 [ERROR] LogOutputStream:75 - [STDERR_REDIRECT] 
