2024-06-01 20:46:43,144 [INFO] Activator:176 - 


2024-06-01 20:46:43,150 [INFO] Activator:177 - !SESSION log4j initialized
2024-06-01 20:46:48,618 [INFO] LogOutputStream:77 - [STDOUT_REDIRECT] 
2024-06-01 20:46:51,590 [INFO] LogOutputStream:77 - [STDOUT_REDIRECT] 
2024-06-01 20:46:54,724 [ERROR] LogOutputStream:75 - [STDERR_REDIRECT] 
2024-06-01 20:46:55,028 [ERROR] LogOutputStream:75 - [STDERR_REDIRECT] [Fatal Error] :2:10: DOCTYPE no está permitido cuando la función "http://apache.org/xml/features/disallow-doctype-decl" se ha definido en true.
2024-06-01 20:46:55,033 [ERROR] LogOutputStream:75 - [STDERR_REDIRECT] 
2024-06-01 20:46:55,711 [INFO] ApplicationProperties:184 - Using Application install path: /Applications/STM32CubeIDE.app/Contents/Eclipse/plugins/com.st.stm32cube.common.mx_6.11.1.202404110753
2024-06-01 20:46:55,784 [INFO] DbMcusXml:78 - Set database path to: /Applications/STM32CubeIDE.app/Contents/Eclipse/plugins/com.st.stm32cube.common.mx_6.11.1.202404110753//db//mcu/
2024-06-01 20:46:55,784 [INFO] ApiDb:274 - Set plugin database path to: /Applications/STM32CubeIDE.app/Contents/Eclipse/plugins/com.st.stm32cube.common.mx_6.11.1.202404110753//db//plugins/boardmanager/
2024-06-01 20:46:55,789 [WARN] ApiDb:259 - Overriding images path with different value:  => /Applications/STM32CubeIDE.app/Contents/Eclipse/plugins/com.st.stm32cube.common.mx_6.11.1.202404110753//db//plugins/mcufinder/images/
2024-06-01 20:46:55,801 [INFO] ApiDb:250 - Set database path to: /Users/richywarrior/.stmcufinder/plugins/mcufinder//mcu/
2024-06-01 20:46:55,801 [INFO] DbMcusAds:125 - Set database path to: /Users/richywarrior/.stmcufinder/plugins/mcufinder//mcu/
2024-06-01 20:46:55,803 [INFO] CrossReferenceDbSqlite:203 - Set database path to: /Users/richywarrior/.stmcufinder/plugins/mcufinder//mcu/cs/
2024-06-01 20:46:55,974 [INFO] RulesReader:64 - Compatibility file has been processed (297 Rules)
2024-06-01 20:46:56,045 [INFO] DbMcusXml:78 - Set database path to: /Applications/STM32CubeIDE.app/Contents/Eclipse/plugins/com.st.stm32cube.common.mx_6.11.1.202404110753//db//mcu/
2024-06-01 20:46:56,046 [INFO] ApiDb:274 - Set plugin database path to: /Applications/STM32CubeIDE.app/Contents/Eclipse/plugins/com.st.stm32cube.common.mx_6.11.1.202404110753//db//plugins/boardmanager/
2024-06-01 20:46:56,048 [INFO] ApiDb:261 - Set plugin images path to: /Applications/STM32CubeIDE.app/Contents/Eclipse/plugins/com.st.stm32cube.common.mx_6.11.1.202404110753//db//plugins/mcufinder/images/
2024-06-01 20:46:56,050 [WARN] DbFile:41 - Overriding database path with different value: /Users/richywarrior/.stmcufinder/plugins/mcufinder/ => /Users/richywarrior/.stmcufinder/plugins/mcufinder
2024-06-01 20:46:56,050 [INFO] ApiDb:250 - Set database path to: /Users/richywarrior/.stmcufinder/plugins/mcufinder//mcu/
2024-06-01 20:46:56,050 [WARN] DbFile:41 - Overriding database path with different value: /Users/richywarrior/.stmcufinder/plugins/mcufinder/ => /Users/richywarrior/.stmcufinder/plugins/mcufinder
2024-06-01 20:46:56,050 [INFO] DbMcusAds:125 - Set database path to: /Users/richywarrior/.stmcufinder/plugins/mcufinder//mcu/
2024-06-01 20:46:56,050 [WARN] DbFile:41 - Overriding database path with different value: /Users/richywarrior/.stmcufinder/plugins/mcufinder/ => /Users/richywarrior/.stmcufinder/plugins/mcufinder
2024-06-01 20:46:56,050 [WARN] DbFile:41 - Overriding database path with different value: /Users/richywarrior/.stmcufinder/plugins/mcufinder/ => /Users/richywarrior/.stmcufinder/plugins/mcufinder
2024-06-01 20:46:56,050 [INFO] CrossReferenceDbSqlite:203 - Set database path to: /Users/richywarrior/.stmcufinder/plugins/mcufinder//mcu/cs/
2024-06-01 20:46:56,209 [INFO] MainPanel:264 - HeapMemory: 290455552
2024-06-01 20:46:56,281 [INFO] DbMcusXml:78 - Set database path to: /Applications/STM32CubeIDE.app/Contents/Eclipse/plugins/com.st.stm32cube.common.mx_6.11.1.202404110753//db//mcu/
2024-06-01 20:46:56,282 [INFO] ApiDb:274 - Set plugin database path to: /Applications/STM32CubeIDE.app/Contents/Eclipse/plugins/com.st.stm32cube.common.mx_6.11.1.202404110753//db//plugins/boardmanager/
2024-06-01 20:46:56,282 [INFO] ApiDb:261 - Set plugin images path to: /Applications/STM32CubeIDE.app/Contents/Eclipse/plugins/com.st.stm32cube.common.mx_6.11.1.202404110753//db//plugins/mcufinder/images/
2024-06-01 20:46:56,282 [WARN] DbFile:41 - Overriding database path with different value: /Users/richywarrior/.stmcufinder/plugins/mcufinder/ => /Users/richywarrior/.stmcufinder/plugins/mcufinder
2024-06-01 20:46:56,283 [INFO] ApiDb:250 - Set database path to: /Users/richywarrior/.stmcufinder/plugins/mcufinder//mcu/
2024-06-01 20:46:56,283 [WARN] DbFile:41 - Overriding database path with different value: /Users/richywarrior/.stmcufinder/plugins/mcufinder/ => /Users/richywarrior/.stmcufinder/plugins/mcufinder
2024-06-01 20:46:56,283 [INFO] DbMcusAds:125 - Set database path to: /Users/richywarrior/.stmcufinder/plugins/mcufinder//mcu/
2024-06-01 20:46:56,283 [WARN] DbFile:41 - Overriding database path with different value: /Users/richywarrior/.stmcufinder/plugins/mcufinder/ => /Users/richywarrior/.stmcufinder/plugins/mcufinder
2024-06-01 20:46:56,283 [WARN] DbFile:41 - Overriding database path with different value: /Users/richywarrior/.stmcufinder/plugins/mcufinder/ => /Users/richywarrior/.stmcufinder/plugins/mcufinder
2024-06-01 20:46:56,283 [INFO] CrossReferenceDbSqlite:203 - Set database path to: /Users/richywarrior/.stmcufinder/plugins/mcufinder//mcu/cs/
2024-06-01 20:46:56,299 [INFO] ApplicationProperties:184 - Using Application install path: /Applications/STM32CubeIDE.app/Contents/Eclipse/plugins/com.st.stm32cube.common.mx_6.11.1.202404110753
2024-06-01 20:46:56,299 [INFO] PluginManage:196 - Search for loadable plugins [exclusion list=, ]
2024-06-01 20:46:56,301 [INFO] PluginManage:310 - Check plugin analytics
2024-06-01 20:46:56,508 [INFO] AnalyticsPlugin:253 - Accepted Software Licenses: 
2024-06-01 20:46:56,508 [INFO] AnalyticsPlugin:255 - Accepted CMSIS Pack Licenses: 
2024-06-01 20:46:56,508 [INFO] AnalyticsPlugin:257 - Accepted Firmware Licenses: 
2024-06-01 20:46:56,517 [INFO] PluginManage:359 - Loaded plugin analytics (category:tool,tabindex:-1)
2024-06-01 20:46:56,518 [INFO] PluginManage:310 - Check plugin cadmodel
2024-06-01 20:46:57,165 [INFO] CADModel:105 - Init CAD model plugin
2024-06-01 20:46:57,166 [INFO] PluginManage:359 - Loaded plugin cadmodel (category:power,tabindex:5)
2024-06-01 20:46:57,166 [INFO] PluginManage:310 - Check plugin clock
2024-06-01 20:46:57,176 [INFO] PluginManage:359 - Loaded plugin clock (category:base,tabindex:2)
2024-06-01 20:46:57,176 [INFO] PluginManage:310 - Check plugin ddr
2024-06-01 20:46:57,178 [INFO] PluginManage:359 - Loaded plugin ddr (category:tool,tabindex:6)
2024-06-01 20:46:57,178 [INFO] PluginManage:310 - Check plugin filemanager
2024-06-01 20:46:57,361 [INFO] PluginManage:359 - Loaded plugin filemanager (category:base,tabindex:10)
2024-06-01 20:46:57,362 [INFO] PluginManage:310 - Check plugin ipmanager
2024-06-01 20:46:57,374 [INFO] PluginManage:359 - Loaded plugin ipmanager (category:base,tabindex:5)
2024-06-01 20:46:57,374 [INFO] PluginManage:310 - Check plugin lpbam
2024-06-01 20:46:57,383 [INFO] PluginManage:359 - Loaded plugin lpbam (category:base,tabindex:0)
2024-06-01 20:46:57,383 [INFO] PluginManage:310 - Check plugin memorymap
2024-06-01 20:46:57,391 [INFO] PluginManage:359 - Loaded plugin memorymap (category:base,tabindex:4)
2024-06-01 20:46:57,391 [INFO] PluginManage:310 - Check plugin pinoutandconfiguration
2024-06-01 20:46:57,396 [INFO] PluginManage:359 - Loaded plugin pinoutandconfiguration (category:base,tabindex:1)
2024-06-01 20:46:57,396 [INFO] PluginManage:310 - Check plugin pinoutconfig
2024-06-01 20:46:57,475 [WARN] SupportedApi:132 - Cannot load RTOS API schema: s4s-elt-must-match.1: The content of 'definitions' must match (annotation?, (simpleType | complexType)?, (unique | key | keyref)*)). A problem was found starting at: attribute.
2024-06-01 20:46:57,607 [INFO] PluginManage:359 - Loaded plugin pinoutconfig (category:base,tabindex:0)
2024-06-01 20:46:57,608 [INFO] PluginManage:310 - Check plugin power
2024-06-01 20:46:57,630 [INFO] PluginManage:359 - Loaded plugin power (category:power,tabindex:4)
2024-06-01 20:46:57,631 [INFO] PluginManage:310 - Check plugin projectmanager
2024-06-01 20:46:57,680 [INFO] PluginManage:359 - Loaded plugin projectmanager (category:projectmanager,tabindex:3)
2024-06-01 20:46:57,681 [INFO] PluginManage:310 - Check plugin thirdparty
2024-06-01 20:46:57,922 [INFO] PluginManage:359 - Loaded plugin thirdparty (category:base,tabindex:-1)
2024-06-01 20:46:57,922 [WARN] IntegrityCheckThread:84 - waiting for thirdparty lock release [integrity check]
2024-06-01 20:46:57,925 [INFO] IntegrityCheckThread:86 - entering critical section [integrity check]
2024-06-01 20:46:57,925 [INFO] PluginManage:310 - Check plugin tools
2024-06-01 20:46:57,929 [INFO] ThirdPartyUpdaterWithRetryManager:70 - Updater plugin not ready yet. [1/15]
2024-06-01 20:46:57,933 [INFO] PluginManage:359 - Loaded plugin tools (category:base,tabindex:7)
2024-06-01 20:46:57,934 [INFO] PluginManage:310 - Check plugin tutovideos
2024-06-01 20:46:58,070 [INFO] PluginManage:359 - Loaded plugin tutovideos (category:base,tabindex:-1)
2024-06-01 20:46:58,071 [INFO] PluginManage:310 - Check plugin updater
2024-06-01 20:46:58,083 [INFO] PluginManage:359 - Loaded plugin updater (category:base,tabindex:12)
2024-06-01 20:46:58,083 [INFO] PluginManage:310 - Check plugin userauth
2024-06-01 20:46:58,088 [INFO] UserAuth:114 - Init User Auth plugin
2024-06-01 20:46:58,088 [INFO] PluginManage:359 - Loaded plugin userauth (category:base,tabindex:14)
2024-06-01 20:46:58,089 [INFO] PluginManage:283 - PluginManage : Loaded plugins [17]
2024-06-01 20:46:58,293 [INFO] PinOutPanel:1561 - setPackage(No Configuration,No Configuration)
2024-06-01 20:46:58,342 [INFO] CADModel:165 - CPN selected for project level
2024-06-01 20:46:58,342 [INFO] CADModel:114 - Register for checkConnection events
2024-06-01 20:46:58,350 [INFO] IPUIPlugin:80 - create IPUIPlugin
2024-06-01 20:46:58,350 [INFO] PluginManager:220 - loadIPPluginJar : add mdma
2024-06-01 20:46:58,355 [INFO] IPUIPlugin:80 - create IPUIPlugin
2024-06-01 20:46:58,355 [INFO] PluginManager:220 - loadIPPluginJar : add freertos
2024-06-01 20:46:58,358 [INFO] IPUIPlugin:80 - create IPUIPlugin
2024-06-01 20:46:58,358 [INFO] PluginManager:220 - loadIPPluginJar : add gic
2024-06-01 20:46:58,362 [INFO] IPUIPlugin:80 - create IPUIPlugin
2024-06-01 20:46:58,363 [INFO] PluginManager:220 - loadIPPluginJar : add adc
2024-06-01 20:46:58,364 [INFO] IPUIPlugin:80 - create IPUIPlugin
2024-06-01 20:46:58,364 [INFO] PluginManager:220 - loadIPPluginJar : add gtzc
2024-06-01 20:46:58,365 [INFO] IPUIPlugin:80 - create IPUIPlugin
2024-06-01 20:46:58,365 [INFO] PluginManager:220 - loadIPPluginJar : add quadspi
2024-06-01 20:46:58,366 [INFO] IPUIPlugin:80 - create IPUIPlugin
2024-06-01 20:46:58,366 [INFO] PluginManager:220 - loadIPPluginJar : add aes
2024-06-01 20:46:58,368 [INFO] IPUIPlugin:80 - create IPUIPlugin
2024-06-01 20:46:58,368 [INFO] PluginManager:220 - loadIPPluginJar : add pdm2pcm
2024-06-01 20:46:58,369 [INFO] IPUIPlugin:80 - create IPUIPlugin
2024-06-01 20:46:58,369 [INFO] PluginManager:220 - loadIPPluginJar : add hash
2024-06-01 20:46:58,369 [INFO] IPUIPlugin:80 - create IPUIPlugin
2024-06-01 20:46:58,369 [INFO] PluginManager:220 - loadIPPluginJar : add tim
2024-06-01 20:46:58,370 [INFO] IPUIPlugin:80 - create IPUIPlugin
2024-06-01 20:46:58,370 [INFO] PluginManager:220 - loadIPPluginJar : add tsc
2024-06-01 20:46:58,371 [INFO] IPUIPlugin:80 - create IPUIPlugin
2024-06-01 20:46:58,371 [INFO] PluginManager:220 - loadIPPluginJar : add extmemmanager
2024-06-01 20:46:58,372 [INFO] IPUIPlugin:80 - create IPUIPlugin
2024-06-01 20:46:58,372 [INFO] PluginManager:220 - loadIPPluginJar : add ts
2024-06-01 20:46:58,373 [INFO] IPUIPlugin:80 - create IPUIPlugin
2024-06-01 20:46:58,373 [INFO] PluginManager:220 - loadIPPluginJar : add can
2024-06-01 20:46:58,375 [INFO] IPUIPlugin:80 - create IPUIPlugin
2024-06-01 20:46:58,375 [INFO] PluginManager:220 - loadIPPluginJar : add dma3
2024-06-01 20:46:58,376 [INFO] IPUIPlugin:80 - create IPUIPlugin
2024-06-01 20:46:58,376 [INFO] PluginManager:220 - loadIPPluginJar : add dfsdm
2024-06-01 20:46:58,376 [INFO] IPUIPlugin:80 - create IPUIPlugin
2024-06-01 20:46:58,377 [INFO] PluginManager:220 - loadIPPluginJar : add spi
2024-06-01 20:46:58,377 [INFO] IPUIPlugin:80 - create IPUIPlugin
2024-06-01 20:46:58,377 [INFO] PluginManager:220 - loadIPPluginJar : add gfxmmu
2024-06-01 20:46:58,378 [INFO] IPUIPlugin:80 - create IPUIPlugin
2024-06-01 20:46:58,378 [INFO] PluginManager:220 - loadIPPluginJar : add genericplugin
2024-06-01 20:46:58,379 [INFO] IPUIPlugin:80 - create IPUIPlugin
2024-06-01 20:46:58,379 [INFO] PluginManager:220 - loadIPPluginJar : add cryp
2024-06-01 20:46:58,382 [INFO] IPUIPlugin:80 - create IPUIPlugin
2024-06-01 20:46:58,382 [INFO] PluginManager:220 - loadIPPluginJar : add gpio
2024-06-01 20:46:58,382 [INFO] IPUIPlugin:80 - create IPUIPlugin
2024-06-01 20:46:58,383 [INFO] PluginManager:220 - loadIPPluginJar : add comp
2024-06-01 20:46:58,383 [INFO] IPUIPlugin:80 - create IPUIPlugin
2024-06-01 20:46:58,383 [INFO] PluginManager:220 - loadIPPluginJar : add tracer_emb
2024-06-01 20:46:58,384 [INFO] IPUIPlugin:80 - create IPUIPlugin
2024-06-01 20:46:58,385 [INFO] PluginManager:220 - loadIPPluginJar : add openamp
2024-06-01 20:46:58,386 [INFO] IPUIPlugin:80 - create IPUIPlugin
2024-06-01 20:46:58,386 [INFO] PluginManager:220 - loadIPPluginJar : add stm32_wpan
2024-06-01 20:46:58,389 [INFO] IPUIPlugin:80 - create IPUIPlugin
2024-06-01 20:46:58,391 [INFO] PluginManager:220 - loadIPPluginJar : add plateformsettings
2024-06-01 20:46:58,392 [INFO] IPUIPlugin:80 - create IPUIPlugin
2024-06-01 20:46:58,392 [INFO] PluginManager:220 - loadIPPluginJar : add ipddr
2024-06-01 20:46:58,394 [INFO] IPUIPlugin:80 - create IPUIPlugin
2024-06-01 20:46:58,394 [INFO] PluginManager:220 - loadIPPluginJar : add usart
2024-06-01 20:46:58,394 [INFO] IPUIPlugin:80 - create IPUIPlugin
2024-06-01 20:46:58,394 [INFO] PluginManager:220 - loadIPPluginJar : add ltdc
2024-06-01 20:46:58,395 [INFO] IPUIPlugin:80 - create IPUIPlugin
2024-06-01 20:46:58,395 [INFO] PluginManager:220 - loadIPPluginJar : add nvic
2024-06-01 20:46:58,396 [INFO] IPUIPlugin:80 - create IPUIPlugin
2024-06-01 20:46:58,396 [INFO] PluginManager:220 - loadIPPluginJar : add fatfs
2024-06-01 20:46:58,400 [INFO] IPUIPlugin:80 - create IPUIPlugin
2024-06-01 20:46:58,400 [INFO] PluginManager:220 - loadIPPluginJar : add linkedlist
2024-06-01 20:46:58,402 [INFO] IPUIPlugin:80 - create IPUIPlugin
2024-06-01 20:46:58,403 [INFO] PluginManager:220 - loadIPPluginJar : add dma
2024-06-01 20:46:58,404 [INFO] IPUIPlugin:80 - create IPUIPlugin
2024-06-01 20:46:58,404 [INFO] PluginManager:220 - loadIPPluginJar : add fmc
2024-06-01 20:46:58,406 [INFO] IPUIPlugin:80 - create IPUIPlugin
2024-06-01 20:46:58,406 [INFO] PluginManager:220 - loadIPPluginJar : add i2s
2024-06-01 20:46:58,407 [INFO] IPUIPlugin:80 - create IPUIPlugin
2024-06-01 20:46:58,407 [INFO] PluginManager:220 - loadIPPluginJar : add ucpd
2024-06-01 20:46:58,407 [INFO] IPUIPlugin:80 - create IPUIPlugin
2024-06-01 20:46:58,408 [INFO] PluginManager:220 - loadIPPluginJar : add lorawan
2024-06-01 20:46:58,409 [INFO] IPUIPlugin:80 - create IPUIPlugin
2024-06-01 20:46:58,409 [INFO] PluginManager:220 - loadIPPluginJar : add opamp
2024-06-01 20:46:58,410 [INFO] IPUIPlugin:80 - create IPUIPlugin
2024-06-01 20:46:58,410 [INFO] PluginManager:220 - loadIPPluginJar : add i3c
2024-06-01 20:46:58,412 [INFO] IPUIPlugin:80 - create IPUIPlugin
2024-06-01 20:46:58,413 [INFO] PluginManager:220 - loadIPPluginJar : add touchsensing
2024-06-01 20:46:58,414 [INFO] IPUIPlugin:80 - create IPUIPlugin
2024-06-01 20:46:58,414 [INFO] PluginManager:220 - loadIPPluginJar : add i2c
2024-06-01 20:46:58,415 [INFO] IPUIPlugin:80 - create IPUIPlugin
2024-06-01 20:46:58,415 [INFO] PluginManager:220 - loadIPPluginJar : add resmgrutility
2024-06-01 20:46:58,416 [INFO] IPUIPlugin:80 - create IPUIPlugin
2024-06-01 20:46:58,416 [INFO] PluginManager:220 - loadIPPluginJar : add sai
2024-06-01 20:46:58,418 [INFO] IPUIPlugin:80 - create IPUIPlugin
2024-06-01 20:46:58,418 [INFO] PluginManager:220 - loadIPPluginJar : add usbx
2024-06-01 20:46:58,528 [INFO] CADModel:165 - CPN selected for project level
2024-06-01 20:46:58,529 [INFO] CADModel:114 - Register for checkConnection events
2024-06-01 20:46:58,529 [FATAL] Updater:308 - Updater called before beeing initialized
2024-06-01 20:46:58,530 [ERROR] CADModel:125 - Updater not yet initialized, retry later 
2024-06-01 20:46:58,815 [INFO] CADModel:165 - CPN selected for project level
2024-06-01 20:46:58,815 [INFO] CADModel:114 - Register for checkConnection events
2024-06-01 20:46:58,816 [FATAL] Updater:308 - Updater called before beeing initialized
2024-06-01 20:46:58,816 [ERROR] CADModel:125 - Updater not yet initialized, retry later 
2024-06-01 20:46:58,819 [FATAL] Updater:308 - Updater called before beeing initialized
2024-06-01 20:46:59,024 [FATAL] Updater:308 - Updater called before beeing initialized
2024-06-01 20:46:59,029 [INFO] DbMcusAds:53 - JSON generation date=Thu May 16 03:22:00 CST 2024 (1715851320852)
2024-06-01 20:46:59,029 [FATAL] Updater:308 - Updater called before beeing initialized
2024-06-01 20:46:59,074 [WARN] DetailPanel:346 - Failed to get advertising image, set to default
2024-06-01 20:46:59,233 [FATAL] Updater:308 - Updater called before beeing initialized
2024-06-01 20:46:59,249 [FATAL] Updater:308 - Updater called before beeing initialized
2024-06-01 20:46:59,250 [FATAL] Updater:308 - Updater called before beeing initialized
2024-06-01 20:46:59,251 [WARN] DetailPanel:346 - Failed to get advertising image, set to default
2024-06-01 20:46:59,268 [FATAL] Updater:308 - Updater called before beeing initialized
2024-06-01 20:46:59,459 [ERROR] Updater:1120 - MainUpdater not yet initialized. External WinMGr cannot be set.
2024-06-01 20:46:59,461 [INFO] Updater:1056 - Updater Version found : 6.11.1
2024-06-01 20:46:59,474 [INFO] ApplicationProperties:184 - Using Application install path: /Applications/STM32CubeIDE.app/Contents/Eclipse/plugins/com.st.stm32cube.common.mx_6.11.1.202404110753
2024-06-01 20:47:00,818 [INFO] MainUpdater:2873 - connection check result : 10
2024-06-01 20:47:00,820 [INFO] MainUpdater:290 - Updater Check For Update Now.
2024-06-01 20:47:00,821 [INFO] MicroXplorer:498 - Change Database Version : DB.6.0.111
2024-06-01 20:47:00,827 [INFO] McuFinderGlobals:63 - Set McuFinder mode to 2 (CubeIDE integrated)
2024-06-01 20:47:00,871 [INFO] UserAuth:415 - Internet connection configuration mode: 1
2024-06-01 20:47:00,885 [INFO] JxBrowserEngine:152 - Initiate JxBrowser Engine with user profile folder
2024-06-01 20:47:00,935 [WARN] MainUpdater:1194 - Updater busy. Cannot search thirdparties
2024-06-01 20:47:00,936 [INFO] ThirdPartyUpdaterWithRetryManager:96 - Updater plugin is busy. [1/15]
2024-06-01 20:47:01,097 [INFO] CheckServerUpdateThread:120 - End of CheckServer Thread
2024-06-01 20:47:04,088 [WARN] PackLoader:240 - Cannot read IP mode file for STMicroelectronics.FP-SNS-MOTENVWB1.1.4.0
2024-06-01 20:47:04,106 [WARN] PackLoader:240 - Cannot read IP mode file for STMicroelectronics.X-CUBE-SMBUS.2.1.0
2024-06-01 20:47:04,117 [WARN] PackLoader:240 - Cannot read IP mode file for STMicroelectronics.X-CUBE-TOUCHGFX.4.23.1
2024-06-01 20:47:04,124 [WARN] PackLoader:240 - Cannot read IP mode file for STMicroelectronics.X-CUBE-TOUCHGFX.4.23.0
2024-06-01 20:47:04,129 [WARN] PackLoader:240 - Cannot read IP mode file for STMicroelectronics.X-CUBE-TOUCHGFX.4.23.2
2024-06-01 20:47:04,179 [WARN] PackLoader:240 - Cannot read IP mode file for STMicroelectronics.X-CUBE-AZRTOS-F7.1.1.0
2024-06-01 20:47:04,206 [WARN] PackLoader:240 - Cannot read IP mode file for STMicroelectronics.FP-SNS-MOTENV1.4.3.2
2024-06-01 20:47:04,221 [WARN] PackLoader:240 - Cannot read IP mode file for STMicroelectronics.FP-SNS-FLIGHT1.5.0.2
2024-06-01 20:47:04,235 [WARN] PackLoader:240 - Cannot read IP mode file for STMicroelectronics.X-CUBE-DISPLAY.3.0.0
2024-06-01 20:47:04,251 [WARN] PackLoader:240 - Cannot read IP mode file for STMicroelectronics.X-CUBE-BLE1.7.0.0
2024-06-01 20:47:04,263 [WARN] PackLoader:240 - Cannot read IP mode file for emotas.I-CUBE-CANOPEN.1.3.0
2024-06-01 20:47:04,276 [WARN] PackLoader:240 - Cannot read IP mode file for STMicroelectronics.FP-SNS-SMARTAG2.1.2.0
2024-06-01 20:47:04,291 [INFO] LogOutputStream:77 - [STDOUT_REDIRECT] 1 : Invalid condition id : UX_CORESTACK_Condition cause : null
2024-06-01 20:47:04,292 [INFO] LogOutputStream:77 - [STDOUT_REDIRECT] 1 : Invalid condition id : UX_CORESTACK_Condition cause : null
2024-06-01 20:47:04,292 [INFO] LogOutputStream:77 - [STDOUT_REDIRECT] 1 : Invalid condition id : UX_CORESTACK_Condition cause : null
2024-06-01 20:47:04,292 [INFO] LogOutputStream:77 - [STDOUT_REDIRECT] 1 : Invalid condition id : UX_CORESTACK_Condition cause : null
2024-06-01 20:47:04,292 [INFO] LogOutputStream:77 - [STDOUT_REDIRECT] 1 : Invalid condition id : UX_CORESTACK_Condition cause : null
2024-06-01 20:47:04,298 [WARN] PackLoader:240 - Cannot read IP mode file for STMicroelectronics.X-CUBE-AZRTOS-WL.2.0.0
2024-06-01 20:47:04,306 [WARN] PackLoader:240 - Cannot read IP mode file for STMicroelectronics.FP-SNS-MOTENV1.5.0.0
2024-06-01 20:47:04,332 [WARN] PackLoader:240 - Cannot read IP mode file for WES.I-CUBE-Cesium.1.3.0
2024-06-01 20:47:04,347 [WARN] PackLoader:240 - Cannot read IP mode file for STMicroelectronics.X-CUBE-BLE2.3.3.0
2024-06-01 20:47:04,358 [WARN] PackLoader:240 - Cannot read IP mode file for STMicroelectronics.X-CUBE-TCPP.4.1.0
2024-06-01 20:47:04,380 [WARN] PackLoader:240 - Cannot read IP mode file for STMicroelectronics.X-CUBE-ALGOBUILD.1.3.0
2024-06-01 20:47:04,409 [WARN] PackLoader:240 - Cannot read IP mode file for STMicroelectronics.X-CUBE-AZRTOS-G0.1.1.0
2024-06-01 20:47:04,450 [WARN] PackLoader:240 - Cannot read IP mode file for STMicroelectronics.X-CUBE-SAFEA1.1.2.2
2024-06-01 20:47:04,472 [WARN] PackLoader:240 - Cannot read IP mode file for STMicroelectronics.X-CUBE-NFC4.3.0.0
2024-06-01 20:47:04,486 [WARN] PackLoader:240 - Cannot read IP mode file for wolfSSL.I-CUBE-wolfSSL.5.7.0
2024-06-01 20:47:04,491 [WARN] PackLoader:240 - Cannot read IP mode file for STMicroelectronics.FP-ATR-SIGFOX1.3.2.0
2024-06-01 20:47:04,504 [WARN] PackLoader:240 - Cannot read IP mode file for ITTIA_DB.I-CUBE-ITTIADB.8.9.0
2024-06-01 20:47:04,640 [WARN] PackLoader:240 - Cannot read IP mode file for SEGGER.I-CUBE-embOS.1.3.1
2024-06-01 20:47:04,724 [WARN] PackLoader:240 - Cannot read IP mode file for STMicroelectronics.X-CUBE-ALGOBUILD.1.4.0
2024-06-01 20:47:04,748 [WARN] PackLoader:240 - Cannot read IP mode file for STMicroelectronics.X-CUBE-GNSS1.6.0.0
2024-06-01 20:47:04,787 [WARN] PackLoader:240 - Cannot read IP mode file for STMicroelectronics.X-CUBE-AZRTOS-F4.1.1.0
2024-06-01 20:47:04,799 [WARN] PackLoader:240 - Cannot read IP mode file for STMicroelectronics.X-CUBE-FREERTOS.1.2.0
2024-06-01 20:47:04,821 [WARN] PackLoader:240 - Cannot read IP mode file for STMicroelectronics.X-CUBE-AZRTOS-L5.2.0.0
2024-06-01 20:47:04,838 [WARN] PackLoader:240 - Cannot read IP mode file for STMicroelectronics.X-CUBE-NFC6.3.1.0
2024-06-01 20:47:04,849 [WARN] PackLoader:240 - Cannot read IP mode file for STMicroelectronics.X-CUBE-AI.9.0.0
2024-06-01 20:47:04,854 [WARN] PackLoader:240 - Cannot read IP mode file for STMicroelectronics.X-CUBE-NFC7.1.0.1
2024-06-01 20:47:04,870 [WARN] PackLoader:240 - Cannot read IP mode file for STMicroelectronics.X-CUBE-NFC6.3.0.0
2024-06-01 20:47:04,875 [WARN] PackLoader:240 - Cannot read IP mode file for STMicroelectronics.X-CUBE-AI.8.1.0
2024-06-01 20:47:04,905 [WARN] ConditionMgr:438 - getConditionDescription Invalid condition id : LAN8742 Phy interface Condition cause : null
2024-06-01 20:47:04,907 [WARN] PackLoader:240 - Cannot read IP mode file for STMicroelectronics.X-CUBE-AZRTOS-L4.2.0.0
2024-06-01 20:47:04,910 [WARN] ConditionMgr:1039 - genDependencies : Invalid condition id : LAN8742 Phy interface Condition cause : null
2024-06-01 20:47:04,911 [WARN] ConditionMgr:1039 - genDependencies : Invalid condition id : LAN8742 Phy interface Condition cause : null
2024-06-01 20:47:04,912 [WARN] ConditionMgr:1039 - genDependencies : Invalid condition id : LAN8742 Phy interface Condition cause : null
2024-06-01 20:47:04,922 [WARN] PackLoader:240 - Cannot read IP mode file for STMicroelectronics.X-CUBE-SFXS2LP1.4.0.0
2024-06-01 20:47:04,956 [WARN] ConditionMgr:438 - getConditionDescription Invalid condition id : UX DEVICE CLASS RTOS Condition cause : null
2024-06-01 20:47:04,957 [WARN] ConditionMgr:438 - getConditionDescription Invalid condition id : UX DEVICE CLASS RTOS Condition cause : null
2024-06-01 20:47:04,960 [WARN] PackLoader:240 - Cannot read IP mode file for STMicroelectronics.X-CUBE-AZRTOS-WB.2.0.0
2024-06-01 20:47:04,962 [WARN] ConditionMgr:1039 - genDependencies : Invalid condition id : UX DEVICE CLASS RTOS Condition cause : null
2024-06-01 20:47:04,962 [WARN] ConditionMgr:1039 - genDependencies : Invalid condition id : UX DEVICE CLASS RTOS Condition cause : null
2024-06-01 20:47:04,962 [WARN] ConditionMgr:1039 - genDependencies : Invalid condition id : UX DEVICE CLASS RTOS Condition cause : null
2024-06-01 20:47:04,963 [WARN] ConditionMgr:1039 - genDependencies : Invalid condition id : UX DEVICE CLASS RTOS Condition cause : null
2024-06-01 20:47:04,963 [WARN] ConditionMgr:1039 - genDependencies : Invalid condition id : UX DEVICE CLASS RTOS Condition cause : null
2024-06-01 20:47:04,991 [WARN] PackLoader:240 - Cannot read IP mode file for STMicroelectronics.X-CUBE-SUBG2.5.0.0
2024-06-01 20:47:05,038 [WARN] PackLoader:240 - Cannot read IP mode file for STMicroelectronics.X-CUBE-AZRTOS-G4.2.0.0
2024-06-01 20:47:05,053 [WARN] PackLoader:240 - Cannot read IP mode file for STMicroelectronics.FP-SNS-MOTENVWB1.1.3.1
2024-06-01 20:47:05,060 [WARN] PackLoader:240 - Cannot read IP mode file for STMicroelectronics.X-CUBE-ALS.1.0.2
2024-06-01 20:47:05,129 [WARN] PackLoader:240 - Cannot read IP mode file for STMicroelectronics.X-CUBE-MEMS1.10.0.0
2024-06-01 20:47:05,264 [WARN] PackLoader:240 - Cannot read IP mode file for STMicroelectronics.X-CUBE-FREERTOS.1.1.0
2024-06-01 20:47:05,274 [WARN] PackLoader:240 - Cannot read IP mode file for portGmbH.I-Cube-SoM-uGOAL.1.1.0
2024-06-01 20:47:05,278 [WARN] PackLoader:240 - Cannot read IP mode file for STMicroelectronics.X-CUBE-ALS.1.0.1
2024-06-01 20:47:05,326 [WARN] PackLoader:240 - Cannot read IP mode file for STMicroelectronics.X-CUBE-AZRTOS-H7RS.1.0.0
2024-06-01 20:47:05,352 [WARN] PackLoader:240 - Cannot read IP mode file for STMicroelectronics.FP-ATR-ASTRA1.2.0.0
2024-06-01 20:47:05,413 [WARN] PackLoader:240 - Cannot read IP mode file for Infineon.AIROC-Wi-Fi-Bluetooth-STM32.1.6.0
2024-06-01 20:47:05,433 [INFO] ThirdParty:978 - Integrity check success = true
2024-06-01 20:47:05,437 [INFO] IntegrityCheckThread:100 - exiting critical section [integrity check]
2024-06-01 20:47:05,438 [INFO] IntegrityCheckThread:103 - End integrity checks thread
2024-06-01 20:47:06,206 [INFO] WebApp:161 - Instantiating new browser for Auth
2024-06-01 20:47:08,224 [INFO] WebApp:779 - Register for checkConnection events
2024-06-01 20:47:08,227 [INFO] WebApp:414 - Apply proxy settings
2024-06-01 20:47:08,245 [INFO] WebApp:459 - Chromium authenticates against Manually configured proxy
2024-06-01 20:47:08,265 [INFO] WebApp:467 - Username used for proxy authentication: 
2024-06-01 20:47:08,398 [INFO] WebApp:192 - Starting web application
2024-06-01 20:47:08,398 [INFO] WebApp:544 - Web application path used /Applications/STM32CubeIDE.app/Contents/Eclipse/plugins/com.st.stm32cube.common.mx_6.11.1.202404110753/db/plugins/mcufinder/reactClient1/index.html
