2024-04-09 10:41:06,119 [INFO] Activator:176 - 


2024-04-09 10:41:06,124 [INFO] Activator:177 - !SESSION log4j initialized
2024-04-09 10:41:10,414 [ERROR] LogOutputStream:75 - [STDERR_REDIRECT] 
2024-04-09 10:41:12,815 [INFO] LogOutputStream:77 - [STDOUT_REDIRECT] 
2024-04-09 10:41:14,321 [INFO] ApplicationProperties:184 - Using Application install path: /Applications/STM32CubeIDE.app/Contents/Eclipse/plugins/com.st.stm32cube.common.mx_6.10.0.202311202037
2024-04-09 10:41:14,360 [INFO] DbMcusXml:78 - Set database path to: /Applications/STM32CubeIDE.app/Contents/Eclipse/plugins/com.st.stm32cube.common.mx_6.10.0.202311202037//db//mcu/
2024-04-09 10:41:14,361 [INFO] ApiDb:274 - Set plugin database path to: /Applications/STM32CubeIDE.app/Contents/Eclipse/plugins/com.st.stm32cube.common.mx_6.10.0.202311202037//db//plugins/boardmanager/
2024-04-09 10:41:14,362 [WARN] ApiDb:259 - Overriding images path with different value:  => /Applications/STM32CubeIDE.app/Contents/Eclipse/plugins/com.st.stm32cube.common.mx_6.10.0.202311202037//db//plugins/mcufinder/images/
2024-04-09 10:41:14,387 [INFO] ApiDb:250 - Set database path to: /Users/richywarrior/.stmcufinder/plugins/mcufinder//mcu/
2024-04-09 10:41:14,388 [INFO] DbMcusAds:125 - Set database path to: /Users/richywarrior/.stmcufinder/plugins/mcufinder//mcu/
2024-04-09 10:41:14,390 [INFO] CrossReferenceDbSqlite:203 - Set database path to: /Users/richywarrior/.stmcufinder/plugins/mcufinder//mcu/cs/
2024-04-09 10:41:14,506 [INFO] RulesReader:64 - Compatibility file has been processed (297 Rules)
2024-04-09 10:41:14,557 [INFO] DbMcusXml:78 - Set database path to: /Applications/STM32CubeIDE.app/Contents/Eclipse/plugins/com.st.stm32cube.common.mx_6.10.0.202311202037//db//mcu/
2024-04-09 10:41:14,557 [INFO] ApiDb:274 - Set plugin database path to: /Applications/STM32CubeIDE.app/Contents/Eclipse/plugins/com.st.stm32cube.common.mx_6.10.0.202311202037//db//plugins/boardmanager/
2024-04-09 10:41:14,557 [INFO] ApiDb:261 - Set plugin images path to: /Applications/STM32CubeIDE.app/Contents/Eclipse/plugins/com.st.stm32cube.common.mx_6.10.0.202311202037//db//plugins/mcufinder/images/
2024-04-09 10:41:14,558 [WARN] DbFile:41 - Overriding database path with different value: /Users/richywarrior/.stmcufinder/plugins/mcufinder/ => /Users/richywarrior/.stmcufinder/plugins/mcufinder
2024-04-09 10:41:14,558 [INFO] ApiDb:250 - Set database path to: /Users/richywarrior/.stmcufinder/plugins/mcufinder//mcu/
2024-04-09 10:41:14,558 [WARN] DbFile:41 - Overriding database path with different value: /Users/richywarrior/.stmcufinder/plugins/mcufinder/ => /Users/richywarrior/.stmcufinder/plugins/mcufinder
2024-04-09 10:41:14,558 [INFO] DbMcusAds:125 - Set database path to: /Users/richywarrior/.stmcufinder/plugins/mcufinder//mcu/
2024-04-09 10:41:14,558 [WARN] DbFile:41 - Overriding database path with different value: /Users/richywarrior/.stmcufinder/plugins/mcufinder/ => /Users/richywarrior/.stmcufinder/plugins/mcufinder
2024-04-09 10:41:14,558 [WARN] DbFile:41 - Overriding database path with different value: /Users/richywarrior/.stmcufinder/plugins/mcufinder/ => /Users/richywarrior/.stmcufinder/plugins/mcufinder
2024-04-09 10:41:14,558 [INFO] CrossReferenceDbSqlite:203 - Set database path to: /Users/richywarrior/.stmcufinder/plugins/mcufinder//mcu/cs/
2024-04-09 10:41:14,627 [INFO] MainPanel:264 - HeapMemory: 268435456
2024-04-09 10:41:14,700 [INFO] DbMcusXml:78 - Set database path to: /Applications/STM32CubeIDE.app/Contents/Eclipse/plugins/com.st.stm32cube.common.mx_6.10.0.202311202037//db//mcu/
2024-04-09 10:41:14,700 [INFO] ApiDb:274 - Set plugin database path to: /Applications/STM32CubeIDE.app/Contents/Eclipse/plugins/com.st.stm32cube.common.mx_6.10.0.202311202037//db//plugins/boardmanager/
2024-04-09 10:41:14,700 [INFO] ApiDb:261 - Set plugin images path to: /Applications/STM32CubeIDE.app/Contents/Eclipse/plugins/com.st.stm32cube.common.mx_6.10.0.202311202037//db//plugins/mcufinder/images/
2024-04-09 10:41:14,701 [WARN] DbFile:41 - Overriding database path with different value: /Users/richywarrior/.stmcufinder/plugins/mcufinder/ => /Users/richywarrior/.stmcufinder/plugins/mcufinder
2024-04-09 10:41:14,701 [INFO] ApiDb:250 - Set database path to: /Users/richywarrior/.stmcufinder/plugins/mcufinder//mcu/
2024-04-09 10:41:14,701 [WARN] DbFile:41 - Overriding database path with different value: /Users/richywarrior/.stmcufinder/plugins/mcufinder/ => /Users/richywarrior/.stmcufinder/plugins/mcufinder
2024-04-09 10:41:14,701 [INFO] DbMcusAds:125 - Set database path to: /Users/richywarrior/.stmcufinder/plugins/mcufinder//mcu/
2024-04-09 10:41:14,701 [WARN] DbFile:41 - Overriding database path with different value: /Users/richywarrior/.stmcufinder/plugins/mcufinder/ => /Users/richywarrior/.stmcufinder/plugins/mcufinder
2024-04-09 10:41:14,701 [WARN] DbFile:41 - Overriding database path with different value: /Users/richywarrior/.stmcufinder/plugins/mcufinder/ => /Users/richywarrior/.stmcufinder/plugins/mcufinder
2024-04-09 10:41:14,701 [INFO] CrossReferenceDbSqlite:203 - Set database path to: /Users/richywarrior/.stmcufinder/plugins/mcufinder//mcu/cs/
2024-04-09 10:41:14,718 [INFO] ApplicationProperties:184 - Using Application install path: /Applications/STM32CubeIDE.app/Contents/Eclipse/plugins/com.st.stm32cube.common.mx_6.10.0.202311202037
2024-04-09 10:41:14,719 [INFO] PluginManage:196 - Search for loadable plugins [exclusion list=, ]
2024-04-09 10:41:14,720 [INFO] PluginManage:310 - Check plugin analytics
2024-04-09 10:41:14,983 [INFO] AnalyticsPlugin:253 - Accepted Software Licenses: 
2024-04-09 10:41:14,983 [INFO] AnalyticsPlugin:255 - Accepted CMSIS Pack Licenses: 
2024-04-09 10:41:14,984 [INFO] AnalyticsPlugin:257 - Accepted Firmware Licenses: 
2024-04-09 10:41:14,988 [INFO] PluginManage:359 - Loaded plugin analytics (category:tool,tabindex:-1)
2024-04-09 10:41:14,988 [INFO] PluginManage:310 - Check plugin cadmodel
2024-04-09 10:41:15,535 [INFO] CADModel:105 - Init CAD model plugin
2024-04-09 10:41:15,538 [INFO] PluginManage:359 - Loaded plugin cadmodel (category:power,tabindex:5)
2024-04-09 10:41:15,540 [INFO] PluginManage:310 - Check plugin clock
2024-04-09 10:41:15,641 [INFO] PluginManage:359 - Loaded plugin clock (category:base,tabindex:2)
2024-04-09 10:41:15,644 [INFO] PluginManage:310 - Check plugin ddr
2024-04-09 10:41:15,652 [INFO] PluginManage:359 - Loaded plugin ddr (category:tool,tabindex:6)
2024-04-09 10:41:15,652 [INFO] PluginManage:310 - Check plugin filemanager
2024-04-09 10:41:15,894 [INFO] PluginManage:359 - Loaded plugin filemanager (category:base,tabindex:10)
2024-04-09 10:41:15,896 [INFO] PluginManage:310 - Check plugin ipmanager
2024-04-09 10:41:15,926 [INFO] PluginManage:359 - Loaded plugin ipmanager (category:base,tabindex:5)
2024-04-09 10:41:15,926 [INFO] PluginManage:310 - Check plugin lpbam
2024-04-09 10:41:15,949 [INFO] PluginManage:359 - Loaded plugin lpbam (category:base,tabindex:0)
2024-04-09 10:41:15,950 [INFO] PluginManage:310 - Check plugin memorymap
2024-04-09 10:41:15,949 [ERROR] LogOutputStream:75 - [STDERR_REDIRECT] [Fatal Error] :2:10: DOCTYPE is disallowed when the feature "http://apache.org/xml/features/disallow-doctype-decl" set to true.
2024-04-09 10:41:15,951 [ERROR] LogOutputStream:75 - [STDERR_REDIRECT] 
2024-04-09 10:41:15,961 [INFO] PluginManage:359 - Loaded plugin memorymap (category:base,tabindex:4)
2024-04-09 10:41:15,962 [INFO] PluginManage:310 - Check plugin pinoutandconfiguration
2024-04-09 10:41:15,967 [INFO] PluginManage:359 - Loaded plugin pinoutandconfiguration (category:base,tabindex:1)
2024-04-09 10:41:15,967 [INFO] PluginManage:310 - Check plugin pinoutconfig
2024-04-09 10:41:16,034 [WARN] SupportedApi:132 - Cannot load RTOS API schema: s4s-elt-must-match.1: The content of 'definitions' must match (annotation?, (simpleType | complexType)?, (unique | key | keyref)*)). A problem was found starting at: attribute.
2024-04-09 10:41:16,195 [INFO] PluginManage:359 - Loaded plugin pinoutconfig (category:base,tabindex:0)
2024-04-09 10:41:16,195 [INFO] PluginManage:310 - Check plugin power
2024-04-09 10:41:16,206 [INFO] PluginManage:359 - Loaded plugin power (category:power,tabindex:4)
2024-04-09 10:41:16,206 [INFO] PluginManage:310 - Check plugin projectmanager
2024-04-09 10:41:16,230 [INFO] PluginManage:359 - Loaded plugin projectmanager (category:projectmanager,tabindex:3)
2024-04-09 10:41:16,230 [INFO] PluginManage:310 - Check plugin thirdparty
2024-04-09 10:41:16,387 [INFO] PluginManage:359 - Loaded plugin thirdparty (category:base,tabindex:-1)
2024-04-09 10:41:16,388 [INFO] PluginManage:310 - Check plugin tools
2024-04-09 10:41:16,387 [WARN] IntegrityCheckThread:84 - waiting for thirdparty lock release [integrity check]
2024-04-09 10:41:16,389 [INFO] IntegrityCheckThread:86 - entering critical section [integrity check]
2024-04-09 10:41:16,390 [INFO] ThirdPartyUpdaterWithRetryManager:70 - Updater plugin not ready yet. [1/15]
2024-04-09 10:41:16,391 [INFO] PluginManage:359 - Loaded plugin tools (category:base,tabindex:7)
2024-04-09 10:41:16,391 [INFO] PluginManage:310 - Check plugin tutovideos
2024-04-09 10:41:16,519 [INFO] PluginManage:359 - Loaded plugin tutovideos (category:base,tabindex:-1)
2024-04-09 10:41:16,519 [INFO] PluginManage:310 - Check plugin updater
2024-04-09 10:41:16,533 [INFO] PluginManage:359 - Loaded plugin updater (category:base,tabindex:12)
2024-04-09 10:41:16,533 [INFO] PluginManage:310 - Check plugin userauth
2024-04-09 10:41:16,537 [INFO] UserAuth:114 - Init User Auth plugin
2024-04-09 10:41:16,537 [INFO] PluginManage:359 - Loaded plugin userauth (category:base,tabindex:14)
2024-04-09 10:41:16,538 [INFO] PluginManage:283 - PluginManage : Loaded plugins [17]
2024-04-09 10:41:16,839 [INFO] PinOutPanel:1499 - setPackage(No Configuration,No Configuration)
2024-04-09 10:41:16,909 [INFO] CADModel:165 - CPN selected for project level
2024-04-09 10:41:16,909 [INFO] CADModel:114 - Register for checkConnection events
2024-04-09 10:41:16,917 [INFO] IPUIPlugin:80 - create IPUIPlugin
2024-04-09 10:41:16,917 [INFO] PluginManager:220 - loadIPPluginJar : add mdma
2024-04-09 10:41:16,921 [INFO] IPUIPlugin:80 - create IPUIPlugin
2024-04-09 10:41:16,922 [INFO] PluginManager:220 - loadIPPluginJar : add freertos
2024-04-09 10:41:16,925 [INFO] IPUIPlugin:80 - create IPUIPlugin
2024-04-09 10:41:16,925 [INFO] PluginManager:220 - loadIPPluginJar : add gic
2024-04-09 10:41:16,931 [INFO] IPUIPlugin:80 - create IPUIPlugin
2024-04-09 10:41:16,931 [INFO] PluginManager:220 - loadIPPluginJar : add adc
2024-04-09 10:41:16,933 [INFO] IPUIPlugin:80 - create IPUIPlugin
2024-04-09 10:41:16,933 [INFO] PluginManager:220 - loadIPPluginJar : add gtzc
2024-04-09 10:41:16,934 [INFO] IPUIPlugin:80 - create IPUIPlugin
2024-04-09 10:41:16,935 [INFO] PluginManager:220 - loadIPPluginJar : add quadspi
2024-04-09 10:41:16,936 [INFO] IPUIPlugin:80 - create IPUIPlugin
2024-04-09 10:41:16,936 [INFO] PluginManager:220 - loadIPPluginJar : add aes
2024-04-09 10:41:16,948 [INFO] IPUIPlugin:80 - create IPUIPlugin
2024-04-09 10:41:16,948 [INFO] PluginManager:220 - loadIPPluginJar : add pdm2pcm
2024-04-09 10:41:16,952 [INFO] IPUIPlugin:80 - create IPUIPlugin
2024-04-09 10:41:16,952 [INFO] PluginManager:220 - loadIPPluginJar : add hash
2024-04-09 10:41:16,954 [INFO] IPUIPlugin:80 - create IPUIPlugin
2024-04-09 10:41:16,954 [INFO] PluginManager:220 - loadIPPluginJar : add tim
2024-04-09 10:41:16,955 [INFO] IPUIPlugin:80 - create IPUIPlugin
2024-04-09 10:41:16,955 [INFO] PluginManager:220 - loadIPPluginJar : add tsc
2024-04-09 10:41:16,957 [INFO] IPUIPlugin:80 - create IPUIPlugin
2024-04-09 10:41:16,957 [INFO] PluginManager:220 - loadIPPluginJar : add ts
2024-04-09 10:41:16,959 [INFO] IPUIPlugin:80 - create IPUIPlugin
2024-04-09 10:41:16,959 [INFO] PluginManager:220 - loadIPPluginJar : add can
2024-04-09 10:41:16,961 [INFO] IPUIPlugin:80 - create IPUIPlugin
2024-04-09 10:41:16,961 [INFO] PluginManager:220 - loadIPPluginJar : add dma3
2024-04-09 10:41:16,963 [INFO] IPUIPlugin:80 - create IPUIPlugin
2024-04-09 10:41:16,963 [INFO] PluginManager:220 - loadIPPluginJar : add dfsdm
2024-04-09 10:41:16,965 [INFO] IPUIPlugin:80 - create IPUIPlugin
2024-04-09 10:41:16,966 [INFO] PluginManager:220 - loadIPPluginJar : add spi
2024-04-09 10:41:16,968 [INFO] IPUIPlugin:80 - create IPUIPlugin
2024-04-09 10:41:16,968 [INFO] PluginManager:220 - loadIPPluginJar : add gfxmmu
2024-04-09 10:41:16,969 [INFO] IPUIPlugin:80 - create IPUIPlugin
2024-04-09 10:41:16,969 [INFO] PluginManager:220 - loadIPPluginJar : add genericplugin
2024-04-09 10:41:16,971 [INFO] IPUIPlugin:80 - create IPUIPlugin
2024-04-09 10:41:16,971 [INFO] PluginManager:220 - loadIPPluginJar : add cryp
2024-04-09 10:41:16,974 [INFO] IPUIPlugin:80 - create IPUIPlugin
2024-04-09 10:41:16,974 [INFO] PluginManager:220 - loadIPPluginJar : add gpio
2024-04-09 10:41:16,978 [INFO] IPUIPlugin:80 - create IPUIPlugin
2024-04-09 10:41:16,978 [INFO] PluginManager:220 - loadIPPluginJar : add comp
2024-04-09 10:41:16,980 [INFO] IPUIPlugin:80 - create IPUIPlugin
2024-04-09 10:41:16,980 [INFO] PluginManager:220 - loadIPPluginJar : add tracer_emb
2024-04-09 10:41:16,982 [INFO] IPUIPlugin:80 - create IPUIPlugin
2024-04-09 10:41:16,983 [INFO] PluginManager:220 - loadIPPluginJar : add openamp
2024-04-09 10:41:17,047 [INFO] IPUIPlugin:80 - create IPUIPlugin
2024-04-09 10:41:17,052 [INFO] PluginManager:220 - loadIPPluginJar : add stm32_wpan
2024-04-09 10:41:17,064 [INFO] IPUIPlugin:80 - create IPUIPlugin
2024-04-09 10:41:17,083 [INFO] PluginManager:220 - loadIPPluginJar : add plateformsettings
2024-04-09 10:41:17,086 [INFO] IPUIPlugin:80 - create IPUIPlugin
2024-04-09 10:41:17,086 [INFO] PluginManager:220 - loadIPPluginJar : add ipddr
2024-04-09 10:41:17,088 [INFO] IPUIPlugin:80 - create IPUIPlugin
2024-04-09 10:41:17,089 [INFO] PluginManager:220 - loadIPPluginJar : add usart
2024-04-09 10:41:17,090 [INFO] IPUIPlugin:80 - create IPUIPlugin
2024-04-09 10:41:17,090 [INFO] PluginManager:220 - loadIPPluginJar : add ltdc
2024-04-09 10:41:17,093 [INFO] IPUIPlugin:80 - create IPUIPlugin
2024-04-09 10:41:17,094 [INFO] PluginManager:220 - loadIPPluginJar : add nvic
2024-04-09 10:41:17,094 [INFO] IPUIPlugin:80 - create IPUIPlugin
2024-04-09 10:41:17,094 [INFO] PluginManager:220 - loadIPPluginJar : add fatfs
2024-04-09 10:41:17,099 [INFO] IPUIPlugin:80 - create IPUIPlugin
2024-04-09 10:41:17,099 [INFO] PluginManager:220 - loadIPPluginJar : add linkedlist
2024-04-09 10:41:17,102 [INFO] IPUIPlugin:80 - create IPUIPlugin
2024-04-09 10:41:17,102 [INFO] PluginManager:220 - loadIPPluginJar : add dma
2024-04-09 10:41:17,105 [INFO] IPUIPlugin:80 - create IPUIPlugin
2024-04-09 10:41:17,105 [INFO] PluginManager:220 - loadIPPluginJar : add fmc
2024-04-09 10:41:17,107 [INFO] IPUIPlugin:80 - create IPUIPlugin
2024-04-09 10:41:17,108 [INFO] PluginManager:220 - loadIPPluginJar : add i2s
2024-04-09 10:41:17,110 [INFO] IPUIPlugin:80 - create IPUIPlugin
2024-04-09 10:41:17,110 [INFO] PluginManager:220 - loadIPPluginJar : add ucpd
2024-04-09 10:41:17,111 [INFO] IPUIPlugin:80 - create IPUIPlugin
2024-04-09 10:41:17,111 [INFO] PluginManager:220 - loadIPPluginJar : add lorawan
2024-04-09 10:41:17,112 [INFO] IPUIPlugin:80 - create IPUIPlugin
2024-04-09 10:41:17,112 [INFO] PluginManager:220 - loadIPPluginJar : add opamp
2024-04-09 10:41:17,115 [INFO] IPUIPlugin:80 - create IPUIPlugin
2024-04-09 10:41:17,115 [INFO] PluginManager:220 - loadIPPluginJar : add i3c
2024-04-09 10:41:17,116 [INFO] IPUIPlugin:80 - create IPUIPlugin
2024-04-09 10:41:17,116 [INFO] PluginManager:220 - loadIPPluginJar : add touchsensing
2024-04-09 10:41:17,117 [INFO] IPUIPlugin:80 - create IPUIPlugin
2024-04-09 10:41:17,117 [INFO] PluginManager:220 - loadIPPluginJar : add i2c
2024-04-09 10:41:17,120 [INFO] IPUIPlugin:80 - create IPUIPlugin
2024-04-09 10:41:17,120 [INFO] PluginManager:220 - loadIPPluginJar : add resmgrutility
2024-04-09 10:41:17,121 [INFO] IPUIPlugin:80 - create IPUIPlugin
2024-04-09 10:41:17,121 [INFO] PluginManager:220 - loadIPPluginJar : add sai
2024-04-09 10:41:17,122 [INFO] IPUIPlugin:80 - create IPUIPlugin
2024-04-09 10:41:17,122 [INFO] PluginManager:220 - loadIPPluginJar : add usbx
2024-04-09 10:41:17,262 [INFO] CADModel:165 - CPN selected for project level
2024-04-09 10:41:17,263 [INFO] CADModel:114 - Register for checkConnection events
2024-04-09 10:41:17,264 [FATAL] Updater:308 - Updater called before beeing initialized
2024-04-09 10:41:17,264 [ERROR] CADModel:125 - Updater not yet initialized, retry later 
2024-04-09 10:41:17,556 [INFO] CADModel:165 - CPN selected for project level
2024-04-09 10:41:17,557 [INFO] CADModel:114 - Register for checkConnection events
2024-04-09 10:41:17,557 [FATAL] Updater:308 - Updater called before beeing initialized
2024-04-09 10:41:17,557 [ERROR] CADModel:125 - Updater not yet initialized, retry later 
2024-04-09 10:41:17,559 [FATAL] Updater:308 - Updater called before beeing initialized
2024-04-09 10:41:17,688 [FATAL] Updater:308 - Updater called before beeing initialized
2024-04-09 10:41:17,694 [INFO] DbMcusAds:53 - JSON generation date=Wed Nov 29 04:52:27 CST 2023 (1701255147349)
2024-04-09 10:41:17,694 [FATAL] Updater:308 - Updater called before beeing initialized
2024-04-09 10:41:17,739 [WARN] DetailPanel:346 - Failed to get advertising image, set to default
2024-04-09 10:41:17,805 [FATAL] Updater:308 - Updater called before beeing initialized
2024-04-09 10:41:17,806 [FATAL] Updater:308 - Updater called before beeing initialized
2024-04-09 10:41:17,806 [FATAL] Updater:308 - Updater called before beeing initialized
2024-04-09 10:41:17,807 [WARN] DetailPanel:346 - Failed to get advertising image, set to default
2024-04-09 10:41:17,808 [FATAL] Updater:308 - Updater called before beeing initialized
2024-04-09 10:41:17,854 [ERROR] Updater:1120 - MainUpdater not yet initialized. External WinMGr cannot be set.
2024-04-09 10:41:17,888 [INFO] Updater:1056 - Updater Version found : 6.10.0
2024-04-09 10:41:17,899 [INFO] ApplicationProperties:184 - Using Application install path: /Applications/STM32CubeIDE.app/Contents/Eclipse/plugins/com.st.stm32cube.common.mx_6.10.0.202311202037
2024-04-09 10:41:18,342 [INFO] MainUpdater:2873 - connection check result : 10
2024-04-09 10:41:18,345 [INFO] MainUpdater:290 - Updater Check For Update Now.
2024-04-09 10:41:18,345 [INFO] MicroXplorer:498 - Change Database Version : DB.6.0.100
2024-04-09 10:41:18,364 [INFO] McuFinderGlobals:63 - Set McuFinder mode to 2 (CubeIDE integrated)
2024-04-09 10:41:18,365 [INFO] UserAuth:180 - activating auth plugin
2024-04-09 10:41:18,387 [INFO] UserAuth:404 - Internet connection configuration mode: 1
2024-04-09 10:41:18,410 [INFO] JxBrowserEngine:152 - Initiate JxBrowser Engine with user profile folder
2024-04-09 10:41:18,911 [INFO] CheckServerUpdateThread:120 - End of CheckServer Thread
2024-04-09 10:41:19,500 [WARN] PackLoader:240 - Cannot read IP mode file for STMicroelectronics.X-CUBE-SMBUS.2.1.0
2024-04-09 10:41:19,520 [WARN] PackLoader:240 - Cannot read IP mode file for STMicroelectronics.X-CUBE-TOUCHGFX.4.23.1
2024-04-09 10:41:19,524 [WARN] PackLoader:240 - Cannot read IP mode file for STMicroelectronics.X-CUBE-TOUCHGFX.4.23.0
2024-04-09 10:41:19,529 [WARN] PackLoader:240 - Cannot read IP mode file for STMicroelectronics.X-CUBE-TOUCHGFX.4.23.2
2024-04-09 10:41:19,573 [WARN] PackLoader:240 - Cannot read IP mode file for STMicroelectronics.X-CUBE-AZRTOS-F7.1.1.0
2024-04-09 10:41:19,591 [WARN] PackLoader:240 - Cannot read IP mode file for STMicroelectronics.FP-SNS-MOTENV1.4.3.2
2024-04-09 10:41:19,618 [WARN] PackLoader:240 - Cannot read IP mode file for STMicroelectronics.FP-SNS-FLIGHT1.5.0.2
2024-04-09 10:41:19,635 [WARN] PackLoader:240 - Cannot read IP mode file for STMicroelectronics.X-CUBE-DISPLAY.3.0.0
2024-04-09 10:41:19,660 [WARN] PackLoader:240 - Cannot read IP mode file for STMicroelectronics.X-CUBE-BLE1.7.0.0
2024-04-09 10:41:19,677 [WARN] PackLoader:240 - Cannot read IP mode file for emotas.I-CUBE-CANOPEN.1.3.0
2024-04-09 10:41:19,685 [WARN] PackLoader:240 - Cannot read IP mode file for STMicroelectronics.FP-SNS-SMARTAG2.1.2.0
2024-04-09 10:41:19,698 [INFO] LogOutputStream:77 - [STDOUT_REDIRECT] 1 : Invalid condition id : UX_CORESTACK_Condition cause : null
2024-04-09 10:41:19,700 [INFO] LogOutputStream:77 - [STDOUT_REDIRECT] 1 : Invalid condition id : UX_CORESTACK_Condition cause : null
2024-04-09 10:41:19,701 [INFO] LogOutputStream:77 - [STDOUT_REDIRECT] 1 : Invalid condition id : UX_CORESTACK_Condition cause : null
2024-04-09 10:41:19,701 [INFO] LogOutputStream:77 - [STDOUT_REDIRECT] 1 : Invalid condition id : UX_CORESTACK_Condition cause : null
2024-04-09 10:41:19,702 [INFO] LogOutputStream:77 - [STDOUT_REDIRECT] 1 : Invalid condition id : UX_CORESTACK_Condition cause : null
2024-04-09 10:41:19,708 [WARN] PackLoader:240 - Cannot read IP mode file for STMicroelectronics.X-CUBE-AZRTOS-WL.2.0.0
2024-04-09 10:41:19,723 [WARN] PackLoader:240 - Cannot read IP mode file for STMicroelectronics.FP-SNS-MOTENV1.5.0.0
2024-04-09 10:41:19,738 [WARN] PackLoader:240 - Cannot read IP mode file for WES.I-CUBE-Cesium.1.3.0
2024-04-09 10:41:19,754 [WARN] PackLoader:240 - Cannot read IP mode file for STMicroelectronics.X-CUBE-BLE2.3.3.0
2024-04-09 10:41:19,764 [WARN] PackLoader:240 - Cannot read IP mode file for STMicroelectronics.X-CUBE-ALGOBUILD.1.3.0
2024-04-09 10:41:19,786 [WARN] PackLoader:240 - Cannot read IP mode file for STMicroelectronics.X-CUBE-AZRTOS-G0.1.1.0
2024-04-09 10:41:19,828 [WARN] PackLoader:240 - Cannot read IP mode file for STMicroelectronics.X-CUBE-SAFEA1.1.2.2
2024-04-09 10:41:19,848 [WARN] PackLoader:240 - Cannot read IP mode file for STMicroelectronics.X-CUBE-NFC4.3.0.0
2024-04-09 10:41:19,867 [WARN] PackLoader:240 - Cannot read IP mode file for wolfSSL.I-CUBE-wolfSSL.5.7.0
2024-04-09 10:41:19,876 [WARN] PackLoader:240 - Cannot read IP mode file for STMicroelectronics.FP-ATR-SIGFOX1.3.2.0
2024-04-09 10:41:19,882 [WARN] PackLoader:240 - Cannot read IP mode file for ITTIA_DB.I-CUBE-ITTIADB.8.9.0
2024-04-09 10:41:19,963 [WARN] PackLoader:240 - Cannot read IP mode file for SEGGER.I-CUBE-embOS.1.3.1
2024-04-09 10:41:20,026 [WARN] PackLoader:240 - Cannot read IP mode file for STMicroelectronics.X-CUBE-GNSS1.6.0.0
2024-04-09 10:41:20,063 [WARN] PackLoader:240 - Cannot read IP mode file for STMicroelectronics.X-CUBE-AZRTOS-F4.1.1.0
2024-04-09 10:41:20,109 [WARN] PackLoader:240 - Cannot read IP mode file for STMicroelectronics.X-CUBE-AZRTOS-L5.2.0.0
2024-04-09 10:41:20,134 [WARN] PackLoader:240 - Cannot read IP mode file for STMicroelectronics.X-CUBE-NFC6.3.1.0
2024-04-09 10:41:20,142 [WARN] PackLoader:240 - Cannot read IP mode file for STMicroelectronics.X-CUBE-NFC7.1.0.1
2024-04-09 10:41:20,153 [WARN] PackLoader:240 - Cannot read IP mode file for STMicroelectronics.X-CUBE-NFC6.3.0.0
2024-04-09 10:41:20,162 [WARN] PackLoader:240 - Cannot read IP mode file for STMicroelectronics.X-CUBE-AI.8.1.0
2024-04-09 10:41:20,193 [WARN] ConditionMgr:438 - getConditionDescription Invalid condition id : LAN8742 Phy interface Condition cause : null
2024-04-09 10:41:20,194 [WARN] PackLoader:240 - Cannot read IP mode file for STMicroelectronics.X-CUBE-AZRTOS-L4.2.0.0
2024-04-09 10:41:20,198 [WARN] ConditionMgr:1039 - genDependencies : Invalid condition id : LAN8742 Phy interface Condition cause : null
2024-04-09 10:41:20,198 [WARN] ConditionMgr:1039 - genDependencies : Invalid condition id : LAN8742 Phy interface Condition cause : null
2024-04-09 10:41:20,200 [WARN] ConditionMgr:1039 - genDependencies : Invalid condition id : LAN8742 Phy interface Condition cause : null
2024-04-09 10:41:20,214 [WARN] PackLoader:240 - Cannot read IP mode file for STMicroelectronics.X-CUBE-SFXS2LP1.4.0.0
2024-04-09 10:41:20,243 [WARN] ConditionMgr:438 - getConditionDescription Invalid condition id : UX DEVICE CLASS RTOS Condition cause : null
2024-04-09 10:41:20,244 [WARN] ConditionMgr:438 - getConditionDescription Invalid condition id : UX DEVICE CLASS RTOS Condition cause : null
2024-04-09 10:41:20,248 [WARN] PackLoader:240 - Cannot read IP mode file for STMicroelectronics.X-CUBE-AZRTOS-WB.2.0.0
2024-04-09 10:41:20,249 [WARN] ConditionMgr:1039 - genDependencies : Invalid condition id : UX DEVICE CLASS RTOS Condition cause : null
2024-04-09 10:41:20,250 [WARN] ConditionMgr:1039 - genDependencies : Invalid condition id : UX DEVICE CLASS RTOS Condition cause : null
2024-04-09 10:41:20,250 [WARN] ConditionMgr:1039 - genDependencies : Invalid condition id : UX DEVICE CLASS RTOS Condition cause : null
2024-04-09 10:41:20,251 [WARN] ConditionMgr:1039 - genDependencies : Invalid condition id : UX DEVICE CLASS RTOS Condition cause : null
2024-04-09 10:41:20,251 [WARN] ConditionMgr:1039 - genDependencies : Invalid condition id : UX DEVICE CLASS RTOS Condition cause : null
2024-04-09 10:41:20,264 [WARN] PackLoader:240 - Cannot read IP mode file for STMicroelectronics.X-CUBE-SUBG2.5.0.0
2024-04-09 10:41:20,328 [WARN] PackLoader:240 - Cannot read IP mode file for STMicroelectronics.X-CUBE-AZRTOS-G4.2.0.0
2024-04-09 10:41:20,462 [WARN] PackLoader:240 - Cannot read IP mode file for STMicroelectronics.X-CUBE-MEMS1.10.0.0
2024-04-09 10:41:20,620 [WARN] PackLoader:240 - Cannot read IP mode file for STMicroelectronics.X-CUBE-FREERTOS.1.1.0
2024-04-09 10:41:20,632 [WARN] PackLoader:240 - Cannot read IP mode file for portGmbH.I-Cube-SoM-uGOAL.1.1.0
2024-04-09 10:41:20,636 [WARN] PackLoader:240 - Cannot read IP mode file for STMicroelectronics.X-CUBE-ALS.1.0.1
2024-04-09 10:41:20,642 [WARN] PackLoader:240 - Cannot read IP mode file for STMicroelectronics.FP-ATR-ASTRA1.2.0.0
2024-04-09 10:41:20,664 [WARN] PackLoader:240 - Cannot read IP mode file for Infineon.AIROC-Wi-Fi-Bluetooth-STM32.1.6.0
2024-04-09 10:41:20,671 [INFO] ThirdParty:978 - Integrity check success = true
2024-04-09 10:41:20,671 [INFO] IntegrityCheckThread:100 - exiting critical section [integrity check]
2024-04-09 10:41:20,671 [INFO] IntegrityCheckThread:103 - End integrity checks thread
2024-04-09 10:41:24,458 [INFO] WebApp:161 - Instantiating new browser for Auth
2024-04-09 10:41:26,403 [INFO] WebApp:780 - Register for checkConnection events
2024-04-09 10:41:26,405 [INFO] WebApp:414 - Apply proxy settings
2024-04-09 10:41:26,430 [INFO] WebApp:459 - Chromium authenticates against Manually configured proxy
2024-04-09 10:41:26,452 [INFO] WebApp:467 - Username used for proxy authentication: 
2024-04-09 10:41:26,659 [INFO] WebApp:192 - Starting web application
2024-04-09 10:41:26,659 [INFO] WebApp:544 - Web application path used /Applications/STM32CubeIDE.app/Contents/Eclipse/plugins/com.st.stm32cube.common.mx_6.10.0.202311202037/db/plugins/mcufinder/reactClient1/index.html
2024-04-09 10:41:48,373 [ERROR] LogOutputStream:75 - [STDERR_REDIRECT] SLF4J: Failed to load class "org.slf4j.impl.StaticLoggerBinder".
2024-04-09 10:41:48,374 [ERROR] LogOutputStream:75 - [STDERR_REDIRECT] SLF4J: Defaulting to no-operation (NOP) logger implementation
2024-04-09 10:41:48,375 [ERROR] LogOutputStream:75 - [STDERR_REDIRECT] SLF4J: See http://www.slf4j.org/codes.html#StaticLoggerBinder for further details.
2024-04-09 16:47:46,937 [ERROR] LogOutputStream:75 - [STDERR_REDIRECT] 
