2024-05-02 22:38:55,842 [INFO] Activator:176 - 


2024-05-02 22:38:55,849 [INFO] Activator:177 - !SESSION log4j initialized
2024-05-02 22:39:03,513 [INFO] LogOutputStream:77 - [STDOUT_REDIRECT] 
2024-05-02 22:39:04,075 [ERROR] LogOutputStream:75 - [STDERR_REDIRECT] 
2024-05-02 22:39:08,001 [ERROR] LogOutputStream:75 - [STDERR_REDIRECT] [Fatal Error] :2:10: DOCTYPE no está permitido cuando la función "http://apache.org/xml/features/disallow-doctype-decl" se ha definido en true.
2024-05-02 22:39:08,003 [ERROR] LogOutputStream:75 - [STDERR_REDIRECT] 
2024-05-02 22:39:10,577 [INFO] LogOutputStream:77 - [STDOUT_REDIRECT] 
2024-05-02 22:39:12,143 [INFO] ApplicationProperties:184 - Using Application install path: /Applications/STM32CubeIDE.app/Contents/Eclipse/plugins/com.st.stm32cube.common.mx_6.10.0.202311202037
2024-05-02 22:39:12,155 [INFO] DbMcusXml:78 - Set database path to: /Applications/STM32CubeIDE.app/Contents/Eclipse/plugins/com.st.stm32cube.common.mx_6.10.0.202311202037//db//mcu/
2024-05-02 22:39:12,155 [INFO] ApiDb:274 - Set plugin database path to: /Applications/STM32CubeIDE.app/Contents/Eclipse/plugins/com.st.stm32cube.common.mx_6.10.0.202311202037//db//plugins/boardmanager/
2024-05-02 22:39:12,155 [WARN] ApiDb:259 - Overriding images path with different value:  => /Applications/STM32CubeIDE.app/Contents/Eclipse/plugins/com.st.stm32cube.common.mx_6.10.0.202311202037//db//plugins/mcufinder/images/
2024-05-02 22:39:12,168 [INFO] ApiDb:250 - Set database path to: /Users/richywarrior/.stmcufinder/plugins/mcufinder//mcu/
2024-05-02 22:39:12,169 [INFO] DbMcusAds:125 - Set database path to: /Users/richywarrior/.stmcufinder/plugins/mcufinder//mcu/
2024-05-02 22:39:12,170 [INFO] CrossReferenceDbSqlite:203 - Set database path to: /Users/richywarrior/.stmcufinder/plugins/mcufinder//mcu/cs/
2024-05-02 22:39:12,285 [INFO] RulesReader:64 - Compatibility file has been processed (297 Rules)
2024-05-02 22:39:12,338 [INFO] DbMcusXml:78 - Set database path to: /Applications/STM32CubeIDE.app/Contents/Eclipse/plugins/com.st.stm32cube.common.mx_6.10.0.202311202037//db//mcu/
2024-05-02 22:39:12,339 [INFO] ApiDb:274 - Set plugin database path to: /Applications/STM32CubeIDE.app/Contents/Eclipse/plugins/com.st.stm32cube.common.mx_6.10.0.202311202037//db//plugins/boardmanager/
2024-05-02 22:39:12,339 [INFO] ApiDb:261 - Set plugin images path to: /Applications/STM32CubeIDE.app/Contents/Eclipse/plugins/com.st.stm32cube.common.mx_6.10.0.202311202037//db//plugins/mcufinder/images/
2024-05-02 22:39:12,339 [WARN] DbFile:41 - Overriding database path with different value: /Users/richywarrior/.stmcufinder/plugins/mcufinder/ => /Users/richywarrior/.stmcufinder/plugins/mcufinder
2024-05-02 22:39:12,339 [INFO] ApiDb:250 - Set database path to: /Users/richywarrior/.stmcufinder/plugins/mcufinder//mcu/
2024-05-02 22:39:12,339 [WARN] DbFile:41 - Overriding database path with different value: /Users/richywarrior/.stmcufinder/plugins/mcufinder/ => /Users/richywarrior/.stmcufinder/plugins/mcufinder
2024-05-02 22:39:12,339 [INFO] DbMcusAds:125 - Set database path to: /Users/richywarrior/.stmcufinder/plugins/mcufinder//mcu/
2024-05-02 22:39:12,339 [WARN] DbFile:41 - Overriding database path with different value: /Users/richywarrior/.stmcufinder/plugins/mcufinder/ => /Users/richywarrior/.stmcufinder/plugins/mcufinder
2024-05-02 22:39:12,339 [WARN] DbFile:41 - Overriding database path with different value: /Users/richywarrior/.stmcufinder/plugins/mcufinder/ => /Users/richywarrior/.stmcufinder/plugins/mcufinder
2024-05-02 22:39:12,340 [INFO] CrossReferenceDbSqlite:203 - Set database path to: /Users/richywarrior/.stmcufinder/plugins/mcufinder//mcu/cs/
2024-05-02 22:39:12,406 [INFO] MainPanel:264 - HeapMemory: 268435456
2024-05-02 22:39:12,478 [INFO] DbMcusXml:78 - Set database path to: /Applications/STM32CubeIDE.app/Contents/Eclipse/plugins/com.st.stm32cube.common.mx_6.10.0.202311202037//db//mcu/
2024-05-02 22:39:12,478 [INFO] ApiDb:274 - Set plugin database path to: /Applications/STM32CubeIDE.app/Contents/Eclipse/plugins/com.st.stm32cube.common.mx_6.10.0.202311202037//db//plugins/boardmanager/
2024-05-02 22:39:12,479 [INFO] ApiDb:261 - Set plugin images path to: /Applications/STM32CubeIDE.app/Contents/Eclipse/plugins/com.st.stm32cube.common.mx_6.10.0.202311202037//db//plugins/mcufinder/images/
2024-05-02 22:39:12,479 [WARN] DbFile:41 - Overriding database path with different value: /Users/richywarrior/.stmcufinder/plugins/mcufinder/ => /Users/richywarrior/.stmcufinder/plugins/mcufinder
2024-05-02 22:39:12,479 [INFO] ApiDb:250 - Set database path to: /Users/richywarrior/.stmcufinder/plugins/mcufinder//mcu/
2024-05-02 22:39:12,479 [WARN] DbFile:41 - Overriding database path with different value: /Users/richywarrior/.stmcufinder/plugins/mcufinder/ => /Users/richywarrior/.stmcufinder/plugins/mcufinder
2024-05-02 22:39:12,479 [INFO] DbMcusAds:125 - Set database path to: /Users/richywarrior/.stmcufinder/plugins/mcufinder//mcu/
2024-05-02 22:39:12,479 [WARN] DbFile:41 - Overriding database path with different value: /Users/richywarrior/.stmcufinder/plugins/mcufinder/ => /Users/richywarrior/.stmcufinder/plugins/mcufinder
2024-05-02 22:39:12,479 [WARN] DbFile:41 - Overriding database path with different value: /Users/richywarrior/.stmcufinder/plugins/mcufinder/ => /Users/richywarrior/.stmcufinder/plugins/mcufinder
2024-05-02 22:39:12,479 [INFO] CrossReferenceDbSqlite:203 - Set database path to: /Users/richywarrior/.stmcufinder/plugins/mcufinder//mcu/cs/
2024-05-02 22:39:12,497 [INFO] ApplicationProperties:184 - Using Application install path: /Applications/STM32CubeIDE.app/Contents/Eclipse/plugins/com.st.stm32cube.common.mx_6.10.0.202311202037
2024-05-02 22:39:12,498 [INFO] PluginManage:196 - Search for loadable plugins [exclusion list=, ]
2024-05-02 22:39:12,501 [INFO] PluginManage:310 - Check plugin analytics
2024-05-02 22:39:12,690 [INFO] AnalyticsPlugin:253 - Accepted Software Licenses: 
2024-05-02 22:39:12,690 [INFO] AnalyticsPlugin:255 - Accepted CMSIS Pack Licenses: 
2024-05-02 22:39:12,690 [INFO] AnalyticsPlugin:257 - Accepted Firmware Licenses: 
2024-05-02 22:39:12,697 [INFO] PluginManage:359 - Loaded plugin analytics (category:tool,tabindex:-1)
2024-05-02 22:39:12,698 [INFO] PluginManage:310 - Check plugin cadmodel
2024-05-02 22:39:13,307 [INFO] CADModel:105 - Init CAD model plugin
2024-05-02 22:39:13,309 [INFO] PluginManage:359 - Loaded plugin cadmodel (category:power,tabindex:5)
2024-05-02 22:39:13,310 [INFO] PluginManage:310 - Check plugin clock
2024-05-02 22:39:13,343 [INFO] PluginManage:359 - Loaded plugin clock (category:base,tabindex:2)
2024-05-02 22:39:13,343 [INFO] PluginManage:310 - Check plugin ddr
2024-05-02 22:39:13,345 [INFO] PluginManage:359 - Loaded plugin ddr (category:tool,tabindex:6)
2024-05-02 22:39:13,345 [INFO] PluginManage:310 - Check plugin filemanager
2024-05-02 22:39:13,523 [INFO] PluginManage:359 - Loaded plugin filemanager (category:base,tabindex:10)
2024-05-02 22:39:13,524 [INFO] PluginManage:310 - Check plugin ipmanager
2024-05-02 22:39:13,534 [INFO] PluginManage:359 - Loaded plugin ipmanager (category:base,tabindex:5)
2024-05-02 22:39:13,534 [INFO] PluginManage:310 - Check plugin lpbam
2024-05-02 22:39:13,541 [INFO] PluginManage:359 - Loaded plugin lpbam (category:base,tabindex:0)
2024-05-02 22:39:13,541 [INFO] PluginManage:310 - Check plugin memorymap
2024-05-02 22:39:13,548 [INFO] PluginManage:359 - Loaded plugin memorymap (category:base,tabindex:4)
2024-05-02 22:39:13,548 [INFO] PluginManage:310 - Check plugin pinoutandconfiguration
2024-05-02 22:39:13,552 [INFO] PluginManage:359 - Loaded plugin pinoutandconfiguration (category:base,tabindex:1)
2024-05-02 22:39:13,552 [INFO] PluginManage:310 - Check plugin pinoutconfig
2024-05-02 22:39:13,627 [WARN] SupportedApi:132 - Cannot load RTOS API schema: s4s-elt-must-match.1: The content of 'definitions' must match (annotation?, (simpleType | complexType)?, (unique | key | keyref)*)). A problem was found starting at: attribute.
2024-05-02 22:39:13,767 [INFO] PluginManage:359 - Loaded plugin pinoutconfig (category:base,tabindex:0)
2024-05-02 22:39:13,768 [INFO] PluginManage:310 - Check plugin power
2024-05-02 22:39:13,793 [INFO] PluginManage:359 - Loaded plugin power (category:power,tabindex:4)
2024-05-02 22:39:13,794 [INFO] PluginManage:310 - Check plugin projectmanager
2024-05-02 22:39:13,831 [INFO] PluginManage:359 - Loaded plugin projectmanager (category:projectmanager,tabindex:3)
2024-05-02 22:39:13,832 [INFO] PluginManage:310 - Check plugin thirdparty
2024-05-02 22:39:14,136 [INFO] PluginManage:359 - Loaded plugin thirdparty (category:base,tabindex:-1)
2024-05-02 22:39:14,139 [INFO] PluginManage:310 - Check plugin tools
2024-05-02 22:39:14,136 [WARN] IntegrityCheckThread:84 - waiting for thirdparty lock release [integrity check]
2024-05-02 22:39:14,142 [INFO] IntegrityCheckThread:86 - entering critical section [integrity check]
2024-05-02 22:39:14,145 [INFO] ThirdPartyUpdaterWithRetryManager:70 - Updater plugin not ready yet. [1/15]
2024-05-02 22:39:14,152 [INFO] PluginManage:359 - Loaded plugin tools (category:base,tabindex:7)
2024-05-02 22:39:14,152 [INFO] PluginManage:310 - Check plugin tutovideos
2024-05-02 22:39:14,314 [INFO] PluginManage:359 - Loaded plugin tutovideos (category:base,tabindex:-1)
2024-05-02 22:39:14,314 [INFO] PluginManage:310 - Check plugin updater
2024-05-02 22:39:14,337 [INFO] PluginManage:359 - Loaded plugin updater (category:base,tabindex:12)
2024-05-02 22:39:14,337 [INFO] PluginManage:310 - Check plugin userauth
2024-05-02 22:39:14,345 [INFO] UserAuth:114 - Init User Auth plugin
2024-05-02 22:39:14,345 [INFO] PluginManage:359 - Loaded plugin userauth (category:base,tabindex:14)
2024-05-02 22:39:14,346 [INFO] PluginManage:283 - PluginManage : Loaded plugins [17]
2024-05-02 22:39:14,575 [INFO] PinOutPanel:1499 - setPackage(No Configuration,No Configuration)
2024-05-02 22:39:14,667 [INFO] CADModel:165 - CPN selected for project level
2024-05-02 22:39:14,667 [INFO] CADModel:114 - Register for checkConnection events
2024-05-02 22:39:14,676 [INFO] IPUIPlugin:80 - create IPUIPlugin
2024-05-02 22:39:14,677 [INFO] PluginManager:220 - loadIPPluginJar : add mdma
2024-05-02 22:39:14,681 [INFO] IPUIPlugin:80 - create IPUIPlugin
2024-05-02 22:39:14,681 [INFO] PluginManager:220 - loadIPPluginJar : add freertos
2024-05-02 22:39:14,683 [INFO] IPUIPlugin:80 - create IPUIPlugin
2024-05-02 22:39:14,683 [INFO] PluginManager:220 - loadIPPluginJar : add gic
2024-05-02 22:39:14,687 [INFO] IPUIPlugin:80 - create IPUIPlugin
2024-05-02 22:39:14,688 [INFO] PluginManager:220 - loadIPPluginJar : add adc
2024-05-02 22:39:14,689 [INFO] IPUIPlugin:80 - create IPUIPlugin
2024-05-02 22:39:14,689 [INFO] PluginManager:220 - loadIPPluginJar : add gtzc
2024-05-02 22:39:14,690 [INFO] IPUIPlugin:80 - create IPUIPlugin
2024-05-02 22:39:14,691 [INFO] PluginManager:220 - loadIPPluginJar : add quadspi
2024-05-02 22:39:14,692 [INFO] IPUIPlugin:80 - create IPUIPlugin
2024-05-02 22:39:14,692 [INFO] PluginManager:220 - loadIPPluginJar : add aes
2024-05-02 22:39:14,693 [INFO] IPUIPlugin:80 - create IPUIPlugin
2024-05-02 22:39:14,693 [INFO] PluginManager:220 - loadIPPluginJar : add pdm2pcm
2024-05-02 22:39:14,694 [INFO] IPUIPlugin:80 - create IPUIPlugin
2024-05-02 22:39:14,694 [INFO] PluginManager:220 - loadIPPluginJar : add hash
2024-05-02 22:39:14,695 [INFO] IPUIPlugin:80 - create IPUIPlugin
2024-05-02 22:39:14,695 [INFO] PluginManager:220 - loadIPPluginJar : add tim
2024-05-02 22:39:14,696 [INFO] IPUIPlugin:80 - create IPUIPlugin
2024-05-02 22:39:14,696 [INFO] PluginManager:220 - loadIPPluginJar : add tsc
2024-05-02 22:39:14,696 [INFO] IPUIPlugin:80 - create IPUIPlugin
2024-05-02 22:39:14,697 [INFO] PluginManager:220 - loadIPPluginJar : add ts
2024-05-02 22:39:14,698 [INFO] IPUIPlugin:80 - create IPUIPlugin
2024-05-02 22:39:14,698 [INFO] PluginManager:220 - loadIPPluginJar : add can
2024-05-02 22:39:14,699 [INFO] IPUIPlugin:80 - create IPUIPlugin
2024-05-02 22:39:14,699 [INFO] PluginManager:220 - loadIPPluginJar : add dma3
2024-05-02 22:39:14,700 [INFO] IPUIPlugin:80 - create IPUIPlugin
2024-05-02 22:39:14,700 [INFO] PluginManager:220 - loadIPPluginJar : add dfsdm
2024-05-02 22:39:14,702 [INFO] IPUIPlugin:80 - create IPUIPlugin
2024-05-02 22:39:14,702 [INFO] PluginManager:220 - loadIPPluginJar : add spi
2024-05-02 22:39:14,705 [INFO] IPUIPlugin:80 - create IPUIPlugin
2024-05-02 22:39:14,705 [INFO] PluginManager:220 - loadIPPluginJar : add gfxmmu
2024-05-02 22:39:14,706 [INFO] IPUIPlugin:80 - create IPUIPlugin
2024-05-02 22:39:14,706 [INFO] PluginManager:220 - loadIPPluginJar : add genericplugin
2024-05-02 22:39:14,707 [INFO] IPUIPlugin:80 - create IPUIPlugin
2024-05-02 22:39:14,707 [INFO] PluginManager:220 - loadIPPluginJar : add cryp
2024-05-02 22:39:14,710 [INFO] IPUIPlugin:80 - create IPUIPlugin
2024-05-02 22:39:14,711 [INFO] PluginManager:220 - loadIPPluginJar : add gpio
2024-05-02 22:39:14,718 [INFO] IPUIPlugin:80 - create IPUIPlugin
2024-05-02 22:39:14,718 [INFO] PluginManager:220 - loadIPPluginJar : add comp
2024-05-02 22:39:14,719 [INFO] IPUIPlugin:80 - create IPUIPlugin
2024-05-02 22:39:14,719 [INFO] PluginManager:220 - loadIPPluginJar : add tracer_emb
2024-05-02 22:39:14,722 [INFO] IPUIPlugin:80 - create IPUIPlugin
2024-05-02 22:39:14,722 [INFO] PluginManager:220 - loadIPPluginJar : add openamp
2024-05-02 22:39:14,725 [INFO] IPUIPlugin:80 - create IPUIPlugin
2024-05-02 22:39:14,725 [INFO] PluginManager:220 - loadIPPluginJar : add stm32_wpan
2024-05-02 22:39:14,728 [INFO] IPUIPlugin:80 - create IPUIPlugin
2024-05-02 22:39:14,732 [INFO] PluginManager:220 - loadIPPluginJar : add plateformsettings
2024-05-02 22:39:14,735 [INFO] IPUIPlugin:80 - create IPUIPlugin
2024-05-02 22:39:14,736 [INFO] PluginManager:220 - loadIPPluginJar : add ipddr
2024-05-02 22:39:14,737 [INFO] IPUIPlugin:80 - create IPUIPlugin
2024-05-02 22:39:14,737 [INFO] PluginManager:220 - loadIPPluginJar : add usart
2024-05-02 22:39:14,738 [INFO] IPUIPlugin:80 - create IPUIPlugin
2024-05-02 22:39:14,738 [INFO] PluginManager:220 - loadIPPluginJar : add ltdc
2024-05-02 22:39:14,740 [INFO] IPUIPlugin:80 - create IPUIPlugin
2024-05-02 22:39:14,740 [INFO] PluginManager:220 - loadIPPluginJar : add nvic
2024-05-02 22:39:14,741 [INFO] IPUIPlugin:80 - create IPUIPlugin
2024-05-02 22:39:14,741 [INFO] PluginManager:220 - loadIPPluginJar : add fatfs
2024-05-02 22:39:14,746 [INFO] IPUIPlugin:80 - create IPUIPlugin
2024-05-02 22:39:14,746 [INFO] PluginManager:220 - loadIPPluginJar : add linkedlist
2024-05-02 22:39:14,749 [INFO] IPUIPlugin:80 - create IPUIPlugin
2024-05-02 22:39:14,749 [INFO] PluginManager:220 - loadIPPluginJar : add dma
2024-05-02 22:39:14,751 [INFO] IPUIPlugin:80 - create IPUIPlugin
2024-05-02 22:39:14,751 [INFO] PluginManager:220 - loadIPPluginJar : add fmc
2024-05-02 22:39:14,751 [INFO] IPUIPlugin:80 - create IPUIPlugin
2024-05-02 22:39:14,752 [INFO] PluginManager:220 - loadIPPluginJar : add i2s
2024-05-02 22:39:14,755 [INFO] IPUIPlugin:80 - create IPUIPlugin
2024-05-02 22:39:14,755 [INFO] PluginManager:220 - loadIPPluginJar : add ucpd
2024-05-02 22:39:14,758 [INFO] IPUIPlugin:80 - create IPUIPlugin
2024-05-02 22:39:14,758 [INFO] PluginManager:220 - loadIPPluginJar : add lorawan
2024-05-02 22:39:14,760 [INFO] IPUIPlugin:80 - create IPUIPlugin
2024-05-02 22:39:14,761 [INFO] PluginManager:220 - loadIPPluginJar : add opamp
2024-05-02 22:39:14,762 [INFO] IPUIPlugin:80 - create IPUIPlugin
2024-05-02 22:39:14,762 [INFO] PluginManager:220 - loadIPPluginJar : add i3c
2024-05-02 22:39:14,763 [INFO] IPUIPlugin:80 - create IPUIPlugin
2024-05-02 22:39:14,763 [INFO] PluginManager:220 - loadIPPluginJar : add touchsensing
2024-05-02 22:39:14,764 [INFO] IPUIPlugin:80 - create IPUIPlugin
2024-05-02 22:39:14,764 [INFO] PluginManager:220 - loadIPPluginJar : add i2c
2024-05-02 22:39:14,766 [INFO] IPUIPlugin:80 - create IPUIPlugin
2024-05-02 22:39:14,766 [INFO] PluginManager:220 - loadIPPluginJar : add resmgrutility
2024-05-02 22:39:14,768 [INFO] IPUIPlugin:80 - create IPUIPlugin
2024-05-02 22:39:14,768 [INFO] PluginManager:220 - loadIPPluginJar : add sai
2024-05-02 22:39:14,769 [INFO] IPUIPlugin:80 - create IPUIPlugin
2024-05-02 22:39:14,769 [INFO] PluginManager:220 - loadIPPluginJar : add usbx
2024-05-02 22:39:14,879 [INFO] CADModel:165 - CPN selected for project level
2024-05-02 22:39:14,880 [INFO] CADModel:114 - Register for checkConnection events
2024-05-02 22:39:14,880 [FATAL] Updater:308 - Updater called before beeing initialized
2024-05-02 22:39:14,880 [ERROR] CADModel:125 - Updater not yet initialized, retry later 
2024-05-02 22:39:15,134 [INFO] CADModel:165 - CPN selected for project level
2024-05-02 22:39:15,134 [INFO] CADModel:114 - Register for checkConnection events
2024-05-02 22:39:15,134 [FATAL] Updater:308 - Updater called before beeing initialized
2024-05-02 22:39:15,134 [ERROR] CADModel:125 - Updater not yet initialized, retry later 
2024-05-02 22:39:15,137 [FATAL] Updater:308 - Updater called before beeing initialized
2024-05-02 22:39:15,356 [FATAL] Updater:308 - Updater called before beeing initialized
2024-05-02 22:39:15,361 [INFO] DbMcusAds:53 - JSON generation date=Wed Nov 29 04:52:27 CST 2023 (1701255147349)
2024-05-02 22:39:15,361 [FATAL] Updater:308 - Updater called before beeing initialized
2024-05-02 22:39:16,132 [WARN] DetailPanel:346 - Failed to get advertising image, set to default
2024-05-02 22:39:16,306 [FATAL] Updater:308 - Updater called before beeing initialized
2024-05-02 22:39:16,308 [FATAL] Updater:308 - Updater called before beeing initialized
2024-05-02 22:39:16,308 [FATAL] Updater:308 - Updater called before beeing initialized
2024-05-02 22:39:16,309 [WARN] DetailPanel:346 - Failed to get advertising image, set to default
2024-05-02 22:39:16,310 [FATAL] Updater:308 - Updater called before beeing initialized
2024-05-02 22:39:16,410 [ERROR] Updater:1120 - MainUpdater not yet initialized. External WinMGr cannot be set.
2024-05-02 22:39:16,455 [INFO] Updater:1056 - Updater Version found : 6.10.0
2024-05-02 22:39:16,466 [INFO] ApplicationProperties:184 - Using Application install path: /Applications/STM32CubeIDE.app/Contents/Eclipse/plugins/com.st.stm32cube.common.mx_6.10.0.202311202037
2024-05-02 22:39:17,151 [INFO] ThirdPartyUpdaterWithRetryManager:70 - Updater plugin not ready yet. [2/15]
2024-05-02 22:39:17,682 [INFO] MainUpdater:2873 - connection check result : 10
2024-05-02 22:39:17,682 [INFO] MainUpdater:3567 - Updater definition file requires update
2024-05-02 22:39:17,685 [INFO] MainUpdater:290 - Updater Check For Update Now.
2024-05-02 22:39:17,685 [INFO] MicroXplorer:498 - Change Database Version : DB.6.0.100
2024-05-02 22:39:17,701 [INFO] McuFinderGlobals:63 - Set McuFinder mode to 2 (CubeIDE integrated)
2024-05-02 22:39:17,702 [INFO] UserAuth:180 - activating auth plugin
2024-05-02 22:39:17,713 [INFO] UserAuth:404 - Internet connection configuration mode: 1
2024-05-02 22:39:17,724 [INFO] JxBrowserEngine:152 - Initiate JxBrowser Engine with user profile folder
2024-05-02 22:39:19,595 [INFO] ServerAccessManage:473 - Download File updaters.zip
2024-05-02 22:39:19,746 [INFO] FileExtend:240 - Unzip File : updaters.zip
2024-05-02 22:39:19,748 [INFO] FileExtend:255 - Standard Zip Deflate
2024-05-02 22:39:19,975 [INFO] ServerAccessManage:473 - Download File PacksControlFlags.xml
2024-05-02 22:39:20,099 [INFO] ServerAccessManage:473 - Download File cubemx.pidx
2024-05-02 22:39:20,157 [WARN] MainUpdater:1194 - Updater busy. Cannot search thirdparties
2024-05-02 22:39:20,158 [INFO] ThirdPartyUpdaterWithRetryManager:96 - Updater plugin is busy. [1/15]
2024-05-02 22:39:20,229 [INFO] LoadServerUpdatesThread:375 - End of LoadServerUpdate Thread
2024-05-02 22:39:20,413 [INFO] CheckServerUpdateThread:120 - End of CheckServer Thread
2024-05-02 22:39:22,695 [INFO] WebApp:161 - Instantiating new browser for Auth
2024-05-02 22:39:23,296 [WARN] PackLoader:240 - Cannot read IP mode file for STMicroelectronics.FP-SNS-MOTENVWB1.1.4.0
2024-05-02 22:39:23,319 [WARN] PackLoader:240 - Cannot read IP mode file for STMicroelectronics.X-CUBE-SMBUS.2.1.0
2024-05-02 22:39:23,352 [WARN] PackLoader:240 - Cannot read IP mode file for STMicroelectronics.X-CUBE-TOUCHGFX.4.23.1
2024-05-02 22:39:23,359 [WARN] PackLoader:240 - Cannot read IP mode file for STMicroelectronics.X-CUBE-TOUCHGFX.4.23.0
2024-05-02 22:39:23,363 [WARN] PackLoader:240 - Cannot read IP mode file for STMicroelectronics.X-CUBE-TOUCHGFX.4.23.2
2024-05-02 22:39:23,444 [WARN] PackLoader:240 - Cannot read IP mode file for STMicroelectronics.X-CUBE-AZRTOS-F7.1.1.0
2024-05-02 22:39:23,511 [WARN] PackLoader:240 - Cannot read IP mode file for STMicroelectronics.FP-SNS-MOTENV1.4.3.2
2024-05-02 22:39:23,575 [WARN] PackLoader:240 - Cannot read IP mode file for STMicroelectronics.FP-SNS-FLIGHT1.5.0.2
2024-05-02 22:39:23,599 [WARN] PackLoader:240 - Cannot read IP mode file for STMicroelectronics.X-CUBE-DISPLAY.3.0.0
2024-05-02 22:39:23,631 [WARN] PackLoader:240 - Cannot read IP mode file for STMicroelectronics.X-CUBE-BLE1.7.0.0
2024-05-02 22:39:23,648 [WARN] PackLoader:240 - Cannot read IP mode file for emotas.I-CUBE-CANOPEN.1.3.0
2024-05-02 22:39:23,653 [WARN] PackLoader:240 - Cannot read IP mode file for STMicroelectronics.FP-SNS-SMARTAG2.1.2.0
2024-05-02 22:39:23,675 [INFO] LogOutputStream:77 - [STDOUT_REDIRECT] 1 : Invalid condition id : UX_CORESTACK_Condition cause : null
2024-05-02 22:39:23,676 [INFO] LogOutputStream:77 - [STDOUT_REDIRECT] 1 : Invalid condition id : UX_CORESTACK_Condition cause : null
2024-05-02 22:39:23,677 [INFO] LogOutputStream:77 - [STDOUT_REDIRECT] 1 : Invalid condition id : UX_CORESTACK_Condition cause : null
2024-05-02 22:39:23,677 [INFO] LogOutputStream:77 - [STDOUT_REDIRECT] 1 : Invalid condition id : UX_CORESTACK_Condition cause : null
2024-05-02 22:39:23,677 [INFO] LogOutputStream:77 - [STDOUT_REDIRECT] 1 : Invalid condition id : UX_CORESTACK_Condition cause : null
2024-05-02 22:39:23,685 [WARN] PackLoader:240 - Cannot read IP mode file for STMicroelectronics.X-CUBE-AZRTOS-WL.2.0.0
2024-05-02 22:39:23,726 [WARN] PackLoader:240 - Cannot read IP mode file for STMicroelectronics.FP-SNS-MOTENV1.5.0.0
2024-05-02 22:39:23,773 [WARN] PackLoader:240 - Cannot read IP mode file for WES.I-CUBE-Cesium.1.3.0
2024-05-02 22:39:23,802 [WARN] PackLoader:240 - Cannot read IP mode file for STMicroelectronics.X-CUBE-BLE2.3.3.0
2024-05-02 22:39:23,818 [WARN] PackLoader:240 - Cannot read IP mode file for STMicroelectronics.X-CUBE-TCPP.4.1.0
2024-05-02 22:39:23,844 [WARN] PackLoader:240 - Cannot read IP mode file for STMicroelectronics.X-CUBE-ALGOBUILD.1.3.0
2024-05-02 22:39:23,905 [WARN] PackLoader:240 - Cannot read IP mode file for STMicroelectronics.X-CUBE-AZRTOS-G0.1.1.0
2024-05-02 22:39:23,930 [WARN] PackLoader:240 - Cannot read IP mode file for STMicroelectronics.X-CUBE-SAFEA1.1.2.2
2024-05-02 22:39:23,962 [WARN] PackLoader:240 - Cannot read IP mode file for STMicroelectronics.X-CUBE-NFC4.3.0.0
2024-05-02 22:39:23,978 [WARN] PackLoader:240 - Cannot read IP mode file for wolfSSL.I-CUBE-wolfSSL.5.7.0
2024-05-02 22:39:23,988 [INFO] WebApp:780 - Register for checkConnection events
2024-05-02 22:39:23,988 [INFO] WebApp:414 - Apply proxy settings
2024-05-02 22:39:23,988 [WARN] PackLoader:240 - Cannot read IP mode file for STMicroelectronics.FP-ATR-SIGFOX1.3.2.0
2024-05-02 22:39:24,004 [INFO] WebApp:459 - Chromium authenticates against Manually configured proxy
2024-05-02 22:39:24,020 [WARN] PackLoader:240 - Cannot read IP mode file for ITTIA_DB.I-CUBE-ITTIADB.8.9.0
2024-05-02 22:39:24,049 [INFO] WebApp:467 - Username used for proxy authentication: 
2024-05-02 22:39:24,174 [WARN] PackLoader:240 - Cannot read IP mode file for SEGGER.I-CUBE-embOS.1.3.1
2024-05-02 22:39:24,305 [WARN] PackLoader:240 - Cannot read IP mode file for STMicroelectronics.X-CUBE-GNSS1.6.0.0
2024-05-02 22:39:24,322 [INFO] WebApp:192 - Starting web application
2024-05-02 22:39:24,322 [INFO] WebApp:544 - Web application path used /Applications/STM32CubeIDE.app/Contents/Eclipse/plugins/com.st.stm32cube.common.mx_6.10.0.202311202037/db/plugins/mcufinder/reactClient1/index.html
2024-05-02 22:39:24,352 [WARN] PackLoader:240 - Cannot read IP mode file for STMicroelectronics.X-CUBE-AZRTOS-F4.1.1.0
2024-05-02 22:39:24,381 [WARN] PackLoader:240 - Cannot read IP mode file for STMicroelectronics.X-CUBE-FREERTOS.1.2.0
2024-05-02 22:39:24,422 [WARN] PackLoader:240 - Cannot read IP mode file for STMicroelectronics.X-CUBE-AZRTOS-L5.2.0.0
2024-05-02 22:39:24,453 [WARN] PackLoader:240 - Cannot read IP mode file for STMicroelectronics.X-CUBE-NFC6.3.1.0
2024-05-02 22:39:24,480 [WARN] PackLoader:240 - Cannot read IP mode file for STMicroelectronics.X-CUBE-AI.9.0.0
2024-05-02 22:39:24,496 [WARN] PackLoader:240 - Cannot read IP mode file for STMicroelectronics.X-CUBE-NFC7.1.0.1
2024-05-02 22:39:24,529 [WARN] PackLoader:240 - Cannot read IP mode file for STMicroelectronics.X-CUBE-NFC6.3.0.0
2024-05-02 22:39:24,547 [WARN] PackLoader:240 - Cannot read IP mode file for STMicroelectronics.X-CUBE-AI.8.1.0
2024-05-02 22:39:24,601 [WARN] ConditionMgr:438 - getConditionDescription Invalid condition id : LAN8742 Phy interface Condition cause : null
2024-05-02 22:39:24,604 [WARN] PackLoader:240 - Cannot read IP mode file for STMicroelectronics.X-CUBE-AZRTOS-L4.2.0.0
2024-05-02 22:39:24,610 [WARN] ConditionMgr:1039 - genDependencies : Invalid condition id : LAN8742 Phy interface Condition cause : null
2024-05-02 22:39:24,612 [WARN] ConditionMgr:1039 - genDependencies : Invalid condition id : LAN8742 Phy interface Condition cause : null
2024-05-02 22:39:24,615 [WARN] ConditionMgr:1039 - genDependencies : Invalid condition id : LAN8742 Phy interface Condition cause : null
2024-05-02 22:39:24,661 [WARN] PackLoader:240 - Cannot read IP mode file for STMicroelectronics.X-CUBE-SFXS2LP1.4.0.0
2024-05-02 22:39:24,695 [WARN] ConditionMgr:438 - getConditionDescription Invalid condition id : UX DEVICE CLASS RTOS Condition cause : null
2024-05-02 22:39:24,698 [WARN] ConditionMgr:438 - getConditionDescription Invalid condition id : UX DEVICE CLASS RTOS Condition cause : null
2024-05-02 22:39:24,703 [WARN] PackLoader:240 - Cannot read IP mode file for STMicroelectronics.X-CUBE-AZRTOS-WB.2.0.0
2024-05-02 22:39:24,705 [WARN] ConditionMgr:1039 - genDependencies : Invalid condition id : UX DEVICE CLASS RTOS Condition cause : null
2024-05-02 22:39:24,705 [WARN] ConditionMgr:1039 - genDependencies : Invalid condition id : UX DEVICE CLASS RTOS Condition cause : null
2024-05-02 22:39:24,706 [WARN] ConditionMgr:1039 - genDependencies : Invalid condition id : UX DEVICE CLASS RTOS Condition cause : null
2024-05-02 22:39:24,711 [WARN] ConditionMgr:1039 - genDependencies : Invalid condition id : UX DEVICE CLASS RTOS Condition cause : null
2024-05-02 22:39:24,712 [WARN] ConditionMgr:1039 - genDependencies : Invalid condition id : UX DEVICE CLASS RTOS Condition cause : null
2024-05-02 22:39:24,762 [WARN] PackLoader:240 - Cannot read IP mode file for STMicroelectronics.X-CUBE-SUBG2.5.0.0
2024-05-02 22:39:24,800 [WARN] PackLoader:240 - Cannot read IP mode file for STMicroelectronics.X-CUBE-AZRTOS-G4.2.0.0
2024-05-02 22:39:24,829 [WARN] PackLoader:240 - Cannot read IP mode file for STMicroelectronics.FP-SNS-MOTENVWB1.1.3.1
2024-05-02 22:39:24,921 [WARN] PackLoader:240 - Cannot read IP mode file for STMicroelectronics.X-CUBE-MEMS1.10.0.0
2024-05-02 22:39:25,067 [WARN] PackLoader:240 - Cannot read IP mode file for STMicroelectronics.X-CUBE-FREERTOS.1.1.0
2024-05-02 22:39:25,082 [WARN] PackLoader:240 - Cannot read IP mode file for portGmbH.I-Cube-SoM-uGOAL.1.1.0
2024-05-02 22:39:25,086 [WARN] PackLoader:240 - Cannot read IP mode file for STMicroelectronics.X-CUBE-ALS.1.0.1
2024-05-02 22:39:25,107 [WARN] PackLoader:240 - Cannot read IP mode file for STMicroelectronics.X-CUBE-AZRTOS-H7RS.1.0.0
2024-05-02 22:39:25,112 [WARN] PackLoader:240 - Cannot read IP mode file for STMicroelectronics.FP-ATR-ASTRA1.2.0.0
2024-05-02 22:39:25,130 [WARN] PackLoader:240 - Cannot read IP mode file for Infineon.AIROC-Wi-Fi-Bluetooth-STM32.1.6.0
2024-05-02 22:39:25,136 [INFO] ThirdParty:978 - Integrity check success = true
2024-05-02 22:39:25,136 [INFO] IntegrityCheckThread:100 - exiting critical section [integrity check]
2024-05-02 22:39:25,136 [INFO] IntegrityCheckThread:103 - End integrity checks thread
2024-05-02 22:39:25,305 [ERROR] LogOutputStream:75 - [STDERR_REDIRECT] 
