2024-04-22 11:25:06,574 [INFO] Activator:176 - 


2024-04-22 11:25:06,578 [INFO] Activator:177 - !SESSION log4j initialized
2024-04-22 11:25:12,084 [ERROR] LogOutputStream:75 - [STDERR_REDIRECT] 
2024-04-22 11:25:13,317 [INFO] LogOutputStream:77 - [STDOUT_REDIRECT] 
2024-04-22 11:25:14,776 [INFO] LogOutputStream:77 - [STDOUT_REDIRECT] 
2024-04-22 11:25:15,762 [INFO] ApplicationProperties:184 - Using Application install path: /Applications/STM32CubeIDE.app/Contents/Eclipse/plugins/com.st.stm32cube.common.mx_6.10.0.202311202037
2024-04-22 11:25:15,773 [INFO] DbMcusXml:78 - Set database path to: /Applications/STM32CubeIDE.app/Contents/Eclipse/plugins/com.st.stm32cube.common.mx_6.10.0.202311202037//db//mcu/
2024-04-22 11:25:15,773 [INFO] ApiDb:274 - Set plugin database path to: /Applications/STM32CubeIDE.app/Contents/Eclipse/plugins/com.st.stm32cube.common.mx_6.10.0.202311202037//db//plugins/boardmanager/
2024-04-22 11:25:15,774 [WARN] ApiDb:259 - Overriding images path with different value:  => /Applications/STM32CubeIDE.app/Contents/Eclipse/plugins/com.st.stm32cube.common.mx_6.10.0.202311202037//db//plugins/mcufinder/images/
2024-04-22 11:25:15,780 [INFO] ApiDb:250 - Set database path to: /Users/richywarrior/.stmcufinder/plugins/mcufinder//mcu/
2024-04-22 11:25:15,781 [INFO] DbMcusAds:125 - Set database path to: /Users/richywarrior/.stmcufinder/plugins/mcufinder//mcu/
2024-04-22 11:25:15,782 [INFO] CrossReferenceDbSqlite:203 - Set database path to: /Users/richywarrior/.stmcufinder/plugins/mcufinder//mcu/cs/
2024-04-22 11:25:15,908 [INFO] RulesReader:64 - Compatibility file has been processed (297 Rules)
2024-04-22 11:25:15,964 [INFO] DbMcusXml:78 - Set database path to: /Applications/STM32CubeIDE.app/Contents/Eclipse/plugins/com.st.stm32cube.common.mx_6.10.0.202311202037//db//mcu/
2024-04-22 11:25:15,964 [INFO] ApiDb:274 - Set plugin database path to: /Applications/STM32CubeIDE.app/Contents/Eclipse/plugins/com.st.stm32cube.common.mx_6.10.0.202311202037//db//plugins/boardmanager/
2024-04-22 11:25:15,965 [INFO] ApiDb:261 - Set plugin images path to: /Applications/STM32CubeIDE.app/Contents/Eclipse/plugins/com.st.stm32cube.common.mx_6.10.0.202311202037//db//plugins/mcufinder/images/
2024-04-22 11:25:15,965 [WARN] DbFile:41 - Overriding database path with different value: /Users/richywarrior/.stmcufinder/plugins/mcufinder/ => /Users/richywarrior/.stmcufinder/plugins/mcufinder
2024-04-22 11:25:15,965 [INFO] ApiDb:250 - Set database path to: /Users/richywarrior/.stmcufinder/plugins/mcufinder//mcu/
2024-04-22 11:25:15,965 [WARN] DbFile:41 - Overriding database path with different value: /Users/richywarrior/.stmcufinder/plugins/mcufinder/ => /Users/richywarrior/.stmcufinder/plugins/mcufinder
2024-04-22 11:25:15,965 [INFO] DbMcusAds:125 - Set database path to: /Users/richywarrior/.stmcufinder/plugins/mcufinder//mcu/
2024-04-22 11:25:15,965 [WARN] DbFile:41 - Overriding database path with different value: /Users/richywarrior/.stmcufinder/plugins/mcufinder/ => /Users/richywarrior/.stmcufinder/plugins/mcufinder
2024-04-22 11:25:15,965 [WARN] DbFile:41 - Overriding database path with different value: /Users/richywarrior/.stmcufinder/plugins/mcufinder/ => /Users/richywarrior/.stmcufinder/plugins/mcufinder
2024-04-22 11:25:15,965 [INFO] CrossReferenceDbSqlite:203 - Set database path to: /Users/richywarrior/.stmcufinder/plugins/mcufinder//mcu/cs/
2024-04-22 11:25:16,055 [INFO] MainPanel:264 - HeapMemory: 268435456
2024-04-22 11:25:16,943 [INFO] DbMcusXml:78 - Set database path to: /Applications/STM32CubeIDE.app/Contents/Eclipse/plugins/com.st.stm32cube.common.mx_6.10.0.202311202037//db//mcu/
2024-04-22 11:25:16,944 [INFO] ApiDb:274 - Set plugin database path to: /Applications/STM32CubeIDE.app/Contents/Eclipse/plugins/com.st.stm32cube.common.mx_6.10.0.202311202037//db//plugins/boardmanager/
2024-04-22 11:25:16,944 [INFO] ApiDb:261 - Set plugin images path to: /Applications/STM32CubeIDE.app/Contents/Eclipse/plugins/com.st.stm32cube.common.mx_6.10.0.202311202037//db//plugins/mcufinder/images/
2024-04-22 11:25:16,945 [WARN] DbFile:41 - Overriding database path with different value: /Users/richywarrior/.stmcufinder/plugins/mcufinder/ => /Users/richywarrior/.stmcufinder/plugins/mcufinder
2024-04-22 11:25:16,945 [INFO] ApiDb:250 - Set database path to: /Users/richywarrior/.stmcufinder/plugins/mcufinder//mcu/
2024-04-22 11:25:16,945 [WARN] DbFile:41 - Overriding database path with different value: /Users/richywarrior/.stmcufinder/plugins/mcufinder/ => /Users/richywarrior/.stmcufinder/plugins/mcufinder
2024-04-22 11:25:16,945 [INFO] DbMcusAds:125 - Set database path to: /Users/richywarrior/.stmcufinder/plugins/mcufinder//mcu/
2024-04-22 11:25:16,945 [WARN] DbFile:41 - Overriding database path with different value: /Users/richywarrior/.stmcufinder/plugins/mcufinder/ => /Users/richywarrior/.stmcufinder/plugins/mcufinder
2024-04-22 11:25:16,945 [WARN] DbFile:41 - Overriding database path with different value: /Users/richywarrior/.stmcufinder/plugins/mcufinder/ => /Users/richywarrior/.stmcufinder/plugins/mcufinder
2024-04-22 11:25:16,946 [INFO] CrossReferenceDbSqlite:203 - Set database path to: /Users/richywarrior/.stmcufinder/plugins/mcufinder//mcu/cs/
2024-04-22 11:25:16,974 [INFO] ApplicationProperties:184 - Using Application install path: /Applications/STM32CubeIDE.app/Contents/Eclipse/plugins/com.st.stm32cube.common.mx_6.10.0.202311202037
2024-04-22 11:25:16,975 [INFO] PluginManage:196 - Search for loadable plugins [exclusion list=, ]
2024-04-22 11:25:16,977 [INFO] PluginManage:310 - Check plugin analytics
2024-04-22 11:25:17,215 [INFO] AnalyticsPlugin:253 - Accepted Software Licenses: 
2024-04-22 11:25:17,215 [INFO] AnalyticsPlugin:255 - Accepted CMSIS Pack Licenses: 
2024-04-22 11:25:17,215 [INFO] AnalyticsPlugin:257 - Accepted Firmware Licenses: 
2024-04-22 11:25:17,221 [INFO] PluginManage:359 - Loaded plugin analytics (category:tool,tabindex:-1)
2024-04-22 11:25:17,222 [INFO] PluginManage:310 - Check plugin cadmodel
2024-04-22 11:25:17,877 [INFO] CADModel:105 - Init CAD model plugin
2024-04-22 11:25:17,878 [INFO] PluginManage:359 - Loaded plugin cadmodel (category:power,tabindex:5)
2024-04-22 11:25:17,879 [INFO] PluginManage:310 - Check plugin clock
2024-04-22 11:25:17,901 [INFO] PluginManage:359 - Loaded plugin clock (category:base,tabindex:2)
2024-04-22 11:25:17,902 [INFO] PluginManage:310 - Check plugin ddr
2024-04-22 11:25:17,908 [INFO] PluginManage:359 - Loaded plugin ddr (category:tool,tabindex:6)
2024-04-22 11:25:17,909 [INFO] PluginManage:310 - Check plugin filemanager
2024-04-22 11:25:18,157 [ERROR] LogOutputStream:75 - [STDERR_REDIRECT] [Fatal Error] :2:10: DOCTYPE is disallowed when the feature "http://apache.org/xml/features/disallow-doctype-decl" set to true.
2024-04-22 11:25:18,160 [ERROR] LogOutputStream:75 - [STDERR_REDIRECT] 
2024-04-22 11:25:18,270 [INFO] PluginManage:359 - Loaded plugin filemanager (category:base,tabindex:10)
2024-04-22 11:25:18,271 [INFO] PluginManage:310 - Check plugin ipmanager
2024-04-22 11:25:18,278 [INFO] PluginManage:359 - Loaded plugin ipmanager (category:base,tabindex:5)
2024-04-22 11:25:18,279 [INFO] PluginManage:310 - Check plugin lpbam
2024-04-22 11:25:18,289 [INFO] PluginManage:359 - Loaded plugin lpbam (category:base,tabindex:0)
2024-04-22 11:25:18,289 [INFO] PluginManage:310 - Check plugin memorymap
2024-04-22 11:25:18,297 [INFO] PluginManage:359 - Loaded plugin memorymap (category:base,tabindex:4)
2024-04-22 11:25:18,297 [INFO] PluginManage:310 - Check plugin pinoutandconfiguration
2024-04-22 11:25:18,301 [INFO] PluginManage:359 - Loaded plugin pinoutandconfiguration (category:base,tabindex:1)
2024-04-22 11:25:18,301 [INFO] PluginManage:310 - Check plugin pinoutconfig
2024-04-22 11:25:18,376 [WARN] SupportedApi:132 - Cannot load RTOS API schema: s4s-elt-must-match.1: The content of 'definitions' must match (annotation?, (simpleType | complexType)?, (unique | key | keyref)*)). A problem was found starting at: attribute.
2024-04-22 11:25:18,520 [INFO] PluginManage:359 - Loaded plugin pinoutconfig (category:base,tabindex:0)
2024-04-22 11:25:18,520 [INFO] PluginManage:310 - Check plugin power
2024-04-22 11:25:18,533 [INFO] PluginManage:359 - Loaded plugin power (category:power,tabindex:4)
2024-04-22 11:25:18,533 [INFO] PluginManage:310 - Check plugin projectmanager
2024-04-22 11:25:18,561 [INFO] PluginManage:359 - Loaded plugin projectmanager (category:projectmanager,tabindex:3)
2024-04-22 11:25:18,561 [INFO] PluginManage:310 - Check plugin thirdparty
2024-04-22 11:25:18,701 [INFO] PluginManage:359 - Loaded plugin thirdparty (category:base,tabindex:-1)
2024-04-22 11:25:18,701 [INFO] PluginManage:310 - Check plugin tools
2024-04-22 11:25:18,701 [WARN] IntegrityCheckThread:84 - waiting for thirdparty lock release [integrity check]
2024-04-22 11:25:18,702 [INFO] IntegrityCheckThread:86 - entering critical section [integrity check]
2024-04-22 11:25:18,703 [INFO] ThirdPartyUpdaterWithRetryManager:70 - Updater plugin not ready yet. [1/15]
2024-04-22 11:25:18,705 [INFO] PluginManage:359 - Loaded plugin tools (category:base,tabindex:7)
2024-04-22 11:25:18,705 [INFO] PluginManage:310 - Check plugin tutovideos
2024-04-22 11:25:18,931 [INFO] PluginManage:359 - Loaded plugin tutovideos (category:base,tabindex:-1)
2024-04-22 11:25:18,933 [INFO] PluginManage:310 - Check plugin updater
2024-04-22 11:25:18,964 [INFO] PluginManage:359 - Loaded plugin updater (category:base,tabindex:12)
2024-04-22 11:25:18,964 [INFO] PluginManage:310 - Check plugin userauth
2024-04-22 11:25:18,972 [INFO] UserAuth:114 - Init User Auth plugin
2024-04-22 11:25:18,972 [INFO] PluginManage:359 - Loaded plugin userauth (category:base,tabindex:14)
2024-04-22 11:25:18,973 [INFO] PluginManage:283 - PluginManage : Loaded plugins [17]
2024-04-22 11:25:19,332 [INFO] PinOutPanel:1499 - setPackage(No Configuration,No Configuration)
2024-04-22 11:25:19,382 [INFO] CADModel:165 - CPN selected for project level
2024-04-22 11:25:19,383 [INFO] CADModel:114 - Register for checkConnection events
2024-04-22 11:25:19,392 [INFO] IPUIPlugin:80 - create IPUIPlugin
2024-04-22 11:25:19,393 [INFO] PluginManager:220 - loadIPPluginJar : add mdma
2024-04-22 11:25:19,397 [INFO] IPUIPlugin:80 - create IPUIPlugin
2024-04-22 11:25:19,397 [INFO] PluginManager:220 - loadIPPluginJar : add freertos
2024-04-22 11:25:19,400 [INFO] IPUIPlugin:80 - create IPUIPlugin
2024-04-22 11:25:19,400 [INFO] PluginManager:220 - loadIPPluginJar : add gic
2024-04-22 11:25:19,404 [INFO] IPUIPlugin:80 - create IPUIPlugin
2024-04-22 11:25:19,404 [INFO] PluginManager:220 - loadIPPluginJar : add adc
2024-04-22 11:25:19,406 [INFO] IPUIPlugin:80 - create IPUIPlugin
2024-04-22 11:25:19,406 [INFO] PluginManager:220 - loadIPPluginJar : add gtzc
2024-04-22 11:25:19,407 [INFO] IPUIPlugin:80 - create IPUIPlugin
2024-04-22 11:25:19,407 [INFO] PluginManager:220 - loadIPPluginJar : add quadspi
2024-04-22 11:25:19,408 [INFO] IPUIPlugin:80 - create IPUIPlugin
2024-04-22 11:25:19,408 [INFO] PluginManager:220 - loadIPPluginJar : add aes
2024-04-22 11:25:19,409 [INFO] IPUIPlugin:80 - create IPUIPlugin
2024-04-22 11:25:19,409 [INFO] PluginManager:220 - loadIPPluginJar : add pdm2pcm
2024-04-22 11:25:19,410 [INFO] IPUIPlugin:80 - create IPUIPlugin
2024-04-22 11:25:19,410 [INFO] PluginManager:220 - loadIPPluginJar : add hash
2024-04-22 11:25:19,411 [INFO] IPUIPlugin:80 - create IPUIPlugin
2024-04-22 11:25:19,411 [INFO] PluginManager:220 - loadIPPluginJar : add tim
2024-04-22 11:25:19,411 [INFO] IPUIPlugin:80 - create IPUIPlugin
2024-04-22 11:25:19,411 [INFO] PluginManager:220 - loadIPPluginJar : add tsc
2024-04-22 11:25:19,412 [INFO] IPUIPlugin:80 - create IPUIPlugin
2024-04-22 11:25:19,412 [INFO] PluginManager:220 - loadIPPluginJar : add ts
2024-04-22 11:25:19,413 [INFO] IPUIPlugin:80 - create IPUIPlugin
2024-04-22 11:25:19,413 [INFO] PluginManager:220 - loadIPPluginJar : add can
2024-04-22 11:25:19,415 [INFO] IPUIPlugin:80 - create IPUIPlugin
2024-04-22 11:25:19,415 [INFO] PluginManager:220 - loadIPPluginJar : add dma3
2024-04-22 11:25:19,416 [INFO] IPUIPlugin:80 - create IPUIPlugin
2024-04-22 11:25:19,416 [INFO] PluginManager:220 - loadIPPluginJar : add dfsdm
2024-04-22 11:25:19,417 [INFO] IPUIPlugin:80 - create IPUIPlugin
2024-04-22 11:25:19,417 [INFO] PluginManager:220 - loadIPPluginJar : add spi
2024-04-22 11:25:19,418 [INFO] IPUIPlugin:80 - create IPUIPlugin
2024-04-22 11:25:19,418 [INFO] PluginManager:220 - loadIPPluginJar : add gfxmmu
2024-04-22 11:25:19,419 [INFO] IPUIPlugin:80 - create IPUIPlugin
2024-04-22 11:25:19,419 [INFO] PluginManager:220 - loadIPPluginJar : add genericplugin
2024-04-22 11:25:19,420 [INFO] IPUIPlugin:80 - create IPUIPlugin
2024-04-22 11:25:19,420 [INFO] PluginManager:220 - loadIPPluginJar : add cryp
2024-04-22 11:25:19,422 [INFO] IPUIPlugin:80 - create IPUIPlugin
2024-04-22 11:25:19,422 [INFO] PluginManager:220 - loadIPPluginJar : add gpio
2024-04-22 11:25:19,424 [INFO] IPUIPlugin:80 - create IPUIPlugin
2024-04-22 11:25:19,424 [INFO] PluginManager:220 - loadIPPluginJar : add comp
2024-04-22 11:25:19,425 [INFO] IPUIPlugin:80 - create IPUIPlugin
2024-04-22 11:25:19,425 [INFO] PluginManager:220 - loadIPPluginJar : add tracer_emb
2024-04-22 11:25:19,426 [INFO] IPUIPlugin:80 - create IPUIPlugin
2024-04-22 11:25:19,427 [INFO] PluginManager:220 - loadIPPluginJar : add openamp
2024-04-22 11:25:19,429 [INFO] IPUIPlugin:80 - create IPUIPlugin
2024-04-22 11:25:19,429 [INFO] PluginManager:220 - loadIPPluginJar : add stm32_wpan
2024-04-22 11:25:19,431 [INFO] IPUIPlugin:80 - create IPUIPlugin
2024-04-22 11:25:19,439 [INFO] PluginManager:220 - loadIPPluginJar : add plateformsettings
2024-04-22 11:25:19,441 [INFO] IPUIPlugin:80 - create IPUIPlugin
2024-04-22 11:25:19,441 [INFO] PluginManager:220 - loadIPPluginJar : add ipddr
2024-04-22 11:25:19,442 [INFO] IPUIPlugin:80 - create IPUIPlugin
2024-04-22 11:25:19,442 [INFO] PluginManager:220 - loadIPPluginJar : add usart
2024-04-22 11:25:19,443 [INFO] IPUIPlugin:80 - create IPUIPlugin
2024-04-22 11:25:19,443 [INFO] PluginManager:220 - loadIPPluginJar : add ltdc
2024-04-22 11:25:19,444 [INFO] IPUIPlugin:80 - create IPUIPlugin
2024-04-22 11:25:19,444 [INFO] PluginManager:220 - loadIPPluginJar : add nvic
2024-04-22 11:25:19,444 [INFO] IPUIPlugin:80 - create IPUIPlugin
2024-04-22 11:25:19,444 [INFO] PluginManager:220 - loadIPPluginJar : add fatfs
2024-04-22 11:25:19,447 [INFO] IPUIPlugin:80 - create IPUIPlugin
2024-04-22 11:25:19,447 [INFO] PluginManager:220 - loadIPPluginJar : add linkedlist
2024-04-22 11:25:19,450 [INFO] IPUIPlugin:80 - create IPUIPlugin
2024-04-22 11:25:19,450 [INFO] PluginManager:220 - loadIPPluginJar : add dma
2024-04-22 11:25:19,451 [INFO] IPUIPlugin:80 - create IPUIPlugin
2024-04-22 11:25:19,452 [INFO] PluginManager:220 - loadIPPluginJar : add fmc
2024-04-22 11:25:19,453 [INFO] IPUIPlugin:80 - create IPUIPlugin
2024-04-22 11:25:19,453 [INFO] PluginManager:220 - loadIPPluginJar : add i2s
2024-04-22 11:25:19,453 [INFO] IPUIPlugin:80 - create IPUIPlugin
2024-04-22 11:25:19,453 [INFO] PluginManager:220 - loadIPPluginJar : add ucpd
2024-04-22 11:25:19,455 [INFO] IPUIPlugin:80 - create IPUIPlugin
2024-04-22 11:25:19,455 [INFO] PluginManager:220 - loadIPPluginJar : add lorawan
2024-04-22 11:25:19,458 [INFO] IPUIPlugin:80 - create IPUIPlugin
2024-04-22 11:25:19,458 [INFO] PluginManager:220 - loadIPPluginJar : add opamp
2024-04-22 11:25:19,459 [INFO] IPUIPlugin:80 - create IPUIPlugin
2024-04-22 11:25:19,459 [INFO] PluginManager:220 - loadIPPluginJar : add i3c
2024-04-22 11:25:19,461 [INFO] IPUIPlugin:80 - create IPUIPlugin
2024-04-22 11:25:19,462 [INFO] PluginManager:220 - loadIPPluginJar : add touchsensing
2024-04-22 11:25:19,463 [INFO] IPUIPlugin:80 - create IPUIPlugin
2024-04-22 11:25:19,463 [INFO] PluginManager:220 - loadIPPluginJar : add i2c
2024-04-22 11:25:19,464 [INFO] IPUIPlugin:80 - create IPUIPlugin
2024-04-22 11:25:19,465 [INFO] PluginManager:220 - loadIPPluginJar : add resmgrutility
2024-04-22 11:25:19,466 [INFO] IPUIPlugin:80 - create IPUIPlugin
2024-04-22 11:25:19,466 [INFO] PluginManager:220 - loadIPPluginJar : add sai
2024-04-22 11:25:19,468 [INFO] IPUIPlugin:80 - create IPUIPlugin
2024-04-22 11:25:19,468 [INFO] PluginManager:220 - loadIPPluginJar : add usbx
2024-04-22 11:25:19,582 [INFO] CADModel:165 - CPN selected for project level
2024-04-22 11:25:19,583 [INFO] CADModel:114 - Register for checkConnection events
2024-04-22 11:25:19,584 [FATAL] Updater:308 - Updater called before beeing initialized
2024-04-22 11:25:19,584 [ERROR] CADModel:125 - Updater not yet initialized, retry later 
2024-04-22 11:25:19,831 [INFO] CADModel:165 - CPN selected for project level
2024-04-22 11:25:19,831 [INFO] CADModel:114 - Register for checkConnection events
2024-04-22 11:25:19,832 [FATAL] Updater:308 - Updater called before beeing initialized
2024-04-22 11:25:19,832 [ERROR] CADModel:125 - Updater not yet initialized, retry later 
2024-04-22 11:25:19,836 [FATAL] Updater:308 - Updater called before beeing initialized
2024-04-22 11:25:20,149 [FATAL] Updater:308 - Updater called before beeing initialized
2024-04-22 11:25:20,161 [INFO] DbMcusAds:53 - JSON generation date=Wed Nov 29 04:52:27 CST 2023 (1701255147349)
2024-04-22 11:25:20,162 [FATAL] Updater:308 - Updater called before beeing initialized
2024-04-22 11:25:20,231 [WARN] DetailPanel:346 - Failed to get advertising image, set to default
2024-04-22 11:25:20,290 [FATAL] Updater:308 - Updater called before beeing initialized
2024-04-22 11:25:20,291 [FATAL] Updater:308 - Updater called before beeing initialized
2024-04-22 11:25:20,291 [FATAL] Updater:308 - Updater called before beeing initialized
2024-04-22 11:25:20,291 [WARN] DetailPanel:346 - Failed to get advertising image, set to default
2024-04-22 11:25:20,292 [FATAL] Updater:308 - Updater called before beeing initialized
2024-04-22 11:25:20,356 [ERROR] Updater:1120 - MainUpdater not yet initialized. External WinMGr cannot be set.
2024-04-22 11:25:20,379 [INFO] Updater:1056 - Updater Version found : 6.10.0
2024-04-22 11:25:20,392 [INFO] ApplicationProperties:184 - Using Application install path: /Applications/STM32CubeIDE.app/Contents/Eclipse/plugins/com.st.stm32cube.common.mx_6.10.0.202311202037
2024-04-22 11:25:20,792 [INFO] MainUpdater:2873 - connection check result : 10
2024-04-22 11:25:20,793 [INFO] MainUpdater:3567 - Updater definition file requires update
2024-04-22 11:25:20,793 [INFO] MainUpdater:290 - Updater Check For Update Now.
2024-04-22 11:25:20,794 [INFO] MicroXplorer:498 - Change Database Version : DB.6.0.100
2024-04-22 11:25:20,800 [INFO] McuFinderGlobals:63 - Set McuFinder mode to 2 (CubeIDE integrated)
2024-04-22 11:25:20,800 [INFO] UserAuth:180 - activating auth plugin
2024-04-22 11:25:20,808 [INFO] UserAuth:404 - Internet connection configuration mode: 1
2024-04-22 11:25:20,816 [INFO] JxBrowserEngine:152 - Initiate JxBrowser Engine with user profile folder
2024-04-22 11:25:20,951 [INFO] ServerAccessManage:473 - Download File updaters.zip
2024-04-22 11:25:21,093 [INFO] FileExtend:240 - Unzip File : updaters.zip
2024-04-22 11:25:21,093 [INFO] FileExtend:255 - Standard Zip Deflate
2024-04-22 11:25:21,297 [INFO] ServerAccessManage:473 - Download File PacksControlFlags.xml
2024-04-22 11:25:21,417 [INFO] ServerAccessManage:473 - Download File cubemx.pidx
2024-04-22 11:25:21,711 [WARN] MainUpdater:1194 - Updater busy. Cannot search thirdparties
2024-04-22 11:25:21,711 [INFO] ThirdPartyUpdaterWithRetryManager:96 - Updater plugin is busy. [1/15]
2024-04-22 11:25:22,702 [INFO] ServerAccessManage:473 - Download File STMicroelectronics.FP-SNS-MOTENVWB1.pdsc
2024-04-22 11:25:24,718 [WARN] MainUpdater:1194 - Updater busy. Cannot search thirdparties
2024-04-22 11:25:24,718 [INFO] ThirdPartyUpdaterWithRetryManager:96 - Updater plugin is busy. [2/15]
2024-04-22 11:25:24,762 [INFO] ServerAccessManage:473 - Download File STMicroelectronics.X-CUBE-AI.pdsc
2024-04-22 11:25:26,434 [INFO] WebApp:161 - Instantiating new browser for Auth
2024-04-22 11:25:27,724 [WARN] MainUpdater:1194 - Updater busy. Cannot search thirdparties
2024-04-22 11:25:27,724 [INFO] ThirdPartyUpdaterWithRetryManager:96 - Updater plugin is busy. [3/15]
2024-04-22 11:25:27,907 [INFO] WebApp:780 - Register for checkConnection events
2024-04-22 11:25:27,907 [INFO] WebApp:414 - Apply proxy settings
2024-04-22 11:25:27,916 [INFO] WebApp:459 - Chromium authenticates against Manually configured proxy
2024-04-22 11:25:27,941 [INFO] WebApp:467 - Username used for proxy authentication: 
2024-04-22 11:25:28,084 [INFO] WebApp:192 - Starting web application
2024-04-22 11:25:28,084 [INFO] WebApp:544 - Web application path used /Applications/STM32CubeIDE.app/Contents/Eclipse/plugins/com.st.stm32cube.common.mx_6.10.0.202311202037/db/plugins/mcufinder/reactClient1/index.html
2024-04-22 11:25:30,726 [WARN] MainUpdater:1194 - Updater busy. Cannot search thirdparties
2024-04-22 11:25:30,726 [INFO] ThirdPartyUpdaterWithRetryManager:96 - Updater plugin is busy. [4/15]
2024-04-22 11:25:33,732 [WARN] MainUpdater:1194 - Updater busy. Cannot search thirdparties
2024-04-22 11:25:33,733 [INFO] ThirdPartyUpdaterWithRetryManager:96 - Updater plugin is busy. [5/15]
2024-04-22 11:25:36,735 [WARN] MainUpdater:1194 - Updater busy. Cannot search thirdparties
2024-04-22 11:25:36,738 [INFO] ThirdPartyUpdaterWithRetryManager:96 - Updater plugin is busy. [6/15]
2024-04-22 11:25:37,343 [INFO] ServerAccessManage:473 - Download File STMicroelectronics.X-CUBE-AZRTOS-H7RS.pdsc
2024-04-22 11:25:38,270 [WARN] PackLoader:240 - Cannot read IP mode file for STMicroelectronics.FP-SNS-MOTENVWB1.1.4.0
2024-04-22 11:25:38,345 [WARN] PackLoader:240 - Cannot read IP mode file for STMicroelectronics.X-CUBE-AI.9.0.0
2024-04-22 11:25:38,436 [WARN] PackLoader:240 - Cannot read IP mode file for STMicroelectronics.X-CUBE-AZRTOS-H7RS.1.0.0
2024-04-22 11:25:38,451 [INFO] PopulateThirdPartyThread:66 - Ending populate Thread
2024-04-22 11:25:38,455 [INFO] ThirdParty:1030 - CMSIS Pack Vendor :STMicroelectronics FP-SNS-MOTENVWB1 1.4.0
2024-04-22 11:25:38,456 [INFO] ThirdParty:1030 - CMSIS Pack Vendor :STMicroelectronics X-CUBE-AI 9.0.0
2024-04-22 11:25:38,456 [INFO] ThirdParty:1030 - CMSIS Pack Vendor :STMicroelectronics X-CUBE-AZRTOS-H7RS 1.0.0
2024-04-22 11:25:38,456 [INFO] LoadServerUpdatesThread:375 - End of LoadServerUpdate Thread
2024-04-22 11:25:38,508 [INFO] CheckServerUpdateThread:120 - End of CheckServer Thread
2024-04-22 11:25:39,910 [WARN] PackLoader:240 - Cannot read IP mode file for STMicroelectronics.FP-SNS-MOTENVWB1.1.4.0
2024-04-22 11:25:39,935 [WARN] PackLoader:240 - Cannot read IP mode file for STMicroelectronics.X-CUBE-SMBUS.2.1.0
2024-04-22 11:25:39,945 [WARN] PackLoader:240 - Cannot read IP mode file for STMicroelectronics.X-CUBE-TOUCHGFX.4.23.1
2024-04-22 11:25:39,949 [WARN] PackLoader:240 - Cannot read IP mode file for STMicroelectronics.X-CUBE-TOUCHGFX.4.23.0
2024-04-22 11:25:39,950 [WARN] PackLoader:240 - Cannot read IP mode file for STMicroelectronics.X-CUBE-TOUCHGFX.4.23.2
2024-04-22 11:25:39,997 [WARN] PackLoader:240 - Cannot read IP mode file for STMicroelectronics.X-CUBE-AZRTOS-F7.1.1.0
2024-04-22 11:25:40,034 [WARN] PackLoader:240 - Cannot read IP mode file for STMicroelectronics.FP-SNS-MOTENV1.4.3.2
2024-04-22 11:25:40,056 [WARN] PackLoader:240 - Cannot read IP mode file for STMicroelectronics.FP-SNS-FLIGHT1.5.0.2
2024-04-22 11:25:40,074 [WARN] PackLoader:240 - Cannot read IP mode file for STMicroelectronics.X-CUBE-DISPLAY.3.0.0
2024-04-22 11:25:40,111 [WARN] PackLoader:240 - Cannot read IP mode file for STMicroelectronics.X-CUBE-BLE1.7.0.0
2024-04-22 11:25:40,126 [WARN] PackLoader:240 - Cannot read IP mode file for emotas.I-CUBE-CANOPEN.1.3.0
2024-04-22 11:25:40,132 [WARN] PackLoader:240 - Cannot read IP mode file for STMicroelectronics.FP-SNS-SMARTAG2.1.2.0
2024-04-22 11:25:40,146 [INFO] LogOutputStream:77 - [STDOUT_REDIRECT] 1 : Invalid condition id : UX_CORESTACK_Condition cause : null
2024-04-22 11:25:40,148 [INFO] LogOutputStream:77 - [STDOUT_REDIRECT] 1 : Invalid condition id : UX_CORESTACK_Condition cause : null
2024-04-22 11:25:40,149 [INFO] LogOutputStream:77 - [STDOUT_REDIRECT] 1 : Invalid condition id : UX_CORESTACK_Condition cause : null
2024-04-22 11:25:40,149 [INFO] LogOutputStream:77 - [STDOUT_REDIRECT] 1 : Invalid condition id : UX_CORESTACK_Condition cause : null
2024-04-22 11:25:40,150 [INFO] LogOutputStream:77 - [STDOUT_REDIRECT] 1 : Invalid condition id : UX_CORESTACK_Condition cause : null
2024-04-22 11:25:40,158 [WARN] PackLoader:240 - Cannot read IP mode file for STMicroelectronics.X-CUBE-AZRTOS-WL.2.0.0
2024-04-22 11:25:40,167 [WARN] PackLoader:240 - Cannot read IP mode file for STMicroelectronics.FP-SNS-MOTENV1.5.0.0
2024-04-22 11:25:40,193 [WARN] PackLoader:240 - Cannot read IP mode file for WES.I-CUBE-Cesium.1.3.0
2024-04-22 11:25:40,203 [WARN] PackLoader:240 - Cannot read IP mode file for STMicroelectronics.X-CUBE-BLE2.3.3.0
2024-04-22 11:25:40,217 [WARN] PackLoader:240 - Cannot read IP mode file for STMicroelectronics.X-CUBE-TCPP.4.1.0
2024-04-22 11:25:40,246 [WARN] PackLoader:240 - Cannot read IP mode file for STMicroelectronics.X-CUBE-ALGOBUILD.1.3.0
2024-04-22 11:25:40,271 [WARN] PackLoader:240 - Cannot read IP mode file for STMicroelectronics.X-CUBE-AZRTOS-G0.1.1.0
2024-04-22 11:25:40,286 [WARN] PackLoader:240 - Cannot read IP mode file for STMicroelectronics.X-CUBE-SAFEA1.1.2.2
2024-04-22 11:25:40,305 [WARN] PackLoader:240 - Cannot read IP mode file for STMicroelectronics.X-CUBE-NFC4.3.0.0
2024-04-22 11:25:40,315 [WARN] PackLoader:240 - Cannot read IP mode file for wolfSSL.I-CUBE-wolfSSL.5.7.0
2024-04-22 11:25:40,318 [WARN] PackLoader:240 - Cannot read IP mode file for STMicroelectronics.FP-ATR-SIGFOX1.3.2.0
2024-04-22 11:25:40,329 [WARN] PackLoader:240 - Cannot read IP mode file for ITTIA_DB.I-CUBE-ITTIADB.8.9.0
2024-04-22 11:25:40,391 [WARN] PackLoader:240 - Cannot read IP mode file for SEGGER.I-CUBE-embOS.1.3.1
2024-04-22 11:25:40,453 [WARN] PackLoader:240 - Cannot read IP mode file for STMicroelectronics.X-CUBE-GNSS1.6.0.0
2024-04-22 11:25:40,487 [WARN] PackLoader:240 - Cannot read IP mode file for STMicroelectronics.X-CUBE-AZRTOS-F4.1.1.0
2024-04-22 11:25:40,529 [WARN] PackLoader:240 - Cannot read IP mode file for STMicroelectronics.X-CUBE-AZRTOS-L5.2.0.0
2024-04-22 11:25:40,566 [WARN] PackLoader:240 - Cannot read IP mode file for STMicroelectronics.X-CUBE-NFC6.3.1.0
2024-04-22 11:25:40,576 [WARN] PackLoader:240 - Cannot read IP mode file for STMicroelectronics.X-CUBE-AI.9.0.0
2024-04-22 11:25:40,583 [WARN] PackLoader:240 - Cannot read IP mode file for STMicroelectronics.X-CUBE-NFC7.1.0.1
2024-04-22 11:25:40,593 [WARN] PackLoader:240 - Cannot read IP mode file for STMicroelectronics.X-CUBE-NFC6.3.0.0
2024-04-22 11:25:40,600 [WARN] PackLoader:240 - Cannot read IP mode file for STMicroelectronics.X-CUBE-AI.8.1.0
2024-04-22 11:25:40,629 [WARN] ConditionMgr:438 - getConditionDescription Invalid condition id : LAN8742 Phy interface Condition cause : null
2024-04-22 11:25:40,631 [WARN] PackLoader:240 - Cannot read IP mode file for STMicroelectronics.X-CUBE-AZRTOS-L4.2.0.0
2024-04-22 11:25:40,638 [WARN] ConditionMgr:1039 - genDependencies : Invalid condition id : LAN8742 Phy interface Condition cause : null
2024-04-22 11:25:40,638 [WARN] ConditionMgr:1039 - genDependencies : Invalid condition id : LAN8742 Phy interface Condition cause : null
2024-04-22 11:25:40,640 [WARN] ConditionMgr:1039 - genDependencies : Invalid condition id : LAN8742 Phy interface Condition cause : null
2024-04-22 11:25:40,658 [WARN] PackLoader:240 - Cannot read IP mode file for STMicroelectronics.X-CUBE-SFXS2LP1.4.0.0
2024-04-22 11:25:40,681 [WARN] ConditionMgr:438 - getConditionDescription Invalid condition id : UX DEVICE CLASS RTOS Condition cause : null
2024-04-22 11:25:40,681 [WARN] ConditionMgr:438 - getConditionDescription Invalid condition id : UX DEVICE CLASS RTOS Condition cause : null
2024-04-22 11:25:40,685 [WARN] PackLoader:240 - Cannot read IP mode file for STMicroelectronics.X-CUBE-AZRTOS-WB.2.0.0
2024-04-22 11:25:40,686 [WARN] ConditionMgr:1039 - genDependencies : Invalid condition id : UX DEVICE CLASS RTOS Condition cause : null
2024-04-22 11:25:40,686 [WARN] ConditionMgr:1039 - genDependencies : Invalid condition id : UX DEVICE CLASS RTOS Condition cause : null
2024-04-22 11:25:40,687 [WARN] ConditionMgr:1039 - genDependencies : Invalid condition id : UX DEVICE CLASS RTOS Condition cause : null
2024-04-22 11:25:40,688 [WARN] ConditionMgr:1039 - genDependencies : Invalid condition id : UX DEVICE CLASS RTOS Condition cause : null
2024-04-22 11:25:40,688 [WARN] ConditionMgr:1039 - genDependencies : Invalid condition id : UX DEVICE CLASS RTOS Condition cause : null
2024-04-22 11:25:40,702 [WARN] PackLoader:240 - Cannot read IP mode file for STMicroelectronics.X-CUBE-SUBG2.5.0.0
2024-04-22 11:25:40,732 [WARN] PackLoader:240 - Cannot read IP mode file for STMicroelectronics.X-CUBE-AZRTOS-G4.2.0.0
2024-04-22 11:25:40,738 [WARN] PackLoader:240 - Cannot read IP mode file for STMicroelectronics.FP-SNS-MOTENVWB1.1.3.1
2024-04-22 11:25:40,801 [WARN] PackLoader:240 - Cannot read IP mode file for STMicroelectronics.X-CUBE-MEMS1.10.0.0
2024-04-22 11:25:40,961 [WARN] PackLoader:240 - Cannot read IP mode file for STMicroelectronics.X-CUBE-FREERTOS.1.1.0
2024-04-22 11:25:40,969 [WARN] PackLoader:240 - Cannot read IP mode file for portGmbH.I-Cube-SoM-uGOAL.1.1.0
2024-04-22 11:25:40,975 [WARN] PackLoader:240 - Cannot read IP mode file for STMicroelectronics.X-CUBE-ALS.1.0.1
2024-04-22 11:25:41,000 [WARN] PackLoader:240 - Cannot read IP mode file for STMicroelectronics.X-CUBE-AZRTOS-H7RS.1.0.0
2024-04-22 11:25:41,008 [WARN] PackLoader:240 - Cannot read IP mode file for STMicroelectronics.FP-ATR-ASTRA1.2.0.0
2024-04-22 11:25:41,022 [WARN] PackLoader:240 - Cannot read IP mode file for Infineon.AIROC-Wi-Fi-Bluetooth-STM32.1.6.0
2024-04-22 11:25:41,028 [INFO] ThirdParty:978 - Integrity check success = true
2024-04-22 11:25:41,028 [INFO] IntegrityCheckThread:100 - exiting critical section [integrity check]
2024-04-22 11:25:41,028 [INFO] IntegrityCheckThread:103 - End integrity checks thread
2024-04-22 11:25:49,923 [ERROR] LogOutputStream:75 - [STDERR_REDIRECT] SLF4J: Failed to load class "org.slf4j.impl.StaticLoggerBinder".
2024-04-22 11:25:49,926 [ERROR] LogOutputStream:75 - [STDERR_REDIRECT] SLF4J: Defaulting to no-operation (NOP) logger implementation
2024-04-22 11:25:49,926 [ERROR] LogOutputStream:75 - [STDERR_REDIRECT] SLF4J: See http://www.slf4j.org/codes.html#StaticLoggerBinder for further details.
2024-04-22 15:31:48,185 [ERROR] LogOutputStream:75 - [STDERR_REDIRECT] 
