2024-11-12 19:40:09,768 [INFO] Activator:176 - 


2024-11-12 19:40:09,773 [INFO] Activator:177 - !SESSION log4j initialized
2024-11-12 19:40:15,672 [INFO] LogOutputStream:77 - [STDOUT_REDIRECT] 
2024-11-12 19:40:18,243 [ERROR] LogOutputStream:75 - [STDERR_REDIRECT] 
2024-11-12 19:40:20,686 [INFO] LogOutputStream:77 - [STDOUT_REDIRECT] 
2024-11-12 19:40:22,450 [INFO] ApplicationProperties:184 - Using Application install path: /Applications/STM32CubeIDE1.16.app/Contents/Eclipse/plugins/com.st.stm32cube.common.mx_6.12.0.202406281431
2024-11-12 19:40:22,462 [INFO] DbMcusXml:78 - Set database path to: /Applications/STM32CubeIDE1.16.app/Contents/Eclipse/plugins/com.st.stm32cube.common.mx_6.12.0.202406281431//db//mcu/
2024-11-12 19:40:22,462 [INFO] ApiDb:274 - Set plugin database path to: /Applications/STM32CubeIDE1.16.app/Contents/Eclipse/plugins/com.st.stm32cube.common.mx_6.12.0.202406281431//db//plugins/boardmanager/
2024-11-12 19:40:22,463 [WARN] ApiDb:259 - Overriding images path with different value:  => /Applications/STM32CubeIDE1.16.app/Contents/Eclipse/plugins/com.st.stm32cube.common.mx_6.12.0.202406281431//db//plugins/mcufinder/images/
2024-11-12 19:40:22,477 [INFO] ApiDb:250 - Set database path to: /Users/richywarrior/.stmcufinder/plugins/mcufinder//mcu/
2024-11-12 19:40:22,478 [INFO] DbMcusAds:125 - Set database path to: /Users/richywarrior/.stmcufinder/plugins/mcufinder//mcu/
2024-11-12 19:40:22,482 [INFO] CrossReferenceDbSqlite:203 - Set database path to: /Users/richywarrior/.stmcufinder/plugins/mcufinder//mcu/cs/
2024-11-12 19:40:22,753 [INFO] RulesReader:64 - Compatibility file has been processed (297 Rules)
2024-11-12 19:40:22,828 [INFO] DbMcusXml:78 - Set database path to: /Applications/STM32CubeIDE1.16.app/Contents/Eclipse/plugins/com.st.stm32cube.common.mx_6.12.0.202406281431//db//mcu/
2024-11-12 19:40:22,829 [INFO] ApiDb:274 - Set plugin database path to: /Applications/STM32CubeIDE1.16.app/Contents/Eclipse/plugins/com.st.stm32cube.common.mx_6.12.0.202406281431//db//plugins/boardmanager/
2024-11-12 19:40:22,829 [INFO] ApiDb:261 - Set plugin images path to: /Applications/STM32CubeIDE1.16.app/Contents/Eclipse/plugins/com.st.stm32cube.common.mx_6.12.0.202406281431//db//plugins/mcufinder/images/
2024-11-12 19:40:22,830 [WARN] DbFile:41 - Overriding database path with different value: /Users/richywarrior/.stmcufinder/plugins/mcufinder/ => /Users/richywarrior/.stmcufinder/plugins/mcufinder
2024-11-12 19:40:22,830 [INFO] ApiDb:250 - Set database path to: /Users/richywarrior/.stmcufinder/plugins/mcufinder//mcu/
2024-11-12 19:40:22,830 [WARN] DbFile:41 - Overriding database path with different value: /Users/richywarrior/.stmcufinder/plugins/mcufinder/ => /Users/richywarrior/.stmcufinder/plugins/mcufinder
2024-11-12 19:40:22,830 [INFO] DbMcusAds:125 - Set database path to: /Users/richywarrior/.stmcufinder/plugins/mcufinder//mcu/
2024-11-12 19:40:22,830 [WARN] DbFile:41 - Overriding database path with different value: /Users/richywarrior/.stmcufinder/plugins/mcufinder/ => /Users/richywarrior/.stmcufinder/plugins/mcufinder
2024-11-12 19:40:22,830 [WARN] DbFile:41 - Overriding database path with different value: /Users/richywarrior/.stmcufinder/plugins/mcufinder/ => /Users/richywarrior/.stmcufinder/plugins/mcufinder
2024-11-12 19:40:22,830 [INFO] CrossReferenceDbSqlite:203 - Set database path to: /Users/richywarrior/.stmcufinder/plugins/mcufinder//mcu/cs/
2024-11-12 19:40:22,906 [INFO] MainPanel:268 - HeapMemory: 491782144
2024-11-12 19:40:23,271 [INFO] DbMcusXml:78 - Set database path to: /Applications/STM32CubeIDE1.16.app/Contents/Eclipse/plugins/com.st.stm32cube.common.mx_6.12.0.202406281431//db//mcu/
2024-11-12 19:40:23,271 [INFO] ApiDb:274 - Set plugin database path to: /Applications/STM32CubeIDE1.16.app/Contents/Eclipse/plugins/com.st.stm32cube.common.mx_6.12.0.202406281431//db//plugins/boardmanager/
2024-11-12 19:40:23,271 [INFO] ApiDb:261 - Set plugin images path to: /Applications/STM32CubeIDE1.16.app/Contents/Eclipse/plugins/com.st.stm32cube.common.mx_6.12.0.202406281431//db//plugins/mcufinder/images/
2024-11-12 19:40:23,272 [WARN] DbFile:41 - Overriding database path with different value: /Users/richywarrior/.stmcufinder/plugins/mcufinder/ => /Users/richywarrior/.stmcufinder/plugins/mcufinder
2024-11-12 19:40:23,272 [INFO] ApiDb:250 - Set database path to: /Users/richywarrior/.stmcufinder/plugins/mcufinder//mcu/
2024-11-12 19:40:23,272 [WARN] DbFile:41 - Overriding database path with different value: /Users/richywarrior/.stmcufinder/plugins/mcufinder/ => /Users/richywarrior/.stmcufinder/plugins/mcufinder
2024-11-12 19:40:23,272 [INFO] DbMcusAds:125 - Set database path to: /Users/richywarrior/.stmcufinder/plugins/mcufinder//mcu/
2024-11-12 19:40:23,272 [WARN] DbFile:41 - Overriding database path with different value: /Users/richywarrior/.stmcufinder/plugins/mcufinder/ => /Users/richywarrior/.stmcufinder/plugins/mcufinder
2024-11-12 19:40:23,272 [WARN] DbFile:41 - Overriding database path with different value: /Users/richywarrior/.stmcufinder/plugins/mcufinder/ => /Users/richywarrior/.stmcufinder/plugins/mcufinder
2024-11-12 19:40:23,272 [INFO] CrossReferenceDbSqlite:203 - Set database path to: /Users/richywarrior/.stmcufinder/plugins/mcufinder//mcu/cs/
2024-11-12 19:40:23,292 [INFO] ApplicationProperties:184 - Using Application install path: /Applications/STM32CubeIDE1.16.app/Contents/Eclipse/plugins/com.st.stm32cube.common.mx_6.12.0.202406281431
2024-11-12 19:40:23,293 [INFO] PluginManage:196 - Search for loadable plugins [exclusion list=, ]
2024-11-12 19:40:23,294 [INFO] PluginManage:310 - Check plugin analytics
2024-11-12 19:40:23,472 [INFO] AnalyticsPlugin:253 - Accepted Software Licenses: 
2024-11-12 19:40:23,473 [INFO] AnalyticsPlugin:255 - Accepted CMSIS Pack Licenses: 
2024-11-12 19:40:23,473 [INFO] AnalyticsPlugin:257 - Accepted Firmware Licenses: FW.H7.1.10.0
2024-11-12 19:40:23,481 [INFO] PluginManage:359 - Loaded plugin analytics (category:tool,tabindex:-1)
2024-11-12 19:40:23,482 [INFO] PluginManage:310 - Check plugin cadmodel
2024-11-12 19:40:23,504 [INFO] CADModel:105 - Init CAD model plugin
2024-11-12 19:40:23,505 [INFO] PluginManage:359 - Loaded plugin cadmodel (category:power,tabindex:5)
2024-11-12 19:40:23,506 [INFO] PluginManage:310 - Check plugin clock
2024-11-12 19:40:23,522 [INFO] PluginManage:359 - Loaded plugin clock (category:base,tabindex:2)
2024-11-12 19:40:23,523 [INFO] PluginManage:310 - Check plugin ddr
2024-11-12 19:40:23,527 [INFO] PluginManage:359 - Loaded plugin ddr (category:tool,tabindex:6)
2024-11-12 19:40:23,527 [INFO] PluginManage:310 - Check plugin filemanager
2024-11-12 19:40:23,721 [INFO] PluginManage:359 - Loaded plugin filemanager (category:base,tabindex:10)
2024-11-12 19:40:23,722 [INFO] PluginManage:310 - Check plugin ipmanager
2024-11-12 19:40:23,731 [INFO] PluginManage:359 - Loaded plugin ipmanager (category:base,tabindex:5)
2024-11-12 19:40:23,731 [INFO] PluginManage:310 - Check plugin lpbam
2024-11-12 19:40:23,742 [INFO] PluginManage:359 - Loaded plugin lpbam (category:base,tabindex:0)
2024-11-12 19:40:23,743 [INFO] PluginManage:310 - Check plugin memorymap
2024-11-12 19:40:23,751 [INFO] PluginManage:359 - Loaded plugin memorymap (category:base,tabindex:4)
2024-11-12 19:40:23,751 [INFO] PluginManage:310 - Check plugin pinoutandconfiguration
2024-11-12 19:40:23,756 [INFO] PluginManage:359 - Loaded plugin pinoutandconfiguration (category:base,tabindex:1)
2024-11-12 19:40:23,756 [INFO] PluginManage:310 - Check plugin pinoutconfig
2024-11-12 19:40:23,829 [WARN] SupportedApi:132 - Cannot load RTOS API schema: s4s-elt-must-match.1: The content of 'definitions' must match (annotation?, (simpleType | complexType)?, (unique | key | keyref)*)). A problem was found starting at: attribute.
2024-11-12 19:40:23,986 [INFO] PluginManage:359 - Loaded plugin pinoutconfig (category:base,tabindex:0)
2024-11-12 19:40:23,986 [INFO] PluginManage:310 - Check plugin power
2024-11-12 19:40:23,999 [INFO] PluginManage:359 - Loaded plugin power (category:power,tabindex:4)
2024-11-12 19:40:23,999 [INFO] PluginManage:310 - Check plugin projectmanager
2024-11-12 19:40:24,026 [INFO] PluginManage:359 - Loaded plugin projectmanager (category:projectmanager,tabindex:4)
2024-11-12 19:40:24,027 [INFO] PluginManage:310 - Check plugin rif
2024-11-12 19:40:24,030 [INFO] PluginManage:359 - Loaded plugin rif (category:base,tabindex:3)
2024-11-12 19:40:24,031 [INFO] PluginManage:310 - Check plugin thirdparty
2024-11-12 19:40:24,171 [INFO] PluginManage:359 - Loaded plugin thirdparty (category:base,tabindex:-1)
2024-11-12 19:40:24,171 [INFO] PluginManage:310 - Check plugin tools
2024-11-12 19:40:24,171 [WARN] IntegrityCheckThread:84 - waiting for thirdparty lock release [integrity check]
2024-11-12 19:40:24,172 [INFO] IntegrityCheckThread:86 - entering critical section [integrity check]
2024-11-12 19:40:24,173 [INFO] ThirdPartyUpdaterWithRetryManager:70 - Updater plugin not ready yet. [1/15]
2024-11-12 19:40:24,175 [INFO] PluginManage:359 - Loaded plugin tools (category:base,tabindex:7)
2024-11-12 19:40:24,175 [INFO] PluginManage:310 - Check plugin tutovideos
2024-11-12 19:40:24,314 [INFO] PluginManage:359 - Loaded plugin tutovideos (category:base,tabindex:-1)
2024-11-12 19:40:24,314 [INFO] PluginManage:310 - Check plugin updater
2024-11-12 19:40:24,335 [INFO] PluginManage:359 - Loaded plugin updater (category:base,tabindex:12)
2024-11-12 19:40:24,335 [INFO] PluginManage:310 - Check plugin userauth
2024-11-12 19:40:24,341 [INFO] UserAuth:113 - Init User Auth plugin
2024-11-12 19:40:24,341 [INFO] PluginManage:359 - Loaded plugin userauth (category:base,tabindex:14)
2024-11-12 19:40:24,341 [INFO] PluginManage:283 - PluginManage : Loaded plugins [18]
2024-11-12 19:40:24,567 [INFO] PinOutPanel:1561 - setPackage(No Configuration,No Configuration)
2024-11-12 19:40:24,722 [INFO] CADModel:165 - CPN selected for project level
2024-11-12 19:40:24,724 [INFO] CADModel:114 - Register for checkConnection events
2024-11-12 19:40:24,747 [INFO] IPUIPlugin:80 - create IPUIPlugin
2024-11-12 19:40:24,747 [INFO] PluginManager:220 - loadIPPluginJar : add mdma
2024-11-12 19:40:24,752 [INFO] IPUIPlugin:80 - create IPUIPlugin
2024-11-12 19:40:24,752 [INFO] PluginManager:220 - loadIPPluginJar : add freertos
2024-11-12 19:40:24,755 [INFO] IPUIPlugin:80 - create IPUIPlugin
2024-11-12 19:40:24,755 [INFO] PluginManager:220 - loadIPPluginJar : add gic
2024-11-12 19:40:24,760 [INFO] IPUIPlugin:80 - create IPUIPlugin
2024-11-12 19:40:24,760 [INFO] PluginManager:220 - loadIPPluginJar : add adc
2024-11-12 19:40:24,761 [INFO] IPUIPlugin:80 - create IPUIPlugin
2024-11-12 19:40:24,761 [INFO] PluginManager:220 - loadIPPluginJar : add gtzc
2024-11-12 19:40:24,762 [INFO] IPUIPlugin:80 - create IPUIPlugin
2024-11-12 19:40:24,762 [INFO] PluginManager:220 - loadIPPluginJar : add quadspi
2024-11-12 19:40:24,764 [INFO] IPUIPlugin:80 - create IPUIPlugin
2024-11-12 19:40:24,764 [INFO] PluginManager:220 - loadIPPluginJar : add aes
2024-11-12 19:40:24,765 [INFO] IPUIPlugin:80 - create IPUIPlugin
2024-11-12 19:40:24,765 [INFO] PluginManager:220 - loadIPPluginJar : add pdm2pcm
2024-11-12 19:40:24,766 [INFO] IPUIPlugin:80 - create IPUIPlugin
2024-11-12 19:40:24,766 [INFO] PluginManager:220 - loadIPPluginJar : add hash
2024-11-12 19:40:24,767 [INFO] IPUIPlugin:80 - create IPUIPlugin
2024-11-12 19:40:24,767 [INFO] PluginManager:220 - loadIPPluginJar : add tim
2024-11-12 19:40:24,768 [INFO] IPUIPlugin:80 - create IPUIPlugin
2024-11-12 19:40:24,768 [INFO] PluginManager:220 - loadIPPluginJar : add tsc
2024-11-12 19:40:24,770 [INFO] IPUIPlugin:80 - create IPUIPlugin
2024-11-12 19:40:24,770 [INFO] PluginManager:220 - loadIPPluginJar : add extmemmanager
2024-11-12 19:40:24,774 [INFO] IPUIPlugin:80 - create IPUIPlugin
2024-11-12 19:40:24,774 [INFO] PluginManager:220 - loadIPPluginJar : add ts
2024-11-12 19:40:24,776 [INFO] IPUIPlugin:80 - create IPUIPlugin
2024-11-12 19:40:24,776 [INFO] PluginManager:220 - loadIPPluginJar : add radio
2024-11-12 19:40:24,777 [INFO] IPUIPlugin:80 - create IPUIPlugin
2024-11-12 19:40:24,777 [INFO] PluginManager:220 - loadIPPluginJar : add can
2024-11-12 19:40:24,778 [INFO] IPUIPlugin:80 - create IPUIPlugin
2024-11-12 19:40:24,778 [INFO] PluginManager:220 - loadIPPluginJar : add dma3
2024-11-12 19:40:24,779 [INFO] IPUIPlugin:80 - create IPUIPlugin
2024-11-12 19:40:24,779 [INFO] PluginManager:220 - loadIPPluginJar : add dfsdm
2024-11-12 19:40:24,780 [INFO] IPUIPlugin:80 - create IPUIPlugin
2024-11-12 19:40:24,780 [INFO] PluginManager:220 - loadIPPluginJar : add spi
2024-11-12 19:40:24,781 [INFO] IPUIPlugin:80 - create IPUIPlugin
2024-11-12 19:40:24,781 [INFO] PluginManager:220 - loadIPPluginJar : add gfxmmu
2024-11-12 19:40:24,783 [INFO] IPUIPlugin:80 - create IPUIPlugin
2024-11-12 19:40:24,783 [INFO] PluginManager:220 - loadIPPluginJar : add genericplugin
2024-11-12 19:40:24,785 [INFO] IPUIPlugin:80 - create IPUIPlugin
2024-11-12 19:40:24,785 [INFO] PluginManager:220 - loadIPPluginJar : add cryp
2024-11-12 19:40:24,789 [INFO] IPUIPlugin:80 - create IPUIPlugin
2024-11-12 19:40:24,790 [INFO] PluginManager:220 - loadIPPluginJar : add gpio
2024-11-12 19:40:24,792 [INFO] IPUIPlugin:80 - create IPUIPlugin
2024-11-12 19:40:24,792 [INFO] PluginManager:220 - loadIPPluginJar : add ddr_ctrl_phy
2024-11-12 19:40:24,793 [INFO] IPUIPlugin:80 - create IPUIPlugin
2024-11-12 19:40:24,793 [INFO] PluginManager:220 - loadIPPluginJar : add comp
2024-11-12 19:40:24,795 [INFO] IPUIPlugin:80 - create IPUIPlugin
2024-11-12 19:40:24,795 [INFO] PluginManager:220 - loadIPPluginJar : add tracer_emb
2024-11-12 19:40:24,798 [INFO] IPUIPlugin:80 - create IPUIPlugin
2024-11-12 19:40:24,798 [INFO] PluginManager:220 - loadIPPluginJar : add openamp
2024-11-12 19:40:24,801 [INFO] IPUIPlugin:80 - create IPUIPlugin
2024-11-12 19:40:24,801 [INFO] PluginManager:220 - loadIPPluginJar : add stm32_wpan
2024-11-12 19:40:24,805 [INFO] IPUIPlugin:80 - create IPUIPlugin
2024-11-12 19:40:24,813 [INFO] PluginManager:220 - loadIPPluginJar : add plateformsettings
2024-11-12 19:40:24,815 [INFO] IPUIPlugin:80 - create IPUIPlugin
2024-11-12 19:40:24,815 [INFO] PluginManager:220 - loadIPPluginJar : add ipddr
2024-11-12 19:40:24,817 [INFO] IPUIPlugin:80 - create IPUIPlugin
2024-11-12 19:40:24,817 [INFO] PluginManager:220 - loadIPPluginJar : add usart
2024-11-12 19:40:24,818 [INFO] IPUIPlugin:80 - create IPUIPlugin
2024-11-12 19:40:24,818 [INFO] PluginManager:220 - loadIPPluginJar : add ltdc
2024-11-12 19:40:24,820 [INFO] IPUIPlugin:80 - create IPUIPlugin
2024-11-12 19:40:24,821 [INFO] PluginManager:220 - loadIPPluginJar : add nvic
2024-11-12 19:40:24,825 [INFO] IPUIPlugin:80 - create IPUIPlugin
2024-11-12 19:40:24,826 [INFO] PluginManager:220 - loadIPPluginJar : add fatfs
2024-11-12 19:40:24,833 [INFO] IPUIPlugin:80 - create IPUIPlugin
2024-11-12 19:40:24,833 [INFO] PluginManager:220 - loadIPPluginJar : add linkedlist
2024-11-12 19:40:24,838 [INFO] IPUIPlugin:80 - create IPUIPlugin
2024-11-12 19:40:24,838 [INFO] PluginManager:220 - loadIPPluginJar : add dma
2024-11-12 19:40:24,840 [INFO] IPUIPlugin:80 - create IPUIPlugin
2024-11-12 19:40:24,840 [INFO] PluginManager:220 - loadIPPluginJar : add fmc
2024-11-12 19:40:24,842 [INFO] IPUIPlugin:80 - create IPUIPlugin
2024-11-12 19:40:24,843 [INFO] PluginManager:220 - loadIPPluginJar : add i2s
2024-11-12 19:40:24,843 [INFO] IPUIPlugin:80 - create IPUIPlugin
2024-11-12 19:40:24,843 [INFO] PluginManager:220 - loadIPPluginJar : add ucpd
2024-11-12 19:40:24,845 [INFO] IPUIPlugin:80 - create IPUIPlugin
2024-11-12 19:40:24,845 [INFO] PluginManager:220 - loadIPPluginJar : add lorawan
2024-11-12 19:40:24,847 [INFO] IPUIPlugin:80 - create IPUIPlugin
2024-11-12 19:40:24,847 [INFO] PluginManager:220 - loadIPPluginJar : add opamp
2024-11-12 19:40:24,849 [INFO] IPUIPlugin:80 - create IPUIPlugin
2024-11-12 19:40:24,849 [INFO] PluginManager:220 - loadIPPluginJar : add i3c
2024-11-12 19:40:24,850 [INFO] IPUIPlugin:80 - create IPUIPlugin
2024-11-12 19:40:24,850 [INFO] PluginManager:220 - loadIPPluginJar : add touchsensing
2024-11-12 19:40:24,851 [INFO] IPUIPlugin:80 - create IPUIPlugin
2024-11-12 19:40:24,851 [INFO] PluginManager:220 - loadIPPluginJar : add i2c
2024-11-12 19:40:24,853 [INFO] IPUIPlugin:80 - create IPUIPlugin
2024-11-12 19:40:24,853 [INFO] PluginManager:220 - loadIPPluginJar : add resmgrutility
2024-11-12 19:40:24,854 [INFO] IPUIPlugin:80 - create IPUIPlugin
2024-11-12 19:40:24,854 [INFO] PluginManager:220 - loadIPPluginJar : add sai
2024-11-12 19:40:24,855 [INFO] IPUIPlugin:80 - create IPUIPlugin
2024-11-12 19:40:24,855 [INFO] PluginManager:220 - loadIPPluginJar : add usbx
2024-11-12 19:40:24,977 [INFO] CADModel:165 - CPN selected for project level
2024-11-12 19:40:24,978 [INFO] CADModel:114 - Register for checkConnection events
2024-11-12 19:40:24,980 [FATAL] Updater:334 - Updater called before beeing initialized
2024-11-12 19:40:24,980 [ERROR] CADModel:125 - Updater not yet initialized, retry later 
2024-11-12 19:40:25,203 [INFO] CADModel:165 - CPN selected for project level
2024-11-12 19:40:25,203 [INFO] CADModel:114 - Register for checkConnection events
2024-11-12 19:40:25,203 [FATAL] Updater:334 - Updater called before beeing initialized
2024-11-12 19:40:25,203 [ERROR] CADModel:125 - Updater not yet initialized, retry later 
2024-11-12 19:40:25,206 [FATAL] Updater:334 - Updater called before beeing initialized
2024-11-12 19:40:25,344 [FATAL] Updater:334 - Updater called before beeing initialized
2024-11-12 19:40:25,349 [INFO] DbMcusAds:53 - JSON generation date=Fri Sep 20 07:04:23 CST 2024 (1726837463113)
2024-11-12 19:40:25,349 [FATAL] Updater:334 - Updater called before beeing initialized
2024-11-12 19:40:25,750 [WARN] DetailPanel:346 - Failed to get advertising image, set to default
2024-11-12 19:40:25,819 [FATAL] Updater:334 - Updater called before beeing initialized
2024-11-12 19:40:25,821 [FATAL] Updater:334 - Updater called before beeing initialized
2024-11-12 19:40:25,821 [FATAL] Updater:334 - Updater called before beeing initialized
2024-11-12 19:40:25,821 [WARN] DetailPanel:346 - Failed to get advertising image, set to default
2024-11-12 19:40:25,821 [FATAL] Updater:334 - Updater called before beeing initialized
2024-11-12 19:40:25,884 [ERROR] Updater:1164 - MainUpdater not yet initialized. External WinMGr cannot be set.
2024-11-12 19:40:25,891 [INFO] Updater:1100 - Updater Version found : 6.12.0
2024-11-12 19:40:25,902 [INFO] ApplicationProperties:184 - Using Application install path: /Applications/STM32CubeIDE1.16.app/Contents/Eclipse/plugins/com.st.stm32cube.common.mx_6.12.0.202406281431
2024-11-12 19:40:26,326 [INFO] MainUpdater:2873 - connection check result : 10
2024-11-12 19:40:26,327 [INFO] MainUpdater:290 - Updater Check For Update Now.
2024-11-12 19:40:26,327 [INFO] MicroXplorer:498 - Change Database Version : DB.6.0.120
2024-11-12 19:40:26,337 [INFO] McuFinderGlobals:63 - Set McuFinder mode to 2 (CubeIDE integrated)
2024-11-12 19:40:26,338 [INFO] UserAuth:417 - Internet connection configuration mode: 1
2024-11-12 19:40:26,350 [INFO] JxBrowserEngine:152 - Initiate JxBrowser Engine with user profile folder
2024-11-12 19:40:26,580 [INFO] CheckServerUpdateThread:120 - End of CheckServer Thread
2024-11-12 19:40:27,376 [WARN] PackLoader:240 - Cannot read IP mode file for STMicroelectronics.FP-SNS-MOTENVWB1.1.4.0
2024-11-12 19:40:27,413 [WARN] PackLoader:240 - Cannot read IP mode file for STMicroelectronics.X-CUBE-SMBUS.2.1.0
2024-11-12 19:40:27,434 [WARN] PackLoader:240 - Cannot read IP mode file for STMicroelectronics.X-CUBE-WB05N.1.1.0
2024-11-12 19:40:27,445 [WARN] PackLoader:240 - Cannot read IP mode file for STMicroelectronics.X-CUBE-TOUCHGFX.4.23.1
2024-11-12 19:40:27,449 [WARN] PackLoader:240 - Cannot read IP mode file for STMicroelectronics.X-CUBE-TOUCHGFX.4.23.0
2024-11-12 19:40:27,451 [WARN] PackLoader:240 - Cannot read IP mode file for STMicroelectronics.X-CUBE-TOUCHGFX.4.23.2
2024-11-12 19:40:27,500 [WARN] PackLoader:240 - Cannot read IP mode file for STMicroelectronics.X-CUBE-AZRTOS-F7.1.1.0
2024-11-12 19:40:27,522 [WARN] PackLoader:240 - Cannot read IP mode file for STMicroelectronics.FP-SNS-MOTENV1.4.3.2
2024-11-12 19:40:27,697 [WARN] PackLoader:240 - Cannot read IP mode file for STMicroelectronics.X-CUBE-MEMS1.11.0.0
2024-11-12 19:40:27,937 [WARN] PackLoader:240 - Cannot read IP mode file for STMicroelectronics.FP-SNS-FLIGHT1.5.0.2
2024-11-12 19:40:27,951 [WARN] PackLoader:240 - Cannot read IP mode file for STMicroelectronics.X-CUBE-DISPLAY.3.0.0
2024-11-12 19:40:27,974 [WARN] PackLoader:240 - Cannot read IP mode file for STMicroelectronics.X-CUBE-BLE1.7.0.0
2024-11-12 19:40:28,011 [WARN] PackLoader:240 - Cannot read IP mode file for STMicroelectronics.X-CUBE-NFC10.1.0.0
2024-11-12 19:40:28,023 [WARN] PackLoader:240 - Cannot read IP mode file for emotas.I-CUBE-CANOPEN.1.3.0
2024-11-12 19:40:28,028 [WARN] PackLoader:240 - Cannot read IP mode file for STMicroelectronics.FP-SNS-SMARTAG2.1.2.0
2024-11-12 19:40:28,038 [INFO] LogOutputStream:77 - [STDOUT_REDIRECT] 1 : Invalid condition id : UX_CORESTACK_Condition cause : null
2024-11-12 19:40:28,042 [INFO] LogOutputStream:77 - [STDOUT_REDIRECT] 1 : Invalid condition id : UX_CORESTACK_Condition cause : null
2024-11-12 19:40:28,042 [INFO] LogOutputStream:77 - [STDOUT_REDIRECT] 1 : Invalid condition id : UX_CORESTACK_Condition cause : null
2024-11-12 19:40:28,042 [INFO] LogOutputStream:77 - [STDOUT_REDIRECT] 1 : Invalid condition id : UX_CORESTACK_Condition cause : null
2024-11-12 19:40:28,043 [INFO] LogOutputStream:77 - [STDOUT_REDIRECT] 1 : Invalid condition id : UX_CORESTACK_Condition cause : null
2024-11-12 19:40:28,050 [WARN] PackLoader:240 - Cannot read IP mode file for STMicroelectronics.X-CUBE-AZRTOS-WL.2.0.0
2024-11-12 19:40:28,063 [WARN] PackLoader:240 - Cannot read IP mode file for STMicroelectronics.FP-SNS-MOTENV1.5.0.0
2024-11-12 19:40:28,068 [WARN] PackLoader:240 - Cannot read IP mode file for wolfSSL.I-CUBE-wolfMQTT.1.19.0
2024-11-12 19:40:28,075 [WARN] PackLoader:240 - Cannot read IP mode file for WES.I-CUBE-Cesium.1.3.0
2024-11-12 19:40:28,080 [WARN] PackLoader:240 - Cannot read IP mode file for STMicroelectronics.X-CUBE-BLE2.3.3.0
2024-11-12 19:40:28,091 [WARN] PackLoader:240 - Cannot read IP mode file for STMicroelectronics.X-CUBE-NFC9.1.0.0
2024-11-12 19:40:28,105 [WARN] PackLoader:240 - Cannot read IP mode file for STMicroelectronics.X-CUBE-TCPP.4.1.0
2024-11-12 19:40:28,111 [WARN] PackLoader:240 - Cannot read IP mode file for STMicroelectronics.X-CUBE-ALGOBUILD.1.3.0
2024-11-12 19:40:28,128 [WARN] PackLoader:240 - Cannot read IP mode file for STMicroelectronics.X-CUBE-AZRTOS-G0.1.1.0
2024-11-12 19:40:28,144 [WARN] PackLoader:240 - Cannot read IP mode file for STMicroelectronics.X-CUBE-SAFEA1.1.2.2
2024-11-12 19:40:28,152 [WARN] PackLoader:240 - Cannot read IP mode file for STMicroelectronics.X-CUBE-NFC4.3.0.0
2024-11-12 19:40:28,155 [WARN] PackLoader:240 - Cannot read IP mode file for wolfSSL.I-CUBE-wolfMQTT.1.18.0
2024-11-12 19:40:28,169 [WARN] PackLoader:240 - Cannot read IP mode file for EmbeddedOffice.I-CUBE-FS-RTOS.1.0.1
2024-11-12 19:40:28,172 [ERROR] ConditionMgr:805 - Attr not supported : Dmpu
2024-11-12 19:40:28,173 [ERROR] ConditionMgr:805 - Attr not supported : Dmpu
2024-11-12 19:40:28,173 [ERROR] ConditionMgr:805 - Attr not supported : Dmpu
2024-11-12 19:40:28,173 [ERROR] ConditionMgr:805 - Attr not supported : Dmpu
2024-11-12 19:40:28,173 [ERROR] ConditionMgr:805 - Attr not supported : Dmpu
2024-11-12 19:40:28,173 [ERROR] ConditionMgr:805 - Attr not supported : Dmpu
2024-11-12 19:40:28,173 [ERROR] ConditionMgr:805 - Attr not supported : Dmpu
2024-11-12 19:40:28,173 [ERROR] ConditionMgr:805 - Attr not supported : Dmpu
2024-11-12 19:40:28,173 [ERROR] ConditionMgr:805 - Attr not supported : Dmpu
2024-11-12 19:40:28,173 [ERROR] ConditionMgr:805 - Attr not supported : Dmpu
2024-11-12 19:40:28,173 [ERROR] ConditionMgr:805 - Attr not supported : Dmpu
2024-11-12 19:40:28,173 [ERROR] ConditionMgr:805 - Attr not supported : Dmpu
2024-11-12 19:40:28,173 [ERROR] ConditionMgr:805 - Attr not supported : Dmpu
2024-11-12 19:40:28,174 [ERROR] ConditionMgr:805 - Attr not supported : Dmpu
2024-11-12 19:40:28,174 [ERROR] ConditionMgr:805 - Attr not supported : Dmpu
2024-11-12 19:40:28,174 [ERROR] ConditionMgr:805 - Attr not supported : Dmpu
2024-11-12 19:40:28,174 [ERROR] ConditionMgr:805 - Attr not supported : Dmpu
2024-11-12 19:40:28,174 [ERROR] ConditionMgr:805 - Attr not supported : Dmpu
2024-11-12 19:40:28,174 [ERROR] ConditionMgr:805 - Attr not supported : Dmpu
2024-11-12 19:40:28,174 [ERROR] ConditionMgr:805 - Attr not supported : Dmpu
2024-11-12 19:40:28,174 [ERROR] ConditionMgr:805 - Attr not supported : Dmpu
2024-11-12 19:40:28,174 [ERROR] ConditionMgr:805 - Attr not supported : Dmpu
2024-11-12 19:40:28,174 [ERROR] ConditionMgr:805 - Attr not supported : Dmpu
2024-11-12 19:40:28,174 [ERROR] ConditionMgr:805 - Attr not supported : Dmpu
2024-11-12 19:40:28,174 [ERROR] ConditionMgr:805 - Attr not supported : Dmpu
2024-11-12 19:40:28,174 [ERROR] ConditionMgr:805 - Attr not supported : Dmpu
2024-11-12 19:40:28,174 [ERROR] ConditionMgr:805 - Attr not supported : Dmpu
2024-11-12 19:40:28,175 [ERROR] ConditionMgr:805 - Attr not supported : Dmpu
2024-11-12 19:40:28,175 [ERROR] ConditionMgr:805 - Attr not supported : Dmpu
2024-11-12 19:40:28,175 [ERROR] ConditionMgr:805 - Attr not supported : Dmpu
2024-11-12 19:40:28,175 [ERROR] ConditionMgr:805 - Attr not supported : Dmpu
2024-11-12 19:40:28,175 [ERROR] ConditionMgr:805 - Attr not supported : Dmpu
2024-11-12 19:40:28,175 [ERROR] ConditionMgr:805 - Attr not supported : Dmpu
2024-11-12 19:40:28,175 [ERROR] ConditionMgr:805 - Attr not supported : Dmpu
2024-11-12 19:40:28,175 [ERROR] ConditionMgr:805 - Attr not supported : Dmpu
2024-11-12 19:40:28,175 [ERROR] ConditionMgr:805 - Attr not supported : Dmpu
2024-11-12 19:40:28,175 [ERROR] ConditionMgr:805 - Attr not supported : Dmpu
2024-11-12 19:40:28,176 [ERROR] ConditionMgr:805 - Attr not supported : Dmpu
2024-11-12 19:40:28,176 [ERROR] ConditionMgr:805 - Attr not supported : Dmpu
2024-11-12 19:40:28,176 [ERROR] ConditionMgr:805 - Attr not supported : Dmpu
2024-11-12 19:40:28,176 [ERROR] ConditionMgr:805 - Attr not supported : Dmpu
2024-11-12 19:40:28,176 [ERROR] ConditionMgr:805 - Attr not supported : Dmpu
2024-11-12 19:40:28,176 [ERROR] ConditionMgr:805 - Attr not supported : Dmpu
2024-11-12 19:40:28,176 [ERROR] ConditionMgr:805 - Attr not supported : Dmpu
2024-11-12 19:40:28,176 [ERROR] ConditionMgr:805 - Attr not supported : Dmpu
2024-11-12 19:40:28,176 [ERROR] ConditionMgr:805 - Attr not supported : Dmpu
2024-11-12 19:40:28,176 [ERROR] ConditionMgr:805 - Attr not supported : Dmpu
2024-11-12 19:40:28,176 [ERROR] ConditionMgr:805 - Attr not supported : Dmpu
2024-11-12 19:40:28,176 [ERROR] ConditionMgr:805 - Attr not supported : Dmpu
2024-11-12 19:40:28,176 [ERROR] ConditionMgr:805 - Attr not supported : Dmpu
2024-11-12 19:40:28,176 [ERROR] ConditionMgr:805 - Attr not supported : Dmpu
2024-11-12 19:40:28,176 [ERROR] ConditionMgr:805 - Attr not supported : Dmpu
2024-11-12 19:40:28,176 [ERROR] ConditionMgr:805 - Attr not supported : Dmpu
2024-11-12 19:40:28,176 [ERROR] ConditionMgr:805 - Attr not supported : Dmpu
2024-11-12 19:40:28,176 [ERROR] ConditionMgr:805 - Attr not supported : Dmpu
2024-11-12 19:40:28,176 [ERROR] ConditionMgr:805 - Attr not supported : Dmpu
2024-11-12 19:40:28,176 [ERROR] ConditionMgr:805 - Attr not supported : Dmpu
2024-11-12 19:40:28,176 [ERROR] ConditionMgr:805 - Attr not supported : Dmpu
2024-11-12 19:40:28,176 [ERROR] ConditionMgr:805 - Attr not supported : Dmpu
2024-11-12 19:40:28,176 [ERROR] ConditionMgr:805 - Attr not supported : Dmpu
2024-11-12 19:40:28,177 [ERROR] ConditionMgr:805 - Attr not supported : Dmpu
2024-11-12 19:40:28,177 [ERROR] ConditionMgr:805 - Attr not supported : Dmpu
2024-11-12 19:40:28,177 [ERROR] ConditionMgr:805 - Attr not supported : Dmpu
2024-11-12 19:40:28,177 [ERROR] ConditionMgr:805 - Attr not supported : Dmpu
2024-11-12 19:40:28,187 [WARN] PackLoader:240 - Cannot read IP mode file for RealThread.X-CUBE-RT-Thread_Nano.4.1.1
2024-11-12 19:40:28,192 [WARN] PackLoader:240 - Cannot read IP mode file for wolfSSL.I-CUBE-wolfSSL.5.7.0
2024-11-12 19:40:28,199 [WARN] PackLoader:240 - Cannot read IP mode file for STMicroelectronics.FP-ATR-SIGFOX1.3.2.0
2024-11-12 19:40:28,206 [WARN] PackLoader:240 - Cannot read IP mode file for ITTIA_DB.I-CUBE-ITTIADB.8.9.0
2024-11-12 19:40:28,279 [WARN] PackLoader:240 - Cannot read IP mode file for SEGGER.I-CUBE-embOS.1.3.1
2024-11-12 19:40:28,343 [WARN] PackLoader:240 - Cannot read IP mode file for STMicroelectronics.X-CUBE-ALGOBUILD.1.4.0
2024-11-12 19:40:28,347 [WARN] PackLoader:240 - Cannot read IP mode file for STMicroelectronics.X-CUBE-AI.9.1.0
2024-11-12 19:40:28,352 [WARN] PackLoader:240 - Cannot read IP mode file for STMicroelectronics.X-CUBE-GNSS1.6.0.0
2024-11-12 19:40:28,377 [WARN] PackLoader:240 - Cannot read IP mode file for STMicroelectronics.X-CUBE-AZRTOS-F4.1.1.0
2024-11-12 19:40:28,386 [WARN] PackLoader:240 - Cannot read IP mode file for STMicroelectronics.X-CUBE-ISPU.2.1.0
2024-11-12 19:40:28,394 [WARN] PackLoader:240 - Cannot read IP mode file for STMicroelectronics.X-CUBE-FREERTOS.1.2.0
2024-11-12 19:40:28,424 [WARN] PackLoader:240 - Cannot read IP mode file for STMicroelectronics.X-CUBE-AZRTOS-L5.2.0.0
2024-11-12 19:40:28,438 [WARN] PackLoader:240 - Cannot read IP mode file for STMicroelectronics.X-CUBE-NFC6.3.1.0
2024-11-12 19:40:28,449 [WARN] PackLoader:240 - Cannot read IP mode file for STMicroelectronics.X-CUBE-DPower.1.2.0
2024-11-12 19:40:28,454 [WARN] PackLoader:240 - Cannot read IP mode file for STMicroelectronics.X-CUBE-AI.9.0.0
2024-11-12 19:40:28,459 [WARN] PackLoader:240 - Cannot read IP mode file for STMicroelectronics.X-CUBE-NFC7.1.0.1
2024-11-12 19:40:28,463 [WARN] PackLoader:240 - Cannot read IP mode file for wolfSSL.I-CUBE-wolfTPM.3.2.0
2024-11-12 19:40:28,477 [WARN] PackLoader:240 - Cannot read IP mode file for STMicroelectronics.X-CUBE-NFC6.3.0.0
2024-11-12 19:40:28,483 [WARN] PackLoader:240 - Cannot read IP mode file for STMicroelectronics.X-CUBE-AI.8.1.0
2024-11-12 19:40:28,504 [WARN] ConditionMgr:438 - getConditionDescription Invalid condition id : LAN8742 Phy interface Condition cause : null
2024-11-12 19:40:28,505 [WARN] PackLoader:240 - Cannot read IP mode file for STMicroelectronics.X-CUBE-AZRTOS-L4.2.0.0
2024-11-12 19:40:28,510 [WARN] ConditionMgr:1039 - genDependencies : Invalid condition id : LAN8742 Phy interface Condition cause : null
2024-11-12 19:40:28,511 [WARN] ConditionMgr:1039 - genDependencies : Invalid condition id : LAN8742 Phy interface Condition cause : null
2024-11-12 19:40:28,512 [WARN] ConditionMgr:1039 - genDependencies : Invalid condition id : LAN8742 Phy interface Condition cause : null
2024-11-12 19:40:28,522 [WARN] PackLoader:240 - Cannot read IP mode file for STMicroelectronics.X-CUBE-SFXS2LP1.4.0.0
2024-11-12 19:40:28,557 [WARN] PackLoader:240 - Cannot read IP mode file for STMicroelectronics.X-CUBE-AZRTOS-H7.3.3.0
2024-11-12 19:40:28,586 [WARN] PackLoader:240 - Cannot read IP mode file for STMicroelectronics.X-CUBE-IPS.3.0.0
2024-11-12 19:40:28,604 [WARN] ConditionMgr:438 - getConditionDescription Invalid condition id : UX DEVICE CLASS RTOS Condition cause : null
2024-11-12 19:40:28,605 [WARN] ConditionMgr:438 - getConditionDescription Invalid condition id : UX DEVICE CLASS RTOS Condition cause : null
2024-11-12 19:40:28,608 [WARN] PackLoader:240 - Cannot read IP mode file for STMicroelectronics.X-CUBE-AZRTOS-WB.2.0.0
2024-11-12 19:40:28,609 [WARN] ConditionMgr:1039 - genDependencies : Invalid condition id : UX DEVICE CLASS RTOS Condition cause : null
2024-11-12 19:40:28,609 [WARN] ConditionMgr:1039 - genDependencies : Invalid condition id : UX DEVICE CLASS RTOS Condition cause : null
2024-11-12 19:40:28,610 [WARN] ConditionMgr:1039 - genDependencies : Invalid condition id : UX DEVICE CLASS RTOS Condition cause : null
2024-11-12 19:40:28,611 [WARN] ConditionMgr:1039 - genDependencies : Invalid condition id : UX DEVICE CLASS RTOS Condition cause : null
2024-11-12 19:40:28,611 [WARN] ConditionMgr:1039 - genDependencies : Invalid condition id : UX DEVICE CLASS RTOS Condition cause : null
2024-11-12 19:40:28,616 [WARN] PackLoader:240 - Cannot read IP mode file for STMicroelectronics.X-CUBE-GNSS1.7.0.0
2024-11-12 19:40:28,622 [WARN] PackLoader:240 - Cannot read IP mode file for STMicroelectronics.FP-SNS-STBOX1.2.0.0
2024-11-12 19:40:28,638 [WARN] PackLoader:240 - Cannot read IP mode file for STMicroelectronics.X-CUBE-SUBG2.5.0.0
2024-11-12 19:40:28,661 [WARN] PackLoader:240 - Cannot read IP mode file for STMicroelectronics.X-CUBE-AZRTOS-G4.2.0.0
2024-11-12 19:40:28,667 [WARN] PackLoader:240 - Cannot read IP mode file for STMicroelectronics.FP-SNS-MOTENVWB1.1.3.1
2024-11-12 19:40:28,672 [WARN] PackLoader:240 - Cannot read IP mode file for STMicroelectronics.X-CUBE-ISPU.2.0.0
2024-11-12 19:40:28,676 [WARN] PackLoader:240 - Cannot read IP mode file for STMicroelectronics.X-CUBE-ALS.1.0.2
2024-11-12 19:40:28,789 [WARN] PackLoader:240 - Cannot read IP mode file for STMicroelectronics.X-CUBE-MEMS1.10.0.0
2024-11-12 19:40:28,916 [WARN] PackLoader:240 - Cannot read IP mode file for STMicroelectronics.X-CUBE-FREERTOS.1.1.0
2024-11-12 19:40:28,925 [WARN] PackLoader:240 - Cannot read IP mode file for STMicroelectronics.X-CUBE-TOUCHGFX.4.24.0
2024-11-12 19:40:28,928 [WARN] PackLoader:240 - Cannot read IP mode file for STMicroelectronics.X-CUBE-TOUCHGFX.4.24.1
2024-11-12 19:40:28,935 [WARN] PackLoader:240 - Cannot read IP mode file for portGmbH.I-Cube-SoM-uGOAL.1.1.0
2024-11-12 19:40:28,939 [WARN] PackLoader:240 - Cannot read IP mode file for STMicroelectronics.X-CUBE-ALS.1.0.1
2024-11-12 19:40:28,957 [WARN] PackLoader:240 - Cannot read IP mode file for STMicroelectronics.X-CUBE-AZRTOS-H7RS.1.0.0
2024-11-12 19:40:28,965 [WARN] PackLoader:240 - Cannot read IP mode file for STMicroelectronics.FP-ATR-ASTRA1.2.0.0
2024-11-12 19:40:28,977 [WARN] PackLoader:240 - Cannot read IP mode file for STMicroelectronics.X-CUBE-TOF1.3.4.2
2024-11-12 19:40:28,994 [WARN] PackLoader:240 - Cannot read IP mode file for STMicroelectronics.X-CUBE-TOF1.3.4.1
2024-11-12 19:40:29,021 [WARN] PackLoader:240 - Cannot read IP mode file for STMicroelectronics.X-CUBE-AZRTOS-H7.3.2.0
2024-11-12 19:40:29,039 [WARN] PackLoader:240 - Cannot read IP mode file for Infineon.AIROC-Wi-Fi-Bluetooth-STM32.1.6.0
2024-11-12 19:40:29,045 [WARN] PackLoader:240 - Cannot read IP mode file for wolfSSL.I-CUBE-wolfSSH.1.4.17
2024-11-12 19:40:29,047 [INFO] ThirdParty:978 - Integrity check success = true
2024-11-12 19:40:29,047 [INFO] IntegrityCheckThread:100 - exiting critical section [integrity check]
2024-11-12 19:40:29,047 [INFO] IntegrityCheckThread:103 - End integrity checks thread
2024-11-12 19:41:20,035 [INFO] WebApp:167 - Instantiating new browser for Auth
2024-11-12 19:41:22,002 [INFO] WebApp:448 - Apply proxy settings
2024-11-12 19:41:22,057 [INFO] WebApp:493 - Chromium authenticates against Manually configured proxy
2024-11-12 19:41:22,087 [INFO] WebApp:501 - Username used for proxy authentication: 
2024-11-12 19:41:22,152 [INFO] WebApp:869 - Register for checkConnection events
2024-11-12 19:41:22,153 [INFO] WebApp:448 - Apply proxy settings
2024-11-12 19:41:22,158 [INFO] WebApp:493 - Chromium authenticates against Manually configured proxy
2024-11-12 19:41:22,158 [INFO] WebApp:501 - Username used for proxy authentication: 
2024-11-12 19:41:22,346 [INFO] WebApp:220 - Starting web application
2024-11-12 19:41:22,347 [INFO] WebApp:578 - Web application path used /Applications/STM32CubeIDE1.16.app/Contents/Eclipse/plugins/com.st.stm32cube.common.mx_6.12.0.202406281431/db/plugins/mcufinder/reactClient1/index.html
2024-11-12 19:41:22,943 [INFO] UserAuth:417 - Internet connection configuration mode: 1
2024-11-12 19:41:23,118 [INFO] WebApp:186 - Connection restablished
