2024-04-14 22:50:37,228 [INFO] Activator:176 - 


2024-04-14 22:50:37,232 [INFO] Activator:177 - !SESSION log4j initialized
2024-04-14 22:50:42,393 [ERROR] LogOutputStream:75 - [STDERR_REDIRECT] 
2024-04-14 22:50:43,045 [INFO] LogOutputStream:77 - [STDOUT_REDIRECT] 
2024-04-14 22:50:46,895 [INFO] LogOutputStream:77 - [STDOUT_REDIRECT] 
2024-04-14 22:50:47,818 [ERROR] LogOutputStream:75 - [STDERR_REDIRECT] [Fatal Error] :2:10: DOCTYPE no está permitido cuando la función "http://apache.org/xml/features/disallow-doctype-decl" se ha definido en true.
2024-04-14 22:50:47,819 [ERROR] LogOutputStream:75 - [STDERR_REDIRECT] 
2024-04-14 22:50:48,208 [INFO] ApplicationProperties:184 - Using Application install path: /Applications/STM32CubeIDE.app/Contents/Eclipse/plugins/com.st.stm32cube.common.mx_6.10.0.202311202037
2024-04-14 22:50:48,218 [INFO] DbMcusXml:78 - Set database path to: /Applications/STM32CubeIDE.app/Contents/Eclipse/plugins/com.st.stm32cube.common.mx_6.10.0.202311202037//db//mcu/
2024-04-14 22:50:48,218 [INFO] ApiDb:274 - Set plugin database path to: /Applications/STM32CubeIDE.app/Contents/Eclipse/plugins/com.st.stm32cube.common.mx_6.10.0.202311202037//db//plugins/boardmanager/
2024-04-14 22:50:48,218 [WARN] ApiDb:259 - Overriding images path with different value:  => /Applications/STM32CubeIDE.app/Contents/Eclipse/plugins/com.st.stm32cube.common.mx_6.10.0.202311202037//db//plugins/mcufinder/images/
2024-04-14 22:50:48,224 [INFO] ApiDb:250 - Set database path to: /Users/richywarrior/.stmcufinder/plugins/mcufinder//mcu/
2024-04-14 22:50:48,225 [INFO] DbMcusAds:125 - Set database path to: /Users/richywarrior/.stmcufinder/plugins/mcufinder//mcu/
2024-04-14 22:50:48,226 [INFO] CrossReferenceDbSqlite:203 - Set database path to: /Users/richywarrior/.stmcufinder/plugins/mcufinder//mcu/cs/
2024-04-14 22:50:48,325 [INFO] RulesReader:64 - Compatibility file has been processed (297 Rules)
2024-04-14 22:50:48,376 [INFO] DbMcusXml:78 - Set database path to: /Applications/STM32CubeIDE.app/Contents/Eclipse/plugins/com.st.stm32cube.common.mx_6.10.0.202311202037//db//mcu/
2024-04-14 22:50:48,376 [INFO] ApiDb:274 - Set plugin database path to: /Applications/STM32CubeIDE.app/Contents/Eclipse/plugins/com.st.stm32cube.common.mx_6.10.0.202311202037//db//plugins/boardmanager/
2024-04-14 22:50:48,376 [INFO] ApiDb:261 - Set plugin images path to: /Applications/STM32CubeIDE.app/Contents/Eclipse/plugins/com.st.stm32cube.common.mx_6.10.0.202311202037//db//plugins/mcufinder/images/
2024-04-14 22:50:48,377 [WARN] DbFile:41 - Overriding database path with different value: /Users/richywarrior/.stmcufinder/plugins/mcufinder/ => /Users/richywarrior/.stmcufinder/plugins/mcufinder
2024-04-14 22:50:48,377 [INFO] ApiDb:250 - Set database path to: /Users/richywarrior/.stmcufinder/plugins/mcufinder//mcu/
2024-04-14 22:50:48,377 [WARN] DbFile:41 - Overriding database path with different value: /Users/richywarrior/.stmcufinder/plugins/mcufinder/ => /Users/richywarrior/.stmcufinder/plugins/mcufinder
2024-04-14 22:50:48,377 [INFO] DbMcusAds:125 - Set database path to: /Users/richywarrior/.stmcufinder/plugins/mcufinder//mcu/
2024-04-14 22:50:48,377 [WARN] DbFile:41 - Overriding database path with different value: /Users/richywarrior/.stmcufinder/plugins/mcufinder/ => /Users/richywarrior/.stmcufinder/plugins/mcufinder
2024-04-14 22:50:48,377 [WARN] DbFile:41 - Overriding database path with different value: /Users/richywarrior/.stmcufinder/plugins/mcufinder/ => /Users/richywarrior/.stmcufinder/plugins/mcufinder
2024-04-14 22:50:48,377 [INFO] CrossReferenceDbSqlite:203 - Set database path to: /Users/richywarrior/.stmcufinder/plugins/mcufinder//mcu/cs/
2024-04-14 22:50:48,439 [INFO] MainPanel:264 - HeapMemory: 325058560
2024-04-14 22:50:48,505 [INFO] DbMcusXml:78 - Set database path to: /Applications/STM32CubeIDE.app/Contents/Eclipse/plugins/com.st.stm32cube.common.mx_6.10.0.202311202037//db//mcu/
2024-04-14 22:50:48,505 [INFO] ApiDb:274 - Set plugin database path to: /Applications/STM32CubeIDE.app/Contents/Eclipse/plugins/com.st.stm32cube.common.mx_6.10.0.202311202037//db//plugins/boardmanager/
2024-04-14 22:50:48,505 [INFO] ApiDb:261 - Set plugin images path to: /Applications/STM32CubeIDE.app/Contents/Eclipse/plugins/com.st.stm32cube.common.mx_6.10.0.202311202037//db//plugins/mcufinder/images/
2024-04-14 22:50:48,505 [WARN] DbFile:41 - Overriding database path with different value: /Users/richywarrior/.stmcufinder/plugins/mcufinder/ => /Users/richywarrior/.stmcufinder/plugins/mcufinder
2024-04-14 22:50:48,505 [INFO] ApiDb:250 - Set database path to: /Users/richywarrior/.stmcufinder/plugins/mcufinder//mcu/
2024-04-14 22:50:48,506 [WARN] DbFile:41 - Overriding database path with different value: /Users/richywarrior/.stmcufinder/plugins/mcufinder/ => /Users/richywarrior/.stmcufinder/plugins/mcufinder
2024-04-14 22:50:48,506 [INFO] DbMcusAds:125 - Set database path to: /Users/richywarrior/.stmcufinder/plugins/mcufinder//mcu/
2024-04-14 22:50:48,506 [WARN] DbFile:41 - Overriding database path with different value: /Users/richywarrior/.stmcufinder/plugins/mcufinder/ => /Users/richywarrior/.stmcufinder/plugins/mcufinder
2024-04-14 22:50:48,506 [WARN] DbFile:41 - Overriding database path with different value: /Users/richywarrior/.stmcufinder/plugins/mcufinder/ => /Users/richywarrior/.stmcufinder/plugins/mcufinder
2024-04-14 22:50:48,506 [INFO] CrossReferenceDbSqlite:203 - Set database path to: /Users/richywarrior/.stmcufinder/plugins/mcufinder//mcu/cs/
2024-04-14 22:50:48,520 [INFO] ApplicationProperties:184 - Using Application install path: /Applications/STM32CubeIDE.app/Contents/Eclipse/plugins/com.st.stm32cube.common.mx_6.10.0.202311202037
2024-04-14 22:50:48,521 [INFO] PluginManage:196 - Search for loadable plugins [exclusion list=, ]
2024-04-14 22:50:48,522 [INFO] PluginManage:310 - Check plugin analytics
2024-04-14 22:50:48,700 [INFO] AnalyticsPlugin:253 - Accepted Software Licenses: 
2024-04-14 22:50:48,700 [INFO] AnalyticsPlugin:255 - Accepted CMSIS Pack Licenses: 
2024-04-14 22:50:48,700 [INFO] AnalyticsPlugin:257 - Accepted Firmware Licenses: 
2024-04-14 22:50:48,712 [INFO] PluginManage:359 - Loaded plugin analytics (category:tool,tabindex:-1)
2024-04-14 22:50:48,713 [INFO] PluginManage:310 - Check plugin cadmodel
2024-04-14 22:50:49,193 [INFO] CADModel:105 - Init CAD model plugin
2024-04-14 22:50:49,193 [INFO] PluginManage:359 - Loaded plugin cadmodel (category:power,tabindex:5)
2024-04-14 22:50:49,194 [INFO] PluginManage:310 - Check plugin clock
2024-04-14 22:50:49,202 [INFO] PluginManage:359 - Loaded plugin clock (category:base,tabindex:2)
2024-04-14 22:50:49,202 [INFO] PluginManage:310 - Check plugin ddr
2024-04-14 22:50:49,204 [INFO] PluginManage:359 - Loaded plugin ddr (category:tool,tabindex:6)
2024-04-14 22:50:49,204 [INFO] PluginManage:310 - Check plugin filemanager
2024-04-14 22:50:49,410 [INFO] PluginManage:359 - Loaded plugin filemanager (category:base,tabindex:10)
2024-04-14 22:50:49,412 [INFO] PluginManage:310 - Check plugin ipmanager
2024-04-14 22:50:49,427 [INFO] PluginManage:359 - Loaded plugin ipmanager (category:base,tabindex:5)
2024-04-14 22:50:49,428 [INFO] PluginManage:310 - Check plugin lpbam
2024-04-14 22:50:49,438 [INFO] PluginManage:359 - Loaded plugin lpbam (category:base,tabindex:0)
2024-04-14 22:50:49,438 [INFO] PluginManage:310 - Check plugin memorymap
2024-04-14 22:50:49,445 [INFO] PluginManage:359 - Loaded plugin memorymap (category:base,tabindex:4)
2024-04-14 22:50:49,445 [INFO] PluginManage:310 - Check plugin pinoutandconfiguration
2024-04-14 22:50:49,448 [INFO] PluginManage:359 - Loaded plugin pinoutandconfiguration (category:base,tabindex:1)
2024-04-14 22:50:49,448 [INFO] PluginManage:310 - Check plugin pinoutconfig
2024-04-14 22:50:49,516 [WARN] SupportedApi:132 - Cannot load RTOS API schema: s4s-elt-must-match.1: The content of 'definitions' must match (annotation?, (simpleType | complexType)?, (unique | key | keyref)*)). A problem was found starting at: attribute.
2024-04-14 22:50:49,713 [INFO] PluginManage:359 - Loaded plugin pinoutconfig (category:base,tabindex:0)
2024-04-14 22:50:49,715 [INFO] PluginManage:310 - Check plugin power
2024-04-14 22:50:49,736 [INFO] PluginManage:359 - Loaded plugin power (category:power,tabindex:4)
2024-04-14 22:50:49,737 [INFO] PluginManage:310 - Check plugin projectmanager
2024-04-14 22:50:49,770 [INFO] PluginManage:359 - Loaded plugin projectmanager (category:projectmanager,tabindex:3)
2024-04-14 22:50:49,771 [INFO] PluginManage:310 - Check plugin thirdparty
2024-04-14 22:50:49,902 [INFO] PluginManage:359 - Loaded plugin thirdparty (category:base,tabindex:-1)
2024-04-14 22:50:49,902 [INFO] PluginManage:310 - Check plugin tools
2024-04-14 22:50:49,902 [WARN] IntegrityCheckThread:84 - waiting for thirdparty lock release [integrity check]
2024-04-14 22:50:49,904 [INFO] IntegrityCheckThread:86 - entering critical section [integrity check]
2024-04-14 22:50:49,905 [INFO] PluginManage:359 - Loaded plugin tools (category:base,tabindex:7)
2024-04-14 22:50:49,905 [INFO] PluginManage:310 - Check plugin tutovideos
2024-04-14 22:50:49,905 [INFO] ThirdPartyUpdaterWithRetryManager:70 - Updater plugin not ready yet. [1/15]
2024-04-14 22:50:50,040 [INFO] PluginManage:359 - Loaded plugin tutovideos (category:base,tabindex:-1)
2024-04-14 22:50:50,040 [INFO] PluginManage:310 - Check plugin updater
2024-04-14 22:50:50,050 [INFO] PluginManage:359 - Loaded plugin updater (category:base,tabindex:12)
2024-04-14 22:50:50,050 [INFO] PluginManage:310 - Check plugin userauth
2024-04-14 22:50:50,056 [INFO] UserAuth:114 - Init User Auth plugin
2024-04-14 22:50:50,057 [INFO] PluginManage:359 - Loaded plugin userauth (category:base,tabindex:14)
2024-04-14 22:50:50,057 [INFO] PluginManage:283 - PluginManage : Loaded plugins [17]
2024-04-14 22:50:50,258 [INFO] PinOutPanel:1499 - setPackage(No Configuration,No Configuration)
2024-04-14 22:50:50,307 [INFO] CADModel:165 - CPN selected for project level
2024-04-14 22:50:50,307 [INFO] CADModel:114 - Register for checkConnection events
2024-04-14 22:50:50,314 [INFO] IPUIPlugin:80 - create IPUIPlugin
2024-04-14 22:50:50,315 [INFO] PluginManager:220 - loadIPPluginJar : add mdma
2024-04-14 22:50:50,319 [INFO] IPUIPlugin:80 - create IPUIPlugin
2024-04-14 22:50:50,319 [INFO] PluginManager:220 - loadIPPluginJar : add freertos
2024-04-14 22:50:50,322 [INFO] IPUIPlugin:80 - create IPUIPlugin
2024-04-14 22:50:50,322 [INFO] PluginManager:220 - loadIPPluginJar : add gic
2024-04-14 22:50:50,326 [INFO] IPUIPlugin:80 - create IPUIPlugin
2024-04-14 22:50:50,326 [INFO] PluginManager:220 - loadIPPluginJar : add adc
2024-04-14 22:50:50,327 [INFO] IPUIPlugin:80 - create IPUIPlugin
2024-04-14 22:50:50,328 [INFO] PluginManager:220 - loadIPPluginJar : add gtzc
2024-04-14 22:50:50,328 [INFO] IPUIPlugin:80 - create IPUIPlugin
2024-04-14 22:50:50,328 [INFO] PluginManager:220 - loadIPPluginJar : add quadspi
2024-04-14 22:50:50,337 [INFO] IPUIPlugin:80 - create IPUIPlugin
2024-04-14 22:50:50,337 [INFO] PluginManager:220 - loadIPPluginJar : add aes
2024-04-14 22:50:50,340 [INFO] IPUIPlugin:80 - create IPUIPlugin
2024-04-14 22:50:50,340 [INFO] PluginManager:220 - loadIPPluginJar : add pdm2pcm
2024-04-14 22:50:50,341 [INFO] IPUIPlugin:80 - create IPUIPlugin
2024-04-14 22:50:50,341 [INFO] PluginManager:220 - loadIPPluginJar : add hash
2024-04-14 22:50:50,342 [INFO] IPUIPlugin:80 - create IPUIPlugin
2024-04-14 22:50:50,342 [INFO] PluginManager:220 - loadIPPluginJar : add tim
2024-04-14 22:50:50,343 [INFO] IPUIPlugin:80 - create IPUIPlugin
2024-04-14 22:50:50,343 [INFO] PluginManager:220 - loadIPPluginJar : add tsc
2024-04-14 22:50:50,344 [INFO] IPUIPlugin:80 - create IPUIPlugin
2024-04-14 22:50:50,344 [INFO] PluginManager:220 - loadIPPluginJar : add ts
2024-04-14 22:50:50,345 [INFO] IPUIPlugin:80 - create IPUIPlugin
2024-04-14 22:50:50,345 [INFO] PluginManager:220 - loadIPPluginJar : add can
2024-04-14 22:50:50,347 [INFO] IPUIPlugin:80 - create IPUIPlugin
2024-04-14 22:50:50,347 [INFO] PluginManager:220 - loadIPPluginJar : add dma3
2024-04-14 22:50:50,348 [INFO] IPUIPlugin:80 - create IPUIPlugin
2024-04-14 22:50:50,348 [INFO] PluginManager:220 - loadIPPluginJar : add dfsdm
2024-04-14 22:50:50,349 [INFO] IPUIPlugin:80 - create IPUIPlugin
2024-04-14 22:50:50,349 [INFO] PluginManager:220 - loadIPPluginJar : add spi
2024-04-14 22:50:50,350 [INFO] IPUIPlugin:80 - create IPUIPlugin
2024-04-14 22:50:50,350 [INFO] PluginManager:220 - loadIPPluginJar : add gfxmmu
2024-04-14 22:50:50,351 [INFO] IPUIPlugin:80 - create IPUIPlugin
2024-04-14 22:50:50,351 [INFO] PluginManager:220 - loadIPPluginJar : add genericplugin
2024-04-14 22:50:50,352 [INFO] IPUIPlugin:80 - create IPUIPlugin
2024-04-14 22:50:50,352 [INFO] PluginManager:220 - loadIPPluginJar : add cryp
2024-04-14 22:50:50,354 [INFO] IPUIPlugin:80 - create IPUIPlugin
2024-04-14 22:50:50,354 [INFO] PluginManager:220 - loadIPPluginJar : add gpio
2024-04-14 22:50:50,355 [INFO] IPUIPlugin:80 - create IPUIPlugin
2024-04-14 22:50:50,356 [INFO] PluginManager:220 - loadIPPluginJar : add comp
2024-04-14 22:50:50,357 [INFO] IPUIPlugin:80 - create IPUIPlugin
2024-04-14 22:50:50,357 [INFO] PluginManager:220 - loadIPPluginJar : add tracer_emb
2024-04-14 22:50:50,358 [INFO] IPUIPlugin:80 - create IPUIPlugin
2024-04-14 22:50:50,358 [INFO] PluginManager:220 - loadIPPluginJar : add openamp
2024-04-14 22:50:50,360 [INFO] IPUIPlugin:80 - create IPUIPlugin
2024-04-14 22:50:50,361 [INFO] PluginManager:220 - loadIPPluginJar : add stm32_wpan
2024-04-14 22:50:50,363 [INFO] IPUIPlugin:80 - create IPUIPlugin
2024-04-14 22:50:50,365 [INFO] PluginManager:220 - loadIPPluginJar : add plateformsettings
2024-04-14 22:50:50,367 [INFO] IPUIPlugin:80 - create IPUIPlugin
2024-04-14 22:50:50,367 [INFO] PluginManager:220 - loadIPPluginJar : add ipddr
2024-04-14 22:50:50,368 [INFO] IPUIPlugin:80 - create IPUIPlugin
2024-04-14 22:50:50,368 [INFO] PluginManager:220 - loadIPPluginJar : add usart
2024-04-14 22:50:50,369 [INFO] IPUIPlugin:80 - create IPUIPlugin
2024-04-14 22:50:50,369 [INFO] PluginManager:220 - loadIPPluginJar : add ltdc
2024-04-14 22:50:50,370 [INFO] IPUIPlugin:80 - create IPUIPlugin
2024-04-14 22:50:50,370 [INFO] PluginManager:220 - loadIPPluginJar : add nvic
2024-04-14 22:50:50,371 [INFO] IPUIPlugin:80 - create IPUIPlugin
2024-04-14 22:50:50,371 [INFO] PluginManager:220 - loadIPPluginJar : add fatfs
2024-04-14 22:50:50,374 [INFO] IPUIPlugin:80 - create IPUIPlugin
2024-04-14 22:50:50,374 [INFO] PluginManager:220 - loadIPPluginJar : add linkedlist
2024-04-14 22:50:50,377 [INFO] IPUIPlugin:80 - create IPUIPlugin
2024-04-14 22:50:50,377 [INFO] PluginManager:220 - loadIPPluginJar : add dma
2024-04-14 22:50:50,379 [INFO] IPUIPlugin:80 - create IPUIPlugin
2024-04-14 22:50:50,379 [INFO] PluginManager:220 - loadIPPluginJar : add fmc
2024-04-14 22:50:50,380 [INFO] IPUIPlugin:80 - create IPUIPlugin
2024-04-14 22:50:50,380 [INFO] PluginManager:220 - loadIPPluginJar : add i2s
2024-04-14 22:50:50,381 [INFO] IPUIPlugin:80 - create IPUIPlugin
2024-04-14 22:50:50,381 [INFO] PluginManager:220 - loadIPPluginJar : add ucpd
2024-04-14 22:50:50,382 [INFO] IPUIPlugin:80 - create IPUIPlugin
2024-04-14 22:50:50,382 [INFO] PluginManager:220 - loadIPPluginJar : add lorawan
2024-04-14 22:50:50,383 [INFO] IPUIPlugin:80 - create IPUIPlugin
2024-04-14 22:50:50,383 [INFO] PluginManager:220 - loadIPPluginJar : add opamp
2024-04-14 22:50:50,384 [INFO] IPUIPlugin:80 - create IPUIPlugin
2024-04-14 22:50:50,384 [INFO] PluginManager:220 - loadIPPluginJar : add i3c
2024-04-14 22:50:50,385 [INFO] IPUIPlugin:80 - create IPUIPlugin
2024-04-14 22:50:50,385 [INFO] PluginManager:220 - loadIPPluginJar : add touchsensing
2024-04-14 22:50:50,386 [INFO] IPUIPlugin:80 - create IPUIPlugin
2024-04-14 22:50:50,387 [INFO] PluginManager:220 - loadIPPluginJar : add i2c
2024-04-14 22:50:50,388 [INFO] IPUIPlugin:80 - create IPUIPlugin
2024-04-14 22:50:50,388 [INFO] PluginManager:220 - loadIPPluginJar : add resmgrutility
2024-04-14 22:50:50,390 [INFO] IPUIPlugin:80 - create IPUIPlugin
2024-04-14 22:50:50,390 [INFO] PluginManager:220 - loadIPPluginJar : add sai
2024-04-14 22:50:50,391 [INFO] IPUIPlugin:80 - create IPUIPlugin
2024-04-14 22:50:50,391 [INFO] PluginManager:220 - loadIPPluginJar : add usbx
2024-04-14 22:50:50,503 [INFO] CADModel:165 - CPN selected for project level
2024-04-14 22:50:50,504 [INFO] CADModel:114 - Register for checkConnection events
2024-04-14 22:50:50,504 [FATAL] Updater:308 - Updater called before beeing initialized
2024-04-14 22:50:50,504 [ERROR] CADModel:125 - Updater not yet initialized, retry later 
2024-04-14 22:50:50,714 [INFO] CADModel:165 - CPN selected for project level
2024-04-14 22:50:50,715 [INFO] CADModel:114 - Register for checkConnection events
2024-04-14 22:50:50,715 [FATAL] Updater:308 - Updater called before beeing initialized
2024-04-14 22:50:50,715 [ERROR] CADModel:125 - Updater not yet initialized, retry later 
2024-04-14 22:50:50,717 [FATAL] Updater:308 - Updater called before beeing initialized
2024-04-14 22:50:50,827 [FATAL] Updater:308 - Updater called before beeing initialized
2024-04-14 22:50:50,831 [INFO] DbMcusAds:53 - JSON generation date=Wed Nov 29 04:52:27 CST 2023 (1701255147349)
2024-04-14 22:50:50,831 [FATAL] Updater:308 - Updater called before beeing initialized
2024-04-14 22:50:50,905 [WARN] DetailPanel:346 - Failed to get advertising image, set to default
2024-04-14 22:50:50,971 [FATAL] Updater:308 - Updater called before beeing initialized
2024-04-14 22:50:50,972 [FATAL] Updater:308 - Updater called before beeing initialized
2024-04-14 22:50:50,972 [FATAL] Updater:308 - Updater called before beeing initialized
2024-04-14 22:50:50,972 [WARN] DetailPanel:346 - Failed to get advertising image, set to default
2024-04-14 22:50:50,973 [FATAL] Updater:308 - Updater called before beeing initialized
2024-04-14 22:50:51,023 [ERROR] Updater:1120 - MainUpdater not yet initialized. External WinMGr cannot be set.
2024-04-14 22:50:51,057 [INFO] Updater:1056 - Updater Version found : 6.10.0
2024-04-14 22:50:51,068 [INFO] ApplicationProperties:184 - Using Application install path: /Applications/STM32CubeIDE.app/Contents/Eclipse/plugins/com.st.stm32cube.common.mx_6.10.0.202311202037
2024-04-14 22:50:51,580 [INFO] MainUpdater:2873 - connection check result : 10
2024-04-14 22:50:51,581 [INFO] MainUpdater:3567 - Updater definition file requires update
2024-04-14 22:50:51,582 [INFO] MainUpdater:290 - Updater Check For Update Now.
2024-04-14 22:50:51,582 [INFO] MicroXplorer:498 - Change Database Version : DB.6.0.100
2024-04-14 22:50:51,597 [INFO] McuFinderGlobals:63 - Set McuFinder mode to 2 (CubeIDE integrated)
2024-04-14 22:50:51,597 [INFO] UserAuth:180 - activating auth plugin
2024-04-14 22:50:51,625 [INFO] UserAuth:404 - Internet connection configuration mode: 1
2024-04-14 22:50:51,638 [INFO] JxBrowserEngine:152 - Initiate JxBrowser Engine with user profile folder
2024-04-14 22:50:51,728 [INFO] ServerAccessManage:473 - Download File updaters.zip
2024-04-14 22:50:51,916 [INFO] FileExtend:240 - Unzip File : updaters.zip
2024-04-14 22:50:51,916 [INFO] FileExtend:255 - Standard Zip Deflate
2024-04-14 22:50:52,369 [INFO] ServerAccessManage:473 - Download File PacksControlFlags.xml
2024-04-14 22:50:52,568 [INFO] ServerAccessManage:473 - Download File cubemx.pidx
2024-04-14 22:50:52,912 [WARN] MainUpdater:1194 - Updater busy. Cannot search thirdparties
2024-04-14 22:50:52,913 [INFO] ThirdPartyUpdaterWithRetryManager:96 - Updater plugin is busy. [1/15]
2024-04-14 22:50:53,714 [INFO] ServerAccessManage:473 - Download File STMicroelectronics.X-CUBE-TCPP.pdsc
2024-04-14 22:50:54,449 [WARN] PackLoader:240 - Cannot read IP mode file for STMicroelectronics.X-CUBE-TCPP.4.1.0
2024-04-14 22:50:54,474 [INFO] PopulateThirdPartyThread:66 - Ending populate Thread
2024-04-14 22:50:54,476 [INFO] ThirdParty:1030 - CMSIS Pack Vendor :STMicroelectronics X-CUBE-TCPP 4.1.0
2024-04-14 22:50:54,476 [INFO] LoadServerUpdatesThread:375 - End of LoadServerUpdate Thread
2024-04-14 22:50:54,605 [INFO] CheckServerUpdateThread:120 - End of CheckServer Thread
2024-04-14 22:50:56,023 [WARN] PackLoader:240 - Cannot read IP mode file for STMicroelectronics.X-CUBE-SMBUS.2.1.0
2024-04-14 22:50:56,044 [WARN] PackLoader:240 - Cannot read IP mode file for STMicroelectronics.X-CUBE-TOUCHGFX.4.23.1
2024-04-14 22:50:56,046 [WARN] PackLoader:240 - Cannot read IP mode file for STMicroelectronics.X-CUBE-TOUCHGFX.4.23.0
2024-04-14 22:50:56,049 [WARN] PackLoader:240 - Cannot read IP mode file for STMicroelectronics.X-CUBE-TOUCHGFX.4.23.2
2024-04-14 22:50:56,107 [WARN] PackLoader:240 - Cannot read IP mode file for STMicroelectronics.X-CUBE-AZRTOS-F7.1.1.0
2024-04-14 22:50:56,137 [WARN] PackLoader:240 - Cannot read IP mode file for STMicroelectronics.FP-SNS-MOTENV1.4.3.2
2024-04-14 22:50:56,175 [WARN] PackLoader:240 - Cannot read IP mode file for STMicroelectronics.FP-SNS-FLIGHT1.5.0.2
2024-04-14 22:50:56,187 [WARN] PackLoader:240 - Cannot read IP mode file for STMicroelectronics.X-CUBE-DISPLAY.3.0.0
2024-04-14 22:50:56,216 [WARN] PackLoader:240 - Cannot read IP mode file for STMicroelectronics.X-CUBE-BLE1.7.0.0
2024-04-14 22:50:56,234 [WARN] PackLoader:240 - Cannot read IP mode file for emotas.I-CUBE-CANOPEN.1.3.0
2024-04-14 22:50:56,250 [WARN] PackLoader:240 - Cannot read IP mode file for STMicroelectronics.FP-SNS-SMARTAG2.1.2.0
2024-04-14 22:50:56,265 [INFO] LogOutputStream:77 - [STDOUT_REDIRECT] 1 : Invalid condition id : UX_CORESTACK_Condition cause : null
2024-04-14 22:50:56,267 [INFO] LogOutputStream:77 - [STDOUT_REDIRECT] 1 : Invalid condition id : UX_CORESTACK_Condition cause : null
2024-04-14 22:50:56,267 [INFO] LogOutputStream:77 - [STDOUT_REDIRECT] 1 : Invalid condition id : UX_CORESTACK_Condition cause : null
2024-04-14 22:50:56,267 [INFO] LogOutputStream:77 - [STDOUT_REDIRECT] 1 : Invalid condition id : UX_CORESTACK_Condition cause : null
2024-04-14 22:50:56,267 [INFO] LogOutputStream:77 - [STDOUT_REDIRECT] 1 : Invalid condition id : UX_CORESTACK_Condition cause : null
2024-04-14 22:50:56,277 [WARN] PackLoader:240 - Cannot read IP mode file for STMicroelectronics.X-CUBE-AZRTOS-WL.2.0.0
2024-04-14 22:50:56,298 [WARN] PackLoader:240 - Cannot read IP mode file for STMicroelectronics.FP-SNS-MOTENV1.5.0.0
2024-04-14 22:50:56,312 [WARN] PackLoader:240 - Cannot read IP mode file for WES.I-CUBE-Cesium.1.3.0
2024-04-14 22:50:56,322 [WARN] PackLoader:240 - Cannot read IP mode file for STMicroelectronics.X-CUBE-BLE2.3.3.0
2024-04-14 22:50:56,328 [WARN] PackLoader:240 - Cannot read IP mode file for STMicroelectronics.X-CUBE-TCPP.4.1.0
2024-04-14 22:50:56,358 [WARN] PackLoader:240 - Cannot read IP mode file for STMicroelectronics.X-CUBE-ALGOBUILD.1.3.0
2024-04-14 22:50:56,400 [WARN] PackLoader:240 - Cannot read IP mode file for STMicroelectronics.X-CUBE-AZRTOS-G0.1.1.0
2024-04-14 22:50:56,427 [WARN] PackLoader:240 - Cannot read IP mode file for STMicroelectronics.X-CUBE-SAFEA1.1.2.2
2024-04-14 22:50:56,475 [WARN] PackLoader:240 - Cannot read IP mode file for STMicroelectronics.X-CUBE-NFC4.3.0.0
2024-04-14 22:50:56,488 [WARN] PackLoader:240 - Cannot read IP mode file for wolfSSL.I-CUBE-wolfSSL.5.7.0
2024-04-14 22:50:56,499 [WARN] PackLoader:240 - Cannot read IP mode file for STMicroelectronics.FP-ATR-SIGFOX1.3.2.0
2024-04-14 22:50:56,506 [WARN] PackLoader:240 - Cannot read IP mode file for ITTIA_DB.I-CUBE-ITTIADB.8.9.0
2024-04-14 22:50:56,608 [WARN] PackLoader:240 - Cannot read IP mode file for SEGGER.I-CUBE-embOS.1.3.1
2024-04-14 22:50:56,750 [WARN] PackLoader:240 - Cannot read IP mode file for STMicroelectronics.X-CUBE-GNSS1.6.0.0
2024-04-14 22:50:56,813 [WARN] PackLoader:240 - Cannot read IP mode file for STMicroelectronics.X-CUBE-AZRTOS-F4.1.1.0
2024-04-14 22:50:56,876 [WARN] PackLoader:240 - Cannot read IP mode file for STMicroelectronics.X-CUBE-AZRTOS-L5.2.0.0
2024-04-14 22:50:56,910 [WARN] PackLoader:240 - Cannot read IP mode file for STMicroelectronics.X-CUBE-NFC6.3.1.0
2024-04-14 22:50:56,928 [WARN] PackLoader:240 - Cannot read IP mode file for STMicroelectronics.X-CUBE-NFC7.1.0.1
2024-04-14 22:50:56,970 [WARN] PackLoader:240 - Cannot read IP mode file for STMicroelectronics.X-CUBE-NFC6.3.0.0
2024-04-14 22:50:56,981 [WARN] PackLoader:240 - Cannot read IP mode file for STMicroelectronics.X-CUBE-AI.8.1.0
2024-04-14 22:50:57,011 [WARN] ConditionMgr:438 - getConditionDescription Invalid condition id : LAN8742 Phy interface Condition cause : null
2024-04-14 22:50:57,013 [WARN] PackLoader:240 - Cannot read IP mode file for STMicroelectronics.X-CUBE-AZRTOS-L4.2.0.0
2024-04-14 22:50:57,019 [WARN] ConditionMgr:1039 - genDependencies : Invalid condition id : LAN8742 Phy interface Condition cause : null
2024-04-14 22:50:57,020 [WARN] ConditionMgr:1039 - genDependencies : Invalid condition id : LAN8742 Phy interface Condition cause : null
2024-04-14 22:50:57,022 [WARN] ConditionMgr:1039 - genDependencies : Invalid condition id : LAN8742 Phy interface Condition cause : null
2024-04-14 22:50:57,041 [WARN] PackLoader:240 - Cannot read IP mode file for STMicroelectronics.X-CUBE-SFXS2LP1.4.0.0
2024-04-14 22:50:57,062 [WARN] ConditionMgr:438 - getConditionDescription Invalid condition id : UX DEVICE CLASS RTOS Condition cause : null
2024-04-14 22:50:57,064 [WARN] ConditionMgr:438 - getConditionDescription Invalid condition id : UX DEVICE CLASS RTOS Condition cause : null
2024-04-14 22:50:57,071 [WARN] PackLoader:240 - Cannot read IP mode file for STMicroelectronics.X-CUBE-AZRTOS-WB.2.0.0
2024-04-14 22:50:57,072 [WARN] ConditionMgr:1039 - genDependencies : Invalid condition id : UX DEVICE CLASS RTOS Condition cause : null
2024-04-14 22:50:57,073 [WARN] ConditionMgr:1039 - genDependencies : Invalid condition id : UX DEVICE CLASS RTOS Condition cause : null
2024-04-14 22:50:57,074 [WARN] ConditionMgr:1039 - genDependencies : Invalid condition id : UX DEVICE CLASS RTOS Condition cause : null
2024-04-14 22:50:57,075 [WARN] ConditionMgr:1039 - genDependencies : Invalid condition id : UX DEVICE CLASS RTOS Condition cause : null
2024-04-14 22:50:57,075 [WARN] ConditionMgr:1039 - genDependencies : Invalid condition id : UX DEVICE CLASS RTOS Condition cause : null
2024-04-14 22:50:57,103 [WARN] PackLoader:240 - Cannot read IP mode file for STMicroelectronics.X-CUBE-SUBG2.5.0.0
2024-04-14 22:50:57,137 [WARN] PackLoader:240 - Cannot read IP mode file for STMicroelectronics.X-CUBE-AZRTOS-G4.2.0.0
2024-04-14 22:50:57,218 [INFO] WebApp:161 - Instantiating new browser for Auth
2024-04-14 22:50:57,235 [WARN] PackLoader:240 - Cannot read IP mode file for STMicroelectronics.X-CUBE-MEMS1.10.0.0
2024-04-14 22:50:57,382 [WARN] PackLoader:240 - Cannot read IP mode file for STMicroelectronics.X-CUBE-FREERTOS.1.1.0
2024-04-14 22:50:57,390 [WARN] PackLoader:240 - Cannot read IP mode file for portGmbH.I-Cube-SoM-uGOAL.1.1.0
2024-04-14 22:50:57,395 [WARN] PackLoader:240 - Cannot read IP mode file for STMicroelectronics.X-CUBE-ALS.1.0.1
2024-04-14 22:50:57,398 [WARN] PackLoader:240 - Cannot read IP mode file for STMicroelectronics.FP-ATR-ASTRA1.2.0.0
2024-04-14 22:50:57,412 [WARN] PackLoader:240 - Cannot read IP mode file for Infineon.AIROC-Wi-Fi-Bluetooth-STM32.1.6.0
2024-04-14 22:50:57,425 [INFO] ThirdParty:978 - Integrity check success = true
2024-04-14 22:50:57,425 [INFO] IntegrityCheckThread:100 - exiting critical section [integrity check]
2024-04-14 22:50:57,425 [INFO] IntegrityCheckThread:103 - End integrity checks thread
2024-04-14 22:50:58,963 [INFO] WebApp:780 - Register for checkConnection events
2024-04-14 22:50:58,967 [INFO] WebApp:414 - Apply proxy settings
2024-04-14 22:50:58,993 [INFO] WebApp:459 - Chromium authenticates against Manually configured proxy
2024-04-14 22:50:59,021 [INFO] WebApp:467 - Username used for proxy authentication: 
2024-04-14 22:50:59,159 [INFO] WebApp:192 - Starting web application
2024-04-14 22:50:59,160 [INFO] WebApp:544 - Web application path used /Applications/STM32CubeIDE.app/Contents/Eclipse/plugins/com.st.stm32cube.common.mx_6.10.0.202311202037/db/plugins/mcufinder/reactClient1/index.html
2024-04-14 22:51:20,740 [ERROR] LogOutputStream:75 - [STDERR_REDIRECT] SLF4J: Failed to load class "org.slf4j.impl.StaticLoggerBinder".
2024-04-14 22:51:20,742 [ERROR] LogOutputStream:75 - [STDERR_REDIRECT] SLF4J: Defaulting to no-operation (NOP) logger implementation
2024-04-14 22:51:20,742 [ERROR] LogOutputStream:75 - [STDERR_REDIRECT] SLF4J: See http://www.slf4j.org/codes.html#StaticLoggerBinder for further details.
2024-04-14 23:05:16,631 [ERROR] LogOutputStream:75 - [STDERR_REDIRECT] 
