2024-05-29 22:03:39,107 [INFO] WebApp:609 - userauth.ini created with success
2024-05-29 22:08:02,291 [ERROR] RtosPanel:558 - Can not restore the selected Tab for FREERTOS(A reason can be that the tab is no more available.)
2024-05-29 22:08:30,851 [ERROR] RtosPanel:558 - Can not restore the selected Tab for FREERTOS(A reason can be that the tab is no more available.)
2024-05-29 22:09:31,852 [INFO] TasksAndQueuesTab:757 - Dynamic
2024-05-29 22:09:31,859 [WARN] TasksAndQueuesTab:763 - 128 128
2024-05-29 22:09:31,859 [WARN] TasksAndQueuesTab:775 - max value is: 768.0
2024-05-29 22:09:34,703 [INFO] EditThreadDialog:704 - RAM SIZE (in KB): 20
2024-05-29 22:09:34,703 [INFO] EditThreadDialog:706 - RAM SIZE (in words): 5120
2024-05-29 22:09:46,542 [INFO] UtilMem:75 - End SaveConfig() Used Memory: 249428552 Bytes (566231040)
2024-05-29 22:09:53,188 [INFO] UtilMem:75 - End SaveConfig() Used Memory: 265442120 Bytes (566231040)
2024-05-29 22:09:59,423 [INFO] ServerAccessManage:473 - Download File stm32cube_fw_f1_v180.zip
2024-05-29 22:10:30,917 [ERROR] FileExtend:455 - File entry not found
2024-05-29 22:10:30,920 [INFO] FileExtend:240 - Unzip File : stm32cube_fw_f1_v180.zip
2024-05-29 22:10:30,921 [INFO] FileExtend:255 - Standard Zip Deflate
2024-05-29 22:10:35,556 [INFO] ServerAccessManage:473 - Download File stm32cube_fw_f1_v185.zip
2024-05-29 22:10:48,894 [INFO] FileExtend:240 - Unzip File : stm32cube_fw_f1_v185.zip
2024-05-29 22:10:48,896 [INFO] FileExtend:255 - Standard Zip Deflate
2024-05-29 22:10:50,397 [INFO] LoadServerPackagesThread:196 - End of LoadServerPackages Thread
2024-05-29 22:10:50,716 [INFO] ThirdPartyModel:298 - Start build external matchings
2024-05-29 22:10:50,796 [INFO] UtilMem:75 - End SaveConfig() Used Memory: 212070584 Bytes (587202560)
2024-05-29 22:10:51,051 [INFO] ThirdPartyModel:316 - End build external matchings
2024-05-29 22:10:51,060 [INFO] CheckServerUpdateThread:120 - End of CheckServer Thread
2024-05-29 22:10:51,414 [INFO] BlockDiagram:2759 - set Specific Code input for plugin: NVIC
2024-05-29 22:10:51,414 [INFO] BlockDiagram:2759 - set Specific Code input for plugin: FREERTOS
2024-05-29 22:10:51,414 [INFO] BlockDiagram:2759 - set Specific Code input for plugin: USART
2024-05-29 22:10:51,414 [INFO] BlockDiagram:2759 - set Specific Code input for plugin: SYS
2024-05-29 22:10:51,414 [INFO] BlockDiagram:2759 - set Specific Code input for plugin: GPIO
2024-05-29 22:10:51,417 [INFO] BlockDiagram:2759 - set Specific Code input for plugin: RCC
2024-05-29 22:10:51,419 [INFO] CodeGenerator:807 - code generatio: config db path: /Applications/STM32CubeIDE.app/Contents/Eclipse/plugins/com.st.stm32cube.common.mx_6.11.1.202404110753//db/
2024-05-29 22:10:51,941 [INFO] CodeEngine:255 - oldGeneratedFile, /Users/richywarrior/STM32CubeIDE/workspace_1.14.0/Lab04_RTOSV2/MXTmpFiles/license.tmp_save
2024-05-29 22:10:52,524 [INFO] CodeEngine:279 - Generated code: /Users/richywarrior/STM32CubeIDE/workspace_1.14.0/Lab04_RTOSV2/MXTmpFiles/license.tmp
2024-05-29 22:10:52,649 [INFO] CodeEngine:255 - oldGeneratedFile, /Users/richywarrior/STM32CubeIDE/workspace_1.14.0/Lab04_RTOSV2/MXTmpFiles/gpio.tmp_save
2024-05-29 22:10:52,881 [INFO] CodeEngine:279 - Generated code: /Users/richywarrior/STM32CubeIDE/workspace_1.14.0/Lab04_RTOSV2/MXTmpFiles/gpio.tmp
2024-05-29 22:10:53,053 [INFO] Middleware:1439 - No code input for Bsp Dependency
2024-05-29 22:10:53,061 [INFO] CodeEngine:255 - oldGeneratedFile, /Users/richywarrior/STM32CubeIDE/workspace_1.14.0/Lab04_RTOSV2/MXTmpFiles/rtos_inc.tmp_save
2024-05-29 22:10:53,182 [INFO] CodeEngine:279 - Generated code: /Users/richywarrior/STM32CubeIDE/workspace_1.14.0/Lab04_RTOSV2/MXTmpFiles/rtos_inc.tmp
2024-05-29 22:10:53,186 [INFO] CodeEngine:255 - oldGeneratedFile, /Users/richywarrior/STM32CubeIDE/workspace_1.14.0/Lab04_RTOSV2/MXTmpFiles/rtos_vars.tmp_save
2024-05-29 22:10:53,255 [INFO] CodeEngine:279 - Generated code: /Users/richywarrior/STM32CubeIDE/workspace_1.14.0/Lab04_RTOSV2/MXTmpFiles/rtos_vars.tmp
2024-05-29 22:10:53,256 [INFO] CodeEngine:255 - oldGeneratedFile, /Users/richywarrior/STM32CubeIDE/workspace_1.14.0/Lab04_RTOSV2/MXTmpFiles/rtos_pfp.tmp_save
2024-05-29 22:10:53,346 [INFO] CodeEngine:279 - Generated code: /Users/richywarrior/STM32CubeIDE/workspace_1.14.0/Lab04_RTOSV2/MXTmpFiles/rtos_pfp.tmp
2024-05-29 22:10:53,357 [INFO] CodeEngine:255 - oldGeneratedFile, /Users/richywarrior/STM32CubeIDE/workspace_1.14.0/Lab04_RTOSV2/MXTmpFiles/rtos_obj_creat.tmp_save
2024-05-29 22:10:53,441 [INFO] CodeEngine:279 - Generated code: /Users/richywarrior/STM32CubeIDE/workspace_1.14.0/Lab04_RTOSV2/MXTmpFiles/rtos_obj_creat.tmp
2024-05-29 22:10:53,448 [INFO] CodeEngine:255 - oldGeneratedFile, /Users/richywarrior/STM32CubeIDE/workspace_1.14.0/Lab04_RTOSV2/MXTmpFiles/rtos_kernelStart.tmp_save
2024-05-29 22:10:53,536 [INFO] CodeEngine:279 - Generated code: /Users/richywarrior/STM32CubeIDE/workspace_1.14.0/Lab04_RTOSV2/MXTmpFiles/rtos_kernelStart.tmp
2024-05-29 22:10:53,538 [INFO] CodeEngine:255 - oldGeneratedFile, /Users/richywarrior/STM32CubeIDE/workspace_1.14.0/Lab04_RTOSV2/MXTmpFiles/rtos_default_thread.tmp_save
2024-05-29 22:10:53,615 [INFO] CodeEngine:279 - Generated code: /Users/richywarrior/STM32CubeIDE/workspace_1.14.0/Lab04_RTOSV2/MXTmpFiles/rtos_default_thread.tmp
2024-05-29 22:10:53,617 [INFO] CodeEngine:255 - oldGeneratedFile, /Users/richywarrior/STM32CubeIDE/workspace_1.14.0/Lab04_RTOSV2/MXTmpFiles/rtos_threads.tmp_save
2024-05-29 22:10:53,685 [INFO] CodeEngine:279 - Generated code: /Users/richywarrior/STM32CubeIDE/workspace_1.14.0/Lab04_RTOSV2/MXTmpFiles/rtos_threads.tmp
2024-05-29 22:10:53,698 [INFO] Middleware:1439 - No code input for Bsp Dependency
2024-05-29 22:10:53,707 [INFO] CodeEngine:255 - oldGeneratedFile, /Users/richywarrior/STM32CubeIDE/workspace_1.14.0/Lab04_RTOSV2/MXTmpFiles/rtos_inc.tmp_save
2024-05-29 22:10:53,758 [INFO] CodeEngine:279 - Generated code: /Users/richywarrior/STM32CubeIDE/workspace_1.14.0/Lab04_RTOSV2/MXTmpFiles/rtos_inc.tmp
2024-05-29 22:10:53,760 [INFO] CodeEngine:255 - oldGeneratedFile, /Users/richywarrior/STM32CubeIDE/workspace_1.14.0/Lab04_RTOSV2/MXTmpFiles/rtos_vars.tmp_save
2024-05-29 22:10:53,808 [INFO] CodeEngine:279 - Generated code: /Users/richywarrior/STM32CubeIDE/workspace_1.14.0/Lab04_RTOSV2/MXTmpFiles/rtos_vars.tmp
2024-05-29 22:10:53,810 [INFO] CodeEngine:255 - oldGeneratedFile, /Users/richywarrior/STM32CubeIDE/workspace_1.14.0/Lab04_RTOSV2/MXTmpFiles/rtos_pfp.tmp_save
2024-05-29 22:10:53,890 [INFO] CodeEngine:279 - Generated code: /Users/richywarrior/STM32CubeIDE/workspace_1.14.0/Lab04_RTOSV2/MXTmpFiles/rtos_pfp.tmp
2024-05-29 22:10:53,891 [INFO] CodeEngine:255 - oldGeneratedFile, /Users/richywarrior/STM32CubeIDE/workspace_1.14.0/Lab04_RTOSV2/MXTmpFiles/rtos_obj_creat.tmp_save
2024-05-29 22:10:53,947 [INFO] CodeEngine:279 - Generated code: /Users/richywarrior/STM32CubeIDE/workspace_1.14.0/Lab04_RTOSV2/MXTmpFiles/rtos_obj_creat.tmp
2024-05-29 22:10:53,948 [INFO] CodeEngine:255 - oldGeneratedFile, /Users/richywarrior/STM32CubeIDE/workspace_1.14.0/Lab04_RTOSV2/MXTmpFiles/rtos_kernelStart.tmp_save
2024-05-29 22:10:53,998 [INFO] CodeEngine:279 - Generated code: /Users/richywarrior/STM32CubeIDE/workspace_1.14.0/Lab04_RTOSV2/MXTmpFiles/rtos_kernelStart.tmp
2024-05-29 22:10:54,001 [INFO] CodeEngine:255 - oldGeneratedFile, /Users/richywarrior/STM32CubeIDE/workspace_1.14.0/Lab04_RTOSV2/MXTmpFiles/rtos_default_thread.tmp_save
2024-05-29 22:10:54,065 [INFO] CodeEngine:279 - Generated code: /Users/richywarrior/STM32CubeIDE/workspace_1.14.0/Lab04_RTOSV2/MXTmpFiles/rtos_default_thread.tmp
2024-05-29 22:10:54,066 [INFO] CodeEngine:255 - oldGeneratedFile, /Users/richywarrior/STM32CubeIDE/workspace_1.14.0/Lab04_RTOSV2/MXTmpFiles/rtos_threads.tmp_save
2024-05-29 22:10:54,118 [INFO] CodeEngine:279 - Generated code: /Users/richywarrior/STM32CubeIDE/workspace_1.14.0/Lab04_RTOSV2/MXTmpFiles/rtos_threads.tmp
2024-05-29 22:10:54,119 [INFO] CodeEngine:255 - oldGeneratedFile, /Users/richywarrior/STM32CubeIDE/workspace_1.14.0/Lab04_RTOSV2/Core/Inc/FreeRTOSConfig.h_save
2024-05-29 22:10:54,203 [INFO] CodeEngine:279 - Generated code: /Users/richywarrior/STM32CubeIDE/workspace_1.14.0/Lab04_RTOSV2/Core/Inc/FreeRTOSConfig.h
2024-05-29 22:10:54,206 [INFO] CodeEngine:255 - oldGeneratedFile, /Users/richywarrior/STM32CubeIDE/workspace_1.14.0/Lab04_RTOSV2/Core/Src/freertos.c_save
2024-05-29 22:10:54,289 [INFO] CodeEngine:279 - Generated code: /Users/richywarrior/STM32CubeIDE/workspace_1.14.0/Lab04_RTOSV2/Core/Src/freertos.c
2024-05-29 22:10:54,297 [INFO] CodeEngine:255 - oldGeneratedFile, /Users/richywarrior/STM32CubeIDE/workspace_1.14.0/Lab04_RTOSV2/Core/Src/stm32f1xx_it.c_save
2024-05-29 22:10:54,473 [INFO] CodeEngine:279 - Generated code: /Users/richywarrior/STM32CubeIDE/workspace_1.14.0/Lab04_RTOSV2/Core/Src/stm32f1xx_it.c
2024-05-29 22:10:54,474 [INFO] CodeEngine:255 - oldGeneratedFile, /Users/richywarrior/STM32CubeIDE/workspace_1.14.0/Lab04_RTOSV2/Core/Inc/stm32f1xx_it.h_save
2024-05-29 22:10:54,540 [INFO] CodeEngine:279 - Generated code: /Users/richywarrior/STM32CubeIDE/workspace_1.14.0/Lab04_RTOSV2/Core/Inc/stm32f1xx_it.h
2024-05-29 22:10:54,552 [INFO] CodeEngine:255 - oldGeneratedFile, /Users/richywarrior/STM32CubeIDE/workspace_1.14.0/Lab04_RTOSV2/Core/Src/stm32f1xx_hal_msp.c_save
2024-05-29 22:10:54,745 [INFO] CodeEngine:279 - Generated code: /Users/richywarrior/STM32CubeIDE/workspace_1.14.0/Lab04_RTOSV2/Core/Src/stm32f1xx_hal_msp.c
2024-05-29 22:10:54,748 [INFO] CodeEngine:255 - oldGeneratedFile, /Users/richywarrior/STM32CubeIDE/workspace_1.14.0/Lab04_RTOSV2/MXTmpFiles/system.tmp_save
2024-05-29 22:10:54,800 [INFO] CodeEngine:279 - Generated code: /Users/richywarrior/STM32CubeIDE/workspace_1.14.0/Lab04_RTOSV2/MXTmpFiles/system.tmp
2024-05-29 22:10:54,802 [INFO] CodeEngine:255 - oldGeneratedFile, /Users/richywarrior/STM32CubeIDE/workspace_1.14.0/Lab04_RTOSV2/Core/Src/stm32f1xx_hal_timebase_tim.c_save
2024-05-29 22:10:54,856 [INFO] CodeEngine:279 - Generated code: /Users/richywarrior/STM32CubeIDE/workspace_1.14.0/Lab04_RTOSV2/Core/Src/stm32f1xx_hal_timebase_tim.c
2024-05-29 22:10:54,860 [INFO] CodeEngine:311 - oldGeneratedFile, /Users/richywarrior/STM32CubeIDE/workspace_1.14.0/Lab04_RTOSV2/Core/Inc/stm32f1xx_hal_conf.h_save
2024-05-29 22:10:54,927 [INFO] CodeEngine:335 - Generated code: /Users/richywarrior/STM32CubeIDE/workspace_1.14.0/Lab04_RTOSV2/Core/Inc/stm32f1xx_hal_conf.h
2024-05-29 22:10:55,099 [INFO] CodeEngine:255 - oldGeneratedFile, /Users/richywarrior/STM32CubeIDE/workspace_1.14.0/Lab04_RTOSV2/Core/Inc/main.h_save
2024-05-29 22:10:55,235 [INFO] CodeEngine:279 - Generated code: /Users/richywarrior/STM32CubeIDE/workspace_1.14.0/Lab04_RTOSV2/Core/Inc/main.h
2024-05-29 22:10:55,243 [INFO] CodeEngine:255 - oldGeneratedFile, /Users/richywarrior/STM32CubeIDE/workspace_1.14.0/Lab04_RTOSV2/Core/Src/main.c_save
2024-05-29 22:10:55,453 [INFO] CodeEngine:279 - Generated code: /Users/richywarrior/STM32CubeIDE/workspace_1.14.0/Lab04_RTOSV2/Core/Src/main.c
2024-05-29 22:10:55,874 [INFO] ProjectBuilder:3163 - Time for Copy HAL[1] : 57mS.
2024-05-29 22:10:55,887 [INFO] ProjectBuilder:4736 - Project Generator version: 4.3.0-B58
2024-05-29 22:10:55,998 [INFO] ConfigFileManager:1503 - The Die is : DIE410
2024-05-29 22:10:56,012 [INFO] ApiDbMcu:508 - Load IP Config File for FATFS
2024-05-29 22:10:56,024 [INFO] ApiDbMcu:508 - Load IP Config File for USB_DEVICE
2024-05-29 22:11:00,974 [INFO] ProjectBuilder:5002 - Time for Generating toolchain IDE Files: 5067mS.
2024-05-29 22:11:00,981 [INFO] ProjectBuilder:3034 - Time for Copy CMSIS : 3mS.
2024-05-29 22:11:00,983 [INFO] ProjectBuilder:3034 - Time for Copy CMSIS : 0mS.
2024-05-29 22:12:09,562 [INFO] MainUpdater:2873 - connection check result : 10
2024-05-29 22:12:09,566 [INFO] MainUpdater:2873 - connection check result : 10
2024-05-29 22:12:09,887 [INFO] MicroXplorer:468 - Change Database Path : 
2024-05-29 22:12:09,889 [INFO] MicroXplorer:498 - Change Database Version : DB.6.0.111
2024-05-29 22:12:09,945 [ERROR] ProjectManagerView:394 - 
java.lang.NullPointerException: Cannot invoke "javax.swing.JTextField.getText()" because the return value of "java.util.List.get(int)" is null
	at com.st.microxplorer.plugins.projectmanager.gui.ProjectChoiceTab$10.caretUpdate(ProjectChoiceTab.java:2504) ~[filemanager.jar:?]
	at javax.swing.text.JTextComponent.fireCaretUpdate(JTextComponent.java:412) ~[?:?]
	at javax.swing.text.JTextComponent$MutableCaretEvent.fire(JTextComponent.java:4491) ~[?:?]
	at javax.swing.text.JTextComponent$MutableCaretEvent.stateChanged(JTextComponent.java:4513) ~[?:?]
	at javax.swing.text.DefaultCaret.fireStateChanged(DefaultCaret.java:842) ~[?:?]
	at javax.swing.text.DefaultCaret.changeCaretPosition(DefaultCaret.java:1313) ~[?:?]
	at javax.swing.text.DefaultCaret.handleSetDot(DefaultCaret.java:1212) ~[?:?]
	at javax.swing.text.DefaultCaret.setDot(DefaultCaret.java:1193) ~[?:?]
	at javax.swing.text.DefaultCaret$Handler.insertUpdate(DefaultCaret.java:1789) ~[?:?]
	at javax.swing.text.AbstractDocument.fireInsertUpdate(AbstractDocument.java:226) ~[?:?]
	at javax.swing.text.AbstractDocument.handleInsertString(AbstractDocument.java:780) ~[?:?]
	at javax.swing.text.AbstractDocument.insertString(AbstractDocument.java:739) ~[?:?]
	at javax.swing.text.PlainDocument.insertString(PlainDocument.java:131) ~[?:?]
	at javax.swing.text.AbstractDocument.replace(AbstractDocument.java:698) ~[?:?]
	at javax.swing.text.JTextComponent.setText(JTextComponent.java:1729) ~[?:?]
	at com.st.microxplorer.plugins.projectmanager.gui.ProjectChoiceTab.createHeapStackFields(ProjectChoiceTab.java:944) ~[filemanager.jar:?]
	at com.st.microxplorer.plugins.projectmanager.gui.ProjectChoiceTab.buildLinkSettingsPanel(ProjectChoiceTab.java:3475) ~[filemanager.jar:?]
	at com.st.microxplorer.plugins.projectmanager.gui.ProjectChoiceTab.defineWindowsFields(ProjectChoiceTab.java:1816) ~[filemanager.jar:?]
	at com.st.microxplorer.plugins.projectmanager.gui.ProjectChoiceTab.updateSettings(ProjectChoiceTab.java:544) ~[filemanager.jar:?]
	at com.st.microxplorer.plugins.projectmanager.gui.ProjectSettingsPanel.UpdateDialog(ProjectSettingsPanel.java:245) ~[filemanager.jar:?]
	at com.st.microxplorer.plugins.projectmanager.ProjectManagerView.propertyChange(ProjectManagerView.java:391) ~[filemanager.jar:?]
	at java.beans.PropertyChangeSupport.fire(PropertyChangeSupport.java:343) ~[?:?]
	at java.beans.PropertyChangeSupport.firePropertyChange(PropertyChangeSupport.java:335) ~[?:?]
	at java.beans.PropertyChangeSupport.firePropertyChange(PropertyChangeSupport.java:268) ~[?:?]
	at com.st.microxplorer.util.MXPropertyChangeSupport.firePropertyChange(MXPropertyChangeSupport.java:54) ~[STM32CubeMX.jar:?]
	at com.st.microxplorer.mxsystem.MxSystem.closeConfig(MxSystem.java:900) ~[STM32CubeMX.jar:?]
	at com.st.microxplorer.maingui.MainPanel.closeConfig(MainPanel.java:776) ~[STM32CubeMX.jar:?]
	at com.st.microxplorer.plugins.filemanager.engine.OpenFileManager.loadConfigurationFile(OpenFileManager.java:245) ~[filemanager.jar:?]
	at com.st.microxplorer.plugins.filemanager.engine.MainFileManager.userLoadConfig(MainFileManager.java:315) ~[filemanager.jar:?]
	at com.st.microxplorer.plugins.filemanager.engine.MainFileManager.userLoadConfig(MainFileManager.java:293) ~[filemanager.jar:?]
	at com.st.microxplorer.plugins.filemanager.FileManagerView.getSpecificTask(FileManagerView.java:247) ~[filemanager.jar:?]
	at com.st.stm32cube.common.mx.editor.CubeMxEditor.getMxTabbedPaneInstance(CubeMxEditor.java:1198) ~[com.st.stm32cube.common.mx_6.11.1.202404110753/:?]
	at com.st.stm32cube.common.mx.editor.CubeMxEditor$12$1.createSwingComponent(CubeMxEditor.java:1068) ~[com.st.stm32cube.common.mx_6.11.1.202404110753/:?]
	at com.st.stm32cube.common.mx.oss.core.awtswtbridge.EmbeddedSwingComposite.doComponentCreation(EmbeddedSwingComposite.java:492) ~[com.st.stm32cube.common.mx.oss_6.11.1.202404110753/:?]
	at com.st.stm32cube.common.mx.oss.core.awtswtbridge.EmbeddedSwingComposite$4.run(EmbeddedSwingComposite.java:291) ~[com.st.stm32cube.common.mx.oss_6.11.1.202404110753/:?]
	at com.st.stm32cube.common.mx.oss.core.awtswtbridge.AwtEnvironment$2.run(AwtEnvironment.java:166) ~[com.st.stm32cube.common.mx.oss_6.11.1.202404110753/:?]
	at java.awt.event.InvocationEvent.dispatch(InvocationEvent.java:318) ~[?:?]
	at java.awt.EventQueue.dispatchEventImpl(EventQueue.java:773) ~[?:?]
	at java.awt.EventQueue$4.run(EventQueue.java:720) ~[?:?]
	at java.awt.EventQueue$4.run(EventQueue.java:714) ~[?:?]
	at java.security.AccessController.doPrivileged(AccessController.java:399) ~[?:?]
	at java.security.ProtectionDomain$JavaSecurityAccessImpl.doIntersectionPrivilege(ProtectionDomain.java:86) ~[?:?]
	at java.awt.EventQueue.dispatchEvent(EventQueue.java:742) ~[?:?]
	at java.awt.EventDispatchThread.pumpOneEventForFilters(EventDispatchThread.java:203) ~[?:?]
	at java.awt.EventDispatchThread.pumpEventsForFilter(EventDispatchThread.java:124) ~[?:?]
	at java.awt.EventDispatchThread.pumpEventsForHierarchy(EventDispatchThread.java:113) ~[?:?]
	at java.awt.EventDispatchThread.pumpEvents(EventDispatchThread.java:109) ~[?:?]
	at java.awt.EventDispatchThread.pumpEvents(EventDispatchThread.java:101) ~[?:?]
	at java.awt.EventDispatchThread.run(EventDispatchThread.java:90) ~[?:?]
2024-05-29 22:12:09,955 [WARN] ThirdParty:871 - waiting for thirdparty lock release [close project]
2024-05-29 22:12:09,955 [INFO] ThirdParty:873 - entering critical section [close project]
2024-05-29 22:12:09,955 [INFO] ThirdParty:883 - exiting critical section [close project]
2024-05-29 22:12:09,958 [INFO] PinOutPanel:1561 - setPackage(No Configuration,No Configuration)
2024-05-29 22:12:09,974 [INFO] UtilMem:75 - Begin LoadConfig() Used Memory: 358345528 Bytes (593494016)
2024-05-29 22:34:40,657 [INFO] MainUpdater:2873 - connection check result : 10
2024-05-29 22:34:40,662 [INFO] MainUpdater:2873 - connection check result : 10
2024-05-29 22:34:41,368 [INFO] MicroXplorer:468 - Change Database Path : 
2024-05-29 22:34:41,372 [INFO] MicroXplorer:498 - Change Database Version : DB.6.0.111
2024-05-29 22:34:41,497 [ERROR] ProjectManagerView:394 - 
java.lang.NullPointerException: Cannot invoke "javax.swing.JTextField.getText()" because the return value of "java.util.List.get(int)" is null
	at com.st.microxplorer.plugins.projectmanager.gui.ProjectChoiceTab$10.caretUpdate(ProjectChoiceTab.java:2504) ~[filemanager.jar:?]
	at javax.swing.text.JTextComponent.fireCaretUpdate(JTextComponent.java:412) ~[?:?]
	at javax.swing.text.JTextComponent$MutableCaretEvent.fire(JTextComponent.java:4491) ~[?:?]
	at javax.swing.text.JTextComponent$MutableCaretEvent.stateChanged(JTextComponent.java:4513) ~[?:?]
	at javax.swing.text.DefaultCaret.fireStateChanged(DefaultCaret.java:842) ~[?:?]
	at javax.swing.text.DefaultCaret.changeCaretPosition(DefaultCaret.java:1313) ~[?:?]
	at javax.swing.text.DefaultCaret.handleSetDot(DefaultCaret.java:1212) ~[?:?]
	at javax.swing.text.DefaultCaret.setDot(DefaultCaret.java:1193) ~[?:?]
	at javax.swing.text.DefaultCaret$Handler.insertUpdate(DefaultCaret.java:1789) ~[?:?]
	at javax.swing.text.AbstractDocument.fireInsertUpdate(AbstractDocument.java:226) ~[?:?]
	at javax.swing.text.AbstractDocument.handleInsertString(AbstractDocument.java:780) ~[?:?]
	at javax.swing.text.AbstractDocument.insertString(AbstractDocument.java:739) ~[?:?]
	at javax.swing.text.PlainDocument.insertString(PlainDocument.java:131) ~[?:?]
	at javax.swing.text.AbstractDocument.replace(AbstractDocument.java:698) ~[?:?]
	at javax.swing.text.JTextComponent.setText(JTextComponent.java:1729) ~[?:?]
	at com.st.microxplorer.plugins.projectmanager.gui.ProjectChoiceTab.createHeapStackFields(ProjectChoiceTab.java:944) ~[filemanager.jar:?]
	at com.st.microxplorer.plugins.projectmanager.gui.ProjectChoiceTab.buildLinkSettingsPanel(ProjectChoiceTab.java:3475) ~[filemanager.jar:?]
	at com.st.microxplorer.plugins.projectmanager.gui.ProjectChoiceTab.defineWindowsFields(ProjectChoiceTab.java:1816) ~[filemanager.jar:?]
	at com.st.microxplorer.plugins.projectmanager.gui.ProjectChoiceTab.updateSettings(ProjectChoiceTab.java:544) ~[filemanager.jar:?]
	at com.st.microxplorer.plugins.projectmanager.gui.ProjectSettingsPanel.UpdateDialog(ProjectSettingsPanel.java:245) ~[filemanager.jar:?]
	at com.st.microxplorer.plugins.projectmanager.ProjectManagerView.propertyChange(ProjectManagerView.java:391) ~[filemanager.jar:?]
	at java.beans.PropertyChangeSupport.fire(PropertyChangeSupport.java:343) ~[?:?]
	at java.beans.PropertyChangeSupport.firePropertyChange(PropertyChangeSupport.java:335) ~[?:?]
	at java.beans.PropertyChangeSupport.firePropertyChange(PropertyChangeSupport.java:268) ~[?:?]
	at com.st.microxplorer.util.MXPropertyChangeSupport.firePropertyChange(MXPropertyChangeSupport.java:54) ~[STM32CubeMX.jar:?]
	at com.st.microxplorer.mxsystem.MxSystem.closeConfig(MxSystem.java:900) ~[STM32CubeMX.jar:?]
	at com.st.microxplorer.maingui.MainPanel.closeConfig(MainPanel.java:776) ~[STM32CubeMX.jar:?]
	at com.st.microxplorer.plugins.filemanager.engine.OpenFileManager.loadConfigurationFile(OpenFileManager.java:245) ~[filemanager.jar:?]
	at com.st.microxplorer.plugins.filemanager.engine.MainFileManager.userLoadConfig(MainFileManager.java:315) ~[filemanager.jar:?]
	at com.st.microxplorer.plugins.filemanager.engine.MainFileManager.userLoadConfig(MainFileManager.java:293) ~[filemanager.jar:?]
	at com.st.microxplorer.plugins.filemanager.FileManagerView.getSpecificTask(FileManagerView.java:247) ~[filemanager.jar:?]
	at com.st.stm32cube.common.mx.editor.CubeMxEditor.getMxTabbedPaneInstance(CubeMxEditor.java:1198) ~[com.st.stm32cube.common.mx_6.11.1.202404110753/:?]
	at com.st.stm32cube.common.mx.editor.CubeMxEditor$12$1.createSwingComponent(CubeMxEditor.java:1068) ~[com.st.stm32cube.common.mx_6.11.1.202404110753/:?]
	at com.st.stm32cube.common.mx.oss.core.awtswtbridge.EmbeddedSwingComposite.doComponentCreation(EmbeddedSwingComposite.java:492) ~[com.st.stm32cube.common.mx.oss_6.11.1.202404110753/:?]
	at com.st.stm32cube.common.mx.oss.core.awtswtbridge.EmbeddedSwingComposite$4.run(EmbeddedSwingComposite.java:291) ~[com.st.stm32cube.common.mx.oss_6.11.1.202404110753/:?]
	at com.st.stm32cube.common.mx.oss.core.awtswtbridge.AwtEnvironment$2.run(AwtEnvironment.java:166) ~[com.st.stm32cube.common.mx.oss_6.11.1.202404110753/:?]
	at java.awt.event.InvocationEvent.dispatch(InvocationEvent.java:318) ~[?:?]
	at java.awt.EventQueue.dispatchEventImpl(EventQueue.java:773) ~[?:?]
	at java.awt.EventQueue$4.run(EventQueue.java:720) ~[?:?]
	at java.awt.EventQueue$4.run(EventQueue.java:714) ~[?:?]
	at java.security.AccessController.doPrivileged(AccessController.java:399) ~[?:?]
	at java.security.ProtectionDomain$JavaSecurityAccessImpl.doIntersectionPrivilege(ProtectionDomain.java:86) ~[?:?]
	at java.awt.EventQueue.dispatchEvent(EventQueue.java:742) ~[?:?]
	at java.awt.EventDispatchThread.pumpOneEventForFilters(EventDispatchThread.java:203) ~[?:?]
	at java.awt.EventDispatchThread.pumpEventsForFilter(EventDispatchThread.java:124) ~[?:?]
	at java.awt.EventDispatchThread.pumpEventsForHierarchy(EventDispatchThread.java:113) ~[?:?]
	at java.awt.EventDispatchThread.pumpEvents(EventDispatchThread.java:109) ~[?:?]
	at java.awt.EventDispatchThread.pumpEvents(EventDispatchThread.java:101) ~[?:?]
	at java.awt.EventDispatchThread.run(EventDispatchThread.java:90) ~[?:?]
2024-05-29 22:34:41,503 [WARN] ThirdParty:871 - waiting for thirdparty lock release [close project]
2024-05-29 22:34:41,503 [INFO] ThirdParty:873 - entering critical section [close project]
2024-05-29 22:34:41,503 [INFO] ThirdParty:883 - exiting critical section [close project]
2024-05-29 22:34:41,506 [INFO] PinOutPanel:1561 - setPackage(No Configuration,No Configuration)
2024-05-29 22:34:41,509 [INFO] UtilMem:75 - Begin LoadConfig() Used Memory: 282073664 Bytes (593494016)
2024-05-29 22:34:41,512 [INFO] MicroXplorer:468 - Change Database Path : 
2024-05-29 22:34:41,514 [INFO] MicroXplorer:498 - Change Database Version : DB.6.0.111
2024-05-29 22:34:41,514 [INFO] OpenFileManager:312 - Change cursor
2024-05-29 22:34:41,616 [INFO] RulesReader:64 - Compatibility file has been processed (297 Rules)
2024-05-29 22:34:41,662 [INFO] Mcu:2021 - Initializing MCU STM32F103R(8-B)Tx STM32F103RBTx STM32F103RBT6
2024-05-29 22:34:42,116 [INFO] Context:663 - Trying to add GPIOservice into a context  which must be forbidden
2024-05-29 22:34:42,387 [INFO] RtosManager:555 - Registered RTOS mode: class=CMSIS, group=RTOS, mode=CMSIS_V1, owner=FREERTOS
2024-05-29 22:34:42,387 [INFO] RtosManager:555 - Registered RTOS mode: class=CMSIS, group=RTOS2, mode=CMSIS_V2, owner=FREERTOS
2024-05-29 22:34:42,387 [INFO] RtosManager:555 - Registered RTOS mode: class=RTOS, group=Core, mode=CMSIS_V1, owner=FREERTOS
2024-05-29 22:34:42,387 [INFO] RtosManager:555 - Registered RTOS mode: class=RTOS, group=Core, mode=CMSIS_V2, owner=FREERTOS
2024-05-29 22:34:42,387 [WARN] ModelIntegratedComponent:184 - Missing modes for component STMicroelectronics:FreeRTOS:0.0.1:STMicroelectronics:RTOS:FreeRTOS:Core:::10.2.0:
2024-05-29 22:34:42,394 [WARN] ModelIntegratedComponent:63 - No mode defined for component null
2024-05-29 22:34:42,394 [WARN] ModelIntegratedComponent:63 - No mode defined for component null
2024-05-29 22:34:42,394 [WARN] ModelIntegratedComponent:63 - No mode defined for component null
2024-05-29 22:34:42,394 [WARN] ModelIntegratedComponent:63 - No mode defined for component null
2024-05-29 22:34:42,394 [WARN] ModelIntegratedComponent:63 - No mode defined for component null
2024-05-29 22:34:42,394 [WARN] ModelIntegratedComponent:63 - No mode defined for component null
2024-05-29 22:34:42,394 [WARN] ModelIntegratedComponent:63 - No mode defined for component null
2024-05-29 22:34:42,394 [WARN] ModelIntegratedComponent:63 - No mode defined for component null
2024-05-29 22:34:42,394 [WARN] ModelIntegratedComponent:63 - No mode defined for component null
2024-05-29 22:34:42,395 [WARN] ModelIntegratedComponent:63 - No mode defined for component null
2024-05-29 22:34:42,395 [WARN] ModelIntegratedComponent:63 - No mode defined for component null
2024-05-29 22:34:42,395 [WARN] ModelIntegratedComponent:63 - No mode defined for component null
2024-05-29 22:34:42,395 [WARN] ModelIntegratedComponent:63 - No mode defined for component null
2024-05-29 22:34:42,395 [WARN] ModelIntegratedComponent:63 - No mode defined for component null
2024-05-29 22:34:42,395 [WARN] ModelIntegratedComponent:63 - No mode defined for component null
2024-05-29 22:34:42,395 [WARN] ModelIntegratedComponent:63 - No mode defined for component null
2024-05-29 22:34:42,395 [WARN] ModelIntegratedComponent:63 - No mode defined for component null
2024-05-29 22:34:42,395 [WARN] ModelIntegratedComponent:63 - No mode defined for component null
2024-05-29 22:34:42,395 [WARN] ModelIntegratedComponent:63 - No mode defined for component null
2024-05-29 22:34:42,395 [WARN] ModelIntegratedComponent:63 - No mode defined for component null
2024-05-29 22:34:42,395 [WARN] ModelIntegratedComponent:63 - No mode defined for component null
2024-05-29 22:34:42,395 [WARN] ModelIntegratedComponent:63 - No mode defined for component null
2024-05-29 22:34:42,395 [WARN] ModelIntegratedComponent:63 - No mode defined for component null
2024-05-29 22:34:42,395 [WARN] ModelIntegratedComponent:63 - No mode defined for component null
2024-05-29 22:34:42,395 [WARN] ModelIntegratedComponent:63 - No mode defined for component null
2024-05-29 22:34:42,395 [WARN] ModelIntegratedComponent:63 - No mode defined for component null
2024-05-29 22:34:42,395 [WARN] ModelIntegratedComponent:63 - No mode defined for component null
2024-05-29 22:34:42,395 [WARN] ModelIntegratedComponent:63 - No mode defined for component null
2024-05-29 22:34:42,395 [WARN] ModelIntegratedComponent:63 - No mode defined for component null
2024-05-29 22:34:42,395 [WARN] ModelIntegratedComponent:63 - No mode defined for component null
2024-05-29 22:34:42,395 [WARN] ModelIntegratedComponent:63 - No mode defined for component null
2024-05-29 22:34:42,395 [WARN] ModelIntegratedComponent:63 - No mode defined for component null
2024-05-29 22:34:42,395 [WARN] ModelIntegratedComponent:63 - No mode defined for component null
2024-05-29 22:34:42,395 [WARN] ModelIntegratedComponent:63 - No mode defined for component null
2024-05-29 22:34:42,478 [INFO] ThirdPartyModel:298 - Start build external matchings
2024-05-29 22:34:42,960 [INFO] ThirdPartyModel:316 - End build external matchings
2024-05-29 22:34:42,983 [INFO] RtosManager:919 - Current active RTOS is FREERTOS [Cortex-M3NS]
2024-05-29 22:34:43,072 [INFO] ImportTextPane:194 - (OptionalMessage_ERROR) IP (RCC) : Parameter (ADCFreqValue) has invalid value (32000000)
2024-05-29 22:34:43,072 [INFO] ImportTextPane:194 - (OptionalMessage_ERROR) IP (RCC) : Invalid parameter (FamilyName)
2024-05-29 22:34:43,072 [INFO] ImportTextPane:194 - (OptionalMessage_ERROR) IP (RCC) : Parameter (MCOFreq_Value) has invalid value (64000000)
2024-05-29 22:34:43,072 [INFO] ImportTextPane:194 - (OptionalMessage_ERROR) IP (RCC) : Parameter (USBFreq_Value) has invalid value (64000000)
2024-05-29 22:34:43,217 [INFO] UtilMem:75 - End LoadConfig() Used Memory: 298728912 Bytes (786432000)
2024-05-29 22:34:43,338 [WARN] ThirdParty:833 - waiting for thirdparty lock release [change project]
2024-05-29 22:34:43,341 [INFO] ThirdParty:835 - entering critical section [change project]
2024-05-29 22:34:43,341 [INFO] ThirdParty:1030 - CMSIS Pack Vendor :STMicroelectronics USBPD 4.1
2024-05-29 22:34:43,341 [INFO] ThirdParty:1030 - CMSIS Pack Vendor :STMicroelectronics X-CUBE-GNSS1 6.0.0
2024-05-29 22:34:43,341 [INFO] ThirdParty:1030 - CMSIS Pack Vendor :STMicroelectronics USB_HOST 2.0.0
2024-05-29 22:34:43,341 [INFO] ThirdParty:1030 - CMSIS Pack Vendor :STMicroelectronics FP-SNS-MOTENVWB1 1.4.0
2024-05-29 22:34:43,341 [INFO] ThirdParty:1030 - CMSIS Pack Vendor :STMicroelectronics X-CUBE-AZRTOS-F4 1.1.0
2024-05-29 22:34:43,341 [INFO] ThirdParty:1030 - CMSIS Pack Vendor :STMicroelectronics LIBJPEG 8.0.0
2024-05-29 22:34:43,341 [INFO] ThirdParty:1030 - CMSIS Pack Vendor :STMicroelectronics X-CUBE-SMBUS 2.1.0
2024-05-29 22:34:43,341 [INFO] ThirdParty:1030 - CMSIS Pack Vendor :STMicroelectronics USB_DEVICE 3.0.0
2024-05-29 22:34:43,341 [INFO] ThirdParty:1030 - CMSIS Pack Vendor :STMicroelectronics X-CUBE-TCPP 4.1.0
2024-05-29 22:34:43,341 [INFO] ThirdParty:1030 - CMSIS Pack Vendor :STMicroelectronics X-CUBE-FREERTOS 1.2.0
2024-05-29 22:34:43,341 [INFO] ThirdParty:1030 - CMSIS Pack Vendor :STMicroelectronics X-CUBE-AZRTOS-WB 2.0.0
2024-05-29 22:34:43,341 [INFO] ThirdParty:1030 - CMSIS Pack Vendor :STMicroelectronics X-CUBE-TOUCHGFX 4.23.1
2024-05-29 22:34:43,341 [INFO] ThirdParty:1030 - CMSIS Pack Vendor :STMicroelectronics X-CUBE-TOUCHGFX 4.23.0
2024-05-29 22:34:43,341 [INFO] ThirdParty:1030 - CMSIS Pack Vendor :STMicroelectronics X-CUBE-TOUCHGFX 4.23.2
2024-05-29 22:34:43,341 [INFO] ThirdParty:1030 - CMSIS Pack Vendor :STMicroelectronics X-CUBE-AZRTOS-F7 1.1.0
2024-05-29 22:34:43,341 [INFO] ThirdParty:1030 - CMSIS Pack Vendor :STMicroelectronics X-CUBE-AZRTOS-L5 2.0.0
2024-05-29 22:34:43,341 [INFO] ThirdParty:1030 - CMSIS Pack Vendor :STMicroelectronics USB_DEVICE 2.0.0
2024-05-29 22:34:43,341 [INFO] ThirdParty:1030 - CMSIS Pack Vendor :STMicroelectronics X-CUBE-NFC6 3.1.0
2024-05-29 22:34:43,341 [INFO] ThirdParty:1030 - CMSIS Pack Vendor :STMicroelectronics FP-SNS-MOTENV1 4.3.2
2024-05-29 22:34:43,341 [INFO] ThirdParty:1030 - CMSIS Pack Vendor :STMicroelectronics X-CUBE-ALGOBUILD 1.3.0
2024-05-29 22:34:43,341 [INFO] ThirdParty:1030 - CMSIS Pack Vendor :STMicroelectronics FreeRTOS 0.0.1
2024-05-29 22:34:43,341 [INFO] ThirdParty:1030 - CMSIS Pack Vendor :STMicroelectronics X-CUBE-AZRTOS-G0 1.1.0
2024-05-29 22:34:43,341 [INFO] ThirdParty:1030 - CMSIS Pack Vendor :STMicroelectronics X-CUBE-SAFEA1 1.2.2
2024-05-29 22:34:43,341 [INFO] ThirdParty:1030 - CMSIS Pack Vendor :STMicroelectronics X-CUBE-NFC4 3.0.0
2024-05-29 22:34:43,342 [INFO] ThirdParty:1030 - CMSIS Pack Vendor :STMicroelectronics X-CUBE-SUBG2 5.0.0
2024-05-29 22:34:43,342 [INFO] ThirdParty:1030 - CMSIS Pack Vendor :STMicroelectronics STM32_WPAN 1.0.0
2024-05-29 22:34:43,342 [INFO] ThirdParty:1030 - CMSIS Pack Vendor :STMicroelectronics lwIP 2.0.3
2024-05-29 22:34:43,342 [INFO] ThirdParty:1030 - CMSIS Pack Vendor :STMicroelectronics FP-SNS-FLIGHT1 5.0.2
2024-05-29 22:34:43,342 [INFO] ThirdParty:1030 - CMSIS Pack Vendor :STMicroelectronics USB_HOST 1.0.0
2024-05-29 22:34:43,342 [INFO] ThirdParty:1030 - CMSIS Pack Vendor :STMicroelectronics X-CUBE-AI 9.0.0
2024-05-29 22:34:43,342 [INFO] ThirdParty:1030 - CMSIS Pack Vendor :STMicroelectronics X-CUBE-AZRTOS-G4 2.0.0
2024-05-29 22:34:43,342 [INFO] ThirdParty:1030 - CMSIS Pack Vendor :STMicroelectronics PDM2PCM 3.1.0
2024-05-29 22:34:43,342 [INFO] ThirdParty:1030 - CMSIS Pack Vendor :STMicroelectronics PDM2PCM 3.3.0
2024-05-29 22:34:43,342 [INFO] ThirdParty:1030 - CMSIS Pack Vendor :STMicroelectronics X-CUBE-DISPLAY 3.0.0
2024-05-29 22:34:43,342 [INFO] ThirdParty:1030 - CMSIS Pack Vendor :wolfSSL I-CUBE-wolfSSL 5.7.0
2024-05-29 22:34:43,342 [INFO] ThirdParty:1030 - CMSIS Pack Vendor :STMicroelectronics FP-SNS-MOTENVWB1 1.3.1
2024-05-29 22:34:43,342 [INFO] ThirdParty:1030 - CMSIS Pack Vendor :STMicroelectronics X-CUBE-BLE1 7.0.0
2024-05-29 22:34:43,342 [INFO] ThirdParty:1030 - CMSIS Pack Vendor :STMicroelectronics FP-ATR-SIGFOX1 3.2.0
2024-05-29 22:34:43,342 [INFO] ThirdParty:1030 - CMSIS Pack Vendor :STMicroelectronics HAL Drivers 0.0.0
2024-05-29 22:34:43,342 [INFO] ThirdParty:1030 - CMSIS Pack Vendor :STMicroelectronics MBEDTLS 2.16.2
2024-05-29 22:34:43,342 [INFO] ThirdParty:1030 - CMSIS Pack Vendor :STMicroelectronics X-CUBE-ALS 1.0.2
2024-05-29 22:34:43,342 [INFO] ThirdParty:1030 - CMSIS Pack Vendor :emotas I-CUBE-CANOPEN 1.3.0
2024-05-29 22:34:43,342 [INFO] ThirdParty:1030 - CMSIS Pack Vendor :STMicroelectronics X-CUBE-MEMS1 10.0.0
2024-05-29 22:34:43,342 [INFO] ThirdParty:1030 - CMSIS Pack Vendor :STMicroelectronics X-CUBE-FREERTOS 1.1.0
2024-05-29 22:34:43,342 [INFO] ThirdParty:1030 - CMSIS Pack Vendor :STMicroelectronics X-CUBE-NFC7 1.0.1
2024-05-29 22:34:43,342 [INFO] ThirdParty:1030 - CMSIS Pack Vendor :STMicroelectronics MBEDTLS 2.14.1
2024-05-29 22:34:43,342 [INFO] ThirdParty:1030 - CMSIS Pack Vendor :ITTIA_DB I-CUBE-ITTIADB 8.9.0
2024-05-29 22:34:43,342 [INFO] ThirdParty:1030 - CMSIS Pack Vendor :STMicroelectronics X-CUBE-NFC6 3.0.0
2024-05-29 22:34:43,342 [INFO] ThirdParty:1030 - CMSIS Pack Vendor :portGmbH I-Cube-SoM-uGOAL 1.1.0
2024-05-29 22:34:43,342 [INFO] ThirdParty:1030 - CMSIS Pack Vendor :STMicroelectronics X-CUBE-ALS 1.0.1
2024-05-29 22:34:43,342 [INFO] ThirdParty:1030 - CMSIS Pack Vendor :STMicroelectronics ThreadX 1.0.0
2024-05-29 22:34:43,342 [INFO] ThirdParty:1030 - CMSIS Pack Vendor :STMicroelectronics FP-SNS-SMARTAG2 1.2.0
2024-05-29 22:34:43,342 [INFO] ThirdParty:1030 - CMSIS Pack Vendor :STMicroelectronics X-CUBE-AZRTOS-WL 2.0.0
2024-05-29 22:34:43,342 [INFO] ThirdParty:1030 - CMSIS Pack Vendor :SEGGER I-CUBE-embOS 1.3.1
2024-05-29 22:34:43,342 [INFO] ThirdParty:1030 - CMSIS Pack Vendor :STMicroelectronics X-CUBE-ALGOBUILD 1.4.0
2024-05-29 22:34:43,342 [INFO] ThirdParty:1030 - CMSIS Pack Vendor :STMicroelectronics FP-SNS-MOTENV1 5.0.0
2024-05-29 22:34:43,342 [INFO] ThirdParty:1030 - CMSIS Pack Vendor :STMicroelectronics USB_DEVICE 1.0.0
2024-05-29 22:34:43,342 [INFO] ThirdParty:1030 - CMSIS Pack Vendor :STMicroelectronics X-CUBE-AI 8.1.0
2024-05-29 22:34:43,342 [INFO] ThirdParty:1030 - CMSIS Pack Vendor :STMicroelectronics X-CUBE-AZRTOS-H7RS 1.0.0
2024-05-29 22:34:43,342 [INFO] ThirdParty:1030 - CMSIS Pack Vendor :STMicroelectronics X-CUBE-AZRTOS-L4 2.0.0
2024-05-29 22:34:43,342 [INFO] ThirdParty:1030 - CMSIS Pack Vendor :STMicroelectronics ThreadX 0.0.2
2024-05-29 22:34:43,342 [INFO] ThirdParty:1030 - CMSIS Pack Vendor :WES I-CUBE-Cesium 1.3.0
2024-05-29 22:34:43,342 [INFO] ThirdParty:1030 - CMSIS Pack Vendor :STMicroelectronics FP-ATR-ASTRA1 2.0.0
2024-05-29 22:34:43,342 [INFO] ThirdParty:1030 - CMSIS Pack Vendor :STMicroelectronics lwIP 2.1.2
2024-05-29 22:34:43,342 [INFO] ThirdParty:1030 - CMSIS Pack Vendor :STMicroelectronics X-CUBE-SFXS2LP1 4.0.0
2024-05-29 22:34:43,342 [INFO] ThirdParty:1030 - CMSIS Pack Vendor :STMicroelectronics X-CUBE-BLE2 3.3.0
2024-05-29 22:34:43,342 [INFO] ThirdParty:1030 - CMSIS Pack Vendor :Infineon AIROC-Wi-Fi-Bluetooth-STM32 1.6.0
2024-05-29 22:34:43,342 [INFO] ThirdParty:1030 - CMSIS Pack Vendor :STMicroelectronics PDM2PCM 3.2.0
2024-05-29 22:34:43,342 [INFO] ThirdParty:841 - exiting critical section [change project]
2024-05-29 22:34:43,604 [INFO] PinOutPanel:1561 - setPackage(No Configuration,No Configuration)
2024-05-29 22:34:43,607 [INFO] PinOutPanel:1561 - setPackage(STM32F103RBTx,LQFP64)
2024-05-29 22:34:43,839 [INFO] UtilMem:75 - Before build in PCC Used Memory: 277496712 Bytes (786432000)
2024-05-29 22:34:44,271 [INFO] UtilMem:75 - After build in PCC Used Memory: 318917512 Bytes (786432000)
2024-05-29 22:34:44,285 [INFO] ApiDbMcu:508 - Load IP Config File for FREERTOS
2024-05-29 22:34:44,325 [INFO] IPUIPlugin:80 - create IPUIPlugin
2024-05-29 22:34:44,326 [INFO] IPUIPlugin:80 - create IPUIPlugin
2024-05-29 22:34:44,326 [INFO] IPUIPlugin:80 - create IPUIPlugin
2024-05-29 22:34:44,327 [INFO] IPUIPlugin:80 - create IPUIPlugin
2024-05-29 22:34:44,327 [INFO] IPUIPlugin:80 - create IPUIPlugin
2024-05-29 22:34:44,327 [INFO] IPUIPlugin:80 - create IPUIPlugin
2024-05-29 22:34:44,327 [INFO] IPUIPlugin:80 - create IPUIPlugin
2024-05-29 22:34:44,327 [INFO] IPUIPlugin:80 - create IPUIPlugin
2024-05-29 22:34:44,327 [INFO] IPUIPlugin:80 - create IPUIPlugin
2024-05-29 22:34:44,327 [INFO] IPUIPlugin:80 - create IPUIPlugin
2024-05-29 22:34:44,328 [INFO] IPUIPlugin:80 - create IPUIPlugin
2024-05-29 22:34:44,328 [INFO] IPUIPlugin:80 - create IPUIPlugin
2024-05-29 22:34:44,328 [INFO] IPUIPlugin:80 - create IPUIPlugin
2024-05-29 22:34:44,328 [INFO] IPUIPlugin:80 - create IPUIPlugin
2024-05-29 22:34:44,328 [INFO] IPUIPlugin:80 - create IPUIPlugin
2024-05-29 22:34:44,328 [INFO] IPUIPlugin:80 - create IPUIPlugin
2024-05-29 22:34:44,328 [INFO] IPUIPlugin:80 - create IPUIPlugin
2024-05-29 22:34:44,328 [INFO] IPUIPlugin:80 - create IPUIPlugin
2024-05-29 22:34:44,328 [INFO] IPUIPlugin:80 - create IPUIPlugin
2024-05-29 22:34:44,329 [INFO] IPUIPlugin:80 - create IPUIPlugin
2024-05-29 22:34:44,329 [INFO] IPUIPlugin:80 - create IPUIPlugin
2024-05-29 22:34:44,329 [INFO] IPUIPlugin:80 - create IPUIPlugin
2024-05-29 22:34:44,329 [INFO] IPUIPlugin:80 - create IPUIPlugin
2024-05-29 22:34:44,329 [INFO] IPUIPlugin:80 - create IPUIPlugin
2024-05-29 22:34:44,329 [INFO] IPUIPlugin:80 - create IPUIPlugin
2024-05-29 22:34:44,330 [INFO] IPUIPlugin:80 - create IPUIPlugin
2024-05-29 22:34:44,330 [INFO] IPUIPlugin:80 - create IPUIPlugin
2024-05-29 22:34:44,358 [WARN] FreeRTOS:1023 - Null or empty value: should not occur! (nothing added to the table)
2024-05-29 22:34:44,423 [INFO] CADModel:165 - CPN selected for project levelSTM32F103RBT6
2024-05-29 22:34:44,423 [INFO] CADModel:114 - Register for checkConnection events
2024-05-29 22:34:44,427 [INFO] RtosManager:697 - Active RTOS found at IOC load: FREERTOS [Cortex-M3NS]
2024-05-29 22:34:44,476 [INFO] OpenFileManager:343 - Restore cursor
2024-05-29 22:39:38,296 [INFO] UtilMem:75 - End SaveConfig() Used Memory: 300027880 Bytes (938475520)
2024-05-29 22:39:43,530 [INFO] UtilMem:75 - End SaveConfig() Used Memory: 316882840 Bytes (938475520)
2024-05-29 22:39:45,528 [INFO] UtilMem:75 - End SaveConfig() Used Memory: 362082528 Bytes (938475520)
2024-05-29 22:39:45,739 [INFO] BlockDiagram:2759 - set Specific Code input for plugin: NVIC
2024-05-29 22:39:45,739 [INFO] BlockDiagram:2759 - set Specific Code input for plugin: FREERTOS
2024-05-29 22:39:45,739 [INFO] BlockDiagram:2759 - set Specific Code input for plugin: USART
2024-05-29 22:39:45,739 [INFO] BlockDiagram:2759 - set Specific Code input for plugin: SYS
2024-05-29 22:39:45,749 [INFO] BlockDiagram:2759 - set Specific Code input for plugin: GPIO
2024-05-29 22:39:45,749 [INFO] BlockDiagram:2759 - set Specific Code input for plugin: RCC
2024-05-29 22:39:45,750 [INFO] CodeGenerator:807 - code generatio: config db path: /Applications/STM32CubeIDE.app/Contents/Eclipse/plugins/com.st.stm32cube.common.mx_6.11.1.202404110753//db/
2024-05-29 22:39:45,861 [INFO] CodeEngine:255 - oldGeneratedFile, /Users/richywarrior/STM32CubeIDE/workspace_1.14.0/Lab04_RTOSV2/MXTmpFiles/license.tmp_save
2024-05-29 22:39:46,039 [INFO] CodeEngine:279 - Generated code: /Users/richywarrior/STM32CubeIDE/workspace_1.14.0/Lab04_RTOSV2/MXTmpFiles/license.tmp
2024-05-29 22:39:46,081 [INFO] CodeEngine:255 - oldGeneratedFile, /Users/richywarrior/STM32CubeIDE/workspace_1.14.0/Lab04_RTOSV2/MXTmpFiles/gpio.tmp_save
2024-05-29 22:39:46,194 [INFO] CodeEngine:279 - Generated code: /Users/richywarrior/STM32CubeIDE/workspace_1.14.0/Lab04_RTOSV2/MXTmpFiles/gpio.tmp
2024-05-29 22:39:46,357 [INFO] Middleware:1439 - No code input for Bsp Dependency
2024-05-29 22:39:46,366 [INFO] CodeEngine:255 - oldGeneratedFile, /Users/richywarrior/STM32CubeIDE/workspace_1.14.0/Lab04_RTOSV2/MXTmpFiles/rtos_inc.tmp_save
2024-05-29 22:39:46,452 [INFO] CodeEngine:279 - Generated code: /Users/richywarrior/STM32CubeIDE/workspace_1.14.0/Lab04_RTOSV2/MXTmpFiles/rtos_inc.tmp
2024-05-29 22:39:46,456 [INFO] CodeEngine:255 - oldGeneratedFile, /Users/richywarrior/STM32CubeIDE/workspace_1.14.0/Lab04_RTOSV2/MXTmpFiles/rtos_vars.tmp_save
2024-05-29 22:39:46,544 [INFO] CodeEngine:279 - Generated code: /Users/richywarrior/STM32CubeIDE/workspace_1.14.0/Lab04_RTOSV2/MXTmpFiles/rtos_vars.tmp
2024-05-29 22:39:46,549 [INFO] CodeEngine:255 - oldGeneratedFile, /Users/richywarrior/STM32CubeIDE/workspace_1.14.0/Lab04_RTOSV2/MXTmpFiles/rtos_pfp.tmp_save
2024-05-29 22:39:46,608 [INFO] CodeEngine:279 - Generated code: /Users/richywarrior/STM32CubeIDE/workspace_1.14.0/Lab04_RTOSV2/MXTmpFiles/rtos_pfp.tmp
2024-05-29 22:39:46,612 [INFO] CodeEngine:255 - oldGeneratedFile, /Users/richywarrior/STM32CubeIDE/workspace_1.14.0/Lab04_RTOSV2/MXTmpFiles/rtos_obj_creat.tmp_save
2024-05-29 22:39:46,663 [INFO] CodeEngine:279 - Generated code: /Users/richywarrior/STM32CubeIDE/workspace_1.14.0/Lab04_RTOSV2/MXTmpFiles/rtos_obj_creat.tmp
2024-05-29 22:39:46,664 [INFO] CodeEngine:255 - oldGeneratedFile, /Users/richywarrior/STM32CubeIDE/workspace_1.14.0/Lab04_RTOSV2/MXTmpFiles/rtos_kernelStart.tmp_save
2024-05-29 22:39:46,712 [INFO] CodeEngine:279 - Generated code: /Users/richywarrior/STM32CubeIDE/workspace_1.14.0/Lab04_RTOSV2/MXTmpFiles/rtos_kernelStart.tmp
2024-05-29 22:39:46,713 [INFO] CodeEngine:255 - oldGeneratedFile, /Users/richywarrior/STM32CubeIDE/workspace_1.14.0/Lab04_RTOSV2/MXTmpFiles/rtos_default_thread.tmp_save
2024-05-29 22:39:46,774 [INFO] CodeEngine:279 - Generated code: /Users/richywarrior/STM32CubeIDE/workspace_1.14.0/Lab04_RTOSV2/MXTmpFiles/rtos_default_thread.tmp
2024-05-29 22:39:46,776 [INFO] CodeEngine:255 - oldGeneratedFile, /Users/richywarrior/STM32CubeIDE/workspace_1.14.0/Lab04_RTOSV2/MXTmpFiles/rtos_threads.tmp_save
2024-05-29 22:39:46,830 [INFO] CodeEngine:279 - Generated code: /Users/richywarrior/STM32CubeIDE/workspace_1.14.0/Lab04_RTOSV2/MXTmpFiles/rtos_threads.tmp
2024-05-29 22:39:46,841 [INFO] Middleware:1439 - No code input for Bsp Dependency
2024-05-29 22:39:46,845 [INFO] CodeEngine:255 - oldGeneratedFile, /Users/richywarrior/STM32CubeIDE/workspace_1.14.0/Lab04_RTOSV2/MXTmpFiles/rtos_inc.tmp_save
2024-05-29 22:39:46,893 [INFO] CodeEngine:279 - Generated code: /Users/richywarrior/STM32CubeIDE/workspace_1.14.0/Lab04_RTOSV2/MXTmpFiles/rtos_inc.tmp
2024-05-29 22:39:46,894 [INFO] CodeEngine:255 - oldGeneratedFile, /Users/richywarrior/STM32CubeIDE/workspace_1.14.0/Lab04_RTOSV2/MXTmpFiles/rtos_vars.tmp_save
2024-05-29 22:39:46,941 [INFO] CodeEngine:279 - Generated code: /Users/richywarrior/STM32CubeIDE/workspace_1.14.0/Lab04_RTOSV2/MXTmpFiles/rtos_vars.tmp
2024-05-29 22:39:46,942 [INFO] CodeEngine:255 - oldGeneratedFile, /Users/richywarrior/STM32CubeIDE/workspace_1.14.0/Lab04_RTOSV2/MXTmpFiles/rtos_pfp.tmp_save
2024-05-29 22:39:47,004 [INFO] CodeEngine:279 - Generated code: /Users/richywarrior/STM32CubeIDE/workspace_1.14.0/Lab04_RTOSV2/MXTmpFiles/rtos_pfp.tmp
2024-05-29 22:39:47,005 [INFO] CodeEngine:255 - oldGeneratedFile, /Users/richywarrior/STM32CubeIDE/workspace_1.14.0/Lab04_RTOSV2/MXTmpFiles/rtos_obj_creat.tmp_save
2024-05-29 22:39:47,062 [INFO] CodeEngine:279 - Generated code: /Users/richywarrior/STM32CubeIDE/workspace_1.14.0/Lab04_RTOSV2/MXTmpFiles/rtos_obj_creat.tmp
2024-05-29 22:39:47,064 [INFO] CodeEngine:255 - oldGeneratedFile, /Users/richywarrior/STM32CubeIDE/workspace_1.14.0/Lab04_RTOSV2/MXTmpFiles/rtos_kernelStart.tmp_save
2024-05-29 22:39:47,118 [INFO] CodeEngine:279 - Generated code: /Users/richywarrior/STM32CubeIDE/workspace_1.14.0/Lab04_RTOSV2/MXTmpFiles/rtos_kernelStart.tmp
2024-05-29 22:39:47,119 [INFO] CodeEngine:255 - oldGeneratedFile, /Users/richywarrior/STM32CubeIDE/workspace_1.14.0/Lab04_RTOSV2/MXTmpFiles/rtos_default_thread.tmp_save
2024-05-29 22:39:47,179 [INFO] CodeEngine:279 - Generated code: /Users/richywarrior/STM32CubeIDE/workspace_1.14.0/Lab04_RTOSV2/MXTmpFiles/rtos_default_thread.tmp
2024-05-29 22:39:47,181 [INFO] CodeEngine:255 - oldGeneratedFile, /Users/richywarrior/STM32CubeIDE/workspace_1.14.0/Lab04_RTOSV2/MXTmpFiles/rtos_threads.tmp_save
2024-05-29 22:39:47,226 [INFO] CodeEngine:279 - Generated code: /Users/richywarrior/STM32CubeIDE/workspace_1.14.0/Lab04_RTOSV2/MXTmpFiles/rtos_threads.tmp
2024-05-29 22:39:47,228 [INFO] CodeEngine:255 - oldGeneratedFile, /Users/richywarrior/STM32CubeIDE/workspace_1.14.0/Lab04_RTOSV2/Core/Inc/FreeRTOSConfig.h_save
2024-05-29 22:39:47,292 [INFO] CodeEngine:279 - Generated code: /Users/richywarrior/STM32CubeIDE/workspace_1.14.0/Lab04_RTOSV2/Core/Inc/FreeRTOSConfig.h
2024-05-29 22:39:47,294 [INFO] CodeEngine:255 - oldGeneratedFile, /Users/richywarrior/STM32CubeIDE/workspace_1.14.0/Lab04_RTOSV2/Core/Src/freertos.c_save
2024-05-29 22:39:47,355 [INFO] CodeEngine:279 - Generated code: /Users/richywarrior/STM32CubeIDE/workspace_1.14.0/Lab04_RTOSV2/Core/Src/freertos.c
2024-05-29 22:39:47,363 [INFO] CodeEngine:255 - oldGeneratedFile, /Users/richywarrior/STM32CubeIDE/workspace_1.14.0/Lab04_RTOSV2/Core/Src/stm32f1xx_it.c_save
2024-05-29 22:39:47,635 [INFO] CodeEngine:279 - Generated code: /Users/richywarrior/STM32CubeIDE/workspace_1.14.0/Lab04_RTOSV2/Core/Src/stm32f1xx_it.c
2024-05-29 22:39:47,647 [INFO] CodeEngine:255 - oldGeneratedFile, /Users/richywarrior/STM32CubeIDE/workspace_1.14.0/Lab04_RTOSV2/Core/Inc/stm32f1xx_it.h_save
2024-05-29 22:39:47,701 [INFO] CodeEngine:279 - Generated code: /Users/richywarrior/STM32CubeIDE/workspace_1.14.0/Lab04_RTOSV2/Core/Inc/stm32f1xx_it.h
2024-05-29 22:39:47,716 [INFO] CodeEngine:255 - oldGeneratedFile, /Users/richywarrior/STM32CubeIDE/workspace_1.14.0/Lab04_RTOSV2/Core/Src/stm32f1xx_hal_msp.c_save
2024-05-29 22:39:47,817 [INFO] CodeEngine:279 - Generated code: /Users/richywarrior/STM32CubeIDE/workspace_1.14.0/Lab04_RTOSV2/Core/Src/stm32f1xx_hal_msp.c
2024-05-29 22:39:47,818 [INFO] CodeEngine:255 - oldGeneratedFile, /Users/richywarrior/STM32CubeIDE/workspace_1.14.0/Lab04_RTOSV2/MXTmpFiles/system.tmp_save
2024-05-29 22:39:47,866 [INFO] CodeEngine:279 - Generated code: /Users/richywarrior/STM32CubeIDE/workspace_1.14.0/Lab04_RTOSV2/MXTmpFiles/system.tmp
2024-05-29 22:39:47,868 [INFO] CodeEngine:255 - oldGeneratedFile, /Users/richywarrior/STM32CubeIDE/workspace_1.14.0/Lab04_RTOSV2/Core/Src/stm32f1xx_hal_timebase_tim.c_save
2024-05-29 22:39:47,937 [INFO] CodeEngine:279 - Generated code: /Users/richywarrior/STM32CubeIDE/workspace_1.14.0/Lab04_RTOSV2/Core/Src/stm32f1xx_hal_timebase_tim.c
2024-05-29 22:39:47,942 [INFO] CodeEngine:311 - oldGeneratedFile, /Users/richywarrior/STM32CubeIDE/workspace_1.14.0/Lab04_RTOSV2/Core/Inc/stm32f1xx_hal_conf.h_save
2024-05-29 22:39:48,000 [INFO] CodeEngine:335 - Generated code: /Users/richywarrior/STM32CubeIDE/workspace_1.14.0/Lab04_RTOSV2/Core/Inc/stm32f1xx_hal_conf.h
2024-05-29 22:39:48,058 [INFO] CodeEngine:255 - oldGeneratedFile, /Users/richywarrior/STM32CubeIDE/workspace_1.14.0/Lab04_RTOSV2/Core/Inc/main.h_save
2024-05-29 22:39:48,143 [INFO] CodeEngine:279 - Generated code: /Users/richywarrior/STM32CubeIDE/workspace_1.14.0/Lab04_RTOSV2/Core/Inc/main.h
2024-05-29 22:39:48,147 [INFO] CodeEngine:255 - oldGeneratedFile, /Users/richywarrior/STM32CubeIDE/workspace_1.14.0/Lab04_RTOSV2/Core/Src/main.c_save
2024-05-29 22:39:48,238 [INFO] CodeEngine:279 - Generated code: /Users/richywarrior/STM32CubeIDE/workspace_1.14.0/Lab04_RTOSV2/Core/Src/main.c
2024-05-29 22:39:48,492 [INFO] ProjectBuilder:3163 - Time for Copy HAL[1] : 87mS.
2024-05-29 22:39:48,497 [INFO] ProjectBuilder:4736 - Project Generator version: 4.3.0-B58
2024-05-29 22:39:48,612 [INFO] ConfigFileManager:1503 - The Die is : DIE410
2024-05-29 22:39:48,618 [INFO] ApiDbMcu:508 - Load IP Config File for FATFS
2024-05-29 22:39:48,630 [INFO] ApiDbMcu:508 - Load IP Config File for USB_DEVICE
2024-05-29 22:39:50,507 [INFO] ProjectBuilder:5002 - Time for Generating toolchain IDE Files: 2006mS.
2024-05-29 22:39:50,514 [INFO] ProjectBuilder:3034 - Time for Copy CMSIS : 2mS.
2024-05-29 22:39:50,517 [INFO] ProjectBuilder:3034 - Time for Copy CMSIS : 0mS.
2024-05-29 22:57:35,290 [INFO] MainUpdater:2873 - connection check result : 10
2024-05-29 22:57:35,294 [INFO] MainUpdater:2873 - connection check result : 10
2024-05-29 22:57:35,613 [INFO] MicroXplorer:468 - Change Database Path : 
2024-05-29 22:57:35,613 [INFO] MicroXplorer:498 - Change Database Version : DB.6.0.111
2024-05-29 22:57:35,680 [ERROR] ProjectManagerView:394 - 
java.lang.NullPointerException: Cannot invoke "javax.swing.JTextField.getText()" because the return value of "java.util.List.get(int)" is null
	at com.st.microxplorer.plugins.projectmanager.gui.ProjectChoiceTab$10.caretUpdate(ProjectChoiceTab.java:2504) ~[filemanager.jar:?]
	at javax.swing.text.JTextComponent.fireCaretUpdate(JTextComponent.java:412) ~[?:?]
	at javax.swing.text.JTextComponent$MutableCaretEvent.fire(JTextComponent.java:4491) ~[?:?]
	at javax.swing.text.JTextComponent$MutableCaretEvent.stateChanged(JTextComponent.java:4513) ~[?:?]
	at javax.swing.text.DefaultCaret.fireStateChanged(DefaultCaret.java:842) ~[?:?]
	at javax.swing.text.DefaultCaret.changeCaretPosition(DefaultCaret.java:1313) ~[?:?]
	at javax.swing.text.DefaultCaret.handleSetDot(DefaultCaret.java:1212) ~[?:?]
	at javax.swing.text.DefaultCaret.setDot(DefaultCaret.java:1193) ~[?:?]
	at javax.swing.text.DefaultCaret$Handler.insertUpdate(DefaultCaret.java:1789) ~[?:?]
	at javax.swing.text.AbstractDocument.fireInsertUpdate(AbstractDocument.java:226) ~[?:?]
	at javax.swing.text.AbstractDocument.handleInsertString(AbstractDocument.java:780) ~[?:?]
	at javax.swing.text.AbstractDocument.insertString(AbstractDocument.java:739) ~[?:?]
	at javax.swing.text.PlainDocument.insertString(PlainDocument.java:131) ~[?:?]
	at javax.swing.text.AbstractDocument.replace(AbstractDocument.java:698) ~[?:?]
	at javax.swing.text.JTextComponent.setText(JTextComponent.java:1729) ~[?:?]
	at com.st.microxplorer.plugins.projectmanager.gui.ProjectChoiceTab.createHeapStackFields(ProjectChoiceTab.java:944) ~[filemanager.jar:?]
	at com.st.microxplorer.plugins.projectmanager.gui.ProjectChoiceTab.buildLinkSettingsPanel(ProjectChoiceTab.java:3475) ~[filemanager.jar:?]
	at com.st.microxplorer.plugins.projectmanager.gui.ProjectChoiceTab.defineWindowsFields(ProjectChoiceTab.java:1816) ~[filemanager.jar:?]
	at com.st.microxplorer.plugins.projectmanager.gui.ProjectChoiceTab.updateSettings(ProjectChoiceTab.java:544) ~[filemanager.jar:?]
	at com.st.microxplorer.plugins.projectmanager.gui.ProjectSettingsPanel.UpdateDialog(ProjectSettingsPanel.java:245) ~[filemanager.jar:?]
	at com.st.microxplorer.plugins.projectmanager.ProjectManagerView.propertyChange(ProjectManagerView.java:391) ~[filemanager.jar:?]
	at java.beans.PropertyChangeSupport.fire(PropertyChangeSupport.java:343) ~[?:?]
	at java.beans.PropertyChangeSupport.firePropertyChange(PropertyChangeSupport.java:335) ~[?:?]
	at java.beans.PropertyChangeSupport.firePropertyChange(PropertyChangeSupport.java:268) ~[?:?]
	at com.st.microxplorer.util.MXPropertyChangeSupport.firePropertyChange(MXPropertyChangeSupport.java:54) ~[STM32CubeMX.jar:?]
	at com.st.microxplorer.mxsystem.MxSystem.closeConfig(MxSystem.java:900) ~[STM32CubeMX.jar:?]
	at com.st.microxplorer.maingui.MainPanel.closeConfig(MainPanel.java:776) ~[STM32CubeMX.jar:?]
	at com.st.microxplorer.plugins.filemanager.engine.OpenFileManager.loadConfigurationFile(OpenFileManager.java:245) ~[filemanager.jar:?]
	at com.st.microxplorer.plugins.filemanager.engine.MainFileManager.userLoadConfig(MainFileManager.java:315) ~[filemanager.jar:?]
	at com.st.microxplorer.plugins.filemanager.engine.MainFileManager.userLoadConfig(MainFileManager.java:293) ~[filemanager.jar:?]
	at com.st.microxplorer.plugins.filemanager.FileManagerView.getSpecificTask(FileManagerView.java:247) ~[filemanager.jar:?]
	at com.st.stm32cube.common.mx.editor.CubeMxEditor.getMxTabbedPaneInstance(CubeMxEditor.java:1198) ~[com.st.stm32cube.common.mx_6.11.1.202404110753/:?]
	at com.st.stm32cube.common.mx.editor.CubeMxEditor$12$1.createSwingComponent(CubeMxEditor.java:1068) ~[com.st.stm32cube.common.mx_6.11.1.202404110753/:?]
	at com.st.stm32cube.common.mx.oss.core.awtswtbridge.EmbeddedSwingComposite.doComponentCreation(EmbeddedSwingComposite.java:492) ~[com.st.stm32cube.common.mx.oss_6.11.1.202404110753/:?]
	at com.st.stm32cube.common.mx.oss.core.awtswtbridge.EmbeddedSwingComposite$4.run(EmbeddedSwingComposite.java:291) ~[com.st.stm32cube.common.mx.oss_6.11.1.202404110753/:?]
	at com.st.stm32cube.common.mx.oss.core.awtswtbridge.AwtEnvironment$2.run(AwtEnvironment.java:166) ~[com.st.stm32cube.common.mx.oss_6.11.1.202404110753/:?]
	at java.awt.event.InvocationEvent.dispatch(InvocationEvent.java:318) ~[?:?]
	at java.awt.EventQueue.dispatchEventImpl(EventQueue.java:773) ~[?:?]
	at java.awt.EventQueue$4.run(EventQueue.java:720) ~[?:?]
	at java.awt.EventQueue$4.run(EventQueue.java:714) ~[?:?]
	at java.security.AccessController.doPrivileged(AccessController.java:399) ~[?:?]
	at java.security.ProtectionDomain$JavaSecurityAccessImpl.doIntersectionPrivilege(ProtectionDomain.java:86) ~[?:?]
	at java.awt.EventQueue.dispatchEvent(EventQueue.java:742) ~[?:?]
	at java.awt.EventDispatchThread.pumpOneEventForFilters(EventDispatchThread.java:203) ~[?:?]
	at java.awt.EventDispatchThread.pumpEventsForFilter(EventDispatchThread.java:124) ~[?:?]
	at java.awt.EventDispatchThread.pumpEventsForHierarchy(EventDispatchThread.java:113) ~[?:?]
	at java.awt.EventDispatchThread.pumpEvents(EventDispatchThread.java:109) ~[?:?]
	at java.awt.EventDispatchThread.pumpEvents(EventDispatchThread.java:101) ~[?:?]
	at java.awt.EventDispatchThread.run(EventDispatchThread.java:90) ~[?:?]
2024-05-29 22:57:35,683 [WARN] ThirdParty:871 - waiting for thirdparty lock release [close project]
2024-05-29 22:57:35,684 [INFO] ThirdParty:873 - entering critical section [close project]
2024-05-29 22:57:35,684 [INFO] ThirdParty:883 - exiting critical section [close project]
2024-05-29 22:57:35,690 [INFO] PinOutPanel:1561 - setPackage(No Configuration,No Configuration)
2024-05-29 22:57:35,702 [INFO] UtilMem:75 - Begin LoadConfig() Used Memory: 411346256 Bytes (912261120)
2024-05-29 22:57:35,703 [INFO] MicroXplorer:468 - Change Database Path : 
2024-05-29 22:57:35,703 [INFO] MicroXplorer:498 - Change Database Version : DB.6.0.111
2024-05-29 22:57:35,703 [INFO] OpenFileManager:312 - Change cursor
2024-05-29 22:57:35,739 [INFO] RulesReader:64 - Compatibility file has been processed (297 Rules)
2024-05-29 22:57:35,747 [INFO] Mcu:2021 - Initializing MCU STM32F103R(8-B)Tx STM32F103RBTx STM32F103RBT6
2024-05-29 22:57:36,116 [INFO] Context:663 - Trying to add GPIOservice into a context  which must be forbidden
2024-05-29 22:57:36,589 [INFO] RtosManager:555 - Registered RTOS mode: class=CMSIS, group=RTOS, mode=CMSIS_V1, owner=FREERTOS
2024-05-29 22:57:36,593 [INFO] RtosManager:555 - Registered RTOS mode: class=CMSIS, group=RTOS2, mode=CMSIS_V2, owner=FREERTOS
2024-05-29 22:57:36,593 [INFO] RtosManager:555 - Registered RTOS mode: class=RTOS, group=Core, mode=CMSIS_V1, owner=FREERTOS
2024-05-29 22:57:36,593 [INFO] RtosManager:555 - Registered RTOS mode: class=RTOS, group=Core, mode=CMSIS_V2, owner=FREERTOS
2024-05-29 22:57:36,593 [WARN] ModelIntegratedComponent:184 - Missing modes for component STMicroelectronics:FreeRTOS:0.0.1:STMicroelectronics:RTOS:FreeRTOS:Core:::10.2.0:
2024-05-29 22:57:36,618 [WARN] ModelIntegratedComponent:63 - No mode defined for component null
2024-05-29 22:57:36,618 [WARN] ModelIntegratedComponent:63 - No mode defined for component null
2024-05-29 22:57:36,618 [WARN] ModelIntegratedComponent:63 - No mode defined for component null
2024-05-29 22:57:36,618 [WARN] ModelIntegratedComponent:63 - No mode defined for component null
2024-05-29 22:57:36,618 [WARN] ModelIntegratedComponent:63 - No mode defined for component null
2024-05-29 22:57:36,618 [WARN] ModelIntegratedComponent:63 - No mode defined for component null
2024-05-29 22:57:36,618 [WARN] ModelIntegratedComponent:63 - No mode defined for component null
2024-05-29 22:57:36,618 [WARN] ModelIntegratedComponent:63 - No mode defined for component null
2024-05-29 22:57:36,618 [WARN] ModelIntegratedComponent:63 - No mode defined for component null
2024-05-29 22:57:36,618 [WARN] ModelIntegratedComponent:63 - No mode defined for component null
2024-05-29 22:57:36,618 [WARN] ModelIntegratedComponent:63 - No mode defined for component null
2024-05-29 22:57:36,618 [WARN] ModelIntegratedComponent:63 - No mode defined for component null
2024-05-29 22:57:36,618 [WARN] ModelIntegratedComponent:63 - No mode defined for component null
2024-05-29 22:57:36,618 [WARN] ModelIntegratedComponent:63 - No mode defined for component null
2024-05-29 22:57:36,618 [WARN] ModelIntegratedComponent:63 - No mode defined for component null
2024-05-29 22:57:36,619 [WARN] ModelIntegratedComponent:63 - No mode defined for component null
2024-05-29 22:57:36,619 [WARN] ModelIntegratedComponent:63 - No mode defined for component null
2024-05-29 22:57:36,619 [WARN] ModelIntegratedComponent:63 - No mode defined for component null
2024-05-29 22:57:36,619 [WARN] ModelIntegratedComponent:63 - No mode defined for component null
2024-05-29 22:57:36,619 [WARN] ModelIntegratedComponent:63 - No mode defined for component null
2024-05-29 22:57:36,619 [WARN] ModelIntegratedComponent:63 - No mode defined for component null
2024-05-29 22:57:36,619 [WARN] ModelIntegratedComponent:63 - No mode defined for component null
2024-05-29 22:57:36,619 [WARN] ModelIntegratedComponent:63 - No mode defined for component null
2024-05-29 22:57:36,619 [WARN] ModelIntegratedComponent:63 - No mode defined for component null
2024-05-29 22:57:36,619 [WARN] ModelIntegratedComponent:63 - No mode defined for component null
2024-05-29 22:57:36,619 [WARN] ModelIntegratedComponent:63 - No mode defined for component null
2024-05-29 22:57:36,619 [WARN] ModelIntegratedComponent:63 - No mode defined for component null
2024-05-29 22:57:36,619 [WARN] ModelIntegratedComponent:63 - No mode defined for component null
2024-05-29 22:57:36,619 [WARN] ModelIntegratedComponent:63 - No mode defined for component null
2024-05-29 22:57:36,619 [WARN] ModelIntegratedComponent:63 - No mode defined for component null
2024-05-29 22:57:36,619 [WARN] ModelIntegratedComponent:63 - No mode defined for component null
2024-05-29 22:57:36,619 [WARN] ModelIntegratedComponent:63 - No mode defined for component null
2024-05-29 22:57:36,619 [WARN] ModelIntegratedComponent:63 - No mode defined for component null
2024-05-29 22:57:36,619 [WARN] ModelIntegratedComponent:63 - No mode defined for component null
2024-05-29 22:57:36,703 [INFO] ThirdPartyModel:298 - Start build external matchings
2024-05-29 22:57:36,959 [INFO] ThirdPartyModel:316 - End build external matchings
2024-05-29 22:57:36,972 [INFO] RtosManager:919 - Current active RTOS is FREERTOS [Cortex-M3NS]
2024-05-29 22:57:37,000 [INFO] ImportTextPane:194 - (OptionalMessage_ERROR) IP (RCC) : Parameter (ADCFreqValue) has invalid value (32000000)
2024-05-29 22:57:37,000 [INFO] ImportTextPane:194 - (OptionalMessage_ERROR) IP (RCC) : Invalid parameter (FamilyName)
2024-05-29 22:57:37,000 [INFO] ImportTextPane:194 - (OptionalMessage_ERROR) IP (RCC) : Parameter (MCOFreq_Value) has invalid value (64000000)
2024-05-29 22:57:37,001 [INFO] ImportTextPane:194 - (OptionalMessage_ERROR) IP (RCC) : Parameter (USBFreq_Value) has invalid value (64000000)
2024-05-29 22:57:37,145 [INFO] UtilMem:75 - End LoadConfig() Used Memory: 294978608 Bytes (912261120)
2024-05-29 22:57:37,245 [WARN] ThirdParty:833 - waiting for thirdparty lock release [change project]
2024-05-29 22:57:37,247 [INFO] ThirdParty:835 - entering critical section [change project]
2024-05-29 22:57:37,247 [INFO] ThirdParty:1030 - CMSIS Pack Vendor :STMicroelectronics USBPD 4.1
2024-05-29 22:57:37,247 [INFO] ThirdParty:1030 - CMSIS Pack Vendor :STMicroelectronics X-CUBE-GNSS1 6.0.0
2024-05-29 22:57:37,247 [INFO] ThirdParty:1030 - CMSIS Pack Vendor :STMicroelectronics USB_HOST 2.0.0
2024-05-29 22:57:37,247 [INFO] ThirdParty:1030 - CMSIS Pack Vendor :STMicroelectronics FP-SNS-MOTENVWB1 1.4.0
2024-05-29 22:57:37,247 [INFO] ThirdParty:1030 - CMSIS Pack Vendor :STMicroelectronics X-CUBE-AZRTOS-F4 1.1.0
2024-05-29 22:57:37,248 [INFO] ThirdParty:1030 - CMSIS Pack Vendor :STMicroelectronics LIBJPEG 8.0.0
2024-05-29 22:57:37,248 [INFO] ThirdParty:1030 - CMSIS Pack Vendor :STMicroelectronics X-CUBE-SMBUS 2.1.0
2024-05-29 22:57:37,248 [INFO] ThirdParty:1030 - CMSIS Pack Vendor :STMicroelectronics USB_DEVICE 3.0.0
2024-05-29 22:57:37,248 [INFO] ThirdParty:1030 - CMSIS Pack Vendor :STMicroelectronics X-CUBE-TCPP 4.1.0
2024-05-29 22:57:37,248 [INFO] ThirdParty:1030 - CMSIS Pack Vendor :STMicroelectronics X-CUBE-FREERTOS 1.2.0
2024-05-29 22:57:37,248 [INFO] ThirdParty:1030 - CMSIS Pack Vendor :STMicroelectronics X-CUBE-AZRTOS-WB 2.0.0
2024-05-29 22:57:37,248 [INFO] ThirdParty:1030 - CMSIS Pack Vendor :STMicroelectronics X-CUBE-TOUCHGFX 4.23.1
2024-05-29 22:57:37,248 [INFO] ThirdParty:1030 - CMSIS Pack Vendor :STMicroelectronics X-CUBE-TOUCHGFX 4.23.0
2024-05-29 22:57:37,248 [INFO] ThirdParty:1030 - CMSIS Pack Vendor :STMicroelectronics X-CUBE-TOUCHGFX 4.23.2
2024-05-29 22:57:37,248 [INFO] ThirdParty:1030 - CMSIS Pack Vendor :STMicroelectronics X-CUBE-AZRTOS-F7 1.1.0
2024-05-29 22:57:37,248 [INFO] ThirdParty:1030 - CMSIS Pack Vendor :STMicroelectronics X-CUBE-AZRTOS-L5 2.0.0
2024-05-29 22:57:37,248 [INFO] ThirdParty:1030 - CMSIS Pack Vendor :STMicroelectronics USB_DEVICE 2.0.0
2024-05-29 22:57:37,248 [INFO] ThirdParty:1030 - CMSIS Pack Vendor :STMicroelectronics X-CUBE-NFC6 3.1.0
2024-05-29 22:57:37,248 [INFO] ThirdParty:1030 - CMSIS Pack Vendor :STMicroelectronics FP-SNS-MOTENV1 4.3.2
2024-05-29 22:57:37,248 [INFO] ThirdParty:1030 - CMSIS Pack Vendor :STMicroelectronics X-CUBE-ALGOBUILD 1.3.0
2024-05-29 22:57:37,248 [INFO] ThirdParty:1030 - CMSIS Pack Vendor :STMicroelectronics FreeRTOS 0.0.1
2024-05-29 22:57:37,248 [INFO] ThirdParty:1030 - CMSIS Pack Vendor :STMicroelectronics X-CUBE-AZRTOS-G0 1.1.0
2024-05-29 22:57:37,248 [INFO] ThirdParty:1030 - CMSIS Pack Vendor :STMicroelectronics X-CUBE-SAFEA1 1.2.2
2024-05-29 22:57:37,248 [INFO] ThirdParty:1030 - CMSIS Pack Vendor :STMicroelectronics X-CUBE-NFC4 3.0.0
2024-05-29 22:57:37,248 [INFO] ThirdParty:1030 - CMSIS Pack Vendor :STMicroelectronics X-CUBE-SUBG2 5.0.0
2024-05-29 22:57:37,248 [INFO] ThirdParty:1030 - CMSIS Pack Vendor :STMicroelectronics STM32_WPAN 1.0.0
2024-05-29 22:57:37,248 [INFO] ThirdParty:1030 - CMSIS Pack Vendor :STMicroelectronics lwIP 2.0.3
2024-05-29 22:57:37,248 [INFO] ThirdParty:1030 - CMSIS Pack Vendor :STMicroelectronics FP-SNS-FLIGHT1 5.0.2
2024-05-29 22:57:37,248 [INFO] ThirdParty:1030 - CMSIS Pack Vendor :STMicroelectronics USB_HOST 1.0.0
2024-05-29 22:57:37,248 [INFO] ThirdParty:1030 - CMSIS Pack Vendor :STMicroelectronics X-CUBE-AI 9.0.0
2024-05-29 22:57:37,248 [INFO] ThirdParty:1030 - CMSIS Pack Vendor :STMicroelectronics X-CUBE-AZRTOS-G4 2.0.0
2024-05-29 22:57:37,248 [INFO] ThirdParty:1030 - CMSIS Pack Vendor :STMicroelectronics PDM2PCM 3.1.0
2024-05-29 22:57:37,248 [INFO] ThirdParty:1030 - CMSIS Pack Vendor :STMicroelectronics PDM2PCM 3.3.0
2024-05-29 22:57:37,248 [INFO] ThirdParty:1030 - CMSIS Pack Vendor :STMicroelectronics X-CUBE-DISPLAY 3.0.0
2024-05-29 22:57:37,248 [INFO] ThirdParty:1030 - CMSIS Pack Vendor :wolfSSL I-CUBE-wolfSSL 5.7.0
2024-05-29 22:57:37,248 [INFO] ThirdParty:1030 - CMSIS Pack Vendor :STMicroelectronics FP-SNS-MOTENVWB1 1.3.1
2024-05-29 22:57:37,248 [INFO] ThirdParty:1030 - CMSIS Pack Vendor :STMicroelectronics X-CUBE-BLE1 7.0.0
2024-05-29 22:57:37,248 [INFO] ThirdParty:1030 - CMSIS Pack Vendor :STMicroelectronics FP-ATR-SIGFOX1 3.2.0
2024-05-29 22:57:37,248 [INFO] ThirdParty:1030 - CMSIS Pack Vendor :STMicroelectronics HAL Drivers 0.0.0
2024-05-29 22:57:37,248 [INFO] ThirdParty:1030 - CMSIS Pack Vendor :STMicroelectronics MBEDTLS 2.16.2
2024-05-29 22:57:37,248 [INFO] ThirdParty:1030 - CMSIS Pack Vendor :STMicroelectronics X-CUBE-ALS 1.0.2
2024-05-29 22:57:37,248 [INFO] ThirdParty:1030 - CMSIS Pack Vendor :emotas I-CUBE-CANOPEN 1.3.0
2024-05-29 22:57:37,248 [INFO] ThirdParty:1030 - CMSIS Pack Vendor :STMicroelectronics X-CUBE-MEMS1 10.0.0
2024-05-29 22:57:37,248 [INFO] ThirdParty:1030 - CMSIS Pack Vendor :STMicroelectronics X-CUBE-FREERTOS 1.1.0
2024-05-29 22:57:37,248 [INFO] ThirdParty:1030 - CMSIS Pack Vendor :STMicroelectronics X-CUBE-NFC7 1.0.1
2024-05-29 22:57:37,248 [INFO] ThirdParty:1030 - CMSIS Pack Vendor :STMicroelectronics MBEDTLS 2.14.1
2024-05-29 22:57:37,248 [INFO] ThirdParty:1030 - CMSIS Pack Vendor :ITTIA_DB I-CUBE-ITTIADB 8.9.0
2024-05-29 22:57:37,248 [INFO] ThirdParty:1030 - CMSIS Pack Vendor :STMicroelectronics X-CUBE-NFC6 3.0.0
2024-05-29 22:57:37,248 [INFO] ThirdParty:1030 - CMSIS Pack Vendor :portGmbH I-Cube-SoM-uGOAL 1.1.0
2024-05-29 22:57:37,248 [INFO] ThirdParty:1030 - CMSIS Pack Vendor :STMicroelectronics X-CUBE-ALS 1.0.1
2024-05-29 22:57:37,248 [INFO] ThirdParty:1030 - CMSIS Pack Vendor :STMicroelectronics ThreadX 1.0.0
2024-05-29 22:57:37,248 [INFO] ThirdParty:1030 - CMSIS Pack Vendor :STMicroelectronics FP-SNS-SMARTAG2 1.2.0
2024-05-29 22:57:37,248 [INFO] ThirdParty:1030 - CMSIS Pack Vendor :STMicroelectronics X-CUBE-AZRTOS-WL 2.0.0
2024-05-29 22:57:37,248 [INFO] ThirdParty:1030 - CMSIS Pack Vendor :SEGGER I-CUBE-embOS 1.3.1
2024-05-29 22:57:37,248 [INFO] ThirdParty:1030 - CMSIS Pack Vendor :STMicroelectronics X-CUBE-ALGOBUILD 1.4.0
2024-05-29 22:57:37,248 [INFO] ThirdParty:1030 - CMSIS Pack Vendor :STMicroelectronics FP-SNS-MOTENV1 5.0.0
2024-05-29 22:57:37,248 [INFO] ThirdParty:1030 - CMSIS Pack Vendor :STMicroelectronics USB_DEVICE 1.0.0
2024-05-29 22:57:37,248 [INFO] ThirdParty:1030 - CMSIS Pack Vendor :STMicroelectronics X-CUBE-AI 8.1.0
2024-05-29 22:57:37,248 [INFO] ThirdParty:1030 - CMSIS Pack Vendor :STMicroelectronics X-CUBE-AZRTOS-H7RS 1.0.0
2024-05-29 22:57:37,248 [INFO] ThirdParty:1030 - CMSIS Pack Vendor :STMicroelectronics X-CUBE-AZRTOS-L4 2.0.0
2024-05-29 22:57:37,248 [INFO] ThirdParty:1030 - CMSIS Pack Vendor :STMicroelectronics ThreadX 0.0.2
2024-05-29 22:57:37,248 [INFO] ThirdParty:1030 - CMSIS Pack Vendor :WES I-CUBE-Cesium 1.3.0
2024-05-29 22:57:37,248 [INFO] ThirdParty:1030 - CMSIS Pack Vendor :STMicroelectronics FP-ATR-ASTRA1 2.0.0
2024-05-29 22:57:37,248 [INFO] ThirdParty:1030 - CMSIS Pack Vendor :STMicroelectronics lwIP 2.1.2
2024-05-29 22:57:37,248 [INFO] ThirdParty:1030 - CMSIS Pack Vendor :STMicroelectronics X-CUBE-SFXS2LP1 4.0.0
2024-05-29 22:57:37,248 [INFO] ThirdParty:1030 - CMSIS Pack Vendor :STMicroelectronics X-CUBE-BLE2 3.3.0
2024-05-29 22:57:37,248 [INFO] ThirdParty:1030 - CMSIS Pack Vendor :Infineon AIROC-Wi-Fi-Bluetooth-STM32 1.6.0
2024-05-29 22:57:37,248 [INFO] ThirdParty:1030 - CMSIS Pack Vendor :STMicroelectronics PDM2PCM 3.2.0
2024-05-29 22:57:37,248 [INFO] ThirdParty:841 - exiting critical section [change project]
2024-05-29 22:57:37,499 [INFO] PinOutPanel:1561 - setPackage(No Configuration,No Configuration)
2024-05-29 22:57:37,501 [INFO] PinOutPanel:1561 - setPackage(STM32F103RBTx,LQFP64)
2024-05-29 22:57:37,700 [INFO] UtilMem:75 - Before build in PCC Used Memory: 292006736 Bytes (912261120)
2024-05-29 22:57:38,099 [INFO] UtilMem:75 - After build in PCC Used Memory: 333427536 Bytes (912261120)
2024-05-29 22:57:38,114 [INFO] ApiDbMcu:508 - Load IP Config File for FREERTOS
2024-05-29 22:57:38,165 [INFO] IPUIPlugin:80 - create IPUIPlugin
2024-05-29 22:57:38,165 [INFO] IPUIPlugin:80 - create IPUIPlugin
2024-05-29 22:57:38,166 [INFO] IPUIPlugin:80 - create IPUIPlugin
2024-05-29 22:57:38,166 [INFO] IPUIPlugin:80 - create IPUIPlugin
2024-05-29 22:57:38,166 [INFO] IPUIPlugin:80 - create IPUIPlugin
2024-05-29 22:57:38,166 [INFO] IPUIPlugin:80 - create IPUIPlugin
2024-05-29 22:57:38,166 [INFO] IPUIPlugin:80 - create IPUIPlugin
2024-05-29 22:57:38,168 [INFO] IPUIPlugin:80 - create IPUIPlugin
2024-05-29 22:57:38,168 [INFO] IPUIPlugin:80 - create IPUIPlugin
2024-05-29 22:57:38,168 [INFO] IPUIPlugin:80 - create IPUIPlugin
2024-05-29 22:57:38,168 [INFO] IPUIPlugin:80 - create IPUIPlugin
2024-05-29 22:57:38,168 [INFO] IPUIPlugin:80 - create IPUIPlugin
2024-05-29 22:57:38,168 [INFO] IPUIPlugin:80 - create IPUIPlugin
2024-05-29 22:57:38,168 [INFO] IPUIPlugin:80 - create IPUIPlugin
2024-05-29 22:57:38,168 [INFO] IPUIPlugin:80 - create IPUIPlugin
2024-05-29 22:57:38,169 [INFO] IPUIPlugin:80 - create IPUIPlugin
2024-05-29 22:57:38,169 [INFO] IPUIPlugin:80 - create IPUIPlugin
2024-05-29 22:57:38,169 [INFO] IPUIPlugin:80 - create IPUIPlugin
2024-05-29 22:57:38,169 [INFO] IPUIPlugin:80 - create IPUIPlugin
2024-05-29 22:57:38,169 [INFO] IPUIPlugin:80 - create IPUIPlugin
2024-05-29 22:57:38,169 [INFO] IPUIPlugin:80 - create IPUIPlugin
2024-05-29 22:57:38,169 [INFO] IPUIPlugin:80 - create IPUIPlugin
2024-05-29 22:57:38,169 [INFO] IPUIPlugin:80 - create IPUIPlugin
2024-05-29 22:57:38,169 [INFO] IPUIPlugin:80 - create IPUIPlugin
2024-05-29 22:57:38,169 [INFO] IPUIPlugin:80 - create IPUIPlugin
2024-05-29 22:57:38,169 [INFO] IPUIPlugin:80 - create IPUIPlugin
2024-05-29 22:57:38,169 [INFO] IPUIPlugin:80 - create IPUIPlugin
2024-05-29 22:57:38,186 [WARN] FreeRTOS:1023 - Null or empty value: should not occur! (nothing added to the table)
2024-05-29 22:57:38,253 [INFO] CADModel:165 - CPN selected for project levelSTM32F103RBT6
2024-05-29 22:57:38,253 [INFO] CADModel:114 - Register for checkConnection events
2024-05-29 22:57:38,257 [INFO] RtosManager:697 - Active RTOS found at IOC load: FREERTOS [Cortex-M3NS]
2024-05-29 22:57:38,305 [INFO] OpenFileManager:343 - Restore cursor
2024-05-29 22:59:21,229 [INFO] UtilMem:75 - End SaveConfig() Used Memory: 278459864 Bytes (919601152)
2024-05-29 22:59:23,295 [INFO] UtilMem:75 - End SaveConfig() Used Memory: 294732696 Bytes (919601152)
2024-05-29 22:59:25,089 [INFO] UtilMem:75 - End SaveConfig() Used Memory: 336149400 Bytes (919601152)
2024-05-29 22:59:25,263 [INFO] BlockDiagram:2759 - set Specific Code input for plugin: NVIC
2024-05-29 22:59:25,263 [INFO] BlockDiagram:2759 - set Specific Code input for plugin: FREERTOS
2024-05-29 22:59:25,263 [INFO] BlockDiagram:2759 - set Specific Code input for plugin: USART
2024-05-29 22:59:25,263 [INFO] BlockDiagram:2759 - set Specific Code input for plugin: USART
2024-05-29 22:59:25,263 [INFO] BlockDiagram:2759 - set Specific Code input for plugin: SYS
2024-05-29 22:59:25,264 [INFO] BlockDiagram:2759 - set Specific Code input for plugin: GPIO
2024-05-29 22:59:25,264 [INFO] BlockDiagram:2759 - set Specific Code input for plugin: RCC
2024-05-29 22:59:25,264 [INFO] CodeGenerator:807 - code generatio: config db path: /Applications/STM32CubeIDE.app/Contents/Eclipse/plugins/com.st.stm32cube.common.mx_6.11.1.202404110753//db/
2024-05-29 22:59:25,391 [INFO] CodeEngine:255 - oldGeneratedFile, /Users/richywarrior/STM32CubeIDE/workspace_1.14.0/Lab04_RTOSV2/MXTmpFiles/license.tmp_save
2024-05-29 22:59:25,549 [INFO] CodeEngine:279 - Generated code: /Users/richywarrior/STM32CubeIDE/workspace_1.14.0/Lab04_RTOSV2/MXTmpFiles/license.tmp
2024-05-29 22:59:25,595 [INFO] CodeEngine:255 - oldGeneratedFile, /Users/richywarrior/STM32CubeIDE/workspace_1.14.0/Lab04_RTOSV2/MXTmpFiles/gpio.tmp_save
2024-05-29 22:59:25,670 [INFO] CodeEngine:279 - Generated code: /Users/richywarrior/STM32CubeIDE/workspace_1.14.0/Lab04_RTOSV2/MXTmpFiles/gpio.tmp
2024-05-29 22:59:25,768 [INFO] Middleware:1439 - No code input for Bsp Dependency
2024-05-29 22:59:25,773 [INFO] CodeEngine:255 - oldGeneratedFile, /Users/richywarrior/STM32CubeIDE/workspace_1.14.0/Lab04_RTOSV2/MXTmpFiles/rtos_inc.tmp_save
2024-05-29 22:59:25,822 [INFO] CodeEngine:279 - Generated code: /Users/richywarrior/STM32CubeIDE/workspace_1.14.0/Lab04_RTOSV2/MXTmpFiles/rtos_inc.tmp
2024-05-29 22:59:25,824 [INFO] CodeEngine:255 - oldGeneratedFile, /Users/richywarrior/STM32CubeIDE/workspace_1.14.0/Lab04_RTOSV2/MXTmpFiles/rtos_vars.tmp_save
2024-05-29 22:59:25,872 [INFO] CodeEngine:279 - Generated code: /Users/richywarrior/STM32CubeIDE/workspace_1.14.0/Lab04_RTOSV2/MXTmpFiles/rtos_vars.tmp
2024-05-29 22:59:25,873 [INFO] CodeEngine:255 - oldGeneratedFile, /Users/richywarrior/STM32CubeIDE/workspace_1.14.0/Lab04_RTOSV2/MXTmpFiles/rtos_pfp.tmp_save
2024-05-29 22:59:25,924 [INFO] CodeEngine:279 - Generated code: /Users/richywarrior/STM32CubeIDE/workspace_1.14.0/Lab04_RTOSV2/MXTmpFiles/rtos_pfp.tmp
2024-05-29 22:59:25,926 [INFO] CodeEngine:255 - oldGeneratedFile, /Users/richywarrior/STM32CubeIDE/workspace_1.14.0/Lab04_RTOSV2/MXTmpFiles/rtos_obj_creat.tmp_save
2024-05-29 22:59:25,975 [INFO] CodeEngine:279 - Generated code: /Users/richywarrior/STM32CubeIDE/workspace_1.14.0/Lab04_RTOSV2/MXTmpFiles/rtos_obj_creat.tmp
2024-05-29 22:59:25,977 [INFO] CodeEngine:255 - oldGeneratedFile, /Users/richywarrior/STM32CubeIDE/workspace_1.14.0/Lab04_RTOSV2/MXTmpFiles/rtos_kernelStart.tmp_save
2024-05-29 22:59:26,028 [INFO] CodeEngine:279 - Generated code: /Users/richywarrior/STM32CubeIDE/workspace_1.14.0/Lab04_RTOSV2/MXTmpFiles/rtos_kernelStart.tmp
2024-05-29 22:59:26,029 [INFO] CodeEngine:255 - oldGeneratedFile, /Users/richywarrior/STM32CubeIDE/workspace_1.14.0/Lab04_RTOSV2/MXTmpFiles/rtos_default_thread.tmp_save
2024-05-29 22:59:26,093 [INFO] CodeEngine:279 - Generated code: /Users/richywarrior/STM32CubeIDE/workspace_1.14.0/Lab04_RTOSV2/MXTmpFiles/rtos_default_thread.tmp
2024-05-29 22:59:26,095 [INFO] CodeEngine:255 - oldGeneratedFile, /Users/richywarrior/STM32CubeIDE/workspace_1.14.0/Lab04_RTOSV2/MXTmpFiles/rtos_threads.tmp_save
2024-05-29 22:59:26,144 [INFO] CodeEngine:279 - Generated code: /Users/richywarrior/STM32CubeIDE/workspace_1.14.0/Lab04_RTOSV2/MXTmpFiles/rtos_threads.tmp
2024-05-29 22:59:26,149 [INFO] Middleware:1439 - No code input for Bsp Dependency
2024-05-29 22:59:26,151 [INFO] CodeEngine:255 - oldGeneratedFile, /Users/richywarrior/STM32CubeIDE/workspace_1.14.0/Lab04_RTOSV2/MXTmpFiles/rtos_inc.tmp_save
2024-05-29 22:59:26,203 [INFO] CodeEngine:279 - Generated code: /Users/richywarrior/STM32CubeIDE/workspace_1.14.0/Lab04_RTOSV2/MXTmpFiles/rtos_inc.tmp
2024-05-29 22:59:26,204 [INFO] CodeEngine:255 - oldGeneratedFile, /Users/richywarrior/STM32CubeIDE/workspace_1.14.0/Lab04_RTOSV2/MXTmpFiles/rtos_vars.tmp_save
2024-05-29 22:59:26,250 [INFO] CodeEngine:279 - Generated code: /Users/richywarrior/STM32CubeIDE/workspace_1.14.0/Lab04_RTOSV2/MXTmpFiles/rtos_vars.tmp
2024-05-29 22:59:26,253 [INFO] CodeEngine:255 - oldGeneratedFile, /Users/richywarrior/STM32CubeIDE/workspace_1.14.0/Lab04_RTOSV2/MXTmpFiles/rtos_pfp.tmp_save
2024-05-29 22:59:26,305 [INFO] CodeEngine:279 - Generated code: /Users/richywarrior/STM32CubeIDE/workspace_1.14.0/Lab04_RTOSV2/MXTmpFiles/rtos_pfp.tmp
2024-05-29 22:59:26,307 [INFO] CodeEngine:255 - oldGeneratedFile, /Users/richywarrior/STM32CubeIDE/workspace_1.14.0/Lab04_RTOSV2/MXTmpFiles/rtos_obj_creat.tmp_save
2024-05-29 22:59:26,355 [INFO] CodeEngine:279 - Generated code: /Users/richywarrior/STM32CubeIDE/workspace_1.14.0/Lab04_RTOSV2/MXTmpFiles/rtos_obj_creat.tmp
2024-05-29 22:59:26,356 [INFO] CodeEngine:255 - oldGeneratedFile, /Users/richywarrior/STM32CubeIDE/workspace_1.14.0/Lab04_RTOSV2/MXTmpFiles/rtos_kernelStart.tmp_save
2024-05-29 22:59:26,399 [INFO] CodeEngine:279 - Generated code: /Users/richywarrior/STM32CubeIDE/workspace_1.14.0/Lab04_RTOSV2/MXTmpFiles/rtos_kernelStart.tmp
2024-05-29 22:59:26,400 [INFO] CodeEngine:255 - oldGeneratedFile, /Users/richywarrior/STM32CubeIDE/workspace_1.14.0/Lab04_RTOSV2/MXTmpFiles/rtos_default_thread.tmp_save
2024-05-29 22:59:26,446 [INFO] CodeEngine:279 - Generated code: /Users/richywarrior/STM32CubeIDE/workspace_1.14.0/Lab04_RTOSV2/MXTmpFiles/rtos_default_thread.tmp
2024-05-29 22:59:26,448 [INFO] CodeEngine:255 - oldGeneratedFile, /Users/richywarrior/STM32CubeIDE/workspace_1.14.0/Lab04_RTOSV2/MXTmpFiles/rtos_threads.tmp_save
2024-05-29 22:59:26,491 [INFO] CodeEngine:279 - Generated code: /Users/richywarrior/STM32CubeIDE/workspace_1.14.0/Lab04_RTOSV2/MXTmpFiles/rtos_threads.tmp
2024-05-29 22:59:26,492 [INFO] CodeEngine:255 - oldGeneratedFile, /Users/richywarrior/STM32CubeIDE/workspace_1.14.0/Lab04_RTOSV2/Core/Inc/FreeRTOSConfig.h_save
2024-05-29 22:59:26,549 [INFO] CodeEngine:279 - Generated code: /Users/richywarrior/STM32CubeIDE/workspace_1.14.0/Lab04_RTOSV2/Core/Inc/FreeRTOSConfig.h
2024-05-29 22:59:26,551 [INFO] CodeEngine:255 - oldGeneratedFile, /Users/richywarrior/STM32CubeIDE/workspace_1.14.0/Lab04_RTOSV2/Core/Src/freertos.c_save
2024-05-29 22:59:26,604 [INFO] CodeEngine:279 - Generated code: /Users/richywarrior/STM32CubeIDE/workspace_1.14.0/Lab04_RTOSV2/Core/Src/freertos.c
2024-05-29 22:59:26,610 [INFO] CodeEngine:255 - oldGeneratedFile, /Users/richywarrior/STM32CubeIDE/workspace_1.14.0/Lab04_RTOSV2/Core/Src/stm32f1xx_it.c_save
2024-05-29 22:59:26,792 [INFO] CodeEngine:279 - Generated code: /Users/richywarrior/STM32CubeIDE/workspace_1.14.0/Lab04_RTOSV2/Core/Src/stm32f1xx_it.c
2024-05-29 22:59:26,794 [INFO] CodeEngine:255 - oldGeneratedFile, /Users/richywarrior/STM32CubeIDE/workspace_1.14.0/Lab04_RTOSV2/Core/Inc/stm32f1xx_it.h_save
2024-05-29 22:59:26,853 [INFO] CodeEngine:279 - Generated code: /Users/richywarrior/STM32CubeIDE/workspace_1.14.0/Lab04_RTOSV2/Core/Inc/stm32f1xx_it.h
2024-05-29 22:59:26,861 [INFO] CodeEngine:255 - oldGeneratedFile, /Users/richywarrior/STM32CubeIDE/workspace_1.14.0/Lab04_RTOSV2/Core/Src/stm32f1xx_hal_msp.c_save
2024-05-29 22:59:26,967 [INFO] CodeEngine:279 - Generated code: /Users/richywarrior/STM32CubeIDE/workspace_1.14.0/Lab04_RTOSV2/Core/Src/stm32f1xx_hal_msp.c
2024-05-29 22:59:26,970 [INFO] CodeEngine:255 - oldGeneratedFile, /Users/richywarrior/STM32CubeIDE/workspace_1.14.0/Lab04_RTOSV2/MXTmpFiles/system.tmp_save
2024-05-29 22:59:27,018 [INFO] CodeEngine:279 - Generated code: /Users/richywarrior/STM32CubeIDE/workspace_1.14.0/Lab04_RTOSV2/MXTmpFiles/system.tmp
2024-05-29 22:59:27,020 [INFO] CodeEngine:255 - oldGeneratedFile, /Users/richywarrior/STM32CubeIDE/workspace_1.14.0/Lab04_RTOSV2/Core/Src/stm32f1xx_hal_timebase_tim.c_save
2024-05-29 22:59:27,076 [INFO] CodeEngine:279 - Generated code: /Users/richywarrior/STM32CubeIDE/workspace_1.14.0/Lab04_RTOSV2/Core/Src/stm32f1xx_hal_timebase_tim.c
2024-05-29 22:59:27,080 [INFO] CodeEngine:311 - oldGeneratedFile, /Users/richywarrior/STM32CubeIDE/workspace_1.14.0/Lab04_RTOSV2/Core/Inc/stm32f1xx_hal_conf.h_save
2024-05-29 22:59:27,182 [INFO] CodeEngine:335 - Generated code: /Users/richywarrior/STM32CubeIDE/workspace_1.14.0/Lab04_RTOSV2/Core/Inc/stm32f1xx_hal_conf.h
2024-05-29 22:59:27,210 [INFO] CodeEngine:255 - oldGeneratedFile, /Users/richywarrior/STM32CubeIDE/workspace_1.14.0/Lab04_RTOSV2/Core/Inc/main.h_save
2024-05-29 22:59:27,331 [INFO] CodeEngine:279 - Generated code: /Users/richywarrior/STM32CubeIDE/workspace_1.14.0/Lab04_RTOSV2/Core/Inc/main.h
2024-05-29 22:59:27,334 [INFO] CodeEngine:255 - oldGeneratedFile, /Users/richywarrior/STM32CubeIDE/workspace_1.14.0/Lab04_RTOSV2/Core/Src/main.c_save
2024-05-29 22:59:27,422 [INFO] CodeEngine:279 - Generated code: /Users/richywarrior/STM32CubeIDE/workspace_1.14.0/Lab04_RTOSV2/Core/Src/main.c
2024-05-29 22:59:27,843 [INFO] ProjectBuilder:3163 - Time for Copy HAL[1] : 252mS.
2024-05-29 22:59:27,856 [INFO] ProjectBuilder:4736 - Project Generator version: 4.3.0-B58
2024-05-29 22:59:27,964 [INFO] ConfigFileManager:1503 - The Die is : DIE410
2024-05-29 22:59:27,973 [INFO] ApiDbMcu:508 - Load IP Config File for FATFS
2024-05-29 22:59:27,983 [INFO] ApiDbMcu:508 - Load IP Config File for USB_DEVICE
2024-05-29 22:59:29,578 [INFO] ProjectBuilder:5002 - Time for Generating toolchain IDE Files: 1719mS.
2024-05-29 22:59:29,581 [INFO] ProjectBuilder:3034 - Time for Copy CMSIS : 0mS.
2024-05-29 22:59:29,584 [INFO] ProjectBuilder:3034 - Time for Copy CMSIS : 0mS.
2024-05-29 23:01:50,059 [INFO] NvicIntPanel:101 - NVIC parent = com.st.microxplorer.plugins.ip.nvic.MultiNvicIntPanel[,0,0,450x177,layout=javax.swing.BoxLayout,alignmentX=0.0,alignmentY=0.0,border=,flags=9,maximumSize=,minimumSize=,preferredSize=]
2024-05-29 23:03:42,042 [INFO] UtilMem:75 - End SaveConfig() Used Memory: 278810968 Bytes (977272832)
2024-05-29 23:03:44,346 [INFO] UtilMem:75 - End SaveConfig() Used Memory: 310887704 Bytes (977272832)
2024-05-29 23:03:48,478 [INFO] UtilMem:75 - End SaveConfig() Used Memory: 377996576 Bytes (977272832)
2024-05-29 23:03:48,608 [INFO] BlockDiagram:2759 - set Specific Code input for plugin: NVIC
2024-05-29 23:03:48,608 [INFO] BlockDiagram:2759 - set Specific Code input for plugin: FREERTOS
2024-05-29 23:03:48,608 [INFO] BlockDiagram:2759 - set Specific Code input for plugin: USART
2024-05-29 23:03:48,608 [INFO] BlockDiagram:2759 - set Specific Code input for plugin: SYS
2024-05-29 23:03:48,608 [INFO] BlockDiagram:2759 - set Specific Code input for plugin: GPIO
2024-05-29 23:03:48,608 [INFO] BlockDiagram:2759 - set Specific Code input for plugin: RCC
2024-05-29 23:03:48,609 [INFO] CodeGenerator:807 - code generatio: config db path: /Applications/STM32CubeIDE.app/Contents/Eclipse/plugins/com.st.stm32cube.common.mx_6.11.1.202404110753//db/
2024-05-29 23:03:48,680 [INFO] CodeEngine:255 - oldGeneratedFile, /Users/richywarrior/STM32CubeIDE/workspace_1.14.0/Lab04_RTOSV2/MXTmpFiles/license.tmp_save
2024-05-29 23:03:48,760 [INFO] CodeEngine:279 - Generated code: /Users/richywarrior/STM32CubeIDE/workspace_1.14.0/Lab04_RTOSV2/MXTmpFiles/license.tmp
2024-05-29 23:03:48,780 [INFO] CodeEngine:255 - oldGeneratedFile, /Users/richywarrior/STM32CubeIDE/workspace_1.14.0/Lab04_RTOSV2/MXTmpFiles/gpio.tmp_save
2024-05-29 23:03:48,839 [INFO] CodeEngine:279 - Generated code: /Users/richywarrior/STM32CubeIDE/workspace_1.14.0/Lab04_RTOSV2/MXTmpFiles/gpio.tmp
2024-05-29 23:03:48,899 [INFO] Middleware:1439 - No code input for Bsp Dependency
2024-05-29 23:03:48,902 [INFO] CodeEngine:255 - oldGeneratedFile, /Users/richywarrior/STM32CubeIDE/workspace_1.14.0/Lab04_RTOSV2/MXTmpFiles/rtos_inc.tmp_save
2024-05-29 23:03:48,950 [INFO] CodeEngine:279 - Generated code: /Users/richywarrior/STM32CubeIDE/workspace_1.14.0/Lab04_RTOSV2/MXTmpFiles/rtos_inc.tmp
2024-05-29 23:03:48,952 [INFO] CodeEngine:255 - oldGeneratedFile, /Users/richywarrior/STM32CubeIDE/workspace_1.14.0/Lab04_RTOSV2/MXTmpFiles/rtos_vars.tmp_save
2024-05-29 23:03:48,997 [INFO] CodeEngine:279 - Generated code: /Users/richywarrior/STM32CubeIDE/workspace_1.14.0/Lab04_RTOSV2/MXTmpFiles/rtos_vars.tmp
2024-05-29 23:03:48,997 [INFO] CodeEngine:255 - oldGeneratedFile, /Users/richywarrior/STM32CubeIDE/workspace_1.14.0/Lab04_RTOSV2/MXTmpFiles/rtos_pfp.tmp_save
2024-05-29 23:03:49,064 [INFO] CodeEngine:279 - Generated code: /Users/richywarrior/STM32CubeIDE/workspace_1.14.0/Lab04_RTOSV2/MXTmpFiles/rtos_pfp.tmp
2024-05-29 23:03:49,066 [INFO] CodeEngine:255 - oldGeneratedFile, /Users/richywarrior/STM32CubeIDE/workspace_1.14.0/Lab04_RTOSV2/MXTmpFiles/rtos_obj_creat.tmp_save
2024-05-29 23:03:49,114 [INFO] CodeEngine:279 - Generated code: /Users/richywarrior/STM32CubeIDE/workspace_1.14.0/Lab04_RTOSV2/MXTmpFiles/rtos_obj_creat.tmp
2024-05-29 23:03:49,115 [INFO] CodeEngine:255 - oldGeneratedFile, /Users/richywarrior/STM32CubeIDE/workspace_1.14.0/Lab04_RTOSV2/MXTmpFiles/rtos_kernelStart.tmp_save
2024-05-29 23:03:49,161 [INFO] CodeEngine:279 - Generated code: /Users/richywarrior/STM32CubeIDE/workspace_1.14.0/Lab04_RTOSV2/MXTmpFiles/rtos_kernelStart.tmp
2024-05-29 23:03:49,163 [INFO] CodeEngine:255 - oldGeneratedFile, /Users/richywarrior/STM32CubeIDE/workspace_1.14.0/Lab04_RTOSV2/MXTmpFiles/rtos_default_thread.tmp_save
2024-05-29 23:03:49,216 [INFO] CodeEngine:279 - Generated code: /Users/richywarrior/STM32CubeIDE/workspace_1.14.0/Lab04_RTOSV2/MXTmpFiles/rtos_default_thread.tmp
2024-05-29 23:03:49,217 [INFO] CodeEngine:255 - oldGeneratedFile, /Users/richywarrior/STM32CubeIDE/workspace_1.14.0/Lab04_RTOSV2/MXTmpFiles/rtos_threads.tmp_save
2024-05-29 23:03:49,269 [INFO] CodeEngine:279 - Generated code: /Users/richywarrior/STM32CubeIDE/workspace_1.14.0/Lab04_RTOSV2/MXTmpFiles/rtos_threads.tmp
2024-05-29 23:03:49,276 [INFO] Middleware:1439 - No code input for Bsp Dependency
2024-05-29 23:03:49,281 [INFO] CodeEngine:255 - oldGeneratedFile, /Users/richywarrior/STM32CubeIDE/workspace_1.14.0/Lab04_RTOSV2/MXTmpFiles/rtos_inc.tmp_save
2024-05-29 23:03:49,326 [INFO] CodeEngine:279 - Generated code: /Users/richywarrior/STM32CubeIDE/workspace_1.14.0/Lab04_RTOSV2/MXTmpFiles/rtos_inc.tmp
2024-05-29 23:03:49,327 [INFO] CodeEngine:255 - oldGeneratedFile, /Users/richywarrior/STM32CubeIDE/workspace_1.14.0/Lab04_RTOSV2/MXTmpFiles/rtos_vars.tmp_save
2024-05-29 23:03:49,413 [INFO] CodeEngine:279 - Generated code: /Users/richywarrior/STM32CubeIDE/workspace_1.14.0/Lab04_RTOSV2/MXTmpFiles/rtos_vars.tmp
2024-05-29 23:03:49,425 [INFO] CodeEngine:255 - oldGeneratedFile, /Users/richywarrior/STM32CubeIDE/workspace_1.14.0/Lab04_RTOSV2/MXTmpFiles/rtos_pfp.tmp_save
2024-05-29 23:03:49,528 [INFO] CodeEngine:279 - Generated code: /Users/richywarrior/STM32CubeIDE/workspace_1.14.0/Lab04_RTOSV2/MXTmpFiles/rtos_pfp.tmp
2024-05-29 23:03:49,532 [INFO] CodeEngine:255 - oldGeneratedFile, /Users/richywarrior/STM32CubeIDE/workspace_1.14.0/Lab04_RTOSV2/MXTmpFiles/rtos_obj_creat.tmp_save
2024-05-29 23:03:50,002 [INFO] CodeEngine:279 - Generated code: /Users/richywarrior/STM32CubeIDE/workspace_1.14.0/Lab04_RTOSV2/MXTmpFiles/rtos_obj_creat.tmp
2024-05-29 23:03:50,659 [INFO] CodeEngine:255 - oldGeneratedFile, /Users/richywarrior/STM32CubeIDE/workspace_1.14.0/Lab04_RTOSV2/MXTmpFiles/rtos_kernelStart.tmp_save
2024-05-29 23:03:50,730 [INFO] CodeEngine:279 - Generated code: /Users/richywarrior/STM32CubeIDE/workspace_1.14.0/Lab04_RTOSV2/MXTmpFiles/rtos_kernelStart.tmp
2024-05-29 23:03:50,737 [INFO] CodeEngine:255 - oldGeneratedFile, /Users/richywarrior/STM32CubeIDE/workspace_1.14.0/Lab04_RTOSV2/MXTmpFiles/rtos_default_thread.tmp_save
2024-05-29 23:03:50,799 [INFO] CodeEngine:279 - Generated code: /Users/richywarrior/STM32CubeIDE/workspace_1.14.0/Lab04_RTOSV2/MXTmpFiles/rtos_default_thread.tmp
2024-05-29 23:03:50,800 [INFO] CodeEngine:255 - oldGeneratedFile, /Users/richywarrior/STM32CubeIDE/workspace_1.14.0/Lab04_RTOSV2/MXTmpFiles/rtos_threads.tmp_save
2024-05-29 23:03:50,861 [INFO] CodeEngine:279 - Generated code: /Users/richywarrior/STM32CubeIDE/workspace_1.14.0/Lab04_RTOSV2/MXTmpFiles/rtos_threads.tmp
2024-05-29 23:03:50,864 [INFO] CodeEngine:255 - oldGeneratedFile, /Users/richywarrior/STM32CubeIDE/workspace_1.14.0/Lab04_RTOSV2/Core/Inc/FreeRTOSConfig.h_save
2024-05-29 23:03:50,941 [INFO] CodeEngine:279 - Generated code: /Users/richywarrior/STM32CubeIDE/workspace_1.14.0/Lab04_RTOSV2/Core/Inc/FreeRTOSConfig.h
2024-05-29 23:03:50,943 [INFO] CodeEngine:255 - oldGeneratedFile, /Users/richywarrior/STM32CubeIDE/workspace_1.14.0/Lab04_RTOSV2/Core/Src/freertos.c_save
2024-05-29 23:03:50,998 [INFO] CodeEngine:279 - Generated code: /Users/richywarrior/STM32CubeIDE/workspace_1.14.0/Lab04_RTOSV2/Core/Src/freertos.c
2024-05-29 23:03:51,016 [INFO] CodeEngine:255 - oldGeneratedFile, /Users/richywarrior/STM32CubeIDE/workspace_1.14.0/Lab04_RTOSV2/Core/Src/stm32f1xx_it.c_save
2024-05-29 23:03:51,089 [INFO] CodeEngine:279 - Generated code: /Users/richywarrior/STM32CubeIDE/workspace_1.14.0/Lab04_RTOSV2/Core/Src/stm32f1xx_it.c
2024-05-29 23:03:51,091 [INFO] CodeEngine:255 - oldGeneratedFile, /Users/richywarrior/STM32CubeIDE/workspace_1.14.0/Lab04_RTOSV2/Core/Inc/stm32f1xx_it.h_save
2024-05-29 23:03:51,143 [INFO] CodeEngine:279 - Generated code: /Users/richywarrior/STM32CubeIDE/workspace_1.14.0/Lab04_RTOSV2/Core/Inc/stm32f1xx_it.h
2024-05-29 23:03:51,153 [INFO] CodeEngine:255 - oldGeneratedFile, /Users/richywarrior/STM32CubeIDE/workspace_1.14.0/Lab04_RTOSV2/Core/Src/stm32f1xx_hal_msp.c_save
2024-05-29 23:03:51,252 [INFO] CodeEngine:279 - Generated code: /Users/richywarrior/STM32CubeIDE/workspace_1.14.0/Lab04_RTOSV2/Core/Src/stm32f1xx_hal_msp.c
2024-05-29 23:03:51,255 [INFO] CodeEngine:255 - oldGeneratedFile, /Users/richywarrior/STM32CubeIDE/workspace_1.14.0/Lab04_RTOSV2/MXTmpFiles/system.tmp_save
2024-05-29 23:03:51,300 [INFO] CodeEngine:279 - Generated code: /Users/richywarrior/STM32CubeIDE/workspace_1.14.0/Lab04_RTOSV2/MXTmpFiles/system.tmp
2024-05-29 23:03:51,302 [INFO] CodeEngine:255 - oldGeneratedFile, /Users/richywarrior/STM32CubeIDE/workspace_1.14.0/Lab04_RTOSV2/Core/Src/stm32f1xx_hal_timebase_tim.c_save
2024-05-29 23:03:51,351 [INFO] CodeEngine:279 - Generated code: /Users/richywarrior/STM32CubeIDE/workspace_1.14.0/Lab04_RTOSV2/Core/Src/stm32f1xx_hal_timebase_tim.c
2024-05-29 23:03:51,368 [INFO] CodeEngine:311 - oldGeneratedFile, /Users/richywarrior/STM32CubeIDE/workspace_1.14.0/Lab04_RTOSV2/Core/Inc/stm32f1xx_hal_conf.h_save
2024-05-29 23:03:51,433 [INFO] CodeEngine:335 - Generated code: /Users/richywarrior/STM32CubeIDE/workspace_1.14.0/Lab04_RTOSV2/Core/Inc/stm32f1xx_hal_conf.h
2024-05-29 23:03:51,472 [INFO] CodeEngine:255 - oldGeneratedFile, /Users/richywarrior/STM32CubeIDE/workspace_1.14.0/Lab04_RTOSV2/Core/Inc/main.h_save
2024-05-29 23:03:51,533 [INFO] CodeEngine:279 - Generated code: /Users/richywarrior/STM32CubeIDE/workspace_1.14.0/Lab04_RTOSV2/Core/Inc/main.h
2024-05-29 23:03:51,536 [INFO] CodeEngine:255 - oldGeneratedFile, /Users/richywarrior/STM32CubeIDE/workspace_1.14.0/Lab04_RTOSV2/Core/Src/main.c_save
2024-05-29 23:03:51,665 [INFO] CodeEngine:279 - Generated code: /Users/richywarrior/STM32CubeIDE/workspace_1.14.0/Lab04_RTOSV2/Core/Src/main.c
2024-05-29 23:03:51,883 [INFO] ProjectBuilder:3163 - Time for Copy HAL[1] : 77mS.
2024-05-29 23:03:51,887 [INFO] ProjectBuilder:4736 - Project Generator version: 4.3.0-B58
2024-05-29 23:03:51,955 [INFO] ConfigFileManager:1503 - The Die is : DIE410
2024-05-29 23:03:52,967 [INFO] ProjectBuilder:5002 - Time for Generating toolchain IDE Files: 1080mS.
2024-05-29 23:03:52,968 [INFO] ProjectBuilder:3034 - Time for Copy CMSIS : 0mS.
2024-05-29 23:03:52,970 [INFO] ProjectBuilder:3034 - Time for Copy CMSIS : 0mS.
