2024-04-08 11:38:34,622 [INFO] Activator:176 - 


2024-04-08 11:38:34,626 [INFO] Activator:177 - !SESSION log4j initialized
2024-04-08 11:38:39,847 [ERROR] LogOutputStream:75 - [STDERR_REDIRECT] 
2024-04-08 11:38:42,241 [INFO] LogOutputStream:77 - [STDOUT_REDIRECT] 
2024-04-08 11:38:43,436 [INFO] ApplicationProperties:184 - Using Application install path: /Applications/STM32CubeIDE.app/Contents/Eclipse/plugins/com.st.stm32cube.common.mx_6.10.0.202311202037
2024-04-08 11:38:43,448 [INFO] DbMcusXml:78 - Set database path to: /Applications/STM32CubeIDE.app/Contents/Eclipse/plugins/com.st.stm32cube.common.mx_6.10.0.202311202037//db//mcu/
2024-04-08 11:38:43,448 [INFO] ApiDb:274 - Set plugin database path to: /Applications/STM32CubeIDE.app/Contents/Eclipse/plugins/com.st.stm32cube.common.mx_6.10.0.202311202037//db//plugins/boardmanager/
2024-04-08 11:38:43,448 [WARN] ApiDb:259 - Overriding images path with different value:  => /Applications/STM32CubeIDE.app/Contents/Eclipse/plugins/com.st.stm32cube.common.mx_6.10.0.202311202037//db//plugins/mcufinder/images/
2024-04-08 11:38:43,453 [INFO] ApiDb:250 - Set database path to: /Users/richywarrior/.stmcufinder/plugins/mcufinder//mcu/
2024-04-08 11:38:43,454 [INFO] DbMcusAds:125 - Set database path to: /Users/richywarrior/.stmcufinder/plugins/mcufinder//mcu/
2024-04-08 11:38:43,455 [INFO] CrossReferenceDbSqlite:203 - Set database path to: /Users/richywarrior/.stmcufinder/plugins/mcufinder//mcu/cs/
2024-04-08 11:38:43,571 [INFO] RulesReader:64 - Compatibility file has been processed (297 Rules)
2024-04-08 11:38:43,628 [INFO] DbMcusXml:78 - Set database path to: /Applications/STM32CubeIDE.app/Contents/Eclipse/plugins/com.st.stm32cube.common.mx_6.10.0.202311202037//db//mcu/
2024-04-08 11:38:43,631 [INFO] ApiDb:274 - Set plugin database path to: /Applications/STM32CubeIDE.app/Contents/Eclipse/plugins/com.st.stm32cube.common.mx_6.10.0.202311202037//db//plugins/boardmanager/
2024-04-08 11:38:43,632 [INFO] ApiDb:261 - Set plugin images path to: /Applications/STM32CubeIDE.app/Contents/Eclipse/plugins/com.st.stm32cube.common.mx_6.10.0.202311202037//db//plugins/mcufinder/images/
2024-04-08 11:38:43,633 [WARN] DbFile:41 - Overriding database path with different value: /Users/richywarrior/.stmcufinder/plugins/mcufinder/ => /Users/richywarrior/.stmcufinder/plugins/mcufinder
2024-04-08 11:38:43,633 [INFO] ApiDb:250 - Set database path to: /Users/richywarrior/.stmcufinder/plugins/mcufinder//mcu/
2024-04-08 11:38:43,634 [WARN] DbFile:41 - Overriding database path with different value: /Users/richywarrior/.stmcufinder/plugins/mcufinder/ => /Users/richywarrior/.stmcufinder/plugins/mcufinder
2024-04-08 11:38:43,634 [INFO] DbMcusAds:125 - Set database path to: /Users/richywarrior/.stmcufinder/plugins/mcufinder//mcu/
2024-04-08 11:38:43,634 [WARN] DbFile:41 - Overriding database path with different value: /Users/richywarrior/.stmcufinder/plugins/mcufinder/ => /Users/richywarrior/.stmcufinder/plugins/mcufinder
2024-04-08 11:38:43,634 [WARN] DbFile:41 - Overriding database path with different value: /Users/richywarrior/.stmcufinder/plugins/mcufinder/ => /Users/richywarrior/.stmcufinder/plugins/mcufinder
2024-04-08 11:38:43,634 [INFO] CrossReferenceDbSqlite:203 - Set database path to: /Users/richywarrior/.stmcufinder/plugins/mcufinder//mcu/cs/
2024-04-08 11:38:43,706 [INFO] MainPanel:264 - HeapMemory: 268435456
2024-04-08 11:38:43,769 [INFO] DbMcusXml:78 - Set database path to: /Applications/STM32CubeIDE.app/Contents/Eclipse/plugins/com.st.stm32cube.common.mx_6.10.0.202311202037//db//mcu/
2024-04-08 11:38:43,769 [INFO] ApiDb:274 - Set plugin database path to: /Applications/STM32CubeIDE.app/Contents/Eclipse/plugins/com.st.stm32cube.common.mx_6.10.0.202311202037//db//plugins/boardmanager/
2024-04-08 11:38:43,770 [INFO] ApiDb:261 - Set plugin images path to: /Applications/STM32CubeIDE.app/Contents/Eclipse/plugins/com.st.stm32cube.common.mx_6.10.0.202311202037//db//plugins/mcufinder/images/
2024-04-08 11:38:43,770 [WARN] DbFile:41 - Overriding database path with different value: /Users/richywarrior/.stmcufinder/plugins/mcufinder/ => /Users/richywarrior/.stmcufinder/plugins/mcufinder
2024-04-08 11:38:43,770 [INFO] ApiDb:250 - Set database path to: /Users/richywarrior/.stmcufinder/plugins/mcufinder//mcu/
2024-04-08 11:38:43,770 [WARN] DbFile:41 - Overriding database path with different value: /Users/richywarrior/.stmcufinder/plugins/mcufinder/ => /Users/richywarrior/.stmcufinder/plugins/mcufinder
2024-04-08 11:38:43,770 [INFO] DbMcusAds:125 - Set database path to: /Users/richywarrior/.stmcufinder/plugins/mcufinder//mcu/
2024-04-08 11:38:43,770 [WARN] DbFile:41 - Overriding database path with different value: /Users/richywarrior/.stmcufinder/plugins/mcufinder/ => /Users/richywarrior/.stmcufinder/plugins/mcufinder
2024-04-08 11:38:43,770 [WARN] DbFile:41 - Overriding database path with different value: /Users/richywarrior/.stmcufinder/plugins/mcufinder/ => /Users/richywarrior/.stmcufinder/plugins/mcufinder
2024-04-08 11:38:43,770 [INFO] CrossReferenceDbSqlite:203 - Set database path to: /Users/richywarrior/.stmcufinder/plugins/mcufinder//mcu/cs/
2024-04-08 11:38:43,788 [INFO] ApplicationProperties:184 - Using Application install path: /Applications/STM32CubeIDE.app/Contents/Eclipse/plugins/com.st.stm32cube.common.mx_6.10.0.202311202037
2024-04-08 11:38:43,788 [INFO] PluginManage:196 - Search for loadable plugins [exclusion list=, ]
2024-04-08 11:38:43,790 [INFO] PluginManage:310 - Check plugin analytics
2024-04-08 11:38:43,979 [INFO] AnalyticsPlugin:253 - Accepted Software Licenses: 
2024-04-08 11:38:43,979 [INFO] AnalyticsPlugin:255 - Accepted CMSIS Pack Licenses: 
2024-04-08 11:38:43,979 [INFO] AnalyticsPlugin:257 - Accepted Firmware Licenses: 
2024-04-08 11:38:43,985 [INFO] PluginManage:359 - Loaded plugin analytics (category:tool,tabindex:-1)
2024-04-08 11:38:43,986 [INFO] PluginManage:310 - Check plugin cadmodel
2024-04-08 11:38:44,565 [ERROR] LogOutputStream:75 - [STDERR_REDIRECT] [Fatal Error] :2:10: DOCTYPE is disallowed when the feature "http://apache.org/xml/features/disallow-doctype-decl" set to true.
2024-04-08 11:38:44,571 [ERROR] LogOutputStream:75 - [STDERR_REDIRECT] 
2024-04-08 11:38:44,648 [INFO] CADModel:105 - Init CAD model plugin
2024-04-08 11:38:44,648 [INFO] PluginManage:359 - Loaded plugin cadmodel (category:power,tabindex:5)
2024-04-08 11:38:44,649 [INFO] PluginManage:310 - Check plugin clock
2024-04-08 11:38:44,670 [INFO] PluginManage:359 - Loaded plugin clock (category:base,tabindex:2)
2024-04-08 11:38:44,670 [INFO] PluginManage:310 - Check plugin ddr
2024-04-08 11:38:44,672 [INFO] PluginManage:359 - Loaded plugin ddr (category:tool,tabindex:6)
2024-04-08 11:38:44,673 [INFO] PluginManage:310 - Check plugin filemanager
2024-04-08 11:38:44,899 [INFO] PluginManage:359 - Loaded plugin filemanager (category:base,tabindex:10)
2024-04-08 11:38:44,900 [INFO] PluginManage:310 - Check plugin ipmanager
2024-04-08 11:38:44,917 [INFO] PluginManage:359 - Loaded plugin ipmanager (category:base,tabindex:5)
2024-04-08 11:38:44,917 [INFO] PluginManage:310 - Check plugin lpbam
2024-04-08 11:38:44,934 [INFO] PluginManage:359 - Loaded plugin lpbam (category:base,tabindex:0)
2024-04-08 11:38:44,934 [INFO] PluginManage:310 - Check plugin memorymap
2024-04-08 11:38:44,949 [INFO] PluginManage:359 - Loaded plugin memorymap (category:base,tabindex:4)
2024-04-08 11:38:44,949 [INFO] PluginManage:310 - Check plugin pinoutandconfiguration
2024-04-08 11:38:44,956 [INFO] PluginManage:359 - Loaded plugin pinoutandconfiguration (category:base,tabindex:1)
2024-04-08 11:38:44,956 [INFO] PluginManage:310 - Check plugin pinoutconfig
2024-04-08 11:38:45,074 [WARN] SupportedApi:132 - Cannot load RTOS API schema: s4s-elt-must-match.1: The content of 'definitions' must match (annotation?, (simpleType | complexType)?, (unique | key | keyref)*)). A problem was found starting at: attribute.
2024-04-08 11:38:45,302 [INFO] PluginManage:359 - Loaded plugin pinoutconfig (category:base,tabindex:0)
2024-04-08 11:38:45,302 [INFO] PluginManage:310 - Check plugin power
2024-04-08 11:38:45,327 [INFO] PluginManage:359 - Loaded plugin power (category:power,tabindex:4)
2024-04-08 11:38:45,328 [INFO] PluginManage:310 - Check plugin projectmanager
2024-04-08 11:38:45,367 [INFO] PluginManage:359 - Loaded plugin projectmanager (category:projectmanager,tabindex:3)
2024-04-08 11:38:45,368 [INFO] PluginManage:310 - Check plugin thirdparty
2024-04-08 11:38:45,566 [INFO] PluginManage:359 - Loaded plugin thirdparty (category:base,tabindex:-1)
2024-04-08 11:38:45,568 [INFO] PluginManage:310 - Check plugin tools
2024-04-08 11:38:45,566 [WARN] IntegrityCheckThread:84 - waiting for thirdparty lock release [integrity check]
2024-04-08 11:38:45,569 [INFO] IntegrityCheckThread:86 - entering critical section [integrity check]
2024-04-08 11:38:45,570 [INFO] ThirdPartyUpdaterWithRetryManager:70 - Updater plugin not ready yet. [1/15]
2024-04-08 11:38:45,572 [INFO] PluginManage:359 - Loaded plugin tools (category:base,tabindex:7)
2024-04-08 11:38:45,572 [INFO] PluginManage:310 - Check plugin tutovideos
2024-04-08 11:38:45,711 [INFO] PluginManage:359 - Loaded plugin tutovideos (category:base,tabindex:-1)
2024-04-08 11:38:45,711 [INFO] PluginManage:310 - Check plugin updater
2024-04-08 11:38:45,725 [INFO] PluginManage:359 - Loaded plugin updater (category:base,tabindex:12)
2024-04-08 11:38:45,725 [INFO] PluginManage:310 - Check plugin userauth
2024-04-08 11:38:45,730 [INFO] UserAuth:114 - Init User Auth plugin
2024-04-08 11:38:45,730 [INFO] PluginManage:359 - Loaded plugin userauth (category:base,tabindex:14)
2024-04-08 11:38:45,732 [INFO] PluginManage:283 - PluginManage : Loaded plugins [17]
2024-04-08 11:38:45,948 [INFO] PinOutPanel:1499 - setPackage(No Configuration,No Configuration)
2024-04-08 11:38:45,999 [INFO] CADModel:165 - CPN selected for project level
2024-04-08 11:38:46,000 [INFO] CADModel:114 - Register for checkConnection events
2024-04-08 11:38:46,007 [INFO] IPUIPlugin:80 - create IPUIPlugin
2024-04-08 11:38:46,007 [INFO] PluginManager:220 - loadIPPluginJar : add mdma
2024-04-08 11:38:46,013 [INFO] IPUIPlugin:80 - create IPUIPlugin
2024-04-08 11:38:46,013 [INFO] PluginManager:220 - loadIPPluginJar : add freertos
2024-04-08 11:38:46,017 [INFO] IPUIPlugin:80 - create IPUIPlugin
2024-04-08 11:38:46,017 [INFO] PluginManager:220 - loadIPPluginJar : add gic
2024-04-08 11:38:46,021 [INFO] IPUIPlugin:80 - create IPUIPlugin
2024-04-08 11:38:46,021 [INFO] PluginManager:220 - loadIPPluginJar : add adc
2024-04-08 11:38:46,022 [INFO] IPUIPlugin:80 - create IPUIPlugin
2024-04-08 11:38:46,022 [INFO] PluginManager:220 - loadIPPluginJar : add gtzc
2024-04-08 11:38:46,023 [INFO] IPUIPlugin:80 - create IPUIPlugin
2024-04-08 11:38:46,023 [INFO] PluginManager:220 - loadIPPluginJar : add quadspi
2024-04-08 11:38:46,024 [INFO] IPUIPlugin:80 - create IPUIPlugin
2024-04-08 11:38:46,024 [INFO] PluginManager:220 - loadIPPluginJar : add aes
2024-04-08 11:38:46,026 [INFO] IPUIPlugin:80 - create IPUIPlugin
2024-04-08 11:38:46,026 [INFO] PluginManager:220 - loadIPPluginJar : add pdm2pcm
2024-04-08 11:38:46,026 [INFO] IPUIPlugin:80 - create IPUIPlugin
2024-04-08 11:38:46,027 [INFO] PluginManager:220 - loadIPPluginJar : add hash
2024-04-08 11:38:46,027 [INFO] IPUIPlugin:80 - create IPUIPlugin
2024-04-08 11:38:46,027 [INFO] PluginManager:220 - loadIPPluginJar : add tim
2024-04-08 11:38:46,028 [INFO] IPUIPlugin:80 - create IPUIPlugin
2024-04-08 11:38:46,028 [INFO] PluginManager:220 - loadIPPluginJar : add tsc
2024-04-08 11:38:46,029 [INFO] IPUIPlugin:80 - create IPUIPlugin
2024-04-08 11:38:46,029 [INFO] PluginManager:220 - loadIPPluginJar : add ts
2024-04-08 11:38:46,030 [INFO] IPUIPlugin:80 - create IPUIPlugin
2024-04-08 11:38:46,030 [INFO] PluginManager:220 - loadIPPluginJar : add can
2024-04-08 11:38:46,032 [INFO] IPUIPlugin:80 - create IPUIPlugin
2024-04-08 11:38:46,032 [INFO] PluginManager:220 - loadIPPluginJar : add dma3
2024-04-08 11:38:46,033 [INFO] IPUIPlugin:80 - create IPUIPlugin
2024-04-08 11:38:46,033 [INFO] PluginManager:220 - loadIPPluginJar : add dfsdm
2024-04-08 11:38:46,034 [INFO] IPUIPlugin:80 - create IPUIPlugin
2024-04-08 11:38:46,034 [INFO] PluginManager:220 - loadIPPluginJar : add spi
2024-04-08 11:38:46,035 [INFO] IPUIPlugin:80 - create IPUIPlugin
2024-04-08 11:38:46,035 [INFO] PluginManager:220 - loadIPPluginJar : add gfxmmu
2024-04-08 11:38:46,035 [INFO] IPUIPlugin:80 - create IPUIPlugin
2024-04-08 11:38:46,035 [INFO] PluginManager:220 - loadIPPluginJar : add genericplugin
2024-04-08 11:38:46,036 [INFO] IPUIPlugin:80 - create IPUIPlugin
2024-04-08 11:38:46,036 [INFO] PluginManager:220 - loadIPPluginJar : add cryp
2024-04-08 11:38:46,038 [INFO] IPUIPlugin:80 - create IPUIPlugin
2024-04-08 11:38:46,038 [INFO] PluginManager:220 - loadIPPluginJar : add gpio
2024-04-08 11:38:46,040 [INFO] IPUIPlugin:80 - create IPUIPlugin
2024-04-08 11:38:46,040 [INFO] PluginManager:220 - loadIPPluginJar : add comp
2024-04-08 11:38:46,041 [INFO] IPUIPlugin:80 - create IPUIPlugin
2024-04-08 11:38:46,041 [INFO] PluginManager:220 - loadIPPluginJar : add tracer_emb
2024-04-08 11:38:46,042 [INFO] IPUIPlugin:80 - create IPUIPlugin
2024-04-08 11:38:46,043 [INFO] PluginManager:220 - loadIPPluginJar : add openamp
2024-04-08 11:38:46,046 [INFO] IPUIPlugin:80 - create IPUIPlugin
2024-04-08 11:38:46,046 [INFO] PluginManager:220 - loadIPPluginJar : add stm32_wpan
2024-04-08 11:38:46,049 [INFO] IPUIPlugin:80 - create IPUIPlugin
2024-04-08 11:38:46,050 [INFO] PluginManager:220 - loadIPPluginJar : add plateformsettings
2024-04-08 11:38:46,053 [INFO] IPUIPlugin:80 - create IPUIPlugin
2024-04-08 11:38:46,053 [INFO] PluginManager:220 - loadIPPluginJar : add ipddr
2024-04-08 11:38:46,055 [INFO] IPUIPlugin:80 - create IPUIPlugin
2024-04-08 11:38:46,055 [INFO] PluginManager:220 - loadIPPluginJar : add usart
2024-04-08 11:38:46,056 [INFO] IPUIPlugin:80 - create IPUIPlugin
2024-04-08 11:38:46,057 [INFO] PluginManager:220 - loadIPPluginJar : add ltdc
2024-04-08 11:38:46,058 [INFO] IPUIPlugin:80 - create IPUIPlugin
2024-04-08 11:38:46,059 [INFO] PluginManager:220 - loadIPPluginJar : add nvic
2024-04-08 11:38:46,059 [INFO] IPUIPlugin:80 - create IPUIPlugin
2024-04-08 11:38:46,059 [INFO] PluginManager:220 - loadIPPluginJar : add fatfs
2024-04-08 11:38:46,063 [INFO] IPUIPlugin:80 - create IPUIPlugin
2024-04-08 11:38:46,064 [INFO] PluginManager:220 - loadIPPluginJar : add linkedlist
2024-04-08 11:38:46,066 [INFO] IPUIPlugin:80 - create IPUIPlugin
2024-04-08 11:38:46,066 [INFO] PluginManager:220 - loadIPPluginJar : add dma
2024-04-08 11:38:46,068 [INFO] IPUIPlugin:80 - create IPUIPlugin
2024-04-08 11:38:46,068 [INFO] PluginManager:220 - loadIPPluginJar : add fmc
2024-04-08 11:38:46,069 [INFO] IPUIPlugin:80 - create IPUIPlugin
2024-04-08 11:38:46,069 [INFO] PluginManager:220 - loadIPPluginJar : add i2s
2024-04-08 11:38:46,070 [INFO] IPUIPlugin:80 - create IPUIPlugin
2024-04-08 11:38:46,070 [INFO] PluginManager:220 - loadIPPluginJar : add ucpd
2024-04-08 11:38:46,072 [INFO] IPUIPlugin:80 - create IPUIPlugin
2024-04-08 11:38:46,072 [INFO] PluginManager:220 - loadIPPluginJar : add lorawan
2024-04-08 11:38:46,073 [INFO] IPUIPlugin:80 - create IPUIPlugin
2024-04-08 11:38:46,073 [INFO] PluginManager:220 - loadIPPluginJar : add opamp
2024-04-08 11:38:46,074 [INFO] IPUIPlugin:80 - create IPUIPlugin
2024-04-08 11:38:46,074 [INFO] PluginManager:220 - loadIPPluginJar : add i3c
2024-04-08 11:38:46,076 [INFO] IPUIPlugin:80 - create IPUIPlugin
2024-04-08 11:38:46,077 [INFO] PluginManager:220 - loadIPPluginJar : add touchsensing
2024-04-08 11:38:46,078 [INFO] IPUIPlugin:80 - create IPUIPlugin
2024-04-08 11:38:46,078 [INFO] PluginManager:220 - loadIPPluginJar : add i2c
2024-04-08 11:38:46,080 [INFO] IPUIPlugin:80 - create IPUIPlugin
2024-04-08 11:38:46,080 [INFO] PluginManager:220 - loadIPPluginJar : add resmgrutility
2024-04-08 11:38:46,081 [INFO] IPUIPlugin:80 - create IPUIPlugin
2024-04-08 11:38:46,081 [INFO] PluginManager:220 - loadIPPluginJar : add sai
2024-04-08 11:38:46,082 [INFO] IPUIPlugin:80 - create IPUIPlugin
2024-04-08 11:38:46,082 [INFO] PluginManager:220 - loadIPPluginJar : add usbx
2024-04-08 11:38:46,192 [INFO] CADModel:165 - CPN selected for project level
2024-04-08 11:38:46,193 [INFO] CADModel:114 - Register for checkConnection events
2024-04-08 11:38:46,193 [FATAL] Updater:308 - Updater called before beeing initialized
2024-04-08 11:38:46,193 [ERROR] CADModel:125 - Updater not yet initialized, retry later 
2024-04-08 11:38:46,412 [INFO] CADModel:165 - CPN selected for project level
2024-04-08 11:38:46,412 [INFO] CADModel:114 - Register for checkConnection events
2024-04-08 11:38:46,412 [FATAL] Updater:308 - Updater called before beeing initialized
2024-04-08 11:38:46,413 [ERROR] CADModel:125 - Updater not yet initialized, retry later 
2024-04-08 11:38:46,416 [FATAL] Updater:308 - Updater called before beeing initialized
2024-04-08 11:38:46,539 [FATAL] Updater:308 - Updater called before beeing initialized
2024-04-08 11:38:46,545 [INFO] DbMcusAds:53 - JSON generation date=Wed Nov 29 04:52:27 CST 2023 (1701255147349)
2024-04-08 11:38:46,545 [FATAL] Updater:308 - Updater called before beeing initialized
2024-04-08 11:38:46,615 [WARN] DetailPanel:346 - Failed to get advertising image, set to default
2024-04-08 11:38:46,729 [FATAL] Updater:308 - Updater called before beeing initialized
2024-04-08 11:38:46,746 [FATAL] Updater:308 - Updater called before beeing initialized
2024-04-08 11:38:46,746 [FATAL] Updater:308 - Updater called before beeing initialized
2024-04-08 11:38:46,746 [WARN] DetailPanel:346 - Failed to get advertising image, set to default
2024-04-08 11:38:46,758 [FATAL] Updater:308 - Updater called before beeing initialized
2024-04-08 11:38:46,892 [ERROR] Updater:1120 - MainUpdater not yet initialized. External WinMGr cannot be set.
2024-04-08 11:38:46,930 [INFO] Updater:1056 - Updater Version found : 6.10.0
2024-04-08 11:38:46,942 [INFO] ApplicationProperties:184 - Using Application install path: /Applications/STM32CubeIDE.app/Contents/Eclipse/plugins/com.st.stm32cube.common.mx_6.10.0.202311202037
2024-04-08 11:38:47,387 [INFO] MainUpdater:2873 - connection check result : 10
2024-04-08 11:38:47,389 [INFO] MainUpdater:290 - Updater Check For Update Now.
2024-04-08 11:38:47,390 [INFO] MicroXplorer:498 - Change Database Version : DB.6.0.100
2024-04-08 11:38:47,396 [INFO] McuFinderGlobals:63 - Set McuFinder mode to 2 (CubeIDE integrated)
2024-04-08 11:38:47,397 [INFO] UserAuth:180 - activating auth plugin
2024-04-08 11:38:47,424 [INFO] UserAuth:404 - Internet connection configuration mode: 1
2024-04-08 11:38:47,438 [INFO] JxBrowserEngine:152 - Initiate JxBrowser Engine with user profile folder
2024-04-08 11:38:47,643 [INFO] CheckServerUpdateThread:120 - End of CheckServer Thread
2024-04-08 11:38:48,817 [WARN] PackLoader:240 - Cannot read IP mode file for STMicroelectronics.X-CUBE-SMBUS.2.1.0
2024-04-08 11:38:48,866 [WARN] PackLoader:240 - Cannot read IP mode file for STMicroelectronics.X-CUBE-TOUCHGFX.4.23.1
2024-04-08 11:38:48,876 [WARN] PackLoader:240 - Cannot read IP mode file for STMicroelectronics.X-CUBE-TOUCHGFX.4.23.0
2024-04-08 11:38:48,888 [WARN] PackLoader:240 - Cannot read IP mode file for STMicroelectronics.X-CUBE-TOUCHGFX.4.23.2
2024-04-08 11:38:48,969 [WARN] PackLoader:240 - Cannot read IP mode file for STMicroelectronics.X-CUBE-AZRTOS-F7.1.1.0
2024-04-08 11:38:48,999 [WARN] PackLoader:240 - Cannot read IP mode file for STMicroelectronics.FP-SNS-MOTENV1.4.3.2
2024-04-08 11:38:49,043 [WARN] PackLoader:240 - Cannot read IP mode file for STMicroelectronics.FP-SNS-FLIGHT1.5.0.2
2024-04-08 11:38:49,062 [WARN] PackLoader:240 - Cannot read IP mode file for STMicroelectronics.X-CUBE-DISPLAY.3.0.0
2024-04-08 11:38:49,102 [WARN] PackLoader:240 - Cannot read IP mode file for STMicroelectronics.X-CUBE-BLE1.7.0.0
2024-04-08 11:38:49,128 [WARN] PackLoader:240 - Cannot read IP mode file for emotas.I-CUBE-CANOPEN.1.3.0
2024-04-08 11:38:49,180 [WARN] PackLoader:240 - Cannot read IP mode file for STMicroelectronics.FP-SNS-SMARTAG2.1.2.0
2024-04-08 11:38:49,246 [INFO] LogOutputStream:77 - [STDOUT_REDIRECT] 1 : Invalid condition id : UX_CORESTACK_Condition cause : null
2024-04-08 11:38:49,251 [INFO] LogOutputStream:77 - [STDOUT_REDIRECT] 1 : Invalid condition id : UX_CORESTACK_Condition cause : null
2024-04-08 11:38:49,252 [INFO] LogOutputStream:77 - [STDOUT_REDIRECT] 1 : Invalid condition id : UX_CORESTACK_Condition cause : null
2024-04-08 11:38:49,254 [INFO] LogOutputStream:77 - [STDOUT_REDIRECT] 1 : Invalid condition id : UX_CORESTACK_Condition cause : null
2024-04-08 11:38:49,254 [INFO] LogOutputStream:77 - [STDOUT_REDIRECT] 1 : Invalid condition id : UX_CORESTACK_Condition cause : null
2024-04-08 11:38:49,271 [WARN] PackLoader:240 - Cannot read IP mode file for STMicroelectronics.X-CUBE-AZRTOS-WL.2.0.0
2024-04-08 11:38:49,313 [WARN] PackLoader:240 - Cannot read IP mode file for STMicroelectronics.FP-SNS-MOTENV1.5.0.0
2024-04-08 11:38:49,388 [WARN] PackLoader:240 - Cannot read IP mode file for WES.I-CUBE-Cesium.1.3.0
2024-04-08 11:38:49,452 [WARN] PackLoader:240 - Cannot read IP mode file for STMicroelectronics.X-CUBE-BLE2.3.3.0
2024-04-08 11:38:49,477 [WARN] PackLoader:240 - Cannot read IP mode file for STMicroelectronics.X-CUBE-ALGOBUILD.1.3.0
2024-04-08 11:38:49,525 [WARN] PackLoader:240 - Cannot read IP mode file for STMicroelectronics.X-CUBE-AZRTOS-G0.1.1.0
2024-04-08 11:38:49,587 [WARN] PackLoader:240 - Cannot read IP mode file for STMicroelectronics.X-CUBE-SAFEA1.1.2.2
2024-04-08 11:38:49,618 [WARN] PackLoader:240 - Cannot read IP mode file for STMicroelectronics.X-CUBE-NFC4.3.0.0
2024-04-08 11:38:49,650 [WARN] PackLoader:240 - Cannot read IP mode file for wolfSSL.I-CUBE-wolfSSL.5.7.0
2024-04-08 11:38:49,661 [WARN] PackLoader:240 - Cannot read IP mode file for STMicroelectronics.FP-ATR-SIGFOX1.3.2.0
2024-04-08 11:38:49,668 [WARN] PackLoader:240 - Cannot read IP mode file for ITTIA_DB.I-CUBE-ITTIADB.8.9.0
2024-04-08 11:38:49,765 [WARN] PackLoader:240 - Cannot read IP mode file for SEGGER.I-CUBE-embOS.1.3.1
2024-04-08 11:38:49,852 [WARN] PackLoader:240 - Cannot read IP mode file for STMicroelectronics.X-CUBE-GNSS1.6.0.0
2024-04-08 11:38:49,901 [WARN] PackLoader:240 - Cannot read IP mode file for STMicroelectronics.X-CUBE-AZRTOS-F4.1.1.0
2024-04-08 11:38:49,969 [WARN] PackLoader:240 - Cannot read IP mode file for STMicroelectronics.X-CUBE-AZRTOS-L5.2.0.0
2024-04-08 11:38:50,215 [WARN] PackLoader:240 - Cannot read IP mode file for STMicroelectronics.X-CUBE-NFC6.3.1.0
2024-04-08 11:38:50,239 [WARN] PackLoader:240 - Cannot read IP mode file for STMicroelectronics.X-CUBE-NFC7.1.0.1
2024-04-08 11:38:50,304 [WARN] PackLoader:240 - Cannot read IP mode file for STMicroelectronics.X-CUBE-NFC6.3.0.0
2024-04-08 11:38:50,317 [WARN] PackLoader:240 - Cannot read IP mode file for STMicroelectronics.X-CUBE-AI.8.1.0
2024-04-08 11:38:50,356 [WARN] ConditionMgr:438 - getConditionDescription Invalid condition id : LAN8742 Phy interface Condition cause : null
2024-04-08 11:38:50,358 [WARN] PackLoader:240 - Cannot read IP mode file for STMicroelectronics.X-CUBE-AZRTOS-L4.2.0.0
2024-04-08 11:38:50,366 [WARN] ConditionMgr:1039 - genDependencies : Invalid condition id : LAN8742 Phy interface Condition cause : null
2024-04-08 11:38:50,367 [WARN] ConditionMgr:1039 - genDependencies : Invalid condition id : LAN8742 Phy interface Condition cause : null
2024-04-08 11:38:50,368 [WARN] ConditionMgr:1039 - genDependencies : Invalid condition id : LAN8742 Phy interface Condition cause : null
2024-04-08 11:38:50,386 [WARN] PackLoader:240 - Cannot read IP mode file for STMicroelectronics.X-CUBE-SFXS2LP1.4.0.0
2024-04-08 11:38:50,404 [WARN] ConditionMgr:438 - getConditionDescription Invalid condition id : UX DEVICE CLASS RTOS Condition cause : null
2024-04-08 11:38:50,404 [WARN] ConditionMgr:438 - getConditionDescription Invalid condition id : UX DEVICE CLASS RTOS Condition cause : null
2024-04-08 11:38:50,408 [WARN] PackLoader:240 - Cannot read IP mode file for STMicroelectronics.X-CUBE-AZRTOS-WB.2.0.0
2024-04-08 11:38:50,409 [WARN] ConditionMgr:1039 - genDependencies : Invalid condition id : UX DEVICE CLASS RTOS Condition cause : null
2024-04-08 11:38:50,409 [WARN] ConditionMgr:1039 - genDependencies : Invalid condition id : UX DEVICE CLASS RTOS Condition cause : null
2024-04-08 11:38:50,410 [WARN] ConditionMgr:1039 - genDependencies : Invalid condition id : UX DEVICE CLASS RTOS Condition cause : null
2024-04-08 11:38:50,411 [WARN] ConditionMgr:1039 - genDependencies : Invalid condition id : UX DEVICE CLASS RTOS Condition cause : null
2024-04-08 11:38:50,411 [WARN] ConditionMgr:1039 - genDependencies : Invalid condition id : UX DEVICE CLASS RTOS Condition cause : null
2024-04-08 11:38:50,425 [WARN] PackLoader:240 - Cannot read IP mode file for STMicroelectronics.X-CUBE-SUBG2.5.0.0
2024-04-08 11:38:50,449 [WARN] PackLoader:240 - Cannot read IP mode file for STMicroelectronics.X-CUBE-AZRTOS-G4.2.0.0
2024-04-08 11:38:50,514 [WARN] PackLoader:240 - Cannot read IP mode file for STMicroelectronics.X-CUBE-MEMS1.10.0.0
2024-04-08 11:38:50,667 [WARN] PackLoader:240 - Cannot read IP mode file for STMicroelectronics.X-CUBE-FREERTOS.1.1.0
2024-04-08 11:38:50,677 [WARN] PackLoader:240 - Cannot read IP mode file for portGmbH.I-Cube-SoM-uGOAL.1.1.0
2024-04-08 11:38:50,682 [WARN] PackLoader:240 - Cannot read IP mode file for STMicroelectronics.X-CUBE-ALS.1.0.1
2024-04-08 11:38:50,685 [WARN] PackLoader:240 - Cannot read IP mode file for STMicroelectronics.FP-ATR-ASTRA1.2.0.0
2024-04-08 11:38:50,700 [WARN] PackLoader:240 - Cannot read IP mode file for Infineon.AIROC-Wi-Fi-Bluetooth-STM32.1.6.0
2024-04-08 11:38:50,707 [INFO] ThirdParty:978 - Integrity check success = true
2024-04-08 11:38:50,707 [INFO] IntegrityCheckThread:100 - exiting critical section [integrity check]
2024-04-08 11:38:50,707 [INFO] IntegrityCheckThread:103 - End integrity checks thread
2024-04-08 11:38:52,829 [INFO] WebApp:161 - Instantiating new browser for Auth
2024-04-08 11:38:54,492 [INFO] WebApp:780 - Register for checkConnection events
2024-04-08 11:38:54,493 [INFO] WebApp:414 - Apply proxy settings
2024-04-08 11:38:54,503 [INFO] WebApp:459 - Chromium authenticates against Manually configured proxy
2024-04-08 11:38:54,521 [INFO] WebApp:467 - Username used for proxy authentication: 
2024-04-08 11:38:54,651 [INFO] WebApp:192 - Starting web application
2024-04-08 11:38:54,652 [INFO] WebApp:544 - Web application path used /Applications/STM32CubeIDE.app/Contents/Eclipse/plugins/com.st.stm32cube.common.mx_6.10.0.202311202037/db/plugins/mcufinder/reactClient1/index.html
2024-04-08 11:39:16,139 [ERROR] LogOutputStream:75 - [STDERR_REDIRECT] SLF4J: Failed to load class "org.slf4j.impl.StaticLoggerBinder".
2024-04-08 11:39:16,142 [ERROR] LogOutputStream:75 - [STDERR_REDIRECT] SLF4J: Defaulting to no-operation (NOP) logger implementation
2024-04-08 11:39:16,143 [ERROR] LogOutputStream:75 - [STDERR_REDIRECT] SLF4J: See http://www.slf4j.org/codes.html#StaticLoggerBinder for further details.
2024-04-08 22:12:48,800 [ERROR] LogOutputStream:75 - [STDERR_REDIRECT] 
