2024-05-12 13:58:17,451 [INFO] Activator:176 - 


2024-05-12 13:58:17,457 [INFO] Activator:177 - !SESSION log4j initialized
2024-05-12 13:58:24,923 [ERROR] LogOutputStream:75 - [STDERR_REDIRECT] 
2024-05-12 13:58:26,410 [INFO] LogOutputStream:77 - [STDOUT_REDIRECT] 
2024-05-12 13:58:28,614 [ERROR] LogOutputStream:75 - [STDERR_REDIRECT] [Fatal Error] :2:10: DOCTYPE no está permitido cuando la función "http://apache.org/xml/features/disallow-doctype-decl" se ha definido en true.
2024-05-12 13:58:28,616 [ERROR] LogOutputStream:75 - [STDERR_REDIRECT] 
2024-05-12 13:58:28,885 [INFO] LogOutputStream:77 - [STDOUT_REDIRECT] 
2024-05-12 13:58:30,840 [INFO] ApplicationProperties:184 - Using Application install path: /Applications/STM32CubeIDE.app/Contents/Eclipse/plugins/com.st.stm32cube.common.mx_6.10.0.202311202037
2024-05-12 13:58:30,850 [INFO] DbMcusXml:78 - Set database path to: /Applications/STM32CubeIDE.app/Contents/Eclipse/plugins/com.st.stm32cube.common.mx_6.10.0.202311202037//db//mcu/
2024-05-12 13:58:30,851 [INFO] ApiDb:274 - Set plugin database path to: /Applications/STM32CubeIDE.app/Contents/Eclipse/plugins/com.st.stm32cube.common.mx_6.10.0.202311202037//db//plugins/boardmanager/
2024-05-12 13:58:30,851 [WARN] ApiDb:259 - Overriding images path with different value:  => /Applications/STM32CubeIDE.app/Contents/Eclipse/plugins/com.st.stm32cube.common.mx_6.10.0.202311202037//db//plugins/mcufinder/images/
2024-05-12 13:58:30,857 [INFO] ApiDb:250 - Set database path to: /Users/richywarrior/.stmcufinder/plugins/mcufinder//mcu/
2024-05-12 13:58:30,857 [INFO] DbMcusAds:125 - Set database path to: /Users/richywarrior/.stmcufinder/plugins/mcufinder//mcu/
2024-05-12 13:58:30,858 [INFO] CrossReferenceDbSqlite:203 - Set database path to: /Users/richywarrior/.stmcufinder/plugins/mcufinder//mcu/cs/
2024-05-12 13:58:30,971 [INFO] RulesReader:64 - Compatibility file has been processed (297 Rules)
2024-05-12 13:58:31,054 [INFO] DbMcusXml:78 - Set database path to: /Applications/STM32CubeIDE.app/Contents/Eclipse/plugins/com.st.stm32cube.common.mx_6.10.0.202311202037//db//mcu/
2024-05-12 13:58:31,055 [INFO] ApiDb:274 - Set plugin database path to: /Applications/STM32CubeIDE.app/Contents/Eclipse/plugins/com.st.stm32cube.common.mx_6.10.0.202311202037//db//plugins/boardmanager/
2024-05-12 13:58:31,058 [INFO] ApiDb:261 - Set plugin images path to: /Applications/STM32CubeIDE.app/Contents/Eclipse/plugins/com.st.stm32cube.common.mx_6.10.0.202311202037//db//plugins/mcufinder/images/
2024-05-12 13:58:31,059 [WARN] DbFile:41 - Overriding database path with different value: /Users/richywarrior/.stmcufinder/plugins/mcufinder/ => /Users/richywarrior/.stmcufinder/plugins/mcufinder
2024-05-12 13:58:31,059 [INFO] ApiDb:250 - Set database path to: /Users/richywarrior/.stmcufinder/plugins/mcufinder//mcu/
2024-05-12 13:58:31,059 [WARN] DbFile:41 - Overriding database path with different value: /Users/richywarrior/.stmcufinder/plugins/mcufinder/ => /Users/richywarrior/.stmcufinder/plugins/mcufinder
2024-05-12 13:58:31,059 [INFO] DbMcusAds:125 - Set database path to: /Users/richywarrior/.stmcufinder/plugins/mcufinder//mcu/
2024-05-12 13:58:31,059 [WARN] DbFile:41 - Overriding database path with different value: /Users/richywarrior/.stmcufinder/plugins/mcufinder/ => /Users/richywarrior/.stmcufinder/plugins/mcufinder
2024-05-12 13:58:31,060 [WARN] DbFile:41 - Overriding database path with different value: /Users/richywarrior/.stmcufinder/plugins/mcufinder/ => /Users/richywarrior/.stmcufinder/plugins/mcufinder
2024-05-12 13:58:31,060 [INFO] CrossReferenceDbSqlite:203 - Set database path to: /Users/richywarrior/.stmcufinder/plugins/mcufinder//mcu/cs/
2024-05-12 13:58:31,138 [INFO] MainPanel:264 - HeapMemory: 268435456
2024-05-12 13:58:31,207 [INFO] DbMcusXml:78 - Set database path to: /Applications/STM32CubeIDE.app/Contents/Eclipse/plugins/com.st.stm32cube.common.mx_6.10.0.202311202037//db//mcu/
2024-05-12 13:58:31,207 [INFO] ApiDb:274 - Set plugin database path to: /Applications/STM32CubeIDE.app/Contents/Eclipse/plugins/com.st.stm32cube.common.mx_6.10.0.202311202037//db//plugins/boardmanager/
2024-05-12 13:58:31,207 [INFO] ApiDb:261 - Set plugin images path to: /Applications/STM32CubeIDE.app/Contents/Eclipse/plugins/com.st.stm32cube.common.mx_6.10.0.202311202037//db//plugins/mcufinder/images/
2024-05-12 13:58:31,208 [WARN] DbFile:41 - Overriding database path with different value: /Users/richywarrior/.stmcufinder/plugins/mcufinder/ => /Users/richywarrior/.stmcufinder/plugins/mcufinder
2024-05-12 13:58:31,208 [INFO] ApiDb:250 - Set database path to: /Users/richywarrior/.stmcufinder/plugins/mcufinder//mcu/
2024-05-12 13:58:31,208 [WARN] DbFile:41 - Overriding database path with different value: /Users/richywarrior/.stmcufinder/plugins/mcufinder/ => /Users/richywarrior/.stmcufinder/plugins/mcufinder
2024-05-12 13:58:31,208 [INFO] DbMcusAds:125 - Set database path to: /Users/richywarrior/.stmcufinder/plugins/mcufinder//mcu/
2024-05-12 13:58:31,208 [WARN] DbFile:41 - Overriding database path with different value: /Users/richywarrior/.stmcufinder/plugins/mcufinder/ => /Users/richywarrior/.stmcufinder/plugins/mcufinder
2024-05-12 13:58:31,208 [WARN] DbFile:41 - Overriding database path with different value: /Users/richywarrior/.stmcufinder/plugins/mcufinder/ => /Users/richywarrior/.stmcufinder/plugins/mcufinder
2024-05-12 13:58:31,208 [INFO] CrossReferenceDbSqlite:203 - Set database path to: /Users/richywarrior/.stmcufinder/plugins/mcufinder//mcu/cs/
2024-05-12 13:58:31,225 [INFO] ApplicationProperties:184 - Using Application install path: /Applications/STM32CubeIDE.app/Contents/Eclipse/plugins/com.st.stm32cube.common.mx_6.10.0.202311202037
2024-05-12 13:58:31,226 [INFO] PluginManage:196 - Search for loadable plugins [exclusion list=, ]
2024-05-12 13:58:31,228 [INFO] PluginManage:310 - Check plugin analytics
2024-05-12 13:58:31,487 [INFO] AnalyticsPlugin:253 - Accepted Software Licenses: 
2024-05-12 13:58:31,488 [INFO] AnalyticsPlugin:255 - Accepted CMSIS Pack Licenses: 
2024-05-12 13:58:31,488 [INFO] AnalyticsPlugin:257 - Accepted Firmware Licenses: 
2024-05-12 13:58:31,500 [INFO] PluginManage:359 - Loaded plugin analytics (category:tool,tabindex:-1)
2024-05-12 13:58:31,502 [INFO] PluginManage:310 - Check plugin cadmodel
2024-05-12 13:58:32,085 [INFO] CADModel:105 - Init CAD model plugin
2024-05-12 13:58:32,086 [INFO] PluginManage:359 - Loaded plugin cadmodel (category:power,tabindex:5)
2024-05-12 13:58:32,089 [INFO] PluginManage:310 - Check plugin clock
2024-05-12 13:58:32,100 [INFO] PluginManage:359 - Loaded plugin clock (category:base,tabindex:2)
2024-05-12 13:58:32,101 [INFO] PluginManage:310 - Check plugin ddr
2024-05-12 13:58:32,102 [INFO] PluginManage:359 - Loaded plugin ddr (category:tool,tabindex:6)
2024-05-12 13:58:32,103 [INFO] PluginManage:310 - Check plugin filemanager
2024-05-12 13:58:32,245 [INFO] PluginManage:359 - Loaded plugin filemanager (category:base,tabindex:10)
2024-05-12 13:58:32,245 [INFO] PluginManage:310 - Check plugin ipmanager
2024-05-12 13:58:32,254 [INFO] PluginManage:359 - Loaded plugin ipmanager (category:base,tabindex:5)
2024-05-12 13:58:32,254 [INFO] PluginManage:310 - Check plugin lpbam
2024-05-12 13:58:32,262 [INFO] PluginManage:359 - Loaded plugin lpbam (category:base,tabindex:0)
2024-05-12 13:58:32,262 [INFO] PluginManage:310 - Check plugin memorymap
2024-05-12 13:58:32,272 [INFO] PluginManage:359 - Loaded plugin memorymap (category:base,tabindex:4)
2024-05-12 13:58:32,272 [INFO] PluginManage:310 - Check plugin pinoutandconfiguration
2024-05-12 13:58:32,284 [INFO] PluginManage:359 - Loaded plugin pinoutandconfiguration (category:base,tabindex:1)
2024-05-12 13:58:32,284 [INFO] PluginManage:310 - Check plugin pinoutconfig
2024-05-12 13:58:32,364 [WARN] SupportedApi:132 - Cannot load RTOS API schema: s4s-elt-must-match.1: The content of 'definitions' must match (annotation?, (simpleType | complexType)?, (unique | key | keyref)*)). A problem was found starting at: attribute.
2024-05-12 13:58:32,518 [INFO] PluginManage:359 - Loaded plugin pinoutconfig (category:base,tabindex:0)
2024-05-12 13:58:32,518 [INFO] PluginManage:310 - Check plugin power
2024-05-12 13:58:32,529 [INFO] PluginManage:359 - Loaded plugin power (category:power,tabindex:4)
2024-05-12 13:58:32,529 [INFO] PluginManage:310 - Check plugin projectmanager
2024-05-12 13:58:32,554 [INFO] PluginManage:359 - Loaded plugin projectmanager (category:projectmanager,tabindex:3)
2024-05-12 13:58:32,554 [INFO] PluginManage:310 - Check plugin thirdparty
2024-05-12 13:58:32,674 [INFO] PluginManage:359 - Loaded plugin thirdparty (category:base,tabindex:-1)
2024-05-12 13:58:32,675 [INFO] PluginManage:310 - Check plugin tools
2024-05-12 13:58:32,674 [WARN] IntegrityCheckThread:84 - waiting for thirdparty lock release [integrity check]
2024-05-12 13:58:32,675 [INFO] IntegrityCheckThread:86 - entering critical section [integrity check]
2024-05-12 13:58:32,675 [INFO] ThirdPartyUpdaterWithRetryManager:70 - Updater plugin not ready yet. [1/15]
2024-05-12 13:58:32,678 [INFO] PluginManage:359 - Loaded plugin tools (category:base,tabindex:7)
2024-05-12 13:58:32,678 [INFO] PluginManage:310 - Check plugin tutovideos
2024-05-12 13:58:32,806 [INFO] PluginManage:359 - Loaded plugin tutovideos (category:base,tabindex:-1)
2024-05-12 13:58:32,806 [INFO] PluginManage:310 - Check plugin updater
2024-05-12 13:58:32,816 [INFO] PluginManage:359 - Loaded plugin updater (category:base,tabindex:12)
2024-05-12 13:58:32,816 [INFO] PluginManage:310 - Check plugin userauth
2024-05-12 13:58:32,821 [INFO] UserAuth:114 - Init User Auth plugin
2024-05-12 13:58:32,821 [INFO] PluginManage:359 - Loaded plugin userauth (category:base,tabindex:14)
2024-05-12 13:58:32,821 [INFO] PluginManage:283 - PluginManage : Loaded plugins [17]
2024-05-12 13:58:33,016 [INFO] PinOutPanel:1499 - setPackage(No Configuration,No Configuration)
2024-05-12 13:58:33,066 [INFO] CADModel:165 - CPN selected for project level
2024-05-12 13:58:33,066 [INFO] CADModel:114 - Register for checkConnection events
2024-05-12 13:58:33,075 [INFO] IPUIPlugin:80 - create IPUIPlugin
2024-05-12 13:58:33,075 [INFO] PluginManager:220 - loadIPPluginJar : add mdma
2024-05-12 13:58:33,080 [INFO] IPUIPlugin:80 - create IPUIPlugin
2024-05-12 13:58:33,080 [INFO] PluginManager:220 - loadIPPluginJar : add freertos
2024-05-12 13:58:33,082 [INFO] IPUIPlugin:80 - create IPUIPlugin
2024-05-12 13:58:33,082 [INFO] PluginManager:220 - loadIPPluginJar : add gic
2024-05-12 13:58:33,086 [INFO] IPUIPlugin:80 - create IPUIPlugin
2024-05-12 13:58:33,086 [INFO] PluginManager:220 - loadIPPluginJar : add adc
2024-05-12 13:58:33,088 [INFO] IPUIPlugin:80 - create IPUIPlugin
2024-05-12 13:58:33,088 [INFO] PluginManager:220 - loadIPPluginJar : add gtzc
2024-05-12 13:58:33,089 [INFO] IPUIPlugin:80 - create IPUIPlugin
2024-05-12 13:58:33,089 [INFO] PluginManager:220 - loadIPPluginJar : add quadspi
2024-05-12 13:58:33,090 [INFO] IPUIPlugin:80 - create IPUIPlugin
2024-05-12 13:58:33,091 [INFO] PluginManager:220 - loadIPPluginJar : add aes
2024-05-12 13:58:33,092 [INFO] IPUIPlugin:80 - create IPUIPlugin
2024-05-12 13:58:33,092 [INFO] PluginManager:220 - loadIPPluginJar : add pdm2pcm
2024-05-12 13:58:33,093 [INFO] IPUIPlugin:80 - create IPUIPlugin
2024-05-12 13:58:33,093 [INFO] PluginManager:220 - loadIPPluginJar : add hash
2024-05-12 13:58:33,094 [INFO] IPUIPlugin:80 - create IPUIPlugin
2024-05-12 13:58:33,094 [INFO] PluginManager:220 - loadIPPluginJar : add tim
2024-05-12 13:58:33,094 [INFO] IPUIPlugin:80 - create IPUIPlugin
2024-05-12 13:58:33,094 [INFO] PluginManager:220 - loadIPPluginJar : add tsc
2024-05-12 13:58:33,095 [INFO] IPUIPlugin:80 - create IPUIPlugin
2024-05-12 13:58:33,095 [INFO] PluginManager:220 - loadIPPluginJar : add ts
2024-05-12 13:58:33,096 [INFO] IPUIPlugin:80 - create IPUIPlugin
2024-05-12 13:58:33,096 [INFO] PluginManager:220 - loadIPPluginJar : add can
2024-05-12 13:58:33,098 [INFO] IPUIPlugin:80 - create IPUIPlugin
2024-05-12 13:58:33,098 [INFO] PluginManager:220 - loadIPPluginJar : add dma3
2024-05-12 13:58:33,099 [INFO] IPUIPlugin:80 - create IPUIPlugin
2024-05-12 13:58:33,099 [INFO] PluginManager:220 - loadIPPluginJar : add dfsdm
2024-05-12 13:58:33,100 [INFO] IPUIPlugin:80 - create IPUIPlugin
2024-05-12 13:58:33,100 [INFO] PluginManager:220 - loadIPPluginJar : add spi
2024-05-12 13:58:33,101 [INFO] IPUIPlugin:80 - create IPUIPlugin
2024-05-12 13:58:33,101 [INFO] PluginManager:220 - loadIPPluginJar : add gfxmmu
2024-05-12 13:58:33,101 [INFO] IPUIPlugin:80 - create IPUIPlugin
2024-05-12 13:58:33,101 [INFO] PluginManager:220 - loadIPPluginJar : add genericplugin
2024-05-12 13:58:33,102 [INFO] IPUIPlugin:80 - create IPUIPlugin
2024-05-12 13:58:33,102 [INFO] PluginManager:220 - loadIPPluginJar : add cryp
2024-05-12 13:58:33,104 [INFO] IPUIPlugin:80 - create IPUIPlugin
2024-05-12 13:58:33,105 [INFO] PluginManager:220 - loadIPPluginJar : add gpio
2024-05-12 13:58:33,106 [INFO] IPUIPlugin:80 - create IPUIPlugin
2024-05-12 13:58:33,106 [INFO] PluginManager:220 - loadIPPluginJar : add comp
2024-05-12 13:58:33,107 [INFO] IPUIPlugin:80 - create IPUIPlugin
2024-05-12 13:58:33,107 [INFO] PluginManager:220 - loadIPPluginJar : add tracer_emb
2024-05-12 13:58:33,108 [INFO] IPUIPlugin:80 - create IPUIPlugin
2024-05-12 13:58:33,108 [INFO] PluginManager:220 - loadIPPluginJar : add openamp
2024-05-12 13:58:33,111 [INFO] IPUIPlugin:80 - create IPUIPlugin
2024-05-12 13:58:33,111 [INFO] PluginManager:220 - loadIPPluginJar : add stm32_wpan
2024-05-12 13:58:33,113 [INFO] IPUIPlugin:80 - create IPUIPlugin
2024-05-12 13:58:33,115 [INFO] PluginManager:220 - loadIPPluginJar : add plateformsettings
2024-05-12 13:58:33,118 [INFO] IPUIPlugin:80 - create IPUIPlugin
2024-05-12 13:58:33,118 [INFO] PluginManager:220 - loadIPPluginJar : add ipddr
2024-05-12 13:58:33,121 [INFO] IPUIPlugin:80 - create IPUIPlugin
2024-05-12 13:58:33,121 [INFO] PluginManager:220 - loadIPPluginJar : add usart
2024-05-12 13:58:33,122 [INFO] IPUIPlugin:80 - create IPUIPlugin
2024-05-12 13:58:33,122 [INFO] PluginManager:220 - loadIPPluginJar : add ltdc
2024-05-12 13:58:33,123 [INFO] IPUIPlugin:80 - create IPUIPlugin
2024-05-12 13:58:33,124 [INFO] PluginManager:220 - loadIPPluginJar : add nvic
2024-05-12 13:58:33,124 [INFO] IPUIPlugin:80 - create IPUIPlugin
2024-05-12 13:58:33,124 [INFO] PluginManager:220 - loadIPPluginJar : add fatfs
2024-05-12 13:58:33,127 [INFO] IPUIPlugin:80 - create IPUIPlugin
2024-05-12 13:58:33,127 [INFO] PluginManager:220 - loadIPPluginJar : add linkedlist
2024-05-12 13:58:33,130 [INFO] IPUIPlugin:80 - create IPUIPlugin
2024-05-12 13:58:33,130 [INFO] PluginManager:220 - loadIPPluginJar : add dma
2024-05-12 13:58:33,132 [INFO] IPUIPlugin:80 - create IPUIPlugin
2024-05-12 13:58:33,132 [INFO] PluginManager:220 - loadIPPluginJar : add fmc
2024-05-12 13:58:33,133 [INFO] IPUIPlugin:80 - create IPUIPlugin
2024-05-12 13:58:33,133 [INFO] PluginManager:220 - loadIPPluginJar : add i2s
2024-05-12 13:58:33,135 [INFO] IPUIPlugin:80 - create IPUIPlugin
2024-05-12 13:58:33,135 [INFO] PluginManager:220 - loadIPPluginJar : add ucpd
2024-05-12 13:58:33,137 [INFO] IPUIPlugin:80 - create IPUIPlugin
2024-05-12 13:58:33,137 [INFO] PluginManager:220 - loadIPPluginJar : add lorawan
2024-05-12 13:58:33,138 [INFO] IPUIPlugin:80 - create IPUIPlugin
2024-05-12 13:58:33,138 [INFO] PluginManager:220 - loadIPPluginJar : add opamp
2024-05-12 13:58:33,139 [INFO] IPUIPlugin:80 - create IPUIPlugin
2024-05-12 13:58:33,139 [INFO] PluginManager:220 - loadIPPluginJar : add i3c
2024-05-12 13:58:33,140 [INFO] IPUIPlugin:80 - create IPUIPlugin
2024-05-12 13:58:33,140 [INFO] PluginManager:220 - loadIPPluginJar : add touchsensing
2024-05-12 13:58:33,142 [INFO] IPUIPlugin:80 - create IPUIPlugin
2024-05-12 13:58:33,142 [INFO] PluginManager:220 - loadIPPluginJar : add i2c
2024-05-12 13:58:33,143 [INFO] IPUIPlugin:80 - create IPUIPlugin
2024-05-12 13:58:33,143 [INFO] PluginManager:220 - loadIPPluginJar : add resmgrutility
2024-05-12 13:58:33,144 [INFO] IPUIPlugin:80 - create IPUIPlugin
2024-05-12 13:58:33,145 [INFO] PluginManager:220 - loadIPPluginJar : add sai
2024-05-12 13:58:33,146 [INFO] IPUIPlugin:80 - create IPUIPlugin
2024-05-12 13:58:33,146 [INFO] PluginManager:220 - loadIPPluginJar : add usbx
2024-05-12 13:58:33,253 [INFO] CADModel:165 - CPN selected for project level
2024-05-12 13:58:33,255 [INFO] CADModel:114 - Register for checkConnection events
2024-05-12 13:58:33,256 [FATAL] Updater:308 - Updater called before beeing initialized
2024-05-12 13:58:33,256 [ERROR] CADModel:125 - Updater not yet initialized, retry later 
2024-05-12 13:58:33,447 [INFO] CADModel:165 - CPN selected for project level
2024-05-12 13:58:33,447 [INFO] CADModel:114 - Register for checkConnection events
2024-05-12 13:58:33,448 [FATAL] Updater:308 - Updater called before beeing initialized
2024-05-12 13:58:33,448 [ERROR] CADModel:125 - Updater not yet initialized, retry later 
2024-05-12 13:58:33,450 [FATAL] Updater:308 - Updater called before beeing initialized
2024-05-12 13:58:33,568 [FATAL] Updater:308 - Updater called before beeing initialized
2024-05-12 13:58:33,572 [INFO] DbMcusAds:53 - JSON generation date=Wed Nov 29 04:52:27 CST 2023 (1701255147349)
2024-05-12 13:58:33,572 [FATAL] Updater:308 - Updater called before beeing initialized
2024-05-12 13:58:34,295 [WARN] DetailPanel:346 - Failed to get advertising image, set to default
2024-05-12 13:58:34,425 [FATAL] Updater:308 - Updater called before beeing initialized
2024-05-12 13:58:34,430 [FATAL] Updater:308 - Updater called before beeing initialized
2024-05-12 13:58:34,430 [FATAL] Updater:308 - Updater called before beeing initialized
2024-05-12 13:58:34,430 [WARN] DetailPanel:346 - Failed to get advertising image, set to default
2024-05-12 13:58:34,431 [FATAL] Updater:308 - Updater called before beeing initialized
2024-05-12 13:58:34,510 [ERROR] Updater:1120 - MainUpdater not yet initialized. External WinMGr cannot be set.
2024-05-12 13:58:34,549 [INFO] Updater:1056 - Updater Version found : 6.10.0
2024-05-12 13:58:34,561 [INFO] ApplicationProperties:184 - Using Application install path: /Applications/STM32CubeIDE.app/Contents/Eclipse/plugins/com.st.stm32cube.common.mx_6.10.0.202311202037
2024-05-12 13:58:35,017 [INFO] MainUpdater:2873 - connection check result : 10
2024-05-12 13:58:35,020 [INFO] MainUpdater:3567 - Updater definition file requires update
2024-05-12 13:58:35,023 [INFO] MainUpdater:290 - Updater Check For Update Now.
2024-05-12 13:58:35,024 [INFO] MicroXplorer:498 - Change Database Version : DB.6.0.100
2024-05-12 13:58:35,048 [INFO] McuFinderGlobals:63 - Set McuFinder mode to 2 (CubeIDE integrated)
2024-05-12 13:58:35,048 [INFO] UserAuth:180 - activating auth plugin
2024-05-12 13:58:35,152 [INFO] UserAuth:404 - Internet connection configuration mode: 1
2024-05-12 13:58:35,167 [INFO] JxBrowserEngine:152 - Initiate JxBrowser Engine with user profile folder
2024-05-12 13:58:35,325 [INFO] ServerAccessManage:473 - Download File updaters.zip
2024-05-12 13:58:35,504 [INFO] FileExtend:240 - Unzip File : updaters.zip
2024-05-12 13:58:35,506 [INFO] FileExtend:255 - Standard Zip Deflate
2024-05-12 13:58:35,682 [WARN] MainUpdater:1194 - Updater busy. Cannot search thirdparties
2024-05-12 13:58:35,682 [INFO] ThirdPartyUpdaterWithRetryManager:96 - Updater plugin is busy. [1/15]
2024-05-12 13:58:35,714 [INFO] ServerAccessManage:473 - Download File PacksControlFlags.xml
2024-05-12 13:58:35,869 [INFO] ServerAccessManage:473 - Download File cubemx.pidx
2024-05-12 13:58:36,750 [INFO] ServerAccessManage:473 - Download File STMicroelectronics.X-CUBE-ALGOBUILD.pdsc
2024-05-12 13:58:38,693 [WARN] MainUpdater:1194 - Updater busy. Cannot search thirdparties
2024-05-12 13:58:38,697 [INFO] ThirdPartyUpdaterWithRetryManager:96 - Updater plugin is busy. [2/15]
2024-05-12 13:58:38,835 [INFO] ServerAccessManage:473 - Download File Cesanta.I-CUBE-Mongoose.pdsc
2024-05-12 13:58:40,213 [ERROR] ServerAccessManage:1089 - Problem, file not found on Server
2024-05-12 13:58:40,375 [WARN] PackLoader:240 - Cannot read IP mode file for STMicroelectronics.X-CUBE-ALGOBUILD.1.4.0
2024-05-12 13:58:40,406 [WARN] PackLoader:240 - Cannot read IP mode file for Cesanta.I-CUBE-Mongoose.7.13.0
2024-05-12 13:58:40,407 [INFO] PopulateThirdPartyThread:66 - Ending populate Thread
2024-05-12 13:58:40,409 [INFO] ThirdParty:1030 - CMSIS Pack Vendor :Cesanta I-CUBE-Mongoose 7.13.0
2024-05-12 13:58:40,409 [INFO] ThirdParty:1030 - CMSIS Pack Vendor :STMicroelectronics X-CUBE-ALGOBUILD 1.4.0
2024-05-12 13:58:40,409 [INFO] LoadServerUpdatesThread:375 - End of LoadServerUpdate Thread
2024-05-12 13:58:40,531 [INFO] CheckServerUpdateThread:120 - End of CheckServer Thread
2024-05-12 13:58:41,827 [WARN] PackLoader:240 - Cannot read IP mode file for STMicroelectronics.FP-SNS-MOTENVWB1.1.4.0
2024-05-12 13:58:41,838 [WARN] PackLoader:240 - Cannot read IP mode file for STMicroelectronics.X-CUBE-SMBUS.2.1.0
2024-05-12 13:58:41,851 [WARN] PackLoader:240 - Cannot read IP mode file for STMicroelectronics.X-CUBE-TOUCHGFX.4.23.1
2024-05-12 13:58:41,853 [WARN] PackLoader:240 - Cannot read IP mode file for STMicroelectronics.X-CUBE-TOUCHGFX.4.23.0
2024-05-12 13:58:41,855 [WARN] PackLoader:240 - Cannot read IP mode file for STMicroelectronics.X-CUBE-TOUCHGFX.4.23.2
2024-05-12 13:58:41,895 [WARN] PackLoader:240 - Cannot read IP mode file for STMicroelectronics.X-CUBE-AZRTOS-F7.1.1.0
2024-05-12 13:58:41,926 [WARN] PackLoader:240 - Cannot read IP mode file for STMicroelectronics.FP-SNS-MOTENV1.4.3.2
2024-05-12 13:58:41,947 [WARN] PackLoader:240 - Cannot read IP mode file for STMicroelectronics.FP-SNS-FLIGHT1.5.0.2
2024-05-12 13:58:41,958 [WARN] PackLoader:240 - Cannot read IP mode file for STMicroelectronics.X-CUBE-DISPLAY.3.0.0
2024-05-12 13:58:41,986 [WARN] PackLoader:240 - Cannot read IP mode file for STMicroelectronics.X-CUBE-BLE1.7.0.0
2024-05-12 13:58:41,999 [WARN] PackLoader:240 - Cannot read IP mode file for emotas.I-CUBE-CANOPEN.1.3.0
2024-05-12 13:58:42,006 [WARN] PackLoader:240 - Cannot read IP mode file for STMicroelectronics.FP-SNS-SMARTAG2.1.2.0
2024-05-12 13:58:42,021 [INFO] LogOutputStream:77 - [STDOUT_REDIRECT] 1 : Invalid condition id : UX_CORESTACK_Condition cause : null
2024-05-12 13:58:42,022 [INFO] LogOutputStream:77 - [STDOUT_REDIRECT] 1 : Invalid condition id : UX_CORESTACK_Condition cause : null
2024-05-12 13:58:42,022 [INFO] LogOutputStream:77 - [STDOUT_REDIRECT] 1 : Invalid condition id : UX_CORESTACK_Condition cause : null
2024-05-12 13:58:42,022 [INFO] LogOutputStream:77 - [STDOUT_REDIRECT] 1 : Invalid condition id : UX_CORESTACK_Condition cause : null
2024-05-12 13:58:42,023 [INFO] LogOutputStream:77 - [STDOUT_REDIRECT] 1 : Invalid condition id : UX_CORESTACK_Condition cause : null
2024-05-12 13:58:42,029 [WARN] PackLoader:240 - Cannot read IP mode file for STMicroelectronics.X-CUBE-AZRTOS-WL.2.0.0
2024-05-12 13:58:42,051 [WARN] PackLoader:240 - Cannot read IP mode file for STMicroelectronics.FP-SNS-MOTENV1.5.0.0
2024-05-12 13:58:42,066 [WARN] PackLoader:240 - Cannot read IP mode file for WES.I-CUBE-Cesium.1.3.0
2024-05-12 13:58:42,078 [WARN] PackLoader:240 - Cannot read IP mode file for STMicroelectronics.X-CUBE-BLE2.3.3.0
2024-05-12 13:58:42,085 [WARN] PackLoader:240 - Cannot read IP mode file for STMicroelectronics.X-CUBE-TCPP.4.1.0
2024-05-12 13:58:42,104 [WARN] PackLoader:240 - Cannot read IP mode file for STMicroelectronics.X-CUBE-ALGOBUILD.1.3.0
2024-05-12 13:58:42,140 [WARN] PackLoader:240 - Cannot read IP mode file for STMicroelectronics.X-CUBE-AZRTOS-G0.1.1.0
2024-05-12 13:58:42,157 [WARN] PackLoader:240 - Cannot read IP mode file for STMicroelectronics.X-CUBE-SAFEA1.1.2.2
2024-05-12 13:58:42,178 [WARN] PackLoader:240 - Cannot read IP mode file for STMicroelectronics.X-CUBE-NFC4.3.0.0
2024-05-12 13:58:42,184 [WARN] PackLoader:240 - Cannot read IP mode file for wolfSSL.I-CUBE-wolfSSL.5.7.0
2024-05-12 13:58:42,193 [WARN] PackLoader:240 - Cannot read IP mode file for STMicroelectronics.FP-ATR-SIGFOX1.3.2.0
2024-05-12 13:58:42,204 [WARN] PackLoader:240 - Cannot read IP mode file for ITTIA_DB.I-CUBE-ITTIADB.8.9.0
2024-05-12 13:58:42,273 [WARN] PackLoader:240 - Cannot read IP mode file for SEGGER.I-CUBE-embOS.1.3.1
2024-05-12 13:58:42,334 [WARN] PackLoader:240 - Cannot read IP mode file for STMicroelectronics.X-CUBE-ALGOBUILD.1.4.0
2024-05-12 13:58:42,345 [WARN] PackLoader:240 - Cannot read IP mode file for STMicroelectronics.X-CUBE-GNSS1.6.0.0
2024-05-12 13:58:42,372 [WARN] PackLoader:240 - Cannot read IP mode file for STMicroelectronics.X-CUBE-AZRTOS-F4.1.1.0
2024-05-12 13:58:42,390 [WARN] PackLoader:240 - Cannot read IP mode file for STMicroelectronics.X-CUBE-FREERTOS.1.2.0
2024-05-12 13:58:42,435 [WARN] PackLoader:240 - Cannot read IP mode file for STMicroelectronics.X-CUBE-AZRTOS-L5.2.0.0
2024-05-12 13:58:42,449 [WARN] PackLoader:240 - Cannot read IP mode file for STMicroelectronics.X-CUBE-NFC6.3.1.0
2024-05-12 13:58:42,455 [WARN] PackLoader:240 - Cannot read IP mode file for STMicroelectronics.X-CUBE-AI.9.0.0
2024-05-12 13:58:42,460 [WARN] PackLoader:240 - Cannot read IP mode file for STMicroelectronics.X-CUBE-NFC7.1.0.1
2024-05-12 13:58:42,478 [WARN] PackLoader:240 - Cannot read IP mode file for STMicroelectronics.X-CUBE-NFC6.3.0.0
2024-05-12 13:58:42,485 [WARN] PackLoader:240 - Cannot read IP mode file for STMicroelectronics.X-CUBE-AI.8.1.0
2024-05-12 13:58:42,506 [WARN] ConditionMgr:438 - getConditionDescription Invalid condition id : LAN8742 Phy interface Condition cause : null
2024-05-12 13:58:42,508 [WARN] PackLoader:240 - Cannot read IP mode file for STMicroelectronics.X-CUBE-AZRTOS-L4.2.0.0
2024-05-12 13:58:42,511 [WARN] ConditionMgr:1039 - genDependencies : Invalid condition id : LAN8742 Phy interface Condition cause : null
2024-05-12 13:58:42,512 [WARN] ConditionMgr:1039 - genDependencies : Invalid condition id : LAN8742 Phy interface Condition cause : null
2024-05-12 13:58:42,513 [WARN] ConditionMgr:1039 - genDependencies : Invalid condition id : LAN8742 Phy interface Condition cause : null
2024-05-12 13:58:42,529 [WARN] PackLoader:240 - Cannot read IP mode file for STMicroelectronics.X-CUBE-SFXS2LP1.4.0.0
2024-05-12 13:58:42,542 [WARN] ConditionMgr:438 - getConditionDescription Invalid condition id : UX DEVICE CLASS RTOS Condition cause : null
2024-05-12 13:58:42,542 [WARN] ConditionMgr:438 - getConditionDescription Invalid condition id : UX DEVICE CLASS RTOS Condition cause : null
2024-05-12 13:58:42,546 [WARN] PackLoader:240 - Cannot read IP mode file for STMicroelectronics.X-CUBE-AZRTOS-WB.2.0.0
2024-05-12 13:58:42,549 [WARN] ConditionMgr:1039 - genDependencies : Invalid condition id : UX DEVICE CLASS RTOS Condition cause : null
2024-05-12 13:58:42,549 [WARN] ConditionMgr:1039 - genDependencies : Invalid condition id : UX DEVICE CLASS RTOS Condition cause : null
2024-05-12 13:58:42,550 [WARN] ConditionMgr:1039 - genDependencies : Invalid condition id : UX DEVICE CLASS RTOS Condition cause : null
2024-05-12 13:58:42,551 [WARN] ConditionMgr:1039 - genDependencies : Invalid condition id : UX DEVICE CLASS RTOS Condition cause : null
2024-05-12 13:58:42,551 [WARN] ConditionMgr:1039 - genDependencies : Invalid condition id : UX DEVICE CLASS RTOS Condition cause : null
2024-05-12 13:58:42,567 [WARN] PackLoader:240 - Cannot read IP mode file for STMicroelectronics.X-CUBE-SUBG2.5.0.0
2024-05-12 13:58:42,588 [WARN] PackLoader:240 - Cannot read IP mode file for STMicroelectronics.X-CUBE-AZRTOS-G4.2.0.0
2024-05-12 13:58:42,593 [WARN] PackLoader:240 - Cannot read IP mode file for STMicroelectronics.FP-SNS-MOTENVWB1.1.3.1
2024-05-12 13:58:42,664 [WARN] PackLoader:240 - Cannot read IP mode file for STMicroelectronics.X-CUBE-MEMS1.10.0.0
2024-05-12 13:58:42,788 [WARN] PackLoader:240 - Cannot read IP mode file for STMicroelectronics.X-CUBE-FREERTOS.1.1.0
2024-05-12 13:58:42,796 [WARN] PackLoader:240 - Cannot read IP mode file for portGmbH.I-Cube-SoM-uGOAL.1.1.0
2024-05-12 13:58:42,800 [WARN] PackLoader:240 - Cannot read IP mode file for STMicroelectronics.X-CUBE-ALS.1.0.1
2024-05-12 13:58:42,822 [WARN] PackLoader:240 - Cannot read IP mode file for STMicroelectronics.X-CUBE-AZRTOS-H7RS.1.0.0
2024-05-12 13:58:42,830 [WARN] PackLoader:240 - Cannot read IP mode file for STMicroelectronics.FP-ATR-ASTRA1.2.0.0
2024-05-12 13:58:42,855 [WARN] PackLoader:240 - Cannot read IP mode file for Infineon.AIROC-Wi-Fi-Bluetooth-STM32.1.6.0
2024-05-12 13:58:42,862 [INFO] ThirdParty:978 - Integrity check success = true
2024-05-12 13:58:42,862 [INFO] IntegrityCheckThread:100 - exiting critical section [integrity check]
2024-05-12 13:58:42,862 [INFO] IntegrityCheckThread:103 - End integrity checks thread
2024-05-12 13:58:44,063 [INFO] WebApp:161 - Instantiating new browser for Auth
2024-05-12 13:58:45,142 [INFO] WebApp:780 - Register for checkConnection events
2024-05-12 13:58:45,143 [INFO] WebApp:414 - Apply proxy settings
2024-05-12 13:58:45,169 [INFO] WebApp:459 - Chromium authenticates against Manually configured proxy
2024-05-12 13:58:45,184 [INFO] WebApp:467 - Username used for proxy authentication: 
2024-05-12 13:58:45,306 [INFO] WebApp:192 - Starting web application
2024-05-12 13:58:45,307 [INFO] WebApp:544 - Web application path used /Applications/STM32CubeIDE.app/Contents/Eclipse/plugins/com.st.stm32cube.common.mx_6.10.0.202311202037/db/plugins/mcufinder/reactClient1/index.html
2024-05-12 13:59:06,737 [ERROR] LogOutputStream:75 - [STDERR_REDIRECT] SLF4J: Failed to load class "org.slf4j.impl.StaticLoggerBinder".
2024-05-12 13:59:06,739 [ERROR] LogOutputStream:75 - [STDERR_REDIRECT] SLF4J: Defaulting to no-operation (NOP) logger implementation
2024-05-12 13:59:06,740 [ERROR] LogOutputStream:75 - [STDERR_REDIRECT] SLF4J: See http://www.slf4j.org/codes.html#StaticLoggerBinder for further details.
